
 Index  Count  Time of first Occurrence    Time of last Occurrence     Exception SourceId ProbeId
------+------+---------------------------+---------------------------+---------------------------
     0      3    7/21/20 16:59:56:322 CST    7/21/20 17:06:53:814 CST com.ibm.ws.jaxrs20.JaxRsRuntimeException com.ibm.ws.jaxrs20.endpoint.AbstractJaxRsWebEndpoint 142
                                                                            - C:\Users\pachopaco70\Documents\GitHub\CookTimeServer\Liberty\usr\servers\defaultServer\logs\ffdc\ffdc_20.07.21_16.59.56.0.log
                                                                            - C:\Users\pachopaco70\Documents\GitHub\CookTimeServer\Liberty\usr\servers\defaultServer\logs\ffdc\ffdc_20.07.21_17.06.40.0.log
                                                                            - C:\Users\pachopaco70\Documents\GitHub\CookTimeServer\Liberty\usr\servers\defaultServer\logs\ffdc\ffdc_20.07.21_17.06.53.0.log
     1      6    7/21/20 16:59:56:649 CST    7/21/20 17:06:54:297 CST javax.servlet.ServletException com.ibm.ws.webcontainer.filter.WebAppFilterChain.doFilter 82
                                                                            - C:\Users\pachopaco70\Documents\GitHub\CookTimeServer\Liberty\usr\servers\defaultServer\logs\ffdc\ffdc_20.07.21_16.59.56.1.log
                                                                            - C:\Users\pachopaco70\Documents\GitHub\CookTimeServer\Liberty\usr\servers\defaultServer\logs\ffdc\ffdc_20.07.21_17.06.40.1.log
                                                                            - C:\Users\pachopaco70\Documents\GitHub\CookTimeServer\Liberty\usr\servers\defaultServer\logs\ffdc\ffdc_20.07.21_17.06.54.0.log
     2      3    7/21/20 16:59:56:755 CST    7/21/20 17:06:54:233 CST javax.servlet.ServletException com.ibm.ws.webcontainer.filter.FilterInstanceWrapper.doFilter 144
                                                                            - C:\Users\pachopaco70\Documents\GitHub\CookTimeServer\Liberty\usr\servers\defaultServer\logs\ffdc\ffdc_20.07.21_16.59.56.2.log
                                                                            - C:\Users\pachopaco70\Documents\GitHub\CookTimeServer\Liberty\usr\servers\defaultServer\logs\ffdc\ffdc_20.07.21_17.06.40.2.log
                                                                            - C:\Users\pachopaco70\Documents\GitHub\CookTimeServer\Liberty\usr\servers\defaultServer\logs\ffdc\ffdc_20.07.21_17.06.54.1.log
     3      3    7/21/20 16:59:56:801 CST    7/21/20 17:06:54:297 CST javax.servlet.ServletException com.ibm.ws.webcontainer.filter.WebAppFilterManager.invokeFilters 1064
                                                                            - C:\Users\pachopaco70\Documents\GitHub\CookTimeServer\Liberty\usr\servers\defaultServer\logs\ffdc\ffdc_20.07.21_16.59.56.3.log
                                                                            - C:\Users\pachopaco70\Documents\GitHub\CookTimeServer\Liberty\usr\servers\defaultServer\logs\ffdc\ffdc_20.07.21_17.06.40.3.log
                                                                            - C:\Users\pachopaco70\Documents\GitHub\CookTimeServer\Liberty\usr\servers\defaultServer\logs\ffdc\ffdc_20.07.21_17.06.54.2.log
     4      6    7/21/20 17:09:39:275 CST    7/21/20 17:15:56:478 CST org.codehaus.jackson.map.JsonMappingException org.apache.cxf.jaxrs.interceptor.JAXRSOutInterceptor 267
                                                                            - C:\Users\pachopaco70\Documents\GitHub\CookTimeServer\Liberty\usr\servers\defaultServer\logs\ffdc\ffdc_20.07.21_17.09.39.0.log
------+------+---------------------------+---------------------------+---------------------------
