------Start of DE processing------ = [7/21/20 17:06:54:107 CST]
Exception = javax.servlet.ServletException
Source = com.ibm.ws.webcontainer.filter.WebAppFilterChain.doFilter
probeid = 82
Stack Dump = javax.servlet.ServletException: org.codehaus.jackson.map.exc.UnrecognizedPropertyException: Unrecognized field "portionSize" (Class cr.ac.tec.userObjects.Recipe), not marked as ignorable
 at [Source: org.apache.cxf.transport.http.AbstractHTTPDestination$1@ddd5696; line: 1, column: 177071] (through reference chain: cr.ac.tec.userObjects.Recipe["portionSize"])
	at com.ibm.ws.jaxrs20.endpoint.AbstractJaxRsWebEndpoint.invoke(AbstractJaxRsWebEndpoint.java:143)
	at com.ibm.websphere.jaxrs.server.IBMRestServlet.handleRequest(IBMRestServlet.java:146)
	at com.ibm.websphere.jaxrs.server.IBMRestServlet.doPost(IBMRestServlet.java:104)
	at javax.servlet.http.HttpServlet.service(HttpServlet.java:707)
	at com.ibm.websphere.jaxrs.server.IBMRestServlet.service(IBMRestServlet.java:96)
	at com.ibm.ws.webcontainer.servlet.ServletWrapper.service(ServletWrapper.java:1230)
	at com.ibm.ws.webcontainer.servlet.ServletWrapper.handleRequest(ServletWrapper.java:729)
	at com.ibm.ws.webcontainer.servlet.ServletWrapper.handleRequest(ServletWrapper.java:426)
	at com.ibm.ws.webcontainer.filter.WebAppFilterChain.invokeTarget(WebAppFilterChain.java:182)
	at com.ibm.ws.webcontainer.filter.WebAppFilterChain.doFilter(WebAppFilterChain.java:93)
	at com.ibm.ws.security.jaspi.JaspiServletFilter.doFilter(JaspiServletFilter.java:56)
	at com.ibm.ws.webcontainer.filter.FilterInstanceWrapper.doFilter(FilterInstanceWrapper.java:201)
	at com.ibm.ws.webcontainer.filter.WebAppFilterChain.doFilter(WebAppFilterChain.java:90)
	at com.ibm.ws.webcontainer.filter.WebAppFilterManager.doFilter(WebAppFilterManager.java:1001)
	at com.ibm.ws.webcontainer.filter.WebAppFilterManager.invokeFilters(WebAppFilterManager.java:1139)
	at com.ibm.ws.webcontainer.filter.WebAppFilterManager.invokeFilters(WebAppFilterManager.java:1010)
	at com.ibm.ws.webcontainer.servlet.CacheServletWrapper.handleRequest(CacheServletWrapper.java:75)
	at com.ibm.ws.webcontainer.WebContainer.handleRequest(WebContainer.java:938)
	at com.ibm.ws.webcontainer.osgi.DynamicVirtualHost$2.run(DynamicVirtualHost.java:279)
	at com.ibm.ws.http.dispatcher.internal.channel.HttpDispatcherLink$TaskWrapper.run(HttpDispatcherLink.java:1134)
	at com.ibm.ws.http.dispatcher.internal.channel.HttpDispatcherLink.wrapHandlerAndExecute(HttpDispatcherLink.java:415)
	at com.ibm.ws.http.dispatcher.internal.channel.HttpDispatcherLink.ready(HttpDispatcherLink.java:374)
	at com.ibm.ws.http.channel.internal.inbound.HttpInboundLink.handleDiscrimination(HttpInboundLink.java:546)
	at com.ibm.ws.http.channel.internal.inbound.HttpInboundLink.handleNewRequest(HttpInboundLink.java:480)
	at com.ibm.ws.http.channel.internal.inbound.HttpInboundLink.processRequest(HttpInboundLink.java:345)
	at com.ibm.ws.http.channel.internal.inbound.HttpInboundLink.ready(HttpInboundLink.java:316)
	at com.ibm.ws.tcpchannel.internal.NewConnectionInitialReadCallback.sendToDiscriminators(NewConnectionInitialReadCallback.java:167)
	at com.ibm.ws.tcpchannel.internal.NewConnectionInitialReadCallback.complete(NewConnectionInitialReadCallback.java:75)
	at com.ibm.ws.tcpchannel.internal.WorkQueueManager.requestComplete(WorkQueueManager.java:504)
	at com.ibm.ws.tcpchannel.internal.WorkQueueManager.attemptIO(WorkQueueManager.java:574)
	at com.ibm.ws.tcpchannel.internal.WorkQueueManager.workerRun(WorkQueueManager.java:958)
	at com.ibm.ws.tcpchannel.internal.WorkQueueManager$Worker.run(WorkQueueManager.java:1047)
	at com.ibm.ws.threading.internal.ExecutorServiceImpl$RunnableWrapper.run(ExecutorServiceImpl.java:239)
	at java.util.concurrent.ThreadPoolExecutor.runWorker(Unknown Source)
	at java.util.concurrent.ThreadPoolExecutor$Worker.run(Unknown Source)
	at java.lang.Thread.run(Unknown Source)
Caused by: org.codehaus.jackson.map.exc.UnrecognizedPropertyException: Unrecognized field "portionSize" (Class cr.ac.tec.userObjects.Recipe), not marked as ignorable
 at [Source: org.apache.cxf.transport.http.AbstractHTTPDestination$1@ddd5696; line: 1, column: 177071] (through reference chain: cr.ac.tec.userObjects.Recipe["portionSize"])
	at org.codehaus.jackson.map.exc.UnrecognizedPropertyException.from(UnrecognizedPropertyException.java:53)
	at org.codehaus.jackson.map.deser.StdDeserializationContext.unknownFieldException(StdDeserializationContext.java:267)
	at org.codehaus.jackson.map.deser.std.StdDeserializer.reportUnknownProperty(StdDeserializer.java:673)
	at org.codehaus.jackson.map.deser.std.StdDeserializer.handleUnknownProperty(StdDeserializer.java:659)
	at org.codehaus.jackson.map.deser.BeanDeserializer.handleUnknownProperty(BeanDeserializer.java:1365)
	at org.codehaus.jackson.map.deser.BeanDeserializer._handleUnknown(BeanDeserializer.java:725)
	at org.codehaus.jackson.map.deser.BeanDeserializer.deserializeFromObject(BeanDeserializer.java:703)
	at org.codehaus.jackson.map.deser.BeanDeserializer.deserialize(BeanDeserializer.java:580)
	at org.codehaus.jackson.map.ObjectMapper._readValue(ObjectMapper.java:2704)
	at org.codehaus.jackson.map.ObjectMapper.readValue(ObjectMapper.java:1315)
	at org.codehaus.jackson.jaxrs.JacksonJsonProvider.readFrom(JacksonJsonProvider.java:419)
	at org.apache.cxf.jaxrs.utils.JAXRSUtils$2.run(JAXRSUtils.java:1433)
	at java.security.AccessController.doPrivileged(Native Method)
	at org.apache.cxf.jaxrs.utils.JAXRSUtils.readFromMessageBodyReader(JAXRSUtils.java:1430)
	at org.apache.cxf.jaxrs.utils.JAXRSUtils.readFromMessageBody(JAXRSUtils.java:1379)
	at org.apache.cxf.jaxrs.utils.JAXRSUtils.processParameter(JAXRSUtils.java:904)
	at org.apache.cxf.jaxrs.utils.JAXRSUtils.processParameters(JAXRSUtils.java:851)
	at org.apache.cxf.jaxrs.interceptor.JAXRSInInterceptor.processRequest(JAXRSInInterceptor.java:288)
	at org.apache.cxf.jaxrs.interceptor.JAXRSInInterceptor.handleMessage(JAXRSInInterceptor.java:90)
	at org.apache.cxf.phase.PhaseInterceptorChain.doIntercept(PhaseInterceptorChain.java:309)
	at org.apache.cxf.transport.ChainInitiationObserver.onMessage(ChainInitiationObserver.java:124)
	at org.apache.cxf.transport.http.AbstractHTTPDestination.invoke(AbstractHTTPDestination.java:271)
	at com.ibm.ws.jaxrs20.endpoint.AbstractJaxRsWebEndpoint.invoke(AbstractJaxRsWebEndpoint.java:136)
	... 35 more

Dump of callerThis
Object type = com.ibm.ws.webcontainer.filter.WebAppFilterChain
  _filters = class java.util.ArrayList@22b0d885
    serialVersionUID = 8683452581122892189
    DEFAULT_CAPACITY = 10
    EMPTY_ELEMENTDATA = class java.lang.Object[0]
    DEFAULTCAPACITY_EMPTY_ELEMENTDATA = class java.lang.Object[0]
    elementData = class java.lang.Object[5]
      Object[0] = class com.ibm.ws.webcontainer.filter.FilterInstanceWrapper@258b98e6
      Object[1] = null
      Object[2] = null
      Object[3] = null
      Object[4] = null
    size = 1
    MAX_ARRAY_SIZE = 2147483639
    modCount = 1
    MAX_ARRAY_SIZE = 2147483639
  _currentFilterIndex = 1
  _numberOfFilters = 1
  requestProcessor = class com.ibm.ws.webcontainer.osgi.servlet.ServletWrapper@ec58b10
    serialVersionUID = 1
    _mo = null
    serialVersionUID = -4479626085298397598
    notifyInvocationListeners = false
    UNINITIALIZED_STATE = -1
    AVAILABLE_STATE = 0
    UNAVAILABLE_STATE = 1
    UNAVAILABLE_PERMANENTLY_STATE = 2
    collabHelper = class com.ibm.ws.webcontainer.osgi.collaborator.CollaboratorHelperImpl@e40599d
      webAppInvCollabs = class java.util.Collections$UnmodifiableSet@7238693d
      securityDomainForApp = null
      logger = class com.ibm.ws.logging.internal.WsLogger@4de5b857
      staticDefaultSecurityCollaborator = class com.ibm.ws.webcontainer.collaborator.WebAppSecurityCollaborator@4c5e19ab
      logger = class com.ibm.ws.logging.internal.WsLogger@d076dec
      CLASS_NAME = "com.ibm.wsspi.webcontainer.collaborator.CollaboratorHelper"
      webApp = class com.ibm.ws.webcontainer31.osgi.webapp.WebApp31@50315618
      securityCollaborator = class com.ibm.ws.webcontainer.security.WebAppSecurityCollaboratorImpl@6dc05b1b
      nameSpaceCollaborator = class com.ibm.ws.webcontainer.osgi.collaborator.WebAppNameSpaceCollaboratorImpl@2fbd61ae
      transactionCollaborator = class com.ibm.ws.transaction.services.WebAppTransactionCollaboratorImpl@5e661bb1
      connectionCollaborator = class com.ibm.ws.webcontainer.collaborator.ConnectionCollaborator@516f8449
      allCollabEnum = class java.util.RegularEnumSet@517e4576
      servlet_23_or_greater = true
      DEFER_SERVLET_REQUEST_LISTENER_DESTROY_ON_ERROR = false
    nServicing = class java.util.concurrent.atomic.AtomicInteger@42f28c22
      serialVersionUID = 6214790243416807050
      unsafe = class sun.misc.Unsafe@70a273fa
      valueOffset = 12
      value = 0
      serialVersionUID = -8742448824652078965
    lastAccessTime = 1595370231135
    state = 0
    logger = class com.ibm.ws.logging.internal.WsLogger@31f35d66
      tc = class com.ibm.websphere.ras.TraceComponent@5622f77a
      ivCachedResourceBundleName = "com.ibm.ws.webcontainer.resources.Messages"
      ivCachedResourceBundle = class com.ibm.ws.webcontainer.resources.Messages@41874460
      ivComponent = null
      ivOrganization = null
      ivProduct = null
      ivMinimumLocalizationLevelIntValue = 625
      ivTC = class com.ibm.websphere.ras.TraceComponent@4b992472
      loggerRegistrationComponent = class java.lang.ThreadLocal@36c7e165
      emptyHandlers = class java.util.logging.Handler[0]
      offValue = 2147483647
      SYSTEM_LOGGER_RB_NAME = "sun.util.logging.resources.logging"
      SYSTEM_BUNDLE = class java.util.logging.Logger$LoggerBundle@9373c21
      NO_RESOURCE_BUNDLE = class java.util.logging.Logger$LoggerBundle@72e8cd23
      manager = class com.ibm.ws.kernel.boot.logging.WsLogManager@7badd6d2
      name = "com.ibm.ws.webcontainer.servlet"
      handlers = class java.util.concurrent.CopyOnWriteArrayList@3c0e14ea
      loggerBundle = class java.util.logging.Logger$LoggerBundle@ce8f17e
      useParentHandlers = true
      filter = null
      anonymous = false
      catalog = class com.ibm.ws.webcontainer.resources.Messages@41874460
      catalogName = "com.ibm.ws.webcontainer.resources.Messages"
      catalogLocale = class java.util.Locale@38dda415
      treeLock = class java.lang.Object@2dd3ee9a
      parent = class com.ibm.ws.logging.internal.WsLogger@6136168e
      kids = null
      levelObject = class java.util.logging.Level@2a1e68d7
      levelValue = 800
      callersClassLoaderRef = class java.lang.ref.WeakReference@7fb68c8d
      isSystemLogger = false
      GLOBAL_LOGGER_NAME = "global"
      global = class java.util.logging.Logger@4d230adf
      $assertionsDisabled = true
    CLASS_NAME = "com.ibm.ws.webcontainer.servlet.ServletWrapper"
    nls = class com.ibm.ejs.ras.TraceNLS@5f86c17d
      resolver = class com.ibm.ws.logging.internal.TraceNLSResolver@47aa8394
      finder = class com.ibm.ws.logging.internal.StackFinder@53cd0865
      ivBundleName = "com.ibm.ws.webcontainer.resources.Messages"
      caller = class java.lang.Class@409ffcb8
    servletConfig = class com.ibm.ws.webcontainer.servlet.ServletConfig@249053d8
      logger = class com.ibm.ws.logging.internal.WsLogger@31f35d66
      CLASS_NAME = "com.ibm.ws.webcontainer.servlet.ServletConfig"
      nls = class com.ibm.ejs.ras.TraceNLS@ab02024
      liberty_nls = class com.ibm.ejs.ras.TraceNLS@3f223d22
      enabled = true
      servletName = "cr.ac.tec.resources.RestAPI"
      className = null
      mappings = class java.util.ArrayList@2e4c4a59
      startUpWeight = null
      DEFAULT_STARTUP = -1
      isCachingEnabled = true
      isStatisticsEnabled = true
      isInternal = false
      metaData = class com.ibm.ws.webcontainer.osgi.metadata.WebComponentMetaDataImpl@4480c5d1
      singleThreadModelServlet = false
      isJsp = false
      webAppConfig = class com.ibm.ws.webcontainer.osgi.webapp.WebAppConfiguration@57f2a9b
      servletWrapper = class com.ibm.ws.webcontainer.osgi.servlet.ServletWrapper@ec58b10
      servletClass = class java.lang.Class@20a07cc7
      servlet = class com.ibm.websphere.jaxrs.server.IBMRestServlet@6c72e408
      addedToLoadOnStartup = true
      previousWeight = null
      multipartConfig = null
      multipartConfigBaseLocation = null
      runAsRole = null
      servletSecurityElement = null
      declareRolesAnnotation = null
      logger = class com.ibm.ws.logging.internal.WsLogger@31f35d66
      CLASS_NAME = "com.ibm.ws.webcontainer.servlet.TargetConfig"
      initParams = null
      fileName = null
      displayName = null
      name = "cr.ac.tec.resources.RestAPI"
      description = null
      smallIcon = null
      largeIcon = null
      context = class com.ibm.ws.webcontainer31.facade.ServletContextFacade31@321aa4f0
      className = null
      asyncSupported = true
      _id = "cr.ac.tec.resources.RestAPI"
      _attributes = null
      serialVersionUID = 7511545662945734886
      $$$tc$$$ = class com.ibm.websphere.ras.TraceComponent@52b0a2bf
    context = class com.ibm.ws.webcontainer31.osgi.webapp.WebApp31@50315618
    target = class com.ibm.websphere.jaxrs.server.IBMRestServlet@6c72e408
      serialVersionUID = -6835560282014155024
      KNOWN_HTTP_VERBS = class java.util.Arrays$ArrayList@33162093
      HTML_CONTENT_TYPE = "text/html"
      endpoint = class com.ibm.ws.jaxrs20.server.JaxRsWebEndpointImpl@382c40cd
      collaborator = class com.ibm.ws.webcontainer.osgi.collaborator.WebAppNameSpaceCollaboratorImpl@2fbd61ae
      providerFactoryService = class com.ibm.ws.jaxrs20.component.JaxRsProviderFactory@443d0b94
      $$$tc$$$ = class com.ibm.websphere.ras.TraceComponent@37faf503
      METHOD_DELETE = "DELETE"
      METHOD_HEAD = "HEAD"
      METHOD_GET = "GET"
      METHOD_OPTIONS = "OPTIONS"
      METHOD_POST = "POST"
      METHOD_PUT = "PUT"
      METHOD_TRACE = "TRACE"
      HEADER_IFMODSINCE = "If-Modified-Since"
      HEADER_LASTMOD = "Last-Modified"
      LSTRING_FILE = "javax.servlet.http.LocalStrings"
      lStrings = class java.util.PropertyResourceBundle@3ccad9aa
      LSTRING_FILE = "javax.servlet.LocalStrings"
      lStrings = class java.util.PropertyResourceBundle@3877e44b
      config = class com.ibm.ws.webcontainer.servlet.ServletConfig@249053d8
    cacheWrappers = class java.util.ArrayList@60439c09
      serialVersionUID = 8683452581122892189
      DEFAULT_CAPACITY = 10
      EMPTY_ELEMENTDATA = class java.lang.Object[0]
      DEFAULTCAPACITY_EMPTY_ELEMENTDATA = class java.lang.Object[0]
      elementData = class java.lang.Object[10]
      size = 3
      MAX_ARRAY_SIZE = 2147483639
      modCount = 3
      MAX_ARRAY_SIZE = 2147483639
    targetLoader = null
    evtSource = class com.ibm.ws.webcontainer.webapp.WebAppEventSource@6cc3ad2d
      _invocationListeners = class com.ibm.ws.webcontainer.util.EventListeners@c1b4ed8
      _servletListeners = class com.ibm.ws.webcontainer.util.EventListeners@7b59fb1e
      _errorListeners = class com.ibm.ws.webcontainer.util.EventListeners@ef8cc98
      _applicationListeners = class com.ibm.ws.webcontainer.util.EventListeners@228b0e5f
      _filterInvocationListeners = class com.ibm.ws.webcontainer.util.EventListeners@74b0f958
      _filterListeners = class com.ibm.ws.webcontainer.util.EventListeners@40056ddb
      _filterErrorListeners = class com.ibm.ws.webcontainer.util.EventListeners@851e54f
    event = class com.ibm.websphere.servlet.event.ServletEvent@3a06af0b
      serialVersionUID = 3906650803920713522
      _servletName = "cr.ac.tec.resources.RestAPI"
      _servletClassName = "com.ibm.websphere.jaxrs.server.IBMRestServlet"
      $$$tc$$$ = class com.ibm.websphere.ras.TraceComponent@63bd2c0e
      serialVersionUID = 3546927969739289392
      _context = class com.ibm.ws.webcontainer31.facade.ServletContextFacade31@321aa4f0
      _servletNames = class com.ibm.ws.webcontainer.util.EmptyEnumeration@1200f367
      $$$tc$$$ = class com.ibm.websphere.ras.TraceComponent@794a65b2
      serialVersionUID = 5516075349620653480
      source = class com.ibm.ws.webcontainer.osgi.servlet.ServletWrapper@ec58b10
    unavailableMessage = null
    unavailableUntil = -1
    isSTM = false
    internalServlet = false
    webAppInvocationCollaborators = null
    platformHelper = class com.ibm.ws.webcontainer.PlatformHelper@53620c1f
    webAppNameSpaceCollab = class com.ibm.ws.webcontainer.osgi.collaborator.WebAppNameSpaceCollaboratorImpl@2fbd61ae
      cmdai = class com.ibm.ws.threadContext.ComponentMetaDataAccessorImpl@63481b9d
    txCollab = class com.ibm.ws.transaction.services.WebAppTransactionCollaboratorImpl@5e661bb1
      tc = class com.ibm.websphere.ras.TraceComponent@38833e70
      ltCurrentRef = class com.ibm.wsspi.kernel.service.utils.AtomicServiceReference@5115c882
      tranMgrRef = class com.ibm.wsspi.kernel.service.utils.AtomicServiceReference@2a53fbd
      userTranRef = class com.ibm.wsspi.kernel.service.utils.AtomicServiceReference@47b4c9ee
      uowCallbackRef = class com.ibm.wsspi.kernel.service.utils.AtomicServiceReference@7f7f69a9
      serialVersionUID = -8319003162899973281
    suppressServletExceptionLogging = false
    throwExceptionEnum = class java.util.RegularEnumSet@51178981
      serialVersionUID = 3411599620347842686
      elements = 256
      elementType = class java.lang.Class@483ad851
      universe = class com.ibm.wsspi.webcontainer.collaborator.CollaboratorInvocationEnum[9]
      ZERO_LENGTH_ENUM_ARRAY = class java.lang.Enum[0]
      MAX_ARRAY_SIZE = 2147483639
    discernUnavailableServlet = false
    reInitServletonInitUnavailableException = true
    destroyServletonServiceUnavailableException = false
    servlet23 = true
    PARAMS_HEAD_TRACE = class java.lang.Class[2]
      Class[0] = class java.lang.Class@8967e50
      Class[1] = class java.lang.Class@708909bd
    defaultHeadMethodInUse = false
    defaultTraceMethodInUse = false
    checkedForDefaultMethods = null
    defaultTraceRequestBehavior = false
    defaultHeadRequestBehavior = false
    useOriginalRequestState = false
    warningStatusSet = false
    LSTRING_FILE = "javax.servlet.LocalStrings"
    lStrings = class java.util.PropertyResourceBundle@3877e44b
      lookup = class java.util.HashMap@4b004e30
      INITIAL_CACHE_SIZE = 32
      NONEXISTENT_BUNDLE = class java.util.ResourceBundle$1@7c95333d
      cacheList = class java.util.concurrent.ConcurrentHashMap@4f0205c5
      referenceQueue = class java.lang.ref.ReferenceQueue@33ef1081
      parent = null
      locale = class java.util.Locale@f820d3d
      name = "javax.servlet.LocalStrings"
      expired = false
      cacheKey = class java.util.ResourceBundle$CacheKey@2b529a25
      keySet = null
      providers = null
      $assertionsDisabled = true
    config = null
  _filtersDefined = true
  logger = class com.ibm.ws.logging.internal.WsLogger@4587eae0
    tc = class com.ibm.websphere.ras.TraceComponent@5622f77a
      strings[0] = "TraceComponent[com.ibm.ws.logging.internal.WsLogger,class com.ibm.ws.logging.internal.WsLogger,[logging],com.ibm.ws.logging.internal.resources.LoggingMessages,null]"
    ivCachedResourceBundleName = null
    ivCachedResourceBundle = null
    ivComponent = null
    ivOrganization = null
    ivProduct = null
    ivMinimumLocalizationLevelIntValue = 625
    ivTC = class com.ibm.websphere.ras.TraceComponent@27a5a5af
      strings[0] = "TraceComponent[com.ibm.ws.webcontainer.filter,class com.ibm.wsspi.webcontainer.logging.LoggerFactory$1,[com.ibm.ws.webcontainer.filter],null,null]"
    loggerRegistrationComponent = class java.lang.ThreadLocal@36c7e165
      threadLocalHashCode = 1914802624
      nextHashCode = class java.util.concurrent.atomic.AtomicInteger@3e0468dc
      HASH_INCREMENT = 1640531527
    emptyHandlers = class java.util.logging.Handler[0]
    offValue = 2147483647
    SYSTEM_LOGGER_RB_NAME = "sun.util.logging.resources.logging"
    SYSTEM_BUNDLE = class java.util.logging.Logger$LoggerBundle@9373c21
      resourceBundleName = "sun.util.logging.resources.logging"
      userBundle = null
    NO_RESOURCE_BUNDLE = class java.util.logging.Logger$LoggerBundle@72e8cd23
      resourceBundleName = null
      userBundle = null
    manager = class com.ibm.ws.kernel.boot.logging.WsLogManager@7badd6d2
      CLASS_NAME = "com.ibm.ws.kernel.boot.logging.WsLogManager"
      CONFIGURE_BY_SERVER_PROPERTY_NAME = "java.util.logging.configureByServer"
      CONFIGURE_BY_LOGGING_PROPERTIES_FILE = "java.util.logging.configureByLoggingPropertiesFile"
      configureByServer = true
      configureByLoggingProperties = false
      wsLogger = class java.lang.reflect.Constructor@568df8e9
      resetEnabled = true
      svBinaryLoggingEnable = false
      manager = class com.ibm.ws.kernel.boot.logging.WsLogManager@7badd6d2
      props = class java.util.Properties@776aeaa3
      defaultLevel = class java.util.logging.Level@2a1e68d7
      listenerMap = class java.util.HashMap@36f3a3d5
      systemContext = class java.util.logging.LogManager$SystemLoggerContext@f805f52
      userContext = class java.util.logging.LogManager$LoggerContext@36eb8fbd
      rootLogger = class java.util.logging.LogManager$RootLogger@16f45431
      readPrimordialConfiguration = true
      initializedGlobalHandlers = true
      deathImminent = false
      initializedCalled = true
      initializationDone = true
      contextsMap = null
      loggerRefQueue = class java.lang.ref.ReferenceQueue@3db2a031
      MAX_ITERATIONS = 400
      controlPermission = class java.util.logging.LoggingPermission@30c5121a
      loggingMXBean = null
      LOGGING_MXBEAN_NAME = "java.util.logging:type=Logging"
      $assertionsDisabled = true
    name = "com.ibm.ws.webcontainer.filter"
    handlers = class java.util.concurrent.CopyOnWriteArrayList@3c01b33f
      serialVersionUID = 8673264195747942595
      lock = class java.util.concurrent.locks.ReentrantLock@7002c00c
      array = class java.lang.Object[0]
      UNSAFE = class sun.misc.Unsafe@70a273fa
      lockOffset = 12
    loggerBundle = class java.util.logging.Logger$LoggerBundle@3494f75a
      resourceBundleName = "com.ibm.ws.webcontainer.resources.Messages"
      userBundle = null
    useParentHandlers = true
    filter = null
    anonymous = false
    catalog = class com.ibm.ws.webcontainer.resources.Messages@41874460
      resources = class [Ljava.lang.Object;[338]
      lookup = class java.util.HashMap@528e027c
      INITIAL_CACHE_SIZE = 32
      NONEXISTENT_BUNDLE = class java.util.ResourceBundle$1@7c95333d
      cacheList = class java.util.concurrent.ConcurrentHashMap@4f0205c5
      referenceQueue = class java.lang.ref.ReferenceQueue@33ef1081
      parent = null
      locale = class java.util.Locale@f820d3d
      name = "com.ibm.ws.webcontainer.resources.Messages"
      expired = false
      cacheKey = class java.util.ResourceBundle$CacheKey@415b054f
      keySet = null
      providers = null
      $assertionsDisabled = true
    catalogName = "com.ibm.ws.webcontainer.resources.Messages"
    catalogLocale = class java.util.Locale@38dda415
      LOCALECACHE = class java.util.Locale$Cache@5a439762
      ENGLISH = class java.util.Locale@25e4a707
      FRENCH = class java.util.Locale@790bb713
      GERMAN = class java.util.Locale@7819f693
      ITALIAN = class java.util.Locale@3e278675
      JAPANESE = class java.util.Locale@3e7bd229
      KOREAN = class java.util.Locale@1a6c49da
      CHINESE = class java.util.Locale@2d76996a
      SIMPLIFIED_CHINESE = class java.util.Locale@2fe0a69f
      TRADITIONAL_CHINESE = class java.util.Locale@4feac3d0
      FRANCE = class java.util.Locale@3730716e
      GERMANY = class java.util.Locale@2e14132b
      ITALY = class java.util.Locale@46a9c28
      JAPAN = class java.util.Locale@1d873b36
      KOREA = class java.util.Locale@290892e9
      CHINA = class java.util.Locale@2fe0a69f
      PRC = class java.util.Locale@2fe0a69f
      TAIWAN = class java.util.Locale@4feac3d0
      UK = class java.util.Locale@270b41a8
      US = class java.util.Locale@38dda415
      CANADA = class java.util.Locale@775012bd
      CANADA_FRENCH = class java.util.Locale@53aad9ea
      ROOT = class java.util.Locale@f820d3d
      PRIVATE_USE_EXTENSION = x
      UNICODE_LOCALE_EXTENSION = u
      serialVersionUID = 9149081749638150636
      DISPLAY_LANGUAGE = 0
      DISPLAY_COUNTRY = 1
      DISPLAY_VARIANT = 2
      DISPLAY_SCRIPT = 3
      baseLocale = class sun.util.locale.BaseLocale@3ed896ac
      localeExtensions = null
      hashCodeValue = 96636889
      defaultLocale = class java.util.Locale@38dda415
      defaultDisplayLocale = null
      defaultFormatLocale = class java.util.Locale@38dda415
      languageTag = "en-US"
      serialPersistentFields = class java.io.ObjectStreamField[6]
      isoLanguages = null
      isoCountries = null
      $assertionsDisabled = true
    treeLock = class java.lang.Object@2dd3ee9a
    parent = class com.ibm.ws.logging.internal.WsLogger@6136168e
      tc = class com.ibm.websphere.ras.TraceComponent@5622f77a
      ivCachedResourceBundleName = "com.ibm.ws.webcontainer.resources.Messages"
      ivCachedResourceBundle = class com.ibm.ws.webcontainer.resources.Messages@41874460
      ivComponent = null
      ivOrganization = null
      ivProduct = null
      ivMinimumLocalizationLevelIntValue = 625
      ivTC = class com.ibm.websphere.ras.TraceComponent@64aa4471
      loggerRegistrationComponent = class java.lang.ThreadLocal@36c7e165
      emptyHandlers = class java.util.logging.Handler[0]
      offValue = 2147483647
      SYSTEM_LOGGER_RB_NAME = "sun.util.logging.resources.logging"
      SYSTEM_BUNDLE = class java.util.logging.Logger$LoggerBundle@9373c21
      NO_RESOURCE_BUNDLE = class java.util.logging.Logger$LoggerBundle@72e8cd23
      manager = class com.ibm.ws.kernel.boot.logging.WsLogManager@7badd6d2
      name = "com.ibm.ws.webcontainer"
      handlers = class java.util.concurrent.CopyOnWriteArrayList@68095335
      loggerBundle = class java.util.logging.Logger$LoggerBundle@61567b65
      useParentHandlers = true
      filter = null
      anonymous = false
      catalog = class com.ibm.ws.webcontainer.resources.Messages@41874460
      catalogName = "com.ibm.ws.webcontainer.resources.Messages"
      catalogLocale = class java.util.Locale@38dda415
      treeLock = class java.lang.Object@2dd3ee9a
      parent = class java.util.logging.Logger@344b5d00
      kids = class java.util.ArrayList@6cbdf50b
      levelObject = class java.util.logging.Level@2a1e68d7
      levelValue = 800
      callersClassLoaderRef = class java.lang.ref.WeakReference@1d02c3d5
      isSystemLogger = false
      GLOBAL_LOGGER_NAME = "global"
      global = class java.util.logging.Logger@4d230adf
      $assertionsDisabled = true
    kids = null
    levelObject = class java.util.logging.Level@2a1e68d7
      defaultBundle = "sun.util.logging.resources.logging"
      name = "INFO"
      value = 800
      resourceBundleName = "sun.util.logging.resources.logging"
      localizedLevelName = "INFO"
      cachedLocale = class java.util.Locale@38dda415
      OFF = class java.util.logging.Level@31715b0c
      SEVERE = class java.util.logging.Level@4b66d678
      WARNING = class java.util.logging.Level@142c2cbc
      INFO = class java.util.logging.Level@2a1e68d7
      CONFIG = class java.util.logging.Level@2d0bf91d
      FINE = class java.util.logging.Level@16996e8b
      FINER = class java.util.logging.Level@6bb1af36
      FINEST = class java.util.logging.Level@1e8d3730
      ALL = class java.util.logging.Level@6c3cf6ed
      serialVersionUID = -8176160795706313070
    levelValue = 800
    callersClassLoaderRef = class java.lang.ref.WeakReference@4ebedbc2
      referent = class org.eclipse.osgi.internal.loader.EquinoxClassLoader@18634230
      queue = class java.lang.ref.ReferenceQueue$Null@3e8c2c05
      next = null
      discovered = null
      lock = class java.lang.ref.Reference$Lock@7b4ef26b
      pending = null
    isSystemLogger = false
    GLOBAL_LOGGER_NAME = "global"
    global = class java.util.logging.Logger@4d230adf
      emptyHandlers = class java.util.logging.Handler[0]
      offValue = 2147483647
      SYSTEM_LOGGER_RB_NAME = "sun.util.logging.resources.logging"
      SYSTEM_BUNDLE = class java.util.logging.Logger$LoggerBundle@9373c21
      NO_RESOURCE_BUNDLE = class java.util.logging.Logger$LoggerBundle@72e8cd23
      manager = class com.ibm.ws.kernel.boot.logging.WsLogManager@7badd6d2
      name = "global"
      handlers = class java.util.concurrent.CopyOnWriteArrayList@343e6f97
      loggerBundle = class java.util.logging.Logger$LoggerBundle@72e8cd23
      useParentHandlers = true
      filter = null
      anonymous = false
      catalog = null
      catalogName = null
      catalogLocale = null
      treeLock = class java.lang.Object@2dd3ee9a
      parent = class java.util.logging.LogManager$RootLogger@16f45431
      kids = null
      levelObject = null
      levelValue = 800
      callersClassLoaderRef = null
      isSystemLogger = true
      GLOBAL_LOGGER_NAME = "global"
      global = class java.util.logging.Logger@4d230adf
      $assertionsDisabled = true
    $assertionsDisabled = true
  CLASS_NAME = "com.ibm.ws.webcontainer.filter.WebAppFilterChain"
  webapp = class com.ibm.ws.webcontainer31.osgi.webapp.WebApp31@50315618
    tc = class com.ibm.websphere.ras.TraceComponent@63e688d8
      strings[0] = "TraceComponent[com.ibm.ws.webcontainer31.osgi.webapp.WebApp31,class com.ibm.ws.webcontainer31.osgi.webapp.WebApp31,[webcontainer],com.ibm.ws.webcontainer31.resources.Messages,null]"
    CLASS_NAME = "com.ibm.ws.webcontainer31.osgi.webapp.WebApp31"
    servlet31NLS = class com.ibm.ejs.ras.TraceNLS@4c350034
      resolver = class com.ibm.ws.logging.internal.TraceNLSResolver@47aa8394
      finder = class com.ibm.ws.logging.internal.StackFinder@53cd0865
      ivBundleName = "com.ibm.ws.webcontainer31.resources.Messages"
      caller = class java.lang.Class@5e4c7f5a
    validListenerClasses = class java.lang.Class[7]
      Class[0] = class java.lang.Class@36dda5d1
      Class[1] = class java.lang.Class@4eb349bb
      Class[2] = class java.lang.Class@57a7d1c4
      Class[3] = class java.lang.Class@e5adc71
      Class[4] = class java.lang.Class@55f21346
      Class[5] = class java.lang.Class@1d866d2
      Class[6] = class java.lang.Class@bb23f2
    wsocServHandler = class com.ibm.ws.wsoc.external.WsocHandlerImpl@55143414
      tc = class com.ibm.websphere.ras.TraceComponent@26993eea
      noMoreAddsCalled = true
      serialVersionUID = -2067291126638824067
    tc = class com.ibm.websphere.ras.TraceComponent@70f0218b
      strings[0] = "TraceComponent[com.ibm.ws.webcontainer.osgi.webapp.WebApp,class com.ibm.ws.webcontainer.osgi.webapp.WebApp,[webcontainer],com.ibm.ws.webcontainer.resources.LShimMessages,null]"
    CLASS_NAME = "com.ibm.ws.webcontainer.osgi.webapp.WebApp"
    metaDataService = class com.ibm.ws.container.service.metadata.internal.MetaDataServiceImpl@c4fbec4
      applicationMetaDataManager = class com.ibm.ws.container.service.metadata.internal.ApplicationMetaDataManager@2994ff2d
      moduleMetaDataManager = class com.ibm.ws.container.service.metadata.internal.ModuleMetaDataManager@3b90507a
      componentMetaDataManager = class com.ibm.ws.container.service.metadata.internal.ComponentMetaDataManager@5d4cd6e2
      methodMetaDataManager = class com.ibm.ws.container.service.metadata.internal.MethodMetaDataManager@6af24ab8
      appModuleNameToModuleContainer = class java.util.concurrent.ConcurrentHashMap@6eb7e563
      jeeNameToComponentMetaData = class java.util.concurrent.ConcurrentHashMap@60d4020f
      deferredMetaDataFactories = class com.ibm.wsspi.kernel.service.utils.ConcurrentServiceReferenceSet@5b942331
      deferredMetaDataInitializers = class com.ibm.wsspi.kernel.service.utils.ConcurrentServiceReferenceMap@23cb0571
      serialVersionUID = -2494605732980966097
      $$$tc$$$ = class com.ibm.websphere.ras.TraceComponent@4aa6cccf
    namespacePopulated = false
    referenceContext = class com.ibm.ws.injectionengine.osgi.internal.OSGiReferenceContextImpl@97dfa84
      scopeData = class com.ibm.ws.injectionengine.osgi.internal.OSGiInjectionScopeData@155a0f22
      serialVersionUID = 521511923892134915
      $$$tc$$$ = class com.ibm.websphere.ras.TraceComponent@107798e4
      CLASS_NAME = "com.ibm.ws.injectionengine.ReferenceContextImpl"
      tc = class com.ibm.websphere.ras.TraceComponent@721f0c86
      ivInjectionEngine = class com.ibm.ws.injectionengine.osgi.internal.OSGiInjectionEngineImpl@5ff6a82a
      ivProviders = class java.util.ArrayList@317dc5af
      ivComponentJavaContext = null
      ivComponentNameSpace = null
      ivJavaColonCompEnvMap = class java.util.LinkedHashMap@2cd5a7f6
      ivEjbContext10 = class java.util.Properties@5e7eaaac
      ivResourceRefConfigList = class com.ibm.ws.resource.internal.ResourceRefConfigListImpl@39a4d6ab
      isAlreadyProcessed = true
      ivProcessFailure = null
      ivInjectionTargetMap = class java.util.concurrent.ConcurrentHashMap@3423feb1
      svInjTarMapCacheSize = 256
      ivDeclaredInjectionTargets = class java.util.HashMap@6bac1527
      ivProcessedInjectionClasses = class java.util.HashSet@6ac7f5b3
      svInjClassMapCacheSize = 512
      ivProcessedInjectionBindings = class java.util.LinkedHashSet@41c7198d
      ivAnyProcessDynamic = true
      ivCheckAppConfig = false
    j2eeNameFactory = class com.ibm.ws.container.service.metadata.internal.J2EENameFactoryImpl@1b7506c4
      serialVersionUID = 3486344295038028821
      $$$tc$$$ = class com.ibm.websphere.ras.TraceComponent@56895fc7
    moduleLoader = class com.ibm.ws.classloading.internal.AppClassLoader@65510915
      tc = class com.ibm.websphere.ras.TraceComponent@1379ce1
      disableSharedClassesCache = false
      PARENT_FIRST_SEARCH_ORDER = class java.util.Collections$UnmodifiableRandomAccessList@6ce095aa
      packagesDefined = class java.util.Collections$SetFromMap@67c1968d
      CLASS_LOADING_TRACE_PREFIX = "com.ibm.ws.class.load."
      DEFAULT_PACKAGE = "default.package"
      perPackageClassLoadingTraceComponents = class java.util.concurrent.ConcurrentHashMap@4df4d70
      config = class com.ibm.ws.classloading.internal.ClassLoaderConfigurationImpl@4939985d
      privateLibraries = null
      delegateLoaders = class com.ibm.ws.classloading.internal.util.CompositeIterable@219c0915
      nativeLibraryFiles = class java.util.ArrayList@4a828655
      transformers = class java.util.ArrayList@34c8f6b8
      apiAccess = class com.ibm.ws.classloading.internal.GatewayClassLoader@6d132109
      generator = class com.ibm.ws.classloading.internal.ClassGeneratorManager@1968b662
      protectionDomains = class java.util.concurrent.ConcurrentHashMap@31366b0c
      parent = class com.ibm.ws.classloading.internal.GatewayClassLoader@6d132109
      hook = null
      serialVersionUID = 8734164900246230615
      tc = class com.ibm.websphere.ras.TraceComponent@7541aa79
      smartClassPath = class com.ibm.ws.classloading.internal.ContainerClassLoader$SmartClassPathImpl@7023089e
      nativeLibraryContainers = class java.util.ArrayList@2ecd98e1
      redefiner = class com.ibm.ws.classloading.internal.util.ClassRedefiner@57f714c5
      jarProtocol = "wsjar:"
      mapCreationQueue = class java.util.concurrent.Executors$FinalizableDelegatedExecutorService@5d43d6b6
      serialVersionUID = 6399598832433768509
      serialVersionUID = 1837293532091806117
      $$$tc$$$ = class com.ibm.websphere.ras.TraceComponent@5d10b3ae
      serialVersionUID = -4586727107834513475
      $$$tc$$$ = class com.ibm.websphere.ras.TraceComponent@3541276a
      serialVersionUID = -7709588811276454856
      $$$tc$$$ = class com.ibm.websphere.ras.TraceComponent@46bf9310
      initialized = true
      pdcache = class java.util.HashMap@5f2fa819
      debug = null
      parent = class com.ibm.ws.classloading.internal.GatewayClassLoader@6d132109
      parallelLockMap = class java.util.concurrent.ConcurrentHashMap@37202c9a
      package2certs = class java.util.concurrent.ConcurrentHashMap@7568a00f
      nocerts = class java.security.cert.Certificate[0]
      classes = class java.util.Vector@365d2e72
      defaultDomain = class java.security.ProtectionDomain@149027c0
      packages = class java.util.HashMap@22628d34
      scl = class sun.misc.Launcher$AppClassLoader@18b4aac2
      sclSet = true
      loadedLibraryNames = class java.util.Vector@1cb09f30
      systemNativeLibraries = class java.util.Vector@13ee23e5
      nativeLibraries = class java.util.Vector@12ba39af
      nativeLibraryContext = class java.util.Stack@481a61
      usr_paths = class java.lang.String[42]
      sys_paths = class java.lang.String[1]
      assertionLock = class java.lang.Object@4d4bbb34
      defaultAssertionStatus = false
      packageAssertionStatus = null
      classAssertionStatus = null
    webAppConfig = class com.ibm.ws.webcontainer.osgi.webapp.WebAppConfiguration@57f2a9b
      webModuleMetaData = class com.ibm.ws.webcontainer.osgi.metadata.WebModuleMetaDataImpl@a05a709
      webComponentMetaData = class com.ibm.ws.webcontainer.osgi.metadata.WebComponentMetaDataImpl@6ed99d44
      dVirtualHost = class com.ibm.ws.webcontainer.osgi.DynamicVirtualHost@1ac2533
      orderedLibPaths = class java.util.Collections$UnmodifiableRandomAccessList@6e3b871a
      bundleHeaders = null
      cdiEnabled = false
      CLASS_NAME = "com.ibm.ws.webcontainer.webapp.WebAppConfiguration"
      logger = class com.ibm.ws.logging.internal.WsLogger@f4e5712
      tc = class com.ibm.websphere.ras.TraceComponent@55918fe6
      nls = class com.ibm.ejs.ras.TraceNLS@2d5fc802
      version = 30
      contextRoot = "/CookTimeServer"
      isDefaultContextRootUsed = false
      sessionTimeout = 0
      moduleSessionTimeoutSet = false
      moduleSessionTrackingModeSet = false
      sessionCookieConfig = class com.ibm.ws.session.SessionCookieConfigImpl@1f6e89e4
      hasProgrammaticCookieConfig = false
      sessionDefaultTrackingModeSet = class java.util.RegularEnumSet@4f2d8c33
      sessionManagerConfig = class com.ibm.ws.session.SessionManagerConfig@3226b403
      displayName = "CookTimeServer"
      description = null
      reloadInterval = 3
      distributable = false
      denyUncoveredHttpMethods = false
      reloadingEnabled = true
      serveServletsByClassnameEnabled = false
      defaultErrorPage = null
      additionalClassPath = null
      fileServingEnabled = true
      directoryBrowsingEnabled = false
      autoRequestEncoding = false
      autoResponseEncoding = false
      autoLoadFilters = false
      requestListeners = null
      requestAttributeListeners = null
      sessionListeners = null
      localeMap = null
      moduleName = "CookTimeServer"
      j2eeModuleName = "CookTimeServer.war"
      moduleId = null
      isSyncToThreadEnabled = false
      encodeDispatchedRequestURI = false
      isSystemApp = false
      ardEnabled = false
      ardDispatchType = null
      listeners = class java.util.ArrayList@616a659d
      welcomeFileList = class java.util.ArrayList@aa0f1fd
      servletMappings = class java.util.HashMap@29cfa88e
      lastIndexBeforeDeclaredFilters = 1
      filterMappings = class java.util.ArrayList@2ece8718
      servletInfo = class java.util.concurrent.ConcurrentHashMap@1c3a59d1
      filterInfo = class java.util.HashMap@11186cb2
      mimeMappings = class java.util.HashMap@45c73dc7
      mimeFilters = null
      isMimeFilteringEnabled = false
      theWebGroup = null
      jspAttributes = class java.util.HashMap@1feb8420
      fileServingAttributes = class java.util.HashMap@51d1b2dd
      invokerAttributes = class java.util.HashMap@37e39a9
      contextParams = class java.util.HashMap@7f2b0504
      virtualHost = "default_host"
      exceptionErrorPages = class java.util.HashMap@3c225445
      codeErrorPages = class java.util.HashMap@60b94e46
      tagLibList = null
      precompileJsps = false
      webApp = class com.ibm.ws.webcontainer31.osgi.webapp.WebApp31@50315618
      virtualHostList = class java.util.Collections$EmptyList@12789089
      appStartupWeight = 0
      moduleStartupWeight = 0
      metaDataComplete = false
      classesToScan = class java.util.ArrayList@35dca4e7
      uriFilterMappingInfos = class java.util.ArrayList@1b725e65
      servletFilterMappingInfos = null
      dynamicServletRegistrationMap = null
      applicationName = "CookTimeServer"
      libBinPathList = class java.util.ArrayList@3193e833
      webXmlDefinedListeners = class java.util.HashSet@6739ca50
      allRefs = class java.util.EnumMap@3712a1cc
      allRefBindings = class java.util.EnumMap@3e1a403d
      envEntryValues = class java.util.HashMap@1066e5bd
      resourceRefConfigList = class com.ibm.ws.resource.internal.ResourceRefConfigListImpl@39a4d6ab
      disallowAllFileServingProp = "false"
      disallowServeServletsByClassnameProp = "true"
      disableStaticMappingCache = false
      jspCachedLocations = class java.util.HashMap@1b9a0c92
      primedSTSHeader = "NoValue"
      enablemultireadofpostdata = false
      requestEncoding = null
      responseEncoding = null
      NULLSERVLETNAME = "com.ibm.ws.webcontainer.NullServletName"
      _id = "WebAppGeneratedId1"
      _attributes = null
      serialVersionUID = 7511545662945734886
      $$$tc$$$ = class com.ibm.websphere.ras.TraceComponent@52b0a2bf
    extensionProcessingDisabled = false
    managedObjectService = class com.ibm.ws.cdi.impl.managedobject.CDIManagedObjectService@6fb5252a
      cdiServiceRef = class com.ibm.wsspi.kernel.service.utils.AtomicServiceReference@33ee848b
      defaultMOSRef = class com.ibm.wsspi.kernel.service.utils.AtomicServiceReference@72add0a0
      cdiRuntime = class com.ibm.ws.cdi.liberty.CDIRuntimeImpl@560e119e
      serialVersionUID = 6431825704414919683
      $$$tc$$$ = class com.ibm.websphere.ras.TraceComponent@1e5914c8
    internalServletMetaData = interface com.ibm.wsspi.webcontainer.metadata.WebComponentMetaData[2]
      WebComponentMetaData[0] = null
      WebComponentMetaData[1] = null
    loginProcessor = null
    logoutProcessor = null
    collabHelper = class com.ibm.ws.webcontainer.osgi.collaborator.CollaboratorHelperImpl@e40599d
    envObject = class com.ibm.ws.util.WSThreadLocal@3de04d6b
      tc = class com.ibm.ejs.ras.TraceComponent@3c703fee
      count = 9
      index = 4
      SUSPECTED_MISUSAGE_THRESHOLD = 200
      threadLocalHashCode = 789839079
      nextHashCode = class java.util.concurrent.atomic.AtomicInteger@3e0468dc
      HASH_INCREMENT = 1640531527
    orderedLibPaths = class java.util.Collections$UnmodifiableRandomAccessList@6e3b871a
      serialVersionUID = -2542308836966382001
      serialVersionUID = -283967356065247728
      list = class java.util.ArrayList@15a4097d
      serialVersionUID = 1820017752578914078
      c = class java.util.ArrayList@15a4097d
    perm = class com.ibm.websphere.security.WebSphereRuntimePermission@5be27676
      serialVersionUID = -3306242789188168337
      $$$tc$$$ = class com.ibm.websphere.ras.TraceComponent@42fee94
      serialVersionUID = 6279438298436773498
      wildcard = false
      path = "accessServletContext"
      exitVM = false
      serialVersionUID = -5636570222231596674
      name = "accessServletContext"
    WELCOME_FILE_LIST = "com.ibm.ws.webcontainer.config.WelcomeFileList"
    DIR_BROWSING_MAPPING = "__dirBrowsing__1595370230221"
    FILTER_PROXY_MAPPING = "/__filterProxy__1595370230221"
    logger = class com.ibm.ws.logging.internal.WsLogger@f4e5712
      tc = class com.ibm.websphere.ras.TraceComponent@5622f77a
      ivCachedResourceBundleName = "com.ibm.ws.webcontainer.resources.Messages"
      ivCachedResourceBundle = class com.ibm.ws.webcontainer.resources.Messages@41874460
      ivComponent = null
      ivOrganization = null
      ivProduct = null
      ivMinimumLocalizationLevelIntValue = 625
      ivTC = class com.ibm.websphere.ras.TraceComponent@e65087e
      loggerRegistrationComponent = class java.lang.ThreadLocal@36c7e165
      emptyHandlers = class java.util.logging.Handler[0]
      offValue = 2147483647
      SYSTEM_LOGGER_RB_NAME = "sun.util.logging.resources.logging"
      SYSTEM_BUNDLE = class java.util.logging.Logger$LoggerBundle@9373c21
      NO_RESOURCE_BUNDLE = class java.util.logging.Logger$LoggerBundle@72e8cd23
      manager = class com.ibm.ws.kernel.boot.logging.WsLogManager@7badd6d2
      name = "com.ibm.ws.webcontainer.webapp"
      handlers = class java.util.concurrent.CopyOnWriteArrayList@3f087005
      loggerBundle = class java.util.logging.Logger$LoggerBundle@6a4a227c
      useParentHandlers = true
      filter = null
      anonymous = false
      catalog = class com.ibm.ws.webcontainer.resources.Messages@41874460
      catalogName = "com.ibm.ws.webcontainer.resources.Messages"
      catalogLocale = class java.util.Locale@38dda415
      treeLock = class java.lang.Object@2dd3ee9a
      parent = class com.ibm.ws.logging.internal.WsLogger@6136168e
      kids = null
      levelObject = class java.util.logging.Level@2a1e68d7
      levelValue = 800
      callersClassLoaderRef = class java.lang.ref.WeakReference@16bd5d80
      isSystemLogger = false
      GLOBAL_LOGGER_NAME = "global"
      global = class java.util.logging.Logger@4d230adf
      $assertionsDisabled = true
    CLASS_NAME = "com.ibm.ws.webcontainer.webapp.WebApp"
    loader = class com.ibm.ws.classloading.internal.ThreadContextClassLoader@631bba6b
      tc = class com.ibm.websphere.ras.TraceComponent@4c4b277a
      bundle = class java.util.concurrent.atomic.AtomicReference@215b68a6
      key = "WebModule:CookTimeServer#CookTimeServer.war"
      refCount = class java.util.concurrent.atomic.AtomicInteger@4b5f7ae9
      appLoader = class com.ibm.ws.classloading.internal.AppClassLoader@65510915
      clSvc = class com.ibm.ws.classloading.internal.ClassLoadingServiceImpl@6796f39
      serialVersionUID = 846416563800781557
      tc = class com.ibm.websphere.ras.TraceComponent@5599a372
      followOnClassLoaders = class java.util.ArrayList@6331034c
      serialVersionUID = 8829649920524275888
      serialVersionUID = -4586727107834513475
      $$$tc$$$ = class com.ibm.websphere.ras.TraceComponent@3541276a
      serialVersionUID = -7709588811276454856
      $$$tc$$$ = class com.ibm.websphere.ras.TraceComponent@46bf9310
      initialized = true
      pdcache = class java.util.HashMap@19d559d4
      debug = null
      parent = class com.ibm.ws.classloading.internal.GatewayClassLoader@1f12811e
      parallelLockMap = class java.util.concurrent.ConcurrentHashMap@29ede035
      package2certs = class java.util.concurrent.ConcurrentHashMap@64a05296
      nocerts = class java.security.cert.Certificate[0]
      classes = class java.util.Vector@fe0062d
      defaultDomain = class java.security.ProtectionDomain@3c48f5fc
      packages = class java.util.HashMap@7a625608
      scl = class sun.misc.Launcher$AppClassLoader@18b4aac2
      sclSet = true
      loadedLibraryNames = class java.util.Vector@1cb09f30
      systemNativeLibraries = class java.util.Vector@13ee23e5
      nativeLibraries = class java.util.Vector@6872c371
      nativeLibraryContext = class java.util.Stack@481a61
      usr_paths = class java.lang.String[42]
      sys_paths = class java.lang.String[1]
      assertionLock = class java.lang.Object@49d88d1
      defaultAssertionStatus = false
      packageAssertionStatus = null
      classAssertionStatus = null
    facade = class com.ibm.ws.webcontainer31.facade.ServletContextFacade31@321aa4f0
      context = class com.ibm.ws.webcontainer31.osgi.webapp.WebApp31@50315618
    features = class java.util.ArrayList@53a721ac
      serialVersionUID = 8683452581122892189
      DEFAULT_CAPACITY = 10
      EMPTY_ELEMENTDATA = class java.lang.Object[0]
      DEFAULTCAPACITY_EMPTY_ELEMENTDATA = class java.lang.Object[0]
      elementData = class java.lang.Object[0]
      size = 0
      MAX_ARRAY_SIZE = 2147483639
      modCount = 0
      MAX_ARRAY_SIZE = 2147483639
    applicationName = "CookTimeServer"
    config = class com.ibm.ws.webcontainer.osgi.webapp.WebAppConfiguration@57f2a9b
    securityEnabledForApp = true
    webExtensionProcessor = class com.ibm.ws.webcontainer.osgi.extension.WebExtensionProcessor@621ef1fd
      webApp = class com.ibm.ws.webcontainer31.osgi.webapp.WebApp31@50315618
      extensionContext = class com.ibm.ws.webcontainer31.osgi.webapp.WebApp31@50315618
    production = true
    isServlet23 = true
    contextPath = "/CookTimeServer"
    internalServletList = class [Ljava.lang.String;[2]
      String[][0] = class java.lang.String[2]
      String[][1] = class java.lang.String[2]
    BY_NAME_ONLY = "/_1595370230222_/"
    filterManager = class com.ibm.ws.webcontainer.osgi.filter.WebAppFilterManagerImpl@15b3ffc5
      _filterWrappers = class java.util.Hashtable@76517e79
      chainCache = class java.util.Collections$SynchronizedMap@63ba004d
      forwardChainCache = class java.util.Collections$SynchronizedMap@6ec1119
      includeChainCache = class java.util.Collections$SynchronizedMap@72ae88a9
      errorChainCache = class java.util.Collections$SynchronizedMap@f718233
      _filtersDefined = true
      FMI_MAPPING_SINGLE_SLASH = 0
      FMI_MAPPING_PATH_MATCH = 1
      FMI_MAPPING_EXTENSION_MATCH = 2
      FMI_MAPPING_EXACT_MATCH = 3
      logger = class com.ibm.ws.logging.internal.WsLogger@4587eae0
      CLASS_NAME = "com.ibm.ws.webcontainer.filter.WebAppFilterManager"
      nls = class com.ibm.ejs.ras.TraceNLS@3cfa43f8
      webAppConfig = class com.ibm.ws.webcontainer.osgi.webapp.WebAppConfiguration@57f2a9b
      webApp = class com.ibm.ws.webcontainer31.osgi.webapp.WebApp31@50315618
      collabHelper = class com.ibm.ws.webcontainer.osgi.collaborator.CollaboratorHelperImpl@e40599d
      secCollab = class com.ibm.ws.webcontainer.security.WebAppSecurityCollaboratorImpl@6dc05b1b
      sessionSecurityIntegrationEnabled = true
      assumeFilterSuccessOnSecurityError = false
      useOriginalRequestState = false
      _evtSource = class com.ibm.ws.webcontainer.webapp.WebAppEventSource@6cc3ad2d
      defaultComponentMetaData = class com.ibm.ws.webcontainer.osgi.metadata.WebComponentMetaDataImpl@6ed99d44
      DEFER_SERVLET_REQUEST_LISTENER_DESTROY_ON_ERROR = false
    documentRoot = null
    SERVLET_API_VERSION = "Servlet 2.5"
    disableServletAuditLogging = -1
    serverInfo = "IBM WebSphere Liberty/20.0.0.6"
    sessionCtx = class com.ibm.ws.webcontainer31.session.impl.HttpSessionContext31Impl@7f73069e
      methodClassName = "HttpSessionContextImpl"
      _smc = class com.ibm.ws.session.SessionManagerConfig@3226b403
      sessionStoreService = null
      _sap = class com.ibm.ws.session.SessionApplicationParameters@5fddb5d3
      _coreHttpSessionManager = class com.ibm.ws.session.SessionManager@b5b8473
      _coreHttpAppSessionManager = null
      _sam = class com.ibm.ws.webcontainer.session.impl.SessionAffinityManagerImpl@64e52f51
      isSIPApplication = false
      sessionAttributeListener = true
      sessionListener = true
      mHttpSessionAttributeListeners = class java.util.ArrayList@5e85966a
      mHttpSessionListeners = class java.util.ArrayList@6c44d344
      mHttpSessionIdListeners = class java.util.ArrayList@3bebbaa3
      mHttpSessionAttributeListenersJ2eeNames = class java.util.ArrayList@76b99528
      mHttpSessionListenersJ2eeNames = class java.util.ArrayList@47d6b53
      mHttpSessionIdListenersJ2eeNames = class java.util.ArrayList@4ee9566b
      mLocalHost = null
      _refCount = 1
      currentThreadSacHashtable = null
      methodClassName = "SessionContext"
      ANONYMOUS_USER = "anonymous"
      wasHttpSessionObserver = class com.ibm.ws.session.WasHttpSessionObserver@2831d3b7
      wasHttpSessionAttributeObserver = null
      _invalidator = class com.ibm.ws.session.SessionInvalidatorWithThreadPool@129b134c
      _storer = class com.ibm.ws.session.EOSSessionStorer@7dd3d5bf
      wasHttpAppSessionObserver = null
      mHttpAppSessionListeners = null
      cmvcInfo = "CMVC Version 1.9 6/24/07 11:12:24"
      _loggedVersion = true
      CREATE_CORE_SESSION_MANAGER = 0
      GET_REQUESTED_SESSION_ID = 1
      GET_IHTTP_SESSION = 2
      SESSION_PRE_INVOKE = 3
      SESSION_POST_INVOKE = 4
      STOP = 5
      STOP_LISTENERS = 6
      IS_VALID = 7
      ENCODE_URL = 8
      SHOULD_ENCODE_URL = 9
      IS_PROTOCOL_SWITCH = 10
      GET_LOCAL_HOST = 11
      ADD_HTTP_SESSION_ATTRIBUTE_LISTENER = 12
      ADD_HTTP_SESSION_LISTENER = 13
      GET_SESSION_AFFINITY_CONTEXT = 14
      CHECK_SECURITY = 15
      INVALIDATE = 16
      CHECK_SESSSIONID_IS_RIGHT_LENGTH = 17
      LOCK_SESSION = 18
      UNLOCK_SESSION = 19
      ADD_HTTP_SESSION_ID_LISTENER = 20
      methodNames = class java.lang.String[21]
    eventSource = class com.ibm.ws.webcontainer.webapp.WebAppEventSource@6cc3ad2d
    nls = class com.ibm.ejs.ras.TraceNLS@6af79194
      resolver = class com.ibm.ws.logging.internal.TraceNLSResolver@47aa8394
      finder = class com.ibm.ws.logging.internal.StackFinder@53cd0865
      ivBundleName = "com.ibm.ws.webcontainer.resources.Messages"
      caller = class java.lang.Class@4a5f6af7
    liberty_nls = class com.ibm.ejs.ras.TraceNLS@644dcb79
      resolver = class com.ibm.ws.logging.internal.TraceNLSResolver@47aa8394
      finder = class com.ibm.ws.logging.internal.StackFinder@53cd0865
      ivBundleName = "com.ibm.ws.webcontainer.resources.LShimMessages"
      caller = class java.lang.Class@4a5f6af7
    error_nls = class com.ibm.ejs.ras.TraceNLS@6e0a5de2
      resolver = class com.ibm.ws.logging.internal.TraceNLSResolver@47aa8394
      finder = class com.ibm.ws.logging.internal.StackFinder@53cd0865
      ivBundleName = "com.ibm.ws.webcontainer.resources.ErrorPage"
      caller = class java.lang.Class@4a5f6af7
    sessionListeners = class java.util.ArrayList@92ae14b
      serialVersionUID = 8683452581122892189
      DEFAULT_CAPACITY = 10
      EMPTY_ELEMENTDATA = class java.lang.Object[0]
      DEFAULTCAPACITY_EMPTY_ELEMENTDATA = class java.lang.Object[0]
      elementData = class java.lang.Object[10]
      size = 2
      MAX_ARRAY_SIZE = 2147483639
      modCount = 3
      MAX_ARRAY_SIZE = 2147483639
    sessionIdListeners = class java.util.ArrayList@5f07aacb
      serialVersionUID = 8683452581122892189
      DEFAULT_CAPACITY = 10
      EMPTY_ELEMENTDATA = class java.lang.Object[0]
      DEFAULTCAPACITY_EMPTY_ELEMENTDATA = class java.lang.Object[0]
      elementData = class java.lang.Object[0]
      size = 0
      MAX_ARRAY_SIZE = 2147483639
      modCount = 0
      MAX_ARRAY_SIZE = 2147483639
    sessionAttrListeners = class java.util.ArrayList@551bb451
      serialVersionUID = 8683452581122892189
      DEFAULT_CAPACITY = 10
      EMPTY_ELEMENTDATA = class java.lang.Object[0]
      DEFAULTCAPACITY_EMPTY_ELEMENTDATA = class java.lang.Object[0]
      elementData = class java.lang.Object[10]
      size = 1
      MAX_ARRAY_SIZE = 2147483639
      modCount = 2
      MAX_ARRAY_SIZE = 2147483639
    addedSessionListeners = class java.util.ArrayList@69c2165d
      serialVersionUID = 8683452581122892189
      DEFAULT_CAPACITY = 10
      EMPTY_ELEMENTDATA = class java.lang.Object[0]
      DEFAULTCAPACITY_EMPTY_ELEMENTDATA = class java.lang.Object[0]
      elementData = class java.lang.Object[10]
      size = 1
      MAX_ARRAY_SIZE = 2147483639
      modCount = 1
      MAX_ARRAY_SIZE = 2147483639
    addedSessionAttrListeners = class java.util.ArrayList@37bc8297
      serialVersionUID = 8683452581122892189
      DEFAULT_CAPACITY = 10
      EMPTY_ELEMENTDATA = class java.lang.Object[0]
      DEFAULTCAPACITY_EMPTY_ELEMENTDATA = class java.lang.Object[0]
      elementData = class java.lang.Object[10]
      size = 1
      MAX_ARRAY_SIZE = 2147483639
      modCount = 1
      MAX_ARRAY_SIZE = 2147483639
    servletContextListeners = class java.util.ArrayList@558f2759
      serialVersionUID = 8683452581122892189
      DEFAULT_CAPACITY = 10
      EMPTY_ELEMENTDATA = class java.lang.Object[0]
      DEFAULTCAPACITY_EMPTY_ELEMENTDATA = class java.lang.Object[0]
      elementData = class java.lang.Object[10]
      size = 5
      MAX_ARRAY_SIZE = 2147483639
      modCount = 6
      MAX_ARRAY_SIZE = 2147483639
    servletContextLAttrListeners = class java.util.ArrayList@5dbea885
      serialVersionUID = 8683452581122892189
      DEFAULT_CAPACITY = 10
      EMPTY_ELEMENTDATA = class java.lang.Object[0]
      DEFAULTCAPACITY_EMPTY_ELEMENTDATA = class java.lang.Object[0]
      elementData = class java.lang.Object[10]
      size = 1
      MAX_ARRAY_SIZE = 2147483639
      modCount = 2
      MAX_ARRAY_SIZE = 2147483639
    servletRequestListeners = class java.util.ArrayList@24b73d91
      serialVersionUID = 8683452581122892189
      DEFAULT_CAPACITY = 10
      EMPTY_ELEMENTDATA = class java.lang.Object[0]
      DEFAULTCAPACITY_EMPTY_ELEMENTDATA = class java.lang.Object[0]
      elementData = class java.lang.Object[10]
      size = 1
      MAX_ARRAY_SIZE = 2147483639
      modCount = 2
      MAX_ARRAY_SIZE = 2147483639
    servletRequestLAttrListeners = class java.util.ArrayList@77ccbbaa
      serialVersionUID = 8683452581122892189
      DEFAULT_CAPACITY = 10
      EMPTY_ELEMENTDATA = class java.lang.Object[0]
      DEFAULTCAPACITY_EMPTY_ELEMENTDATA = class java.lang.Object[0]
      elementData = class java.lang.Object[10]
      size = 1
      MAX_ARRAY_SIZE = 2147483639
      modCount = 2
      MAX_ARRAY_SIZE = 2147483639
    prependSlashToResource = false
    destroyed = false
    webAppNameSpaceCollab = class com.ibm.ws.webcontainer.osgi.collaborator.WebAppNameSpaceCollaboratorImpl@2fbd61ae
    txCollab = class com.ibm.ws.transaction.services.WebAppTransactionCollaboratorImpl@5e661bb1
    sessionActivationListeners = class java.util.ArrayList@5b55efe5
      serialVersionUID = 8683452581122892189
      DEFAULT_CAPACITY = 10
      EMPTY_ELEMENTDATA = class java.lang.Object[0]
      DEFAULTCAPACITY_EMPTY_ELEMENTDATA = class java.lang.Object[0]
      elementData = class java.lang.Object[0]
      size = 0
      MAX_ARRAY_SIZE = 2147483639
      modCount = 1
      MAX_ARRAY_SIZE = 2147483639
    sessionBindingListeners = class java.util.ArrayList@73879e8a
      serialVersionUID = 8683452581122892189
      DEFAULT_CAPACITY = 10
      EMPTY_ELEMENTDATA = class java.lang.Object[0]
      DEFAULTCAPACITY_EMPTY_ELEMENTDATA = class java.lang.Object[0]
      elementData = class java.lang.Object[0]
      size = 0
      MAX_ARRAY_SIZE = 2147483639
      modCount = 1
      MAX_ARRAY_SIZE = 2147483639
    scratchdir = null
    jspClassLoaderLimit = 0
    jspClassLoaderExclusionList = null
    jspClassLoadersMap = null
    jspClassLoaderLimitTrackIF = false
    defaultExtProc = null
    directoryBrowsingServlet = null
    cdiContexts = class java.util.concurrent.ConcurrentHashMap@6ec17ede
      serialVersionUID = 7249069246763182397
      MAXIMUM_CAPACITY = 1073741824
      DEFAULT_CAPACITY = 16
      MAX_ARRAY_SIZE = 2147483639
      DEFAULT_CONCURRENCY_LEVEL = 16
      LOAD_FACTOR = 0.75
      TREEIFY_THRESHOLD = 8
      UNTREEIFY_THRESHOLD = 6
      MIN_TREEIFY_CAPACITY = 64
      MIN_TRANSFER_STRIDE = 16
      RESIZE_STAMP_BITS = 16
      MAX_RESIZERS = 65535
      RESIZE_STAMP_SHIFT = 16
      MOVED = -1
      TREEBIN = -2
      RESERVED = -3
      HASH_BITS = 2147483647
      NCPU = 8
      serialPersistentFields = class java.io.ObjectStreamField[3]
      table = null
      nextTable = null
      baseCount = 0
      sizeCtl = 0
      transferIndex = 0
      cellsBusy = 0
      counterCells = null
      keySet = null
      values = null
      entrySet = null
      U = class sun.misc.Unsafe@70a273fa
      SIZECTL = 20
      TRANSFERINDEX = 32
      BASECOUNT = 24
      CELLSBUSY = 36
      CELLVALUE = 144
      ABASE = 16
      ASHIFT = 2
      keySet = null
      values = null
    moduleConfig = class com.ibm.ws.webcontainer.osgi.container.DeployedModule@7cc28947
      tc = class com.ibm.websphere.ras.TraceComponent@6d464f0c
      loader = class com.ibm.ws.classloading.internal.ThreadContextClassLoader@631bba6b
      webApp = class com.ibm.ws.webcontainer31.osgi.webapp.WebApp31@50315618
      webAppConfig = class com.ibm.ws.webcontainer.osgi.webapp.WebAppConfiguration@57f2a9b
      contextRootAdded = class com.ibm.ws.threading.internal.NonCancelableResultFuture@1f680fb7
      properContextRoot = "/CookTimeServer"
      mappingContextRoot = "/CookTimeServer/*"
      initTaskCount = class java.util.concurrent.atomic.AtomicInteger@b6ff86d
      initTasksDoneListener = class com.ibm.ws.webcontainer.osgi.WebContainer$2@643a667d
      serialVersionUID = -2104814060051592457
      $$$tc$$$ = class com.ibm.websphere.ras.TraceComponent@4433069a
    extensionFactories = class java.util.ArrayList@81c6bfd
      serialVersionUID = 8683452581122892189
      DEFAULT_CAPACITY = 10
      EMPTY_ELEMENTDATA = class java.lang.Object[0]
      DEFAULTCAPACITY_EMPTY_ELEMENTDATA = class java.lang.Object[0]
      elementData = class java.lang.Object[10]
      size = 6
      MAX_ARRAY_SIZE = 2147483639
      modCount = 6
      MAX_ARRAY_SIZE = 2147483639
    initialized = true
    lock = class com.ibm.ws.webcontainer.webapp.WebApp$1@4720c7ba
      this$0 = class com.ibm.ws.webcontainer31.osgi.webapp.WebApp31@50315618
    afterServletContextCreated = false
    redirectContextRoot = false
    errorExceptionTypeFirst = false
    initFilterBeforeServletInit = false
    SET_400_SC_ON_TOO_MANY_PARENT_DIRS = false
    sortedServletConfigs = class java.util.ArrayList@2272660e
      serialVersionUID = 8683452581122892189
      DEFAULT_CAPACITY = 10
      EMPTY_ELEMENTDATA = class java.lang.Object[0]
      DEFAULTCAPACITY_EMPTY_ELEMENTDATA = class java.lang.Object[0]
      elementData = class java.lang.Object[10]
      size = 2
      MAX_ARRAY_SIZE = 2147483639
      modCount = 2
      MAX_ARRAY_SIZE = 2147483639
    effectiveMajorVersion = 3
    effectiveMinorVersion = 0
    canAddServletContextListener = true
    withinContextInitOfProgAddListener = false
    lastProgAddListenerInitialized = "com.ibm.ws.cache.CacheServiceImpl"
    webInfLibClassloader = null
    metaInfCache = class com.ibm.ws.webcontainer.webapp.WebApp$2@4a924bb6
      this$0 = class com.ibm.ws.webcontainer31.osgi.webapp.WebApp31@50315618
      serialVersionUID = 3801124242820219131
      head = null
      tail = null
      accessOrder = true
      serialVersionUID = 362498820763181265
      DEFAULT_INITIAL_CAPACITY = 16
      MAXIMUM_CAPACITY = 1073741824
      DEFAULT_LOAD_FACTOR = 0.75
      TREEIFY_THRESHOLD = 8
      UNTREEIFY_THRESHOLD = 6
      MIN_TREEIFY_CAPACITY = 64
      table = null
      entrySet = null
      size = 0
      modCount = 0
      threshold = 32
      loadFactor = 1.0
      keySet = null
      values = null
    useMetaInfCache = true
    SUN_CONFIGURE_LISTENER_CLASSNAME = "com.sun.faces.config.ConfigureListener"
    MYFACES_LIFECYCLE_LISTENER_CLASSNAME = "org.apache.myfaces.webapp.StartupServletContextListener"
    JSF_IMPL_ENABLED_PARAM = "com.ibm.ws.jsf.JSF_IMPL_ENABLED"
    JSF_IMPL_ENABLED_CUSTOM = "Custom"
    JSF_IMPL_ENABLED_NONE = "None"
    staticDocRoot = class com.ibm.ws.webcontainer.util.DocumentRootUtils@21ba929a
      logger = class com.ibm.ws.logging.internal.WsLogger@7272add8
      CLASS_NAME = "com.ibm.ws.webcontainer.util.DocumentRootUtils"
      useContentLength = false
      matchedFile = null
      matchedZipFile = null
      matchedEntry = null
      matchedURL = null
      edrRoot = null
      pfedrRoot = null
      ctxt = class com.ibm.ws.webcontainer31.osgi.webapp.WebApp31@50315618
      baseDir = null
      edr = null
      pfedr = null
      metaInfRes = null
      searchpfEDR = false
      searchEDR = false
      searchMetaInfRes = true
      matchFromEDR = false
      matchFromMetaInfRes = false
      matchIsADirectory = false
      appConfig = class com.ibm.ws.webcontainer.osgi.webapp.WebAppConfiguration@57f2a9b
      attributeType = "staticFile"
      STATIC_FILE = "staticFile"
      JSP = "jsp"
      PFEDR = "preFragmentExtendedDocumentRoot"
      EDR = "extendedDocumentRoot"
    jspDocRoot = class com.ibm.ws.webcontainer.util.DocumentRootUtils@60668c00
      logger = class com.ibm.ws.logging.internal.WsLogger@7272add8
      CLASS_NAME = "com.ibm.ws.webcontainer.util.DocumentRootUtils"
      useContentLength = false
      matchedFile = null
      matchedZipFile = null
      matchedEntry = null
      matchedURL = null
      edrRoot = null
      pfedrRoot = null
      ctxt = class com.ibm.ws.webcontainer31.osgi.webapp.WebApp31@50315618
      baseDir = null
      edr = null
      pfedr = null
      metaInfRes = null
      searchpfEDR = false
      searchEDR = false
      searchMetaInfRes = true
      matchFromEDR = false
      matchFromMetaInfRes = false
      matchIsADirectory = false
      appConfig = class com.ibm.ws.webcontainer.osgi.webapp.WebAppConfiguration@57f2a9b
      attributeType = "jsp"
      STATIC_FILE = "staticFile"
      JSP = "jsp"
      PFEDR = "preFragmentExtendedDocumentRoot"
      EDR = "extendedDocumentRoot"
    container = class com.ibm.ws.adaptable.module.internal.AdaptableContainerImpl@43afec9c
      root = class com.ibm.ws.adaptable.module.internal.AdaptableContainerImpl@43afec9c
      rootOverlay = class com.ibm.ws.artifact.overlay.internal.DirectoryBasedOverlayContainerImpl@3adec78
      factoryHolder = class com.ibm.ws.adaptable.module.internal.AdaptableModuleFactoryImpl@397cafb5
      delegate = class com.ibm.ws.artifact.overlay.internal.DirectoryBasedOverlayContainerImpl@3adec78
      notifier = class com.ibm.ws.adaptable.module.internal.NotifierImpl@667b8e83
      serialVersionUID = -5950528200509051684
      $$$tc$$$ = class com.ibm.websphere.ras.TraceComponent@5211f33d
    metaInfResourceFinder = class com.ibm.ws.webcontainer.util.MetaInfResourceFinder@5115d414
      jarResourceContainers = class java.util.ArrayList@4c1465d8
      container = class com.ibm.ws.adaptable.module.internal.AdaptableContainerImpl@43afec9c
    postConstructMethods = class com.ibm.ws.webcontainer.webapp.WebApp$AnnotatedMethods@982ea7b
      annotationClass = class java.lang.Class@332afa79
      noOpClassNames = class java.util.HashSet@6a3ab172
      annotatedMethodNames = class java.util.concurrent.ConcurrentHashMap@61b4943f
      EMPTY_METHODS = class java.lang.reflect.Method[0]
    preDestroyMethods = class com.ibm.ws.webcontainer.webapp.WebApp$AnnotatedMethods@7cd98793
      annotationClass = class java.lang.Class@14dcbce5
      noOpClassNames = class java.util.HashSet@35670787
      annotatedMethodNames = class java.util.concurrent.ConcurrentHashMap@5303a387
      EMPTY_METHODS = class java.lang.reflect.Method[0]
    OBJ_EMPTY = class java.lang.Object[0]
    CLASS_EMPTY = class java.lang.Class[0]
    DEFAULT_JSP_EXTENSIONS = class java.util.ArrayList@288b0284
      serialVersionUID = 8683452581122892189
      DEFAULT_CAPACITY = 10
      EMPTY_ELEMENTDATA = class java.lang.Object[0]
      DEFAULTCAPACITY_EMPTY_ELEMENTDATA = class java.lang.Object[0]
      elementData = class java.lang.Object[10]
      size = 4
      MAX_ARRAY_SIZE = 2147483639
      modCount = 4
      MAX_ARRAY_SIZE = 2147483639
    DEFER_SERVLET_REQUEST_LISTENER_DESTROY_ON_ERROR = false
    DO_ACCEPT_PARTIAL = true
    DO_NOT_ACCEPT_PARTIAL = false
    DO_ACCEPT_EXCLUDED = true
    DO_NOT_ACCEPT_EXCLUDED = false
    commands = class java.util.ArrayList@490e3f44
      serialVersionUID = 8683452581122892189
      DEFAULT_CAPACITY = 10
      EMPTY_ELEMENTDATA = class java.lang.Object[0]
      DEFAULTCAPACITY_EMPTY_ELEMENTDATA = class java.lang.Object[0]
      elementData = class java.lang.Object[3]
      size = 0
      MAX_ARRAY_SIZE = 2147483639
      modCount = 0
      MAX_ARRAY_SIZE = 2147483639
    requestMapper = class com.ibm.wsspi.webcontainer.util.URIMapper@795bdce9
      matcher = class com.ibm.wsspi.webcontainer.util.URIMatcher@7b12a295
    parent = class com.ibm.ws.webcontainer.osgi.webapp.WebGroup@9b46e64
      tc = class com.ibm.websphere.ras.TraceComponent@74f49b23
      logger = class com.ibm.ws.logging.internal.WsLogger@f4e5712
      CLASS_NAME = "com.ibm.ws.webcontainer.webapp.WebGroup"
      sessUrlRewritePrefix = ";jsessionid="
      qMark = "?"
      config = class com.ibm.ws.webcontainer.osgi.webapp.WebGroupConfiguration@3e459c5a
      webApp = class com.ibm.ws.webcontainer31.osgi.webapp.WebApp31@50315618
      commands = class java.util.ArrayList@2d9b306b
      requestMapper = null
      parent = class com.ibm.ws.webcontainer.osgi.DynamicVirtualHost@1ac2533
      name = "/CookTimeServer/*"
      isAlive = true
      subElements = class java.util.HashMap@43dd5051
      attributes = null
      config = null
      serialVersionUID = -8271459000149267764
      $$$tc$$$ = class com.ibm.websphere.ras.TraceComponent@2ddc41c4
    name = "CookTimeServer"
    isAlive = true
    subElements = null
    attributes = class java.util.concurrent.ConcurrentHashMap@68d70681
      serialVersionUID = 7249069246763182397
      MAXIMUM_CAPACITY = 1073741824
      DEFAULT_CAPACITY = 16
      MAX_ARRAY_SIZE = 2147483639
      DEFAULT_CONCURRENCY_LEVEL = 16
      LOAD_FACTOR = 0.75
      TREEIFY_THRESHOLD = 8
      UNTREEIFY_THRESHOLD = 6
      MIN_TREEIFY_CAPACITY = 64
      MIN_TRANSFER_STRIDE = 16
      RESIZE_STAMP_BITS = 16
      MAX_RESIZERS = 65535
      RESIZE_STAMP_SHIFT = 16
      MOVED = -1
      TREEBIN = -2
      RESERVED = -3
      HASH_BITS = 2147483647
      NCPU = 8
      serialPersistentFields = class java.io.ObjectStreamField[3]
      table = class java.util.concurrent.ConcurrentHashMap$Node[128]
      nextTable = null
      baseCount = 48
      sizeCtl = 96
      transferIndex = 0
      cellsBusy = 0
      counterCells = null
      keySet = null
      values = null
      entrySet = null
      U = class sun.misc.Unsafe@70a273fa
      SIZECTL = 20
      TRANSFERINDEX = 32
      BASECOUNT = 24
      CELLSBUSY = 36
      CELLVALUE = 144
      ABASE = 16
      ASHIFT = 2
      keySet = null
      values = null
    config = null
    serialVersionUID = -8271459000149267764
    $$$tc$$$ = class com.ibm.websphere.ras.TraceComponent@2ddc41c4
      strings[0] = "TraceComponent[com.ibm.ws.container.AbstractContainer,class com.ibm.ws.container.AbstractContainer,[],null,null]"

