------Start of DE processing------ = [7/9/20 12:29:42:459 CST]
Exception = com.ibm.websphere.servlet.error.ServletErrorReport
Source = com.ibm.ws.webcontainer.filter.WebAppFilterChain.doFilter
probeid = 82
Stack Dump = com.ibm.websphere.servlet.error.ServletErrorReport: java.lang.ExceptionInInitializerError
	at com.ibm.ws.webcontainer.servlet.ServletWrapper.service(ServletWrapper.java:1328)
	at com.ibm.ws.webcontainer.servlet.ServletWrapper.handleRequest(ServletWrapper.java:729)
	at com.ibm.ws.webcontainer.servlet.ServletWrapper.handleRequest(ServletWrapper.java:426)
	at com.ibm.ws.webcontainer.filter.WebAppFilterChain.invokeTarget(WebAppFilterChain.java:182)
	at com.ibm.ws.webcontainer.filter.WebAppFilterChain.doFilter(WebAppFilterChain.java:93)
	at com.ibm.ws.security.jaspi.JaspiServletFilter.doFilter(JaspiServletFilter.java:56)
	at com.ibm.ws.webcontainer.filter.FilterInstanceWrapper.doFilter(FilterInstanceWrapper.java:201)
	at com.ibm.ws.webcontainer.filter.WebAppFilterChain.doFilter(WebAppFilterChain.java:90)
	at com.ibm.ws.webcontainer.filter.WebAppFilterManager.doFilter(WebAppFilterManager.java:1001)
	at com.ibm.ws.webcontainer.filter.WebAppFilterManager.invokeFilters(WebAppFilterManager.java:1139)
	at com.ibm.ws.webcontainer.webapp.WebApp.handleRequest(WebApp.java:5037)
	at com.ibm.ws.webcontainer.osgi.DynamicVirtualHost$2.handleRequest(DynamicVirtualHost.java:314)
	at com.ibm.ws.webcontainer.WebContainer.handleRequest(WebContainer.java:1007)
	at com.ibm.ws.webcontainer.osgi.DynamicVirtualHost$2.run(DynamicVirtualHost.java:279)
	at com.ibm.ws.http.dispatcher.internal.channel.HttpDispatcherLink$TaskWrapper.run(HttpDispatcherLink.java:1134)
	at com.ibm.ws.http.dispatcher.internal.channel.HttpDispatcherLink.wrapHandlerAndExecute(HttpDispatcherLink.java:415)
	at com.ibm.ws.http.dispatcher.internal.channel.HttpDispatcherLink.ready(HttpDispatcherLink.java:374)
	at com.ibm.ws.http.channel.internal.inbound.HttpInboundLink.handleDiscrimination(HttpInboundLink.java:546)
	at com.ibm.ws.http.channel.internal.inbound.HttpInboundLink.handleNewRequest(HttpInboundLink.java:480)
	at com.ibm.ws.http.channel.internal.inbound.HttpInboundLink.processRequest(HttpInboundLink.java:345)
	at com.ibm.ws.http.channel.internal.inbound.HttpInboundLink.ready(HttpInboundLink.java:316)
	at com.ibm.ws.tcpchannel.internal.NewConnectionInitialReadCallback.sendToDiscriminators(NewConnectionInitialReadCallback.java:167)
	at com.ibm.ws.tcpchannel.internal.NewConnectionInitialReadCallback.complete(NewConnectionInitialReadCallback.java:75)
	at com.ibm.ws.tcpchannel.internal.WorkQueueManager.requestComplete(WorkQueueManager.java:504)
	at com.ibm.ws.tcpchannel.internal.WorkQueueManager.attemptIO(WorkQueueManager.java:574)
	at com.ibm.ws.tcpchannel.internal.WorkQueueManager.workerRun(WorkQueueManager.java:958)
	at com.ibm.ws.tcpchannel.internal.WorkQueueManager$Worker.run(WorkQueueManager.java:1047)
	at com.ibm.ws.threading.internal.ExecutorServiceImpl$RunnableWrapper.run(ExecutorServiceImpl.java:239)
	at java.util.concurrent.ThreadPoolExecutor.runWorker(Unknown Source)
	at java.util.concurrent.ThreadPoolExecutor$Worker.run(Unknown Source)
	at java.lang.Thread.run(Unknown Source)
Caused by: java.lang.ExceptionInInitializerError
	at cr.ac.tec.resources.Authorization.validateAuthorization(Authorization.java:39)
	at cr.ac.tec.resources.Authorization.filter(Authorization.java:68)
	at org.apache.cxf.jaxrs.utils.JAXRSUtils.runContainerRequestFilters(JAXRSUtils.java:1768)
	at org.apache.cxf.jaxrs.interceptor.JAXRSInInterceptor.processRequest(JAXRSInInterceptor.java:123)
	at org.apache.cxf.jaxrs.interceptor.JAXRSInInterceptor.handleMessage(JAXRSInInterceptor.java:90)
	at org.apache.cxf.phase.PhaseInterceptorChain.doIntercept(PhaseInterceptorChain.java:309)
	at org.apache.cxf.transport.ChainInitiationObserver.onMessage(ChainInitiationObserver.java:124)
	at org.apache.cxf.transport.http.AbstractHTTPDestination.invoke(AbstractHTTPDestination.java:271)
	at com.ibm.ws.jaxrs20.endpoint.AbstractJaxRsWebEndpoint.invoke(AbstractJaxRsWebEndpoint.java:136)
	at com.ibm.websphere.jaxrs.server.IBMRestServlet.handleRequest(IBMRestServlet.java:146)
	at com.ibm.websphere.jaxrs.server.IBMRestServlet.doGet(IBMRestServlet.java:112)
	at javax.servlet.http.HttpServlet.service(HttpServlet.java:687)
	at com.ibm.websphere.jaxrs.server.IBMRestServlet.service(IBMRestServlet.java:96)
	at com.ibm.ws.webcontainer.servlet.ServletWrapper.service(ServletWrapper.java:1230)
	... 30 more
Caused by: java.lang.NullPointerException
	at cr.ac.tec.trees.BinaryTree.add(BinaryTree.java:29)
	at cr.ac.tec.trees.BinaryTree.insert(BinaryTree.java:24)
	at cr.ac.tec.trees.BinaryTree.createUser(BinaryTree.java:20)
	at cr.ac.tec.resources.Trees.<clinit>(Trees.java:33)
	... 44 more

Dump of callerThis
Object type = com.ibm.ws.webcontainer.filter.WebAppFilterChain
  _filters = class java.util.ArrayList@940063e
    serialVersionUID = 8683452581122892189
    DEFAULT_CAPACITY = 10
    EMPTY_ELEMENTDATA = class java.lang.Object[0]
    DEFAULTCAPACITY_EMPTY_ELEMENTDATA = class java.lang.Object[0]
    elementData = class java.lang.Object[5]
      Object[0] = class com.ibm.ws.webcontainer.filter.FilterInstanceWrapper@77fabd03
      Object[1] = null
      Object[2] = null
      Object[3] = null
      Object[4] = null
    size = 1
    MAX_ARRAY_SIZE = 2147483639
    modCount = 1
    MAX_ARRAY_SIZE = 2147483639
  _currentFilterIndex = 1
  _numberOfFilters = 1
  requestProcessor = class com.ibm.ws.webcontainer.osgi.servlet.ServletWrapper@1f398511
    serialVersionUID = 1
    _mo = null
    serialVersionUID = -4479626085298397598
    notifyInvocationListeners = false
    UNINITIALIZED_STATE = -1
    AVAILABLE_STATE = 0
    UNAVAILABLE_STATE = 1
    UNAVAILABLE_PERMANENTLY_STATE = 2
    collabHelper = class com.ibm.ws.webcontainer.osgi.collaborator.CollaboratorHelperImpl@1ad7c7cb
      webAppInvCollabs = class java.util.Collections$UnmodifiableSet@523dfec3
      securityDomainForApp = null
      logger = class com.ibm.ws.logging.internal.WsLogger@252f94ce
      staticDefaultSecurityCollaborator = class com.ibm.ws.webcontainer.collaborator.WebAppSecurityCollaborator@2ae44a16
      logger = class com.ibm.ws.logging.internal.WsLogger@7988f2bc
      CLASS_NAME = "com.ibm.wsspi.webcontainer.collaborator.CollaboratorHelper"
      webApp = class com.ibm.ws.webcontainer31.osgi.webapp.WebApp31@5a5024d8
      securityCollaborator = class com.ibm.ws.webcontainer.security.WebAppSecurityCollaboratorImpl@20d890a7
      nameSpaceCollaborator = class com.ibm.ws.webcontainer.osgi.collaborator.WebAppNameSpaceCollaboratorImpl@66eabf0e
      transactionCollaborator = class com.ibm.ws.transaction.services.WebAppTransactionCollaboratorImpl@7b0003b2
      connectionCollaborator = class com.ibm.ws.webcontainer.collaborator.ConnectionCollaborator@28e4ca50
      allCollabEnum = class java.util.RegularEnumSet@1a10febd
      servlet_23_or_greater = true
      DEFER_SERVLET_REQUEST_LISTENER_DESTROY_ON_ERROR = false
    nServicing = class java.util.concurrent.atomic.AtomicInteger@7847b28
      serialVersionUID = 6214790243416807050
      unsafe = class sun.misc.Unsafe@1e102a83
      valueOffset = 12
      value = 0
      serialVersionUID = -8742448824652078965
    lastAccessTime = 1594319376385
    state = 0
    logger = class com.ibm.ws.logging.internal.WsLogger@590ae14e
      tc = class com.ibm.websphere.ras.TraceComponent@3426c96c
      ivCachedResourceBundleName = "com.ibm.ws.webcontainer.resources.Messages"
      ivCachedResourceBundle = class com.ibm.ws.webcontainer.resources.Messages@69928b28
      ivComponent = null
      ivOrganization = null
      ivProduct = null
      ivMinimumLocalizationLevelIntValue = 625
      ivTC = class com.ibm.websphere.ras.TraceComponent@2d611027
      loggerRegistrationComponent = class java.lang.ThreadLocal@1a2560c2
      emptyHandlers = class java.util.logging.Handler[0]
      offValue = 2147483647
      SYSTEM_LOGGER_RB_NAME = "sun.util.logging.resources.logging"
      SYSTEM_BUNDLE = class java.util.logging.Logger$LoggerBundle@41e3b7c2
      NO_RESOURCE_BUNDLE = class java.util.logging.Logger$LoggerBundle@30bada9a
      manager = class com.ibm.ws.kernel.boot.logging.WsLogManager@1289f3f
      name = "com.ibm.ws.webcontainer.servlet"
      handlers = class java.util.concurrent.CopyOnWriteArrayList@497cb128
      loggerBundle = class java.util.logging.Logger$LoggerBundle@13f601f5
      useParentHandlers = true
      filter = null
      anonymous = false
      catalog = class com.ibm.ws.webcontainer.resources.Messages@69928b28
      catalogName = "com.ibm.ws.webcontainer.resources.Messages"
      catalogLocale = class java.util.Locale@2c063042
      treeLock = class java.lang.Object@27e4aa69
      parent = class com.ibm.ws.logging.internal.WsLogger@7fd4e068
      kids = null
      levelObject = class java.util.logging.Level@2e2ef71
      levelValue = 800
      callersClassLoaderRef = class java.lang.ref.WeakReference@63aa53b5
      isSystemLogger = false
      GLOBAL_LOGGER_NAME = "global"
      global = class java.util.logging.Logger@4541694a
      $assertionsDisabled = true
    CLASS_NAME = "com.ibm.ws.webcontainer.servlet.ServletWrapper"
    nls = class com.ibm.ejs.ras.TraceNLS@40f0eaaf
      resolver = class com.ibm.ws.logging.internal.TraceNLSResolver@78d416ed
      finder = class com.ibm.ws.logging.internal.StackFinder@2101fadb
      ivBundleName = "com.ibm.ws.webcontainer.resources.Messages"
      caller = class java.lang.Class@4aba6b33
    servletConfig = class com.ibm.ws.webcontainer.servlet.ServletConfig@643d84e5
      logger = class com.ibm.ws.logging.internal.WsLogger@590ae14e
      CLASS_NAME = "com.ibm.ws.webcontainer.servlet.ServletConfig"
      nls = class com.ibm.ejs.ras.TraceNLS@398bf95b
      liberty_nls = class com.ibm.ejs.ras.TraceNLS@24a7e0ad
      enabled = true
      servletName = "cr.ac.tec.resources.RestAPI"
      className = null
      mappings = class java.util.ArrayList@55e90b99
      startUpWeight = null
      DEFAULT_STARTUP = -1
      isCachingEnabled = true
      isStatisticsEnabled = true
      isInternal = false
      metaData = class com.ibm.ws.webcontainer.osgi.metadata.WebComponentMetaDataImpl@579d8679
      singleThreadModelServlet = false
      isJsp = false
      webAppConfig = class com.ibm.ws.webcontainer.osgi.webapp.WebAppConfiguration@63afd527
      servletWrapper = class com.ibm.ws.webcontainer.osgi.servlet.ServletWrapper@1f398511
      servletClass = class java.lang.Class@f0fc347
      servlet = class com.ibm.websphere.jaxrs.server.IBMRestServlet@40c4fe71
      addedToLoadOnStartup = true
      previousWeight = null
      multipartConfig = null
      multipartConfigBaseLocation = null
      runAsRole = null
      servletSecurityElement = null
      declareRolesAnnotation = null
      logger = class com.ibm.ws.logging.internal.WsLogger@590ae14e
      CLASS_NAME = "com.ibm.ws.webcontainer.servlet.TargetConfig"
      initParams = null
      fileName = null
      displayName = null
      name = "cr.ac.tec.resources.RestAPI"
      description = null
      smallIcon = null
      largeIcon = null
      context = class com.ibm.ws.webcontainer31.facade.ServletContextFacade31@312c72cb
      className = null
      asyncSupported = true
      _id = "cr.ac.tec.resources.RestAPI"
      _attributes = null
      serialVersionUID = 7511545662945734886
      $$$tc$$$ = class com.ibm.websphere.ras.TraceComponent@1eb124b2
    context = class com.ibm.ws.webcontainer31.osgi.webapp.WebApp31@5a5024d8
    target = class com.ibm.websphere.jaxrs.server.IBMRestServlet@40c4fe71
      serialVersionUID = -6835560282014155024
      KNOWN_HTTP_VERBS = class java.util.Arrays$ArrayList@132e069
      HTML_CONTENT_TYPE = "text/html"
      endpoint = class com.ibm.ws.jaxrs20.server.JaxRsWebEndpointImpl@cb2d023
      collaborator = class com.ibm.ws.webcontainer.osgi.collaborator.WebAppNameSpaceCollaboratorImpl@66eabf0e
      providerFactoryService = class com.ibm.ws.jaxrs20.component.JaxRsProviderFactory@13640058
      $$$tc$$$ = class com.ibm.websphere.ras.TraceComponent@24d9ff73
      METHOD_DELETE = "DELETE"
      METHOD_HEAD = "HEAD"
      METHOD_GET = "GET"
      METHOD_OPTIONS = "OPTIONS"
      METHOD_POST = "POST"
      METHOD_PUT = "PUT"
      METHOD_TRACE = "TRACE"
      HEADER_IFMODSINCE = "If-Modified-Since"
      HEADER_LASTMOD = "Last-Modified"
      LSTRING_FILE = "javax.servlet.http.LocalStrings"
      lStrings = class java.util.PropertyResourceBundle@74276919
      LSTRING_FILE = "javax.servlet.LocalStrings"
      lStrings = class java.util.PropertyResourceBundle@2e733178
      config = class com.ibm.ws.webcontainer.servlet.ServletConfig@643d84e5
    cacheWrappers = null
    targetLoader = null
    evtSource = class com.ibm.ws.webcontainer.webapp.WebAppEventSource@4e4a67b6
      _invocationListeners = class com.ibm.ws.webcontainer.util.EventListeners@5a05bff4
      _servletListeners = class com.ibm.ws.webcontainer.util.EventListeners@24a84c68
      _errorListeners = class com.ibm.ws.webcontainer.util.EventListeners@468fcaf
      _applicationListeners = class com.ibm.ws.webcontainer.util.EventListeners@67506259
      _filterInvocationListeners = class com.ibm.ws.webcontainer.util.EventListeners@105d8b58
      _filterListeners = class com.ibm.ws.webcontainer.util.EventListeners@76f05e37
      _filterErrorListeners = class com.ibm.ws.webcontainer.util.EventListeners@35be49c2
    event = class com.ibm.websphere.servlet.event.ServletEvent@9a84942
      serialVersionUID = 3906650803920713522
      _servletName = "cr.ac.tec.resources.RestAPI"
      _servletClassName = "com.ibm.websphere.jaxrs.server.IBMRestServlet"
      $$$tc$$$ = class com.ibm.websphere.ras.TraceComponent@5aebcbb4
      serialVersionUID = 3546927969739289392
      _context = class com.ibm.ws.webcontainer31.facade.ServletContextFacade31@312c72cb
      _servletNames = class com.ibm.ws.webcontainer.util.EmptyEnumeration@23cc36cc
      $$$tc$$$ = class com.ibm.websphere.ras.TraceComponent@32c35c97
      serialVersionUID = 5516075349620653480
      source = class com.ibm.ws.webcontainer.osgi.servlet.ServletWrapper@1f398511
    unavailableMessage = null
    unavailableUntil = -1
    isSTM = false
    internalServlet = false
    webAppInvocationCollaborators = null
    platformHelper = class com.ibm.ws.webcontainer.PlatformHelper@1baee3e
    webAppNameSpaceCollab = class com.ibm.ws.webcontainer.osgi.collaborator.WebAppNameSpaceCollaboratorImpl@66eabf0e
      cmdai = class com.ibm.ws.threadContext.ComponentMetaDataAccessorImpl@3fccdb53
    txCollab = class com.ibm.ws.transaction.services.WebAppTransactionCollaboratorImpl@7b0003b2
      tc = class com.ibm.websphere.ras.TraceComponent@12779971
      ltCurrentRef = class com.ibm.wsspi.kernel.service.utils.AtomicServiceReference@2514fa2
      tranMgrRef = class com.ibm.wsspi.kernel.service.utils.AtomicServiceReference@3422003b
      userTranRef = class com.ibm.wsspi.kernel.service.utils.AtomicServiceReference@32270425
      uowCallbackRef = class com.ibm.wsspi.kernel.service.utils.AtomicServiceReference@67965b3b
      serialVersionUID = -8319003162899973281
    suppressServletExceptionLogging = false
    throwExceptionEnum = class java.util.RegularEnumSet@3029b7c9
      serialVersionUID = 3411599620347842686
      elements = 256
      elementType = class java.lang.Class@4fec2f5b
      universe = class com.ibm.wsspi.webcontainer.collaborator.CollaboratorInvocationEnum[9]
      ZERO_LENGTH_ENUM_ARRAY = class java.lang.Enum[0]
      MAX_ARRAY_SIZE = 2147483639
    discernUnavailableServlet = false
    reInitServletonInitUnavailableException = true
    destroyServletonServiceUnavailableException = false
    servlet23 = true
    PARAMS_HEAD_TRACE = class java.lang.Class[2]
      Class[0] = class java.lang.Class@1371e21f
      Class[1] = class java.lang.Class@8c8da54
    defaultHeadMethodInUse = false
    defaultTraceMethodInUse = false
    checkedForDefaultMethods = null
    defaultTraceRequestBehavior = false
    defaultHeadRequestBehavior = false
    useOriginalRequestState = false
    warningStatusSet = false
    LSTRING_FILE = "javax.servlet.LocalStrings"
    lStrings = class java.util.PropertyResourceBundle@2e733178
      lookup = class java.util.HashMap@10e13c19
      INITIAL_CACHE_SIZE = 32
      NONEXISTENT_BUNDLE = class java.util.ResourceBundle$1@4bc77403
      cacheList = class java.util.concurrent.ConcurrentHashMap@48cc05ab
      referenceQueue = class java.lang.ref.ReferenceQueue@51d4f95f
      parent = null
      locale = class java.util.Locale@3423f7d8
      name = "javax.servlet.LocalStrings"
      expired = false
      cacheKey = class java.util.ResourceBundle$CacheKey@4434ea33
      keySet = null
      providers = null
      $assertionsDisabled = true
    config = null
  _filtersDefined = true
  logger = class com.ibm.ws.logging.internal.WsLogger@39b3955a
    tc = class com.ibm.websphere.ras.TraceComponent@3426c96c
      strings[0] = "TraceComponent[com.ibm.ws.logging.internal.WsLogger,class com.ibm.ws.logging.internal.WsLogger,[logging],com.ibm.ws.logging.internal.resources.LoggingMessages,null]"
    ivCachedResourceBundleName = null
    ivCachedResourceBundle = null
    ivComponent = null
    ivOrganization = null
    ivProduct = null
    ivMinimumLocalizationLevelIntValue = 625
    ivTC = class com.ibm.websphere.ras.TraceComponent@2edd006
      strings[0] = "TraceComponent[com.ibm.ws.webcontainer.filter,class com.ibm.wsspi.webcontainer.logging.LoggerFactory$1,[com.ibm.ws.webcontainer.filter],null,null]"
    loggerRegistrationComponent = class java.lang.ThreadLocal@1a2560c2
      threadLocalHashCode = 1914802624
      nextHashCode = class java.util.concurrent.atomic.AtomicInteger@aaa08fd
      HASH_INCREMENT = 1640531527
    emptyHandlers = class java.util.logging.Handler[0]
    offValue = 2147483647
    SYSTEM_LOGGER_RB_NAME = "sun.util.logging.resources.logging"
    SYSTEM_BUNDLE = class java.util.logging.Logger$LoggerBundle@41e3b7c2
      resourceBundleName = "sun.util.logging.resources.logging"
      userBundle = null
    NO_RESOURCE_BUNDLE = class java.util.logging.Logger$LoggerBundle@30bada9a
      resourceBundleName = null
      userBundle = null
    manager = class com.ibm.ws.kernel.boot.logging.WsLogManager@1289f3f
      CLASS_NAME = "com.ibm.ws.kernel.boot.logging.WsLogManager"
      CONFIGURE_BY_SERVER_PROPERTY_NAME = "java.util.logging.configureByServer"
      CONFIGURE_BY_LOGGING_PROPERTIES_FILE = "java.util.logging.configureByLoggingPropertiesFile"
      configureByServer = true
      configureByLoggingProperties = false
      wsLogger = class java.lang.reflect.Constructor@66ccaace
      resetEnabled = true
      svBinaryLoggingEnable = false
      manager = class com.ibm.ws.kernel.boot.logging.WsLogManager@1289f3f
      props = class java.util.Properties@5f599a1f
      defaultLevel = class java.util.logging.Level@2e2ef71
      listenerMap = class java.util.HashMap@4aaa39a4
      systemContext = class java.util.logging.LogManager$SystemLoggerContext@49b370e5
      userContext = class java.util.logging.LogManager$LoggerContext@3b1111d0
      rootLogger = class java.util.logging.LogManager$RootLogger@1a154c82
      readPrimordialConfiguration = true
      initializedGlobalHandlers = true
      deathImminent = false
      initializedCalled = true
      initializationDone = true
      contextsMap = null
      loggerRefQueue = class java.lang.ref.ReferenceQueue@280bfdcf
      MAX_ITERATIONS = 400
      controlPermission = class java.util.logging.LoggingPermission@33779673
      loggingMXBean = null
      LOGGING_MXBEAN_NAME = "java.util.logging:type=Logging"
      $assertionsDisabled = true
    name = "com.ibm.ws.webcontainer.filter"
    handlers = class java.util.concurrent.CopyOnWriteArrayList@539b1e5d
      serialVersionUID = 8673264195747942595
      lock = class java.util.concurrent.locks.ReentrantLock@288f35c3
      array = class java.lang.Object[0]
      UNSAFE = class sun.misc.Unsafe@1e102a83
      lockOffset = 12
    loggerBundle = class java.util.logging.Logger$LoggerBundle@f9aee4b
      resourceBundleName = "com.ibm.ws.webcontainer.resources.Messages"
      userBundle = null
    useParentHandlers = true
    filter = null
    anonymous = false
    catalog = class com.ibm.ws.webcontainer.resources.Messages@69928b28
      resources = class [Ljava.lang.Object;[338]
      lookup = class java.util.HashMap@151eafcd
      INITIAL_CACHE_SIZE = 32
      NONEXISTENT_BUNDLE = class java.util.ResourceBundle$1@4bc77403
      cacheList = class java.util.concurrent.ConcurrentHashMap@48cc05ab
      referenceQueue = class java.lang.ref.ReferenceQueue@51d4f95f
      parent = null
      locale = class java.util.Locale@3423f7d8
      name = "com.ibm.ws.webcontainer.resources.Messages"
      expired = false
      cacheKey = class java.util.ResourceBundle$CacheKey@69bd56d4
      keySet = null
      providers = null
      $assertionsDisabled = true
    catalogName = "com.ibm.ws.webcontainer.resources.Messages"
    catalogLocale = class java.util.Locale@2c063042
      LOCALECACHE = class java.util.Locale$Cache@4e291421
      ENGLISH = class java.util.Locale@5aa5b3c6
      FRENCH = class java.util.Locale@2ac27396
      GERMAN = class java.util.Locale@2b50e2d3
      ITALIAN = class java.util.Locale@2d5e7384
      JAPANESE = class java.util.Locale@5a12de6a
      KOREAN = class java.util.Locale@63f5587d
      CHINESE = class java.util.Locale@4f1f68aa
      SIMPLIFIED_CHINESE = class java.util.Locale@1183e09e
      TRADITIONAL_CHINESE = class java.util.Locale@5d2e9d4a
      FRANCE = class java.util.Locale@14d10022
      GERMANY = class java.util.Locale@20bf602a
      ITALY = class java.util.Locale@2eb6f3b3
      JAPAN = class java.util.Locale@7dbefe2
      KOREA = class java.util.Locale@1b972f2b
      CHINA = class java.util.Locale@1183e09e
      PRC = class java.util.Locale@1183e09e
      TAIWAN = class java.util.Locale@5d2e9d4a
      UK = class java.util.Locale@40f2b243
      US = class java.util.Locale@2c063042
      CANADA = class java.util.Locale@59c0fa85
      CANADA_FRENCH = class java.util.Locale@1bcaaa0
      ROOT = class java.util.Locale@3423f7d8
      PRIVATE_USE_EXTENSION = x
      UNICODE_LOCALE_EXTENSION = u
      serialVersionUID = 9149081749638150636
      DISPLAY_LANGUAGE = 0
      DISPLAY_COUNTRY = 1
      DISPLAY_VARIANT = 2
      DISPLAY_SCRIPT = 3
      baseLocale = class sun.util.locale.BaseLocale@237023cb
      localeExtensions = null
      hashCodeValue = 96636889
      defaultLocale = class java.util.Locale@2c063042
      defaultDisplayLocale = null
      defaultFormatLocale = class java.util.Locale@2c063042
      languageTag = "en-US"
      serialPersistentFields = class java.io.ObjectStreamField[6]
      isoLanguages = null
      isoCountries = null
      $assertionsDisabled = true
    treeLock = class java.lang.Object@27e4aa69
    parent = class com.ibm.ws.logging.internal.WsLogger@7fd4e068
      tc = class com.ibm.websphere.ras.TraceComponent@3426c96c
      ivCachedResourceBundleName = "com.ibm.ws.webcontainer.resources.Messages"
      ivCachedResourceBundle = class com.ibm.ws.webcontainer.resources.Messages@69928b28
      ivComponent = null
      ivOrganization = null
      ivProduct = null
      ivMinimumLocalizationLevelIntValue = 625
      ivTC = class com.ibm.websphere.ras.TraceComponent@16e14c4c
      loggerRegistrationComponent = class java.lang.ThreadLocal@1a2560c2
      emptyHandlers = class java.util.logging.Handler[0]
      offValue = 2147483647
      SYSTEM_LOGGER_RB_NAME = "sun.util.logging.resources.logging"
      SYSTEM_BUNDLE = class java.util.logging.Logger$LoggerBundle@41e3b7c2
      NO_RESOURCE_BUNDLE = class java.util.logging.Logger$LoggerBundle@30bada9a
      manager = class com.ibm.ws.kernel.boot.logging.WsLogManager@1289f3f
      name = "com.ibm.ws.webcontainer"
      handlers = class java.util.concurrent.CopyOnWriteArrayList@3236404f
      loggerBundle = class java.util.logging.Logger$LoggerBundle@3984827e
      useParentHandlers = true
      filter = null
      anonymous = false
      catalog = class com.ibm.ws.webcontainer.resources.Messages@69928b28
      catalogName = "com.ibm.ws.webcontainer.resources.Messages"
      catalogLocale = class java.util.Locale@2c063042
      treeLock = class java.lang.Object@27e4aa69
      parent = class java.util.logging.Logger@59842244
      kids = class java.util.ArrayList@5a0cd456
      levelObject = class java.util.logging.Level@2e2ef71
      levelValue = 800
      callersClassLoaderRef = class java.lang.ref.WeakReference@5a38c360
      isSystemLogger = false
      GLOBAL_LOGGER_NAME = "global"
      global = class java.util.logging.Logger@4541694a
      $assertionsDisabled = true
    kids = null
    levelObject = class java.util.logging.Level@2e2ef71
      defaultBundle = "sun.util.logging.resources.logging"
      name = "INFO"
      value = 800
      resourceBundleName = "sun.util.logging.resources.logging"
      localizedLevelName = "INFO"
      cachedLocale = class java.util.Locale@2c063042
      OFF = class java.util.logging.Level@373321c8
      SEVERE = class java.util.logging.Level@2124cca
      WARNING = class java.util.logging.Level@ef12348
      INFO = class java.util.logging.Level@2e2ef71
      CONFIG = class java.util.logging.Level@8e5530a
      FINE = class java.util.logging.Level@26760ebf
      FINER = class java.util.logging.Level@361272a7
      FINEST = class java.util.logging.Level@31feec4e
      ALL = class java.util.logging.Level@13a18478
      serialVersionUID = -8176160795706313070
    levelValue = 800
    callersClassLoaderRef = class java.lang.ref.WeakReference@1f7b5b4f
      referent = class org.eclipse.osgi.internal.loader.EquinoxClassLoader@31949195
      queue = class java.lang.ref.ReferenceQueue$Null@142335d1
      next = null
      discovered = null
      lock = class java.lang.ref.Reference$Lock@6a4eb0f5
      pending = null
    isSystemLogger = false
    GLOBAL_LOGGER_NAME = "global"
    global = class java.util.logging.Logger@4541694a
      emptyHandlers = class java.util.logging.Handler[0]
      offValue = 2147483647
      SYSTEM_LOGGER_RB_NAME = "sun.util.logging.resources.logging"
      SYSTEM_BUNDLE = class java.util.logging.Logger$LoggerBundle@41e3b7c2
      NO_RESOURCE_BUNDLE = class java.util.logging.Logger$LoggerBundle@30bada9a
      manager = class com.ibm.ws.kernel.boot.logging.WsLogManager@1289f3f
      name = "global"
      handlers = class java.util.concurrent.CopyOnWriteArrayList@6cfd4e43
      loggerBundle = class java.util.logging.Logger$LoggerBundle@30bada9a
      useParentHandlers = true
      filter = null
      anonymous = false
      catalog = null
      catalogName = null
      catalogLocale = null
      treeLock = class java.lang.Object@27e4aa69
      parent = class java.util.logging.LogManager$RootLogger@1a154c82
      kids = null
      levelObject = null
      levelValue = 800
      callersClassLoaderRef = null
      isSystemLogger = true
      GLOBAL_LOGGER_NAME = "global"
      global = class java.util.logging.Logger@4541694a
      $assertionsDisabled = true
    $assertionsDisabled = true
  CLASS_NAME = "com.ibm.ws.webcontainer.filter.WebAppFilterChain"
  webapp = class com.ibm.ws.webcontainer31.osgi.webapp.WebApp31@5a5024d8
    tc = class com.ibm.websphere.ras.TraceComponent@53dd4682
      strings[0] = "TraceComponent[com.ibm.ws.webcontainer31.osgi.webapp.WebApp31,class com.ibm.ws.webcontainer31.osgi.webapp.WebApp31,[webcontainer],com.ibm.ws.webcontainer31.resources.Messages,null]"
    CLASS_NAME = "com.ibm.ws.webcontainer31.osgi.webapp.WebApp31"
    servlet31NLS = class com.ibm.ejs.ras.TraceNLS@164f411b
      resolver = class com.ibm.ws.logging.internal.TraceNLSResolver@78d416ed
      finder = class com.ibm.ws.logging.internal.StackFinder@2101fadb
      ivBundleName = "com.ibm.ws.webcontainer31.resources.Messages"
      caller = class java.lang.Class@53195c80
    validListenerClasses = class java.lang.Class[7]
      Class[0] = class java.lang.Class@3cde981
      Class[1] = class java.lang.Class@94efa8f
      Class[2] = class java.lang.Class@7efd9574
      Class[3] = class java.lang.Class@214e4834
      Class[4] = class java.lang.Class@4d232c7d
      Class[5] = class java.lang.Class@33c72dd4
      Class[6] = class java.lang.Class@165936a1
    wsocServHandler = class com.ibm.ws.wsoc.external.WsocHandlerImpl@5942800c
      tc = class com.ibm.websphere.ras.TraceComponent@7e9a07be
      noMoreAddsCalled = true
      serialVersionUID = -2067291126638824067
    tc = class com.ibm.websphere.ras.TraceComponent@4de18691
      strings[0] = "TraceComponent[com.ibm.ws.webcontainer.osgi.webapp.WebApp,class com.ibm.ws.webcontainer.osgi.webapp.WebApp,[webcontainer],com.ibm.ws.webcontainer.resources.LShimMessages,null]"
    CLASS_NAME = "com.ibm.ws.webcontainer.osgi.webapp.WebApp"
    metaDataService = class com.ibm.ws.container.service.metadata.internal.MetaDataServiceImpl@2c0dfc6e
      applicationMetaDataManager = class com.ibm.ws.container.service.metadata.internal.ApplicationMetaDataManager@5d70a315
      moduleMetaDataManager = class com.ibm.ws.container.service.metadata.internal.ModuleMetaDataManager@7de00a49
      componentMetaDataManager = class com.ibm.ws.container.service.metadata.internal.ComponentMetaDataManager@2ff1e0dd
      methodMetaDataManager = class com.ibm.ws.container.service.metadata.internal.MethodMetaDataManager@697193f
      appModuleNameToModuleContainer = class java.util.concurrent.ConcurrentHashMap@5ea76af3
      jeeNameToComponentMetaData = class java.util.concurrent.ConcurrentHashMap@23e8812c
      deferredMetaDataFactories = class com.ibm.wsspi.kernel.service.utils.ConcurrentServiceReferenceSet@33f7a84
      deferredMetaDataInitializers = class com.ibm.wsspi.kernel.service.utils.ConcurrentServiceReferenceMap@3d5fc53d
      serialVersionUID = -2494605732980966097
      $$$tc$$$ = class com.ibm.websphere.ras.TraceComponent@64ae6c1
    namespacePopulated = false
    referenceContext = class com.ibm.ws.injectionengine.osgi.internal.OSGiReferenceContextImpl@7af0ab91
      scopeData = class com.ibm.ws.injectionengine.osgi.internal.OSGiInjectionScopeData@5a39d0fd
      serialVersionUID = 521511923892134915
      $$$tc$$$ = class com.ibm.websphere.ras.TraceComponent@12a104ff
      CLASS_NAME = "com.ibm.ws.injectionengine.ReferenceContextImpl"
      tc = class com.ibm.websphere.ras.TraceComponent@126152e2
      ivInjectionEngine = class com.ibm.ws.injectionengine.osgi.internal.OSGiInjectionEngineImpl@1d04be6e
      ivProviders = class java.util.ArrayList@84ba413
      ivComponentJavaContext = null
      ivComponentNameSpace = null
      ivJavaColonCompEnvMap = class java.util.LinkedHashMap@3d4a9f15
      ivEjbContext10 = class java.util.Properties@2db3170f
      ivResourceRefConfigList = class com.ibm.ws.resource.internal.ResourceRefConfigListImpl@25fbbdfd
      isAlreadyProcessed = true
      ivProcessFailure = null
      ivInjectionTargetMap = class java.util.concurrent.ConcurrentHashMap@157c2b19
      svInjTarMapCacheSize = 256
      ivDeclaredInjectionTargets = class java.util.HashMap@40427e99
      ivProcessedInjectionClasses = class java.util.HashSet@2919f3b3
      svInjClassMapCacheSize = 512
      ivProcessedInjectionBindings = class java.util.LinkedHashSet@1ca782f0
      ivAnyProcessDynamic = true
      ivCheckAppConfig = false
    j2eeNameFactory = class com.ibm.ws.container.service.metadata.internal.J2EENameFactoryImpl@2e20720f
      serialVersionUID = 3486344295038028821
      $$$tc$$$ = class com.ibm.websphere.ras.TraceComponent@a8314c9
    moduleLoader = class com.ibm.ws.classloading.internal.AppClassLoader@47dff13
      tc = class com.ibm.websphere.ras.TraceComponent@6fe890b0
      disableSharedClassesCache = false
      PARENT_FIRST_SEARCH_ORDER = class java.util.Collections$UnmodifiableRandomAccessList@3f6ded5f
      packagesDefined = class java.util.Collections$SetFromMap@7f98b108
      CLASS_LOADING_TRACE_PREFIX = "com.ibm.ws.class.load."
      DEFAULT_PACKAGE = "default.package"
      perPackageClassLoadingTraceComponents = class java.util.concurrent.ConcurrentHashMap@61faa3bc
      config = class com.ibm.ws.classloading.internal.ClassLoaderConfigurationImpl@67aa3847
      privateLibraries = null
      delegateLoaders = class com.ibm.ws.classloading.internal.util.CompositeIterable@37fd26f8
      nativeLibraryFiles = class java.util.ArrayList@d57c1fe
      transformers = class java.util.ArrayList@390474ab
      apiAccess = class com.ibm.ws.classloading.internal.GatewayClassLoader@2713f340
      generator = class com.ibm.ws.classloading.internal.ClassGeneratorManager@f5a1bcc
      protectionDomains = class java.util.concurrent.ConcurrentHashMap@514e3639
      parent = class com.ibm.ws.classloading.internal.GatewayClassLoader@2713f340
      hook = null
      serialVersionUID = 8734164900246230615
      tc = class com.ibm.websphere.ras.TraceComponent@2c7aeaa1
      smartClassPath = class com.ibm.ws.classloading.internal.ContainerClassLoader$SmartClassPathImpl@622545df
      nativeLibraryContainers = class java.util.ArrayList@789ed41c
      redefiner = class com.ibm.ws.classloading.internal.util.ClassRedefiner@27c534b8
      jarProtocol = "wsjar:"
      mapCreationQueue = class java.util.concurrent.Executors$FinalizableDelegatedExecutorService@79a3187
      serialVersionUID = 6399598832433768509
      serialVersionUID = 1837293532091806117
      $$$tc$$$ = class com.ibm.websphere.ras.TraceComponent@743d0a65
      serialVersionUID = -4586727107834513475
      $$$tc$$$ = class com.ibm.websphere.ras.TraceComponent@7c04e41
      serialVersionUID = -7709588811276454856
      $$$tc$$$ = class com.ibm.websphere.ras.TraceComponent@6abfc895
      initialized = true
      pdcache = class java.util.HashMap@4f599716
      debug = null
      parent = class com.ibm.ws.classloading.internal.GatewayClassLoader@2713f340
      parallelLockMap = class java.util.concurrent.ConcurrentHashMap@416994d5
      package2certs = class java.util.concurrent.ConcurrentHashMap@4f0708b4
      nocerts = class java.security.cert.Certificate[0]
      classes = class java.util.Vector@19471eda
      defaultDomain = class java.security.ProtectionDomain@1a25dbc3
      packages = class java.util.HashMap@17e73b6e
      scl = class sun.misc.Launcher$AppClassLoader@18b4aac2
      sclSet = true
      loadedLibraryNames = class java.util.Vector@60d2c38e
      systemNativeLibraries = class java.util.Vector@4142a080
      nativeLibraries = class java.util.Vector@750d80a8
      nativeLibraryContext = class java.util.Stack@5b9ff92c
      usr_paths = class java.lang.String[42]
      sys_paths = class java.lang.String[1]
      assertionLock = class java.lang.Object@60a4abb8
      defaultAssertionStatus = false
      packageAssertionStatus = null
      classAssertionStatus = null
    webAppConfig = class com.ibm.ws.webcontainer.osgi.webapp.WebAppConfiguration@63afd527
      webModuleMetaData = class com.ibm.ws.webcontainer.osgi.metadata.WebModuleMetaDataImpl@2d26e5a9
      webComponentMetaData = class com.ibm.ws.webcontainer.osgi.metadata.WebComponentMetaDataImpl@6c4ae343
      dVirtualHost = class com.ibm.ws.webcontainer.osgi.DynamicVirtualHost@1e81b442
      orderedLibPaths = class java.util.Collections$UnmodifiableRandomAccessList@e823a11
      bundleHeaders = null
      cdiEnabled = false
      CLASS_NAME = "com.ibm.ws.webcontainer.webapp.WebAppConfiguration"
      logger = class com.ibm.ws.logging.internal.WsLogger@46d0afd5
      tc = class com.ibm.websphere.ras.TraceComponent@5040238c
      nls = class com.ibm.ejs.ras.TraceNLS@4933661c
      version = 30
      contextRoot = "/CookTimeServer"
      isDefaultContextRootUsed = false
      sessionTimeout = 0
      moduleSessionTimeoutSet = false
      moduleSessionTrackingModeSet = false
      sessionCookieConfig = class com.ibm.ws.session.SessionCookieConfigImpl@5322d93e
      hasProgrammaticCookieConfig = false
      sessionDefaultTrackingModeSet = class java.util.RegularEnumSet@684968e2
      sessionManagerConfig = class com.ibm.ws.session.SessionManagerConfig@622db07b
      displayName = "CookTimeServer"
      description = null
      reloadInterval = 3
      distributable = false
      denyUncoveredHttpMethods = false
      reloadingEnabled = true
      serveServletsByClassnameEnabled = false
      defaultErrorPage = null
      additionalClassPath = null
      fileServingEnabled = true
      directoryBrowsingEnabled = false
      autoRequestEncoding = false
      autoResponseEncoding = false
      autoLoadFilters = false
      requestListeners = null
      requestAttributeListeners = null
      sessionListeners = null
      localeMap = null
      moduleName = "CookTimeServer"
      j2eeModuleName = "CookTimeServer.war"
      moduleId = null
      isSyncToThreadEnabled = false
      encodeDispatchedRequestURI = false
      isSystemApp = false
      ardEnabled = false
      ardDispatchType = null
      listeners = class java.util.ArrayList@307c39a4
      welcomeFileList = class java.util.ArrayList@7552fdbc
      servletMappings = class java.util.HashMap@56ff958c
      lastIndexBeforeDeclaredFilters = 1
      filterMappings = class java.util.ArrayList@595e5940
      servletInfo = class java.util.concurrent.ConcurrentHashMap@83efad6
      filterInfo = class java.util.HashMap@6ae34970
      mimeMappings = class java.util.HashMap@401af255
      mimeFilters = null
      isMimeFilteringEnabled = false
      theWebGroup = null
      jspAttributes = class java.util.HashMap@6b25374f
      fileServingAttributes = class java.util.HashMap@14b288b7
      invokerAttributes = class java.util.HashMap@64eafb98
      contextParams = class java.util.HashMap@73f5250a
      virtualHost = "default_host"
      exceptionErrorPages = class java.util.HashMap@31a8eb74
      codeErrorPages = class java.util.HashMap@315f2ac6
      tagLibList = null
      precompileJsps = false
      webApp = class com.ibm.ws.webcontainer31.osgi.webapp.WebApp31@5a5024d8
      virtualHostList = class java.util.Collections$EmptyList@25a214e
      appStartupWeight = 0
      moduleStartupWeight = 0
      metaDataComplete = false
      classesToScan = class java.util.ArrayList@58dd897a
      uriFilterMappingInfos = class java.util.ArrayList@2e583a5e
      servletFilterMappingInfos = null
      dynamicServletRegistrationMap = null
      applicationName = "CookTimeServer"
      libBinPathList = class java.util.ArrayList@66992c49
      webXmlDefinedListeners = class java.util.HashSet@351a3185
      allRefs = class java.util.EnumMap@138f805
      allRefBindings = class java.util.EnumMap@6e5da8b6
      envEntryValues = class java.util.HashMap@41893a50
      resourceRefConfigList = class com.ibm.ws.resource.internal.ResourceRefConfigListImpl@25fbbdfd
      disallowAllFileServingProp = "false"
      disallowServeServletsByClassnameProp = "true"
      disableStaticMappingCache = false
      jspCachedLocations = class java.util.HashMap@63458197
      primedSTSHeader = "NoValue"
      enablemultireadofpostdata = false
      requestEncoding = null
      responseEncoding = null
      NULLSERVLETNAME = "com.ibm.ws.webcontainer.NullServletName"
      _id = "WebAppGeneratedId1"
      _attributes = null
      serialVersionUID = 7511545662945734886
      $$$tc$$$ = class com.ibm.websphere.ras.TraceComponent@1eb124b2
    extensionProcessingDisabled = false
    managedObjectService = class com.ibm.ws.cdi.impl.managedobject.CDIManagedObjectService@122f4250
      cdiServiceRef = class com.ibm.wsspi.kernel.service.utils.AtomicServiceReference@5118a786
      defaultMOSRef = class com.ibm.wsspi.kernel.service.utils.AtomicServiceReference@2d63f1b6
      cdiRuntime = class com.ibm.ws.cdi.liberty.CDIRuntimeImpl@591603cb
      serialVersionUID = 6431825704414919683
      $$$tc$$$ = class com.ibm.websphere.ras.TraceComponent@14b7a37f
    internalServletMetaData = interface com.ibm.wsspi.webcontainer.metadata.WebComponentMetaData[2]
      WebComponentMetaData[0] = null
      WebComponentMetaData[1] = null
    loginProcessor = null
    logoutProcessor = null
    collabHelper = class com.ibm.ws.webcontainer.osgi.collaborator.CollaboratorHelperImpl@1ad7c7cb
    envObject = class com.ibm.ws.util.WSThreadLocal@bff8e9a
      tc = class com.ibm.ejs.ras.TraceComponent@3c92cc62
      count = 9
      index = 4
      SUSPECTED_MISUSAGE_THRESHOLD = 200
      threadLocalHashCode = -850692448
      nextHashCode = class java.util.concurrent.atomic.AtomicInteger@aaa08fd
      HASH_INCREMENT = 1640531527
    orderedLibPaths = class java.util.Collections$UnmodifiableRandomAccessList@e823a11
      serialVersionUID = -2542308836966382001
      serialVersionUID = -283967356065247728
      list = class java.util.ArrayList@54ac271b
      serialVersionUID = 1820017752578914078
      c = class java.util.ArrayList@54ac271b
    perm = class com.ibm.websphere.security.WebSphereRuntimePermission@63300fc4
      serialVersionUID = -3306242789188168337
      $$$tc$$$ = class com.ibm.websphere.ras.TraceComponent@7ea232d6
      serialVersionUID = 6279438298436773498
      wildcard = false
      path = "accessServletContext"
      exitVM = false
      serialVersionUID = -5636570222231596674
      name = "accessServletContext"
    WELCOME_FILE_LIST = "com.ibm.ws.webcontainer.config.WelcomeFileList"
    DIR_BROWSING_MAPPING = "__dirBrowsing__1594319375590"
    FILTER_PROXY_MAPPING = "/__filterProxy__1594319375590"
    logger = class com.ibm.ws.logging.internal.WsLogger@46d0afd5
      tc = class com.ibm.websphere.ras.TraceComponent@3426c96c
      ivCachedResourceBundleName = null
      ivCachedResourceBundle = null
      ivComponent = null
      ivOrganization = null
      ivProduct = null
      ivMinimumLocalizationLevelIntValue = 625
      ivTC = class com.ibm.websphere.ras.TraceComponent@61dd1da5
      loggerRegistrationComponent = class java.lang.ThreadLocal@1a2560c2
      emptyHandlers = class java.util.logging.Handler[0]
      offValue = 2147483647
      SYSTEM_LOGGER_RB_NAME = "sun.util.logging.resources.logging"
      SYSTEM_BUNDLE = class java.util.logging.Logger$LoggerBundle@41e3b7c2
      NO_RESOURCE_BUNDLE = class java.util.logging.Logger$LoggerBundle@30bada9a
      manager = class com.ibm.ws.kernel.boot.logging.WsLogManager@1289f3f
      name = "com.ibm.ws.webcontainer.webapp"
      handlers = class java.util.concurrent.CopyOnWriteArrayList@aa8d13a
      loggerBundle = class java.util.logging.Logger$LoggerBundle@5760da71
      useParentHandlers = true
      filter = null
      anonymous = false
      catalog = class com.ibm.ws.webcontainer.resources.Messages@69928b28
      catalogName = "com.ibm.ws.webcontainer.resources.Messages"
      catalogLocale = class java.util.Locale@2c063042
      treeLock = class java.lang.Object@27e4aa69
      parent = class com.ibm.ws.logging.internal.WsLogger@7fd4e068
      kids = null
      levelObject = class java.util.logging.Level@2e2ef71
      levelValue = 800
      callersClassLoaderRef = class java.lang.ref.WeakReference@305e2e60
      isSystemLogger = false
      GLOBAL_LOGGER_NAME = "global"
      global = class java.util.logging.Logger@4541694a
      $assertionsDisabled = true
    CLASS_NAME = "com.ibm.ws.webcontainer.webapp.WebApp"
    loader = class com.ibm.ws.classloading.internal.ThreadContextClassLoader@41a759d5
      tc = class com.ibm.websphere.ras.TraceComponent@7740f888
      bundle = class java.util.concurrent.atomic.AtomicReference@633076ee
      key = "WebModule:CookTimeServer#CookTimeServer.war"
      refCount = class java.util.concurrent.atomic.AtomicInteger@18c6fac2
      appLoader = class com.ibm.ws.classloading.internal.AppClassLoader@47dff13
      clSvc = class com.ibm.ws.classloading.internal.ClassLoadingServiceImpl@1d5839bb
      serialVersionUID = 846416563800781557
      tc = class com.ibm.websphere.ras.TraceComponent@4223a976
      followOnClassLoaders = class java.util.ArrayList@76083789
      serialVersionUID = 8829649920524275888
      serialVersionUID = -4586727107834513475
      $$$tc$$$ = class com.ibm.websphere.ras.TraceComponent@7c04e41
      serialVersionUID = -7709588811276454856
      $$$tc$$$ = class com.ibm.websphere.ras.TraceComponent@6abfc895
      initialized = true
      pdcache = class java.util.HashMap@166fb8a0
      debug = null
      parent = class com.ibm.ws.classloading.internal.GatewayClassLoader@4486f7b6
      parallelLockMap = class java.util.concurrent.ConcurrentHashMap@39505045
      package2certs = class java.util.concurrent.ConcurrentHashMap@65993335
      nocerts = class java.security.cert.Certificate[0]
      classes = class java.util.Vector@521ae470
      defaultDomain = class java.security.ProtectionDomain@395bec2b
      packages = class java.util.HashMap@2b2413d
      scl = class sun.misc.Launcher$AppClassLoader@18b4aac2
      sclSet = true
      loadedLibraryNames = class java.util.Vector@60d2c38e
      systemNativeLibraries = class java.util.Vector@4142a080
      nativeLibraries = class java.util.Vector@2e9edac5
      nativeLibraryContext = class java.util.Stack@5b9ff92c
      usr_paths = class java.lang.String[42]
      sys_paths = class java.lang.String[1]
      assertionLock = class java.lang.Object@2ba28202
      defaultAssertionStatus = false
      packageAssertionStatus = null
      classAssertionStatus = null
    facade = class com.ibm.ws.webcontainer31.facade.ServletContextFacade31@312c72cb
      context = class com.ibm.ws.webcontainer31.osgi.webapp.WebApp31@5a5024d8
    features = class java.util.ArrayList@2ee1944d
      serialVersionUID = 8683452581122892189
      DEFAULT_CAPACITY = 10
      EMPTY_ELEMENTDATA = class java.lang.Object[0]
      DEFAULTCAPACITY_EMPTY_ELEMENTDATA = class java.lang.Object[0]
      elementData = class java.lang.Object[0]
      size = 0
      MAX_ARRAY_SIZE = 2147483639
      modCount = 0
      MAX_ARRAY_SIZE = 2147483639
    applicationName = "CookTimeServer"
    config = class com.ibm.ws.webcontainer.osgi.webapp.WebAppConfiguration@63afd527
    securityEnabledForApp = true
    webExtensionProcessor = class com.ibm.ws.webcontainer.osgi.extension.WebExtensionProcessor@4d4ce07a
      webApp = class com.ibm.ws.webcontainer31.osgi.webapp.WebApp31@5a5024d8
      extensionContext = class com.ibm.ws.webcontainer31.osgi.webapp.WebApp31@5a5024d8
    production = true
    isServlet23 = true
    contextPath = "/CookTimeServer"
    internalServletList = class [Ljava.lang.String;[2]
      String[][0] = class java.lang.String[2]
      String[][1] = class java.lang.String[2]
    BY_NAME_ONLY = "/_1594319375590_/"
    filterManager = class com.ibm.ws.webcontainer.osgi.filter.WebAppFilterManagerImpl@5cc9c124
      _filterWrappers = class java.util.Hashtable@53f3baa4
      chainCache = class java.util.Collections$SynchronizedMap@25e17163
      forwardChainCache = class java.util.Collections$SynchronizedMap@181adcc6
      includeChainCache = class java.util.Collections$SynchronizedMap@1aebe8bd
      errorChainCache = class java.util.Collections$SynchronizedMap@540357de
      _filtersDefined = true
      FMI_MAPPING_SINGLE_SLASH = 0
      FMI_MAPPING_PATH_MATCH = 1
      FMI_MAPPING_EXTENSION_MATCH = 2
      FMI_MAPPING_EXACT_MATCH = 3
      logger = class com.ibm.ws.logging.internal.WsLogger@39b3955a
      CLASS_NAME = "com.ibm.ws.webcontainer.filter.WebAppFilterManager"
      nls = class com.ibm.ejs.ras.TraceNLS@7ac74e54
      webAppConfig = class com.ibm.ws.webcontainer.osgi.webapp.WebAppConfiguration@63afd527
      webApp = class com.ibm.ws.webcontainer31.osgi.webapp.WebApp31@5a5024d8
      collabHelper = class com.ibm.ws.webcontainer.osgi.collaborator.CollaboratorHelperImpl@1ad7c7cb
      secCollab = class com.ibm.ws.webcontainer.security.WebAppSecurityCollaboratorImpl@20d890a7
      sessionSecurityIntegrationEnabled = true
      assumeFilterSuccessOnSecurityError = false
      useOriginalRequestState = false
      _evtSource = class com.ibm.ws.webcontainer.webapp.WebAppEventSource@4e4a67b6
      defaultComponentMetaData = class com.ibm.ws.webcontainer.osgi.metadata.WebComponentMetaDataImpl@6c4ae343
      DEFER_SERVLET_REQUEST_LISTENER_DESTROY_ON_ERROR = false
    documentRoot = null
    SERVLET_API_VERSION = "Servlet 2.5"
    disableServletAuditLogging = -1
    serverInfo = "IBM WebSphere Liberty/20.0.0.6"
    sessionCtx = class com.ibm.ws.webcontainer31.session.impl.HttpSessionContext31Impl@7e28650c
      methodClassName = "HttpSessionContextImpl"
      _smc = class com.ibm.ws.session.SessionManagerConfig@622db07b
      sessionStoreService = null
      _sap = class com.ibm.ws.session.SessionApplicationParameters@35aac183
      _coreHttpSessionManager = class com.ibm.ws.session.SessionManager@7d9affa7
      _coreHttpAppSessionManager = null
      _sam = class com.ibm.ws.webcontainer.session.impl.SessionAffinityManagerImpl@45496025
      isSIPApplication = false
      sessionAttributeListener = true
      sessionListener = true
      mHttpSessionAttributeListeners = class java.util.ArrayList@171ae618
      mHttpSessionListeners = class java.util.ArrayList@745f8ba1
      mHttpSessionIdListeners = class java.util.ArrayList@5e12254a
      mHttpSessionAttributeListenersJ2eeNames = class java.util.ArrayList@50d42ee5
      mHttpSessionListenersJ2eeNames = class java.util.ArrayList@10be38c1
      mHttpSessionIdListenersJ2eeNames = class java.util.ArrayList@1834abf4
      mLocalHost = null
      _refCount = 1
      currentThreadSacHashtable = null
      methodClassName = "SessionContext"
      ANONYMOUS_USER = "anonymous"
      wasHttpSessionObserver = class com.ibm.ws.session.WasHttpSessionObserver@57c3e5cd
      wasHttpSessionAttributeObserver = null
      _invalidator = class com.ibm.ws.session.SessionInvalidatorWithThreadPool@26115ad6
      _storer = class com.ibm.ws.session.EOSSessionStorer@470806e5
      wasHttpAppSessionObserver = null
      mHttpAppSessionListeners = null
      cmvcInfo = "CMVC Version 1.9 6/24/07 11:12:24"
      _loggedVersion = true
      CREATE_CORE_SESSION_MANAGER = 0
      GET_REQUESTED_SESSION_ID = 1
      GET_IHTTP_SESSION = 2
      SESSION_PRE_INVOKE = 3
      SESSION_POST_INVOKE = 4
      STOP = 5
      STOP_LISTENERS = 6
      IS_VALID = 7
      ENCODE_URL = 8
      SHOULD_ENCODE_URL = 9
      IS_PROTOCOL_SWITCH = 10
      GET_LOCAL_HOST = 11
      ADD_HTTP_SESSION_ATTRIBUTE_LISTENER = 12
      ADD_HTTP_SESSION_LISTENER = 13
      GET_SESSION_AFFINITY_CONTEXT = 14
      CHECK_SECURITY = 15
      INVALIDATE = 16
      CHECK_SESSSIONID_IS_RIGHT_LENGTH = 17
      LOCK_SESSION = 18
      UNLOCK_SESSION = 19
      ADD_HTTP_SESSION_ID_LISTENER = 20
      methodNames = class java.lang.String[21]
    eventSource = class com.ibm.ws.webcontainer.webapp.WebAppEventSource@4e4a67b6
    nls = class com.ibm.ejs.ras.TraceNLS@544d1583
      resolver = class com.ibm.ws.logging.internal.TraceNLSResolver@78d416ed
      finder = class com.ibm.ws.logging.internal.StackFinder@2101fadb
      ivBundleName = "com.ibm.ws.webcontainer.resources.Messages"
      caller = class java.lang.Class@490d991e
    liberty_nls = class com.ibm.ejs.ras.TraceNLS@50e87643
      resolver = class com.ibm.ws.logging.internal.TraceNLSResolver@78d416ed
      finder = class com.ibm.ws.logging.internal.StackFinder@2101fadb
      ivBundleName = "com.ibm.ws.webcontainer.resources.LShimMessages"
      caller = class java.lang.Class@490d991e
    error_nls = class com.ibm.ejs.ras.TraceNLS@42ba4d9b
      resolver = class com.ibm.ws.logging.internal.TraceNLSResolver@78d416ed
      finder = class com.ibm.ws.logging.internal.StackFinder@2101fadb
      ivBundleName = "com.ibm.ws.webcontainer.resources.ErrorPage"
      caller = class java.lang.Class@490d991e
    sessionListeners = class java.util.ArrayList@7f8740c5
      serialVersionUID = 8683452581122892189
      DEFAULT_CAPACITY = 10
      EMPTY_ELEMENTDATA = class java.lang.Object[0]
      DEFAULTCAPACITY_EMPTY_ELEMENTDATA = class java.lang.Object[0]
      elementData = class java.lang.Object[10]
      size = 2
      MAX_ARRAY_SIZE = 2147483639
      modCount = 3
      MAX_ARRAY_SIZE = 2147483639
    sessionIdListeners = class java.util.ArrayList@435aa3bb
      serialVersionUID = 8683452581122892189
      DEFAULT_CAPACITY = 10
      EMPTY_ELEMENTDATA = class java.lang.Object[0]
      DEFAULTCAPACITY_EMPTY_ELEMENTDATA = class java.lang.Object[0]
      elementData = class java.lang.Object[0]
      size = 0
      MAX_ARRAY_SIZE = 2147483639
      modCount = 0
      MAX_ARRAY_SIZE = 2147483639
    sessionAttrListeners = class java.util.ArrayList@50939ffd
      serialVersionUID = 8683452581122892189
      DEFAULT_CAPACITY = 10
      EMPTY_ELEMENTDATA = class java.lang.Object[0]
      DEFAULTCAPACITY_EMPTY_ELEMENTDATA = class java.lang.Object[0]
      elementData = class java.lang.Object[10]
      size = 1
      MAX_ARRAY_SIZE = 2147483639
      modCount = 2
      MAX_ARRAY_SIZE = 2147483639
    addedSessionListeners = class java.util.ArrayList@40d5c6e1
      serialVersionUID = 8683452581122892189
      DEFAULT_CAPACITY = 10
      EMPTY_ELEMENTDATA = class java.lang.Object[0]
      DEFAULTCAPACITY_EMPTY_ELEMENTDATA = class java.lang.Object[0]
      elementData = class java.lang.Object[10]
      size = 1
      MAX_ARRAY_SIZE = 2147483639
      modCount = 1
      MAX_ARRAY_SIZE = 2147483639
    addedSessionAttrListeners = class java.util.ArrayList@5112756
      serialVersionUID = 8683452581122892189
      DEFAULT_CAPACITY = 10
      EMPTY_ELEMENTDATA = class java.lang.Object[0]
      DEFAULTCAPACITY_EMPTY_ELEMENTDATA = class java.lang.Object[0]
      elementData = class java.lang.Object[10]
      size = 1
      MAX_ARRAY_SIZE = 2147483639
      modCount = 1
      MAX_ARRAY_SIZE = 2147483639
    servletContextListeners = class java.util.ArrayList@13c01b34
      serialVersionUID = 8683452581122892189
      DEFAULT_CAPACITY = 10
      EMPTY_ELEMENTDATA = class java.lang.Object[0]
      DEFAULTCAPACITY_EMPTY_ELEMENTDATA = class java.lang.Object[0]
      elementData = class java.lang.Object[10]
      size = 5
      MAX_ARRAY_SIZE = 2147483639
      modCount = 6
      MAX_ARRAY_SIZE = 2147483639
    servletContextLAttrListeners = class java.util.ArrayList@5fe012c6
      serialVersionUID = 8683452581122892189
      DEFAULT_CAPACITY = 10
      EMPTY_ELEMENTDATA = class java.lang.Object[0]
      DEFAULTCAPACITY_EMPTY_ELEMENTDATA = class java.lang.Object[0]
      elementData = class java.lang.Object[10]
      size = 1
      MAX_ARRAY_SIZE = 2147483639
      modCount = 2
      MAX_ARRAY_SIZE = 2147483639
    servletRequestListeners = class java.util.ArrayList@31ec2515
      serialVersionUID = 8683452581122892189
      DEFAULT_CAPACITY = 10
      EMPTY_ELEMENTDATA = class java.lang.Object[0]
      DEFAULTCAPACITY_EMPTY_ELEMENTDATA = class java.lang.Object[0]
      elementData = class java.lang.Object[10]
      size = 1
      MAX_ARRAY_SIZE = 2147483639
      modCount = 2
      MAX_ARRAY_SIZE = 2147483639
    servletRequestLAttrListeners = class java.util.ArrayList@3d4b9fe9
      serialVersionUID = 8683452581122892189
      DEFAULT_CAPACITY = 10
      EMPTY_ELEMENTDATA = class java.lang.Object[0]
      DEFAULTCAPACITY_EMPTY_ELEMENTDATA = class java.lang.Object[0]
      elementData = class java.lang.Object[10]
      size = 1
      MAX_ARRAY_SIZE = 2147483639
      modCount = 2
      MAX_ARRAY_SIZE = 2147483639
    prependSlashToResource = false
    destroyed = false
    webAppNameSpaceCollab = class com.ibm.ws.webcontainer.osgi.collaborator.WebAppNameSpaceCollaboratorImpl@66eabf0e
    txCollab = class com.ibm.ws.transaction.services.WebAppTransactionCollaboratorImpl@7b0003b2
    sessionActivationListeners = class java.util.ArrayList@2ec12acf
      serialVersionUID = 8683452581122892189
      DEFAULT_CAPACITY = 10
      EMPTY_ELEMENTDATA = class java.lang.Object[0]
      DEFAULTCAPACITY_EMPTY_ELEMENTDATA = class java.lang.Object[0]
      elementData = class java.lang.Object[0]
      size = 0
      MAX_ARRAY_SIZE = 2147483639
      modCount = 1
      MAX_ARRAY_SIZE = 2147483639
    sessionBindingListeners = class java.util.ArrayList@71687bf3
      serialVersionUID = 8683452581122892189
      DEFAULT_CAPACITY = 10
      EMPTY_ELEMENTDATA = class java.lang.Object[0]
      DEFAULTCAPACITY_EMPTY_ELEMENTDATA = class java.lang.Object[0]
      elementData = class java.lang.Object[0]
      size = 0
      MAX_ARRAY_SIZE = 2147483639
      modCount = 1
      MAX_ARRAY_SIZE = 2147483639
    scratchdir = null
    jspClassLoaderLimit = 0
    jspClassLoaderExclusionList = null
    jspClassLoadersMap = null
    jspClassLoaderLimitTrackIF = false
    defaultExtProc = null
    directoryBrowsingServlet = null
    cdiContexts = class java.util.concurrent.ConcurrentHashMap@21fc2c46
      serialVersionUID = 7249069246763182397
      MAXIMUM_CAPACITY = 1073741824
      DEFAULT_CAPACITY = 16
      MAX_ARRAY_SIZE = 2147483639
      DEFAULT_CONCURRENCY_LEVEL = 16
      LOAD_FACTOR = 0.75
      TREEIFY_THRESHOLD = 8
      UNTREEIFY_THRESHOLD = 6
      MIN_TREEIFY_CAPACITY = 64
      MIN_TRANSFER_STRIDE = 16
      RESIZE_STAMP_BITS = 16
      MAX_RESIZERS = 65535
      RESIZE_STAMP_SHIFT = 16
      MOVED = -1
      TREEBIN = -2
      RESERVED = -3
      HASH_BITS = 2147483647
      NCPU = 8
      serialPersistentFields = class java.io.ObjectStreamField[3]
      table = null
      nextTable = null
      baseCount = 0
      sizeCtl = 0
      transferIndex = 0
      cellsBusy = 0
      counterCells = null
      keySet = null
      values = null
      entrySet = null
      U = class sun.misc.Unsafe@1e102a83
      SIZECTL = 20
      TRANSFERINDEX = 32
      BASECOUNT = 24
      CELLSBUSY = 36
      CELLVALUE = 144
      ABASE = 16
      ASHIFT = 2
      keySet = null
      values = null
    moduleConfig = class com.ibm.ws.webcontainer.osgi.container.DeployedModule@40a95b47
      tc = class com.ibm.websphere.ras.TraceComponent@13b94358
      loader = class com.ibm.ws.classloading.internal.ThreadContextClassLoader@41a759d5
      webApp = class com.ibm.ws.webcontainer31.osgi.webapp.WebApp31@5a5024d8
      webAppConfig = class com.ibm.ws.webcontainer.osgi.webapp.WebAppConfiguration@63afd527
      contextRootAdded = class com.ibm.ws.threading.internal.NonCancelableResultFuture@79ba767
      properContextRoot = "/CookTimeServer"
      mappingContextRoot = "/CookTimeServer/*"
      initTaskCount = class java.util.concurrent.atomic.AtomicInteger@42273547
      initTasksDoneListener = class com.ibm.ws.webcontainer.osgi.WebContainer$2@35460bba
      serialVersionUID = -2104814060051592457
      $$$tc$$$ = class com.ibm.websphere.ras.TraceComponent@4af8772f
    extensionFactories = class java.util.ArrayList@671996cf
      serialVersionUID = 8683452581122892189
      DEFAULT_CAPACITY = 10
      EMPTY_ELEMENTDATA = class java.lang.Object[0]
      DEFAULTCAPACITY_EMPTY_ELEMENTDATA = class java.lang.Object[0]
      elementData = class java.lang.Object[10]
      size = 6
      MAX_ARRAY_SIZE = 2147483639
      modCount = 6
      MAX_ARRAY_SIZE = 2147483639
    initialized = true
    lock = class com.ibm.ws.webcontainer.webapp.WebApp$1@551cce3c
      this$0 = class com.ibm.ws.webcontainer31.osgi.webapp.WebApp31@5a5024d8
    afterServletContextCreated = false
    redirectContextRoot = false
    errorExceptionTypeFirst = false
    initFilterBeforeServletInit = false
    SET_400_SC_ON_TOO_MANY_PARENT_DIRS = false
    sortedServletConfigs = class java.util.ArrayList@15c256c5
      serialVersionUID = 8683452581122892189
      DEFAULT_CAPACITY = 10
      EMPTY_ELEMENTDATA = class java.lang.Object[0]
      DEFAULTCAPACITY_EMPTY_ELEMENTDATA = class java.lang.Object[0]
      elementData = class java.lang.Object[10]
      size = 2
      MAX_ARRAY_SIZE = 2147483639
      modCount = 2
      MAX_ARRAY_SIZE = 2147483639
    effectiveMajorVersion = 3
    effectiveMinorVersion = 0
    canAddServletContextListener = true
    withinContextInitOfProgAddListener = false
    lastProgAddListenerInitialized = "com.ibm.ws.cache.CacheServiceImpl"
    webInfLibClassloader = null
    metaInfCache = class com.ibm.ws.webcontainer.webapp.WebApp$2@1fbb5459
      this$0 = class com.ibm.ws.webcontainer31.osgi.webapp.WebApp31@5a5024d8
      serialVersionUID = 3801124242820219131
      head = null
      tail = null
      accessOrder = true
      serialVersionUID = 362498820763181265
      DEFAULT_INITIAL_CAPACITY = 16
      MAXIMUM_CAPACITY = 1073741824
      DEFAULT_LOAD_FACTOR = 0.75
      TREEIFY_THRESHOLD = 8
      UNTREEIFY_THRESHOLD = 6
      MIN_TREEIFY_CAPACITY = 64
      table = null
      entrySet = null
      size = 0
      modCount = 0
      threshold = 32
      loadFactor = 1.0
      keySet = null
      values = null
    useMetaInfCache = true
    SUN_CONFIGURE_LISTENER_CLASSNAME = "com.sun.faces.config.ConfigureListener"
    MYFACES_LIFECYCLE_LISTENER_CLASSNAME = "org.apache.myfaces.webapp.StartupServletContextListener"
    JSF_IMPL_ENABLED_PARAM = "com.ibm.ws.jsf.JSF_IMPL_ENABLED"
    JSF_IMPL_ENABLED_CUSTOM = "Custom"
    JSF_IMPL_ENABLED_NONE = "None"
    staticDocRoot = class com.ibm.ws.webcontainer.util.DocumentRootUtils@34bf068f
      logger = class com.ibm.ws.logging.internal.WsLogger@2d4f0567
      CLASS_NAME = "com.ibm.ws.webcontainer.util.DocumentRootUtils"
      useContentLength = false
      matchedFile = null
      matchedZipFile = null
      matchedEntry = null
      matchedURL = null
      edrRoot = null
      pfedrRoot = null
      ctxt = class com.ibm.ws.webcontainer31.osgi.webapp.WebApp31@5a5024d8
      baseDir = null
      edr = null
      pfedr = null
      metaInfRes = null
      searchpfEDR = false
      searchEDR = false
      searchMetaInfRes = true
      matchFromEDR = false
      matchFromMetaInfRes = false
      matchIsADirectory = false
      appConfig = class com.ibm.ws.webcontainer.osgi.webapp.WebAppConfiguration@63afd527
      attributeType = "staticFile"
      STATIC_FILE = "staticFile"
      JSP = "jsp"
      PFEDR = "preFragmentExtendedDocumentRoot"
      EDR = "extendedDocumentRoot"
    jspDocRoot = class com.ibm.ws.webcontainer.util.DocumentRootUtils@7e1430a
      logger = class com.ibm.ws.logging.internal.WsLogger@2d4f0567
      CLASS_NAME = "com.ibm.ws.webcontainer.util.DocumentRootUtils"
      useContentLength = false
      matchedFile = null
      matchedZipFile = null
      matchedEntry = null
      matchedURL = null
      edrRoot = null
      pfedrRoot = null
      ctxt = class com.ibm.ws.webcontainer31.osgi.webapp.WebApp31@5a5024d8
      baseDir = null
      edr = null
      pfedr = null
      metaInfRes = null
      searchpfEDR = false
      searchEDR = false
      searchMetaInfRes = true
      matchFromEDR = false
      matchFromMetaInfRes = false
      matchIsADirectory = false
      appConfig = class com.ibm.ws.webcontainer.osgi.webapp.WebAppConfiguration@63afd527
      attributeType = "jsp"
      STATIC_FILE = "staticFile"
      JSP = "jsp"
      PFEDR = "preFragmentExtendedDocumentRoot"
      EDR = "extendedDocumentRoot"
    container = class com.ibm.ws.adaptable.module.internal.AdaptableContainerImpl@5d78d246
      root = class com.ibm.ws.adaptable.module.internal.AdaptableContainerImpl@5d78d246
      rootOverlay = class com.ibm.ws.artifact.overlay.internal.DirectoryBasedOverlayContainerImpl@8739f21
      factoryHolder = class com.ibm.ws.adaptable.module.internal.AdaptableModuleFactoryImpl@3f5cb19b
      delegate = class com.ibm.ws.artifact.overlay.internal.DirectoryBasedOverlayContainerImpl@8739f21
      notifier = class com.ibm.ws.adaptable.module.internal.NotifierImpl@34e6c42
      serialVersionUID = -5950528200509051684
      $$$tc$$$ = class com.ibm.websphere.ras.TraceComponent@29c569b9
    metaInfResourceFinder = class com.ibm.ws.webcontainer.util.MetaInfResourceFinder@12494d
      jarResourceContainers = class java.util.ArrayList@6b8f324
      container = class com.ibm.ws.adaptable.module.internal.AdaptableContainerImpl@5d78d246
    postConstructMethods = class com.ibm.ws.webcontainer.webapp.WebApp$AnnotatedMethods@454edc8a
      annotationClass = class java.lang.Class@3865c072
      noOpClassNames = class java.util.HashSet@5c759c58
      annotatedMethodNames = class java.util.concurrent.ConcurrentHashMap@7f2fc78a
      EMPTY_METHODS = class java.lang.reflect.Method[0]
    preDestroyMethods = class com.ibm.ws.webcontainer.webapp.WebApp$AnnotatedMethods@90931d2
      annotationClass = class java.lang.Class@63c9bcea
      noOpClassNames = class java.util.HashSet@15e0bd17
      annotatedMethodNames = class java.util.concurrent.ConcurrentHashMap@5411eb80
      EMPTY_METHODS = class java.lang.reflect.Method[0]
    OBJ_EMPTY = class java.lang.Object[0]
    CLASS_EMPTY = class java.lang.Class[0]
    DEFAULT_JSP_EXTENSIONS = class java.util.ArrayList@4fddaea
      serialVersionUID = 8683452581122892189
      DEFAULT_CAPACITY = 10
      EMPTY_ELEMENTDATA = class java.lang.Object[0]
      DEFAULTCAPACITY_EMPTY_ELEMENTDATA = class java.lang.Object[0]
      elementData = class java.lang.Object[10]
      size = 4
      MAX_ARRAY_SIZE = 2147483639
      modCount = 4
      MAX_ARRAY_SIZE = 2147483639
    DEFER_SERVLET_REQUEST_LISTENER_DESTROY_ON_ERROR = false
    DO_ACCEPT_PARTIAL = true
    DO_NOT_ACCEPT_PARTIAL = false
    DO_ACCEPT_EXCLUDED = true
    DO_NOT_ACCEPT_EXCLUDED = false
    commands = class java.util.ArrayList@25ae87c9
      serialVersionUID = 8683452581122892189
      DEFAULT_CAPACITY = 10
      EMPTY_ELEMENTDATA = class java.lang.Object[0]
      DEFAULTCAPACITY_EMPTY_ELEMENTDATA = class java.lang.Object[0]
      elementData = class java.lang.Object[3]
      size = 0
      MAX_ARRAY_SIZE = 2147483639
      modCount = 0
      MAX_ARRAY_SIZE = 2147483639
    requestMapper = class com.ibm.wsspi.webcontainer.util.URIMapper@6569b50f
      matcher = class com.ibm.wsspi.webcontainer.util.URIMatcher@3a266ac9
    parent = class com.ibm.ws.webcontainer.osgi.webapp.WebGroup@fa909c2
      tc = class com.ibm.websphere.ras.TraceComponent@4d9d4a59
      logger = class com.ibm.ws.logging.internal.WsLogger@46d0afd5
      CLASS_NAME = "com.ibm.ws.webcontainer.webapp.WebGroup"
      sessUrlRewritePrefix = ";jsessionid="
      qMark = "?"
      config = class com.ibm.ws.webcontainer.osgi.webapp.WebGroupConfiguration@3b872f7
      webApp = class com.ibm.ws.webcontainer31.osgi.webapp.WebApp31@5a5024d8
      commands = class java.util.ArrayList@16c352f
      requestMapper = null
      parent = class com.ibm.ws.webcontainer.osgi.DynamicVirtualHost@1e81b442
      name = "/CookTimeServer/*"
      isAlive = true
      subElements = class java.util.HashMap@30c8c59c
      attributes = null
      config = null
      serialVersionUID = -8271459000149267764
      $$$tc$$$ = class com.ibm.websphere.ras.TraceComponent@240843b
    name = "CookTimeServer"
    isAlive = true
    subElements = null
    attributes = class java.util.concurrent.ConcurrentHashMap@75ec87d6
      serialVersionUID = 7249069246763182397
      MAXIMUM_CAPACITY = 1073741824
      DEFAULT_CAPACITY = 16
      MAX_ARRAY_SIZE = 2147483639
      DEFAULT_CONCURRENCY_LEVEL = 16
      LOAD_FACTOR = 0.75
      TREEIFY_THRESHOLD = 8
      UNTREEIFY_THRESHOLD = 6
      MIN_TREEIFY_CAPACITY = 64
      MIN_TRANSFER_STRIDE = 16
      RESIZE_STAMP_BITS = 16
      MAX_RESIZERS = 65535
      RESIZE_STAMP_SHIFT = 16
      MOVED = -1
      TREEBIN = -2
      RESERVED = -3
      HASH_BITS = 2147483647
      NCPU = 8
      serialPersistentFields = class java.io.ObjectStreamField[3]
      table = class java.util.concurrent.ConcurrentHashMap$Node[128]
      nextTable = null
      baseCount = 48
      sizeCtl = 96
      transferIndex = 0
      cellsBusy = 0
      counterCells = null
      keySet = null
      values = null
      entrySet = null
      U = class sun.misc.Unsafe@1e102a83
      SIZECTL = 20
      TRANSFERINDEX = 32
      BASECOUNT = 24
      CELLSBUSY = 36
      CELLVALUE = 144
      ABASE = 16
      ASHIFT = 2
      keySet = null
      values = null
    config = null
    serialVersionUID = -8271459000149267764
    $$$tc$$$ = class com.ibm.websphere.ras.TraceComponent@240843b
      strings[0] = "TraceComponent[com.ibm.ws.container.AbstractContainer,class com.ibm.ws.container.AbstractContainer,[],null,null]"

