------Start of DE processing------ = [7/8/20 23:23:54:421 CST]
Exception = com.ibm.websphere.servlet.error.ServletErrorReport
Source = com.ibm.ws.webcontainer.filter.WebAppFilterChain.doFilter
probeid = 82
Stack Dump = com.ibm.websphere.servlet.error.ServletErrorReport: java.lang.ExceptionInInitializerError
	at com.ibm.ws.webcontainer.servlet.ServletWrapper.service(ServletWrapper.java:1328)
	at com.ibm.ws.webcontainer.servlet.ServletWrapper.handleRequest(ServletWrapper.java:729)
	at com.ibm.ws.webcontainer.servlet.ServletWrapper.handleRequest(ServletWrapper.java:426)
	at com.ibm.ws.webcontainer.filter.WebAppFilterChain.invokeTarget(WebAppFilterChain.java:182)
	at com.ibm.ws.webcontainer.filter.WebAppFilterChain.doFilter(WebAppFilterChain.java:93)
	at com.ibm.ws.security.jaspi.JaspiServletFilter.doFilter(JaspiServletFilter.java:56)
	at com.ibm.ws.webcontainer.filter.FilterInstanceWrapper.doFilter(FilterInstanceWrapper.java:201)
	at com.ibm.ws.webcontainer.filter.WebAppFilterChain.doFilter(WebAppFilterChain.java:90)
	at com.ibm.ws.webcontainer.filter.WebAppFilterManager.doFilter(WebAppFilterManager.java:1001)
	at com.ibm.ws.webcontainer.filter.WebAppFilterManager.invokeFilters(WebAppFilterManager.java:1139)
	at com.ibm.ws.webcontainer.webapp.WebApp.handleRequest(WebApp.java:5037)
	at com.ibm.ws.webcontainer.osgi.DynamicVirtualHost$2.handleRequest(DynamicVirtualHost.java:314)
	at com.ibm.ws.webcontainer.WebContainer.handleRequest(WebContainer.java:1007)
	at com.ibm.ws.webcontainer.osgi.DynamicVirtualHost$2.run(DynamicVirtualHost.java:279)
	at com.ibm.ws.http.dispatcher.internal.channel.HttpDispatcherLink$TaskWrapper.run(HttpDispatcherLink.java:1134)
	at com.ibm.ws.http.dispatcher.internal.channel.HttpDispatcherLink.wrapHandlerAndExecute(HttpDispatcherLink.java:415)
	at com.ibm.ws.http.dispatcher.internal.channel.HttpDispatcherLink.ready(HttpDispatcherLink.java:374)
	at com.ibm.ws.http.channel.internal.inbound.HttpInboundLink.handleDiscrimination(HttpInboundLink.java:546)
	at com.ibm.ws.http.channel.internal.inbound.HttpInboundLink.handleNewRequest(HttpInboundLink.java:480)
	at com.ibm.ws.http.channel.internal.inbound.HttpInboundLink.processRequest(HttpInboundLink.java:345)
	at com.ibm.ws.http.channel.internal.inbound.HttpInboundLink.ready(HttpInboundLink.java:316)
	at com.ibm.ws.tcpchannel.internal.NewConnectionInitialReadCallback.sendToDiscriminators(NewConnectionInitialReadCallback.java:167)
	at com.ibm.ws.tcpchannel.internal.NewConnectionInitialReadCallback.complete(NewConnectionInitialReadCallback.java:75)
	at com.ibm.ws.tcpchannel.internal.WorkQueueManager.requestComplete(WorkQueueManager.java:504)
	at com.ibm.ws.tcpchannel.internal.WorkQueueManager.attemptIO(WorkQueueManager.java:574)
	at com.ibm.ws.tcpchannel.internal.WorkQueueManager.workerRun(WorkQueueManager.java:958)
	at com.ibm.ws.tcpchannel.internal.WorkQueueManager$Worker.run(WorkQueueManager.java:1047)
	at com.ibm.ws.threading.internal.ExecutorServiceImpl$RunnableWrapper.run(ExecutorServiceImpl.java:239)
	at java.util.concurrent.ThreadPoolExecutor.runWorker(Unknown Source)
	at java.util.concurrent.ThreadPoolExecutor$Worker.run(Unknown Source)
	at java.lang.Thread.run(Unknown Source)
Caused by: java.lang.ExceptionInInitializerError
	at cr.ac.tec.resources.Authorization.validateAuthorization(Authorization.java:39)
	at cr.ac.tec.resources.Authorization.filter(Authorization.java:68)
	at org.apache.cxf.jaxrs.utils.JAXRSUtils.runContainerRequestFilters(JAXRSUtils.java:1768)
	at org.apache.cxf.jaxrs.interceptor.JAXRSInInterceptor.processRequest(JAXRSInInterceptor.java:123)
	at org.apache.cxf.jaxrs.interceptor.JAXRSInInterceptor.handleMessage(JAXRSInInterceptor.java:90)
	at org.apache.cxf.phase.PhaseInterceptorChain.doIntercept(PhaseInterceptorChain.java:309)
	at org.apache.cxf.transport.ChainInitiationObserver.onMessage(ChainInitiationObserver.java:124)
	at org.apache.cxf.transport.http.AbstractHTTPDestination.invoke(AbstractHTTPDestination.java:271)
	at com.ibm.ws.jaxrs20.endpoint.AbstractJaxRsWebEndpoint.invoke(AbstractJaxRsWebEndpoint.java:136)
	at com.ibm.websphere.jaxrs.server.IBMRestServlet.handleRequest(IBMRestServlet.java:146)
	at com.ibm.websphere.jaxrs.server.IBMRestServlet.doGet(IBMRestServlet.java:112)
	at javax.servlet.http.HttpServlet.service(HttpServlet.java:687)
	at com.ibm.websphere.jaxrs.server.IBMRestServlet.service(IBMRestServlet.java:96)
	at com.ibm.ws.webcontainer.servlet.ServletWrapper.service(ServletWrapper.java:1230)
	... 30 more
Caused by: java.lang.NullPointerException
	at cr.ac.tec.trees.BinaryTree.add(BinaryTree.java:28)
	at cr.ac.tec.trees.BinaryTree.add(BinaryTree.java:31)
	at cr.ac.tec.trees.BinaryTree.insert(BinaryTree.java:24)
	at cr.ac.tec.trees.BinaryTree.createUser(BinaryTree.java:20)
	at cr.ac.tec.resources.Trees.<clinit>(Trees.java:34)
	... 44 more

Dump of callerThis
Object type = com.ibm.ws.webcontainer.filter.WebAppFilterChain
  _filters = class java.util.ArrayList@2e650004
    serialVersionUID = 8683452581122892189
    DEFAULT_CAPACITY = 10
    EMPTY_ELEMENTDATA = class java.lang.Object[0]
    DEFAULTCAPACITY_EMPTY_ELEMENTDATA = class java.lang.Object[0]
    elementData = class java.lang.Object[5]
      Object[0] = class com.ibm.ws.webcontainer.filter.FilterInstanceWrapper@47a8f5d0
      Object[1] = null
      Object[2] = null
      Object[3] = null
      Object[4] = null
    size = 1
    MAX_ARRAY_SIZE = 2147483639
    modCount = 1
    MAX_ARRAY_SIZE = 2147483639
  _currentFilterIndex = 1
  _numberOfFilters = 1
  requestProcessor = class com.ibm.ws.webcontainer.osgi.servlet.ServletWrapper@6275b7ef
    serialVersionUID = 1
    _mo = null
    serialVersionUID = -4479626085298397598
    notifyInvocationListeners = false
    UNINITIALIZED_STATE = -1
    AVAILABLE_STATE = 0
    UNAVAILABLE_STATE = 1
    UNAVAILABLE_PERMANENTLY_STATE = 2
    collabHelper = class com.ibm.ws.webcontainer.osgi.collaborator.CollaboratorHelperImpl@354ce0a0
    nServicing = class java.util.concurrent.atomic.AtomicInteger@7b6aac37
      serialVersionUID = 6214790243416807050
      unsafe = class sun.misc.Unsafe@7ee08794
      valueOffset = 12
      value = 0
      serialVersionUID = -8742448824652078965
    lastAccessTime = 1594272228052
    state = 0
    logger = class com.ibm.ws.logging.internal.WsLogger@4940fd69
      tc = class com.ibm.websphere.ras.TraceComponent@2e2863b5
      ivCachedResourceBundleName = "com.ibm.ws.webcontainer.resources.Messages"
      ivCachedResourceBundle = class com.ibm.ws.webcontainer.resources.Messages@1814cf55
      ivComponent = null
      ivOrganization = null
      ivProduct = null
      ivMinimumLocalizationLevelIntValue = 625
      ivTC = class com.ibm.websphere.ras.TraceComponent@5e7328e
      loggerRegistrationComponent = class java.lang.ThreadLocal@4762e40a
      emptyHandlers = class java.util.logging.Handler[0]
      offValue = 2147483647
      SYSTEM_LOGGER_RB_NAME = "sun.util.logging.resources.logging"
      SYSTEM_BUNDLE = class java.util.logging.Logger$LoggerBundle@1e700308
      NO_RESOURCE_BUNDLE = class java.util.logging.Logger$LoggerBundle@5b26b84e
      manager = class com.ibm.ws.kernel.boot.logging.WsLogManager@6c7715dc
      name = "com.ibm.ws.webcontainer.servlet"
      handlers = class java.util.concurrent.CopyOnWriteArrayList@3d551e5d
      loggerBundle = class java.util.logging.Logger$LoggerBundle@3bfe2c4b
      useParentHandlers = true
      filter = null
      anonymous = false
      catalog = class com.ibm.ws.webcontainer.resources.Messages@1814cf55
      catalogName = "com.ibm.ws.webcontainer.resources.Messages"
      catalogLocale = class java.util.Locale@b155025
      treeLock = class java.lang.Object@37ab4976
      parent = class com.ibm.ws.logging.internal.WsLogger@34e683ee
      kids = null
      levelObject = class java.util.logging.Level@ab68c40
      levelValue = 800
      callersClassLoaderRef = class java.lang.ref.WeakReference@5885aebe
      isSystemLogger = false
      GLOBAL_LOGGER_NAME = "global"
      global = class java.util.logging.Logger@781d2f6a
      $assertionsDisabled = true
    CLASS_NAME = "com.ibm.ws.webcontainer.servlet.ServletWrapper"
    nls = class com.ibm.ejs.ras.TraceNLS@6765eb62
      resolver = class com.ibm.ws.logging.internal.TraceNLSResolver@6d09041b
      finder = class com.ibm.ws.logging.internal.StackFinder@65f7d1d
      ivBundleName = "com.ibm.ws.webcontainer.resources.Messages"
      caller = class java.lang.Class@1becfb07
    servletConfig = class com.ibm.ws.webcontainer.servlet.ServletConfig@6e671fdf
      logger = class com.ibm.ws.logging.internal.WsLogger@4940fd69
      CLASS_NAME = "com.ibm.ws.webcontainer.servlet.ServletConfig"
      nls = class com.ibm.ejs.ras.TraceNLS@1f3d3c0f
      liberty_nls = class com.ibm.ejs.ras.TraceNLS@7045ae85
      enabled = true
      servletName = "cr.ac.tec.resources.RestAPI"
      className = null
      mappings = class java.util.ArrayList@64acfeb3
      startUpWeight = null
      DEFAULT_STARTUP = -1
      isCachingEnabled = true
      isStatisticsEnabled = true
      isInternal = false
      metaData = class com.ibm.ws.webcontainer.osgi.metadata.WebComponentMetaDataImpl@4d2ed54a
      singleThreadModelServlet = false
      isJsp = false
      webAppConfig = class com.ibm.ws.webcontainer.osgi.webapp.WebAppConfiguration@15992921
      servletWrapper = class com.ibm.ws.webcontainer.osgi.servlet.ServletWrapper@6275b7ef
      servletClass = class java.lang.Class@4b7d3280
      servlet = class com.ibm.websphere.jaxrs.server.IBMRestServlet@76354e5b
      addedToLoadOnStartup = true
      previousWeight = null
      multipartConfig = null
      multipartConfigBaseLocation = null
      runAsRole = null
      servletSecurityElement = null
      declareRolesAnnotation = null
      logger = class com.ibm.ws.logging.internal.WsLogger@4940fd69
      CLASS_NAME = "com.ibm.ws.webcontainer.servlet.TargetConfig"
      initParams = null
      fileName = null
      displayName = null
      name = "cr.ac.tec.resources.RestAPI"
      description = null
      smallIcon = null
      largeIcon = null
      context = class com.ibm.ws.webcontainer31.facade.ServletContextFacade31@2cde7509
      className = null
      asyncSupported = true
      _id = "cr.ac.tec.resources.RestAPI"
      _attributes = null
      serialVersionUID = 7511545662945734886
      $$$tc$$$ = class com.ibm.websphere.ras.TraceComponent@14d2143f
    context = class com.ibm.ws.webcontainer31.osgi.webapp.WebApp31@58cca6df
    target = class com.ibm.websphere.jaxrs.server.IBMRestServlet@76354e5b
      serialVersionUID = -6835560282014155024
      KNOWN_HTTP_VERBS = class java.util.Arrays$ArrayList@7ee055fc
      HTML_CONTENT_TYPE = "text/html"
      endpoint = class com.ibm.ws.jaxrs20.server.JaxRsWebEndpointImpl@7a0fb1b1
      collaborator = class com.ibm.ws.webcontainer.osgi.collaborator.WebAppNameSpaceCollaboratorImpl@64a88025
      providerFactoryService = class com.ibm.ws.jaxrs20.component.JaxRsProviderFactory@2f922712
      $$$tc$$$ = class com.ibm.websphere.ras.TraceComponent@78839dba
      METHOD_DELETE = "DELETE"
      METHOD_HEAD = "HEAD"
      METHOD_GET = "GET"
      METHOD_OPTIONS = "OPTIONS"
      METHOD_POST = "POST"
      METHOD_PUT = "PUT"
      METHOD_TRACE = "TRACE"
      HEADER_IFMODSINCE = "If-Modified-Since"
      HEADER_LASTMOD = "Last-Modified"
      LSTRING_FILE = "javax.servlet.http.LocalStrings"
      lStrings = class java.util.PropertyResourceBundle@578751a2
      LSTRING_FILE = "javax.servlet.LocalStrings"
      lStrings = class java.util.PropertyResourceBundle@406a52a7
      config = class com.ibm.ws.webcontainer.servlet.ServletConfig@6e671fdf
    cacheWrappers = null
    targetLoader = null
    evtSource = class com.ibm.ws.webcontainer.webapp.WebAppEventSource@475dbf8c
    event = class com.ibm.websphere.servlet.event.ServletEvent@38d05e41
      serialVersionUID = 3906650803920713522
      _servletName = "cr.ac.tec.resources.RestAPI"
      _servletClassName = "com.ibm.websphere.jaxrs.server.IBMRestServlet"
      $$$tc$$$ = class com.ibm.websphere.ras.TraceComponent@2c6fbb2c
      serialVersionUID = 3546927969739289392
      _context = class com.ibm.ws.webcontainer31.facade.ServletContextFacade31@2cde7509
      _servletNames = class com.ibm.ws.webcontainer.util.EmptyEnumeration@39eaef40
      $$$tc$$$ = class com.ibm.websphere.ras.TraceComponent@47fba455
      serialVersionUID = 5516075349620653480
      source = class com.ibm.ws.webcontainer.osgi.servlet.ServletWrapper@6275b7ef
    unavailableMessage = null
    unavailableUntil = -1
    isSTM = false
    internalServlet = false
    webAppInvocationCollaborators = null
    platformHelper = class com.ibm.ws.webcontainer.PlatformHelper@70a69cc2
    webAppNameSpaceCollab = class com.ibm.ws.webcontainer.osgi.collaborator.WebAppNameSpaceCollaboratorImpl@64a88025
    txCollab = class com.ibm.ws.transaction.services.WebAppTransactionCollaboratorImpl@1eb9f0b1
    suppressServletExceptionLogging = false
    throwExceptionEnum = class java.util.RegularEnumSet@2669ecee
      serialVersionUID = 3411599620347842686
      elements = 256
      elementType = class java.lang.Class@1f6b4fe2
      universe = class com.ibm.wsspi.webcontainer.collaborator.CollaboratorInvocationEnum[9]
      ZERO_LENGTH_ENUM_ARRAY = class java.lang.Enum[0]
      MAX_ARRAY_SIZE = 2147483639
    discernUnavailableServlet = false
    reInitServletonInitUnavailableException = true
    destroyServletonServiceUnavailableException = false
    servlet23 = true
    PARAMS_HEAD_TRACE = class java.lang.Class[2]
      Class[0] = class java.lang.Class@4bc025c4
      Class[1] = class java.lang.Class@2bfc67dc
    defaultHeadMethodInUse = false
    defaultTraceMethodInUse = false
    checkedForDefaultMethods = null
    defaultTraceRequestBehavior = false
    defaultHeadRequestBehavior = false
    useOriginalRequestState = false
    warningStatusSet = false
    LSTRING_FILE = "javax.servlet.LocalStrings"
    lStrings = class java.util.PropertyResourceBundle@406a52a7
      lookup = class java.util.HashMap@c96485e
      INITIAL_CACHE_SIZE = 32
      NONEXISTENT_BUNDLE = class java.util.ResourceBundle$1@731dbfcd
      cacheList = class java.util.concurrent.ConcurrentHashMap@739bc20b
      referenceQueue = class java.lang.ref.ReferenceQueue@3700a0cb
      parent = null
      locale = class java.util.Locale@73881d85
      name = "javax.servlet.LocalStrings"
      expired = false
      cacheKey = class java.util.ResourceBundle$CacheKey@6f716c7d
      keySet = null
      providers = null
      $assertionsDisabled = true
    config = null
  _filtersDefined = true
  logger = class com.ibm.ws.logging.internal.WsLogger@1269645a
    tc = class com.ibm.websphere.ras.TraceComponent@2e2863b5
      strings[0] = "TraceComponent[com.ibm.ws.logging.internal.WsLogger,class com.ibm.ws.logging.internal.WsLogger,[logging],com.ibm.ws.logging.internal.resources.LoggingMessages,null]"
    ivCachedResourceBundleName = null
    ivCachedResourceBundle = null
    ivComponent = null
    ivOrganization = null
    ivProduct = null
    ivMinimumLocalizationLevelIntValue = 625
    ivTC = class com.ibm.websphere.ras.TraceComponent@4afb22d9
      strings[0] = "TraceComponent[com.ibm.ws.webcontainer.filter,class com.ibm.wsspi.webcontainer.logging.LoggerFactory$1,[com.ibm.ws.webcontainer.filter],null,null]"
    loggerRegistrationComponent = class java.lang.ThreadLocal@4762e40a
      threadLocalHashCode = 1914802624
      nextHashCode = class java.util.concurrent.atomic.AtomicInteger@6648735a
      HASH_INCREMENT = 1640531527
    emptyHandlers = class java.util.logging.Handler[0]
    offValue = 2147483647
    SYSTEM_LOGGER_RB_NAME = "sun.util.logging.resources.logging"
    SYSTEM_BUNDLE = class java.util.logging.Logger$LoggerBundle@1e700308
      resourceBundleName = "sun.util.logging.resources.logging"
      userBundle = null
    NO_RESOURCE_BUNDLE = class java.util.logging.Logger$LoggerBundle@5b26b84e
      resourceBundleName = null
      userBundle = null
    manager = class com.ibm.ws.kernel.boot.logging.WsLogManager@6c7715dc
      CLASS_NAME = "com.ibm.ws.kernel.boot.logging.WsLogManager"
      CONFIGURE_BY_SERVER_PROPERTY_NAME = "java.util.logging.configureByServer"
      CONFIGURE_BY_LOGGING_PROPERTIES_FILE = "java.util.logging.configureByLoggingPropertiesFile"
      configureByServer = true
      configureByLoggingProperties = false
      wsLogger = class java.lang.reflect.Constructor@4e42c9b7
      resetEnabled = true
      svBinaryLoggingEnable = false
      manager = class com.ibm.ws.kernel.boot.logging.WsLogManager@6c7715dc
      props = class java.util.Properties@34c39841
      defaultLevel = class java.util.logging.Level@ab68c40
      listenerMap = class java.util.HashMap@491eb8fd
      systemContext = class java.util.logging.LogManager$SystemLoggerContext@49d86fe9
      userContext = class java.util.logging.LogManager$LoggerContext@118f1814
      rootLogger = class java.util.logging.LogManager$RootLogger@39268bf4
      readPrimordialConfiguration = true
      initializedGlobalHandlers = true
      deathImminent = false
      initializedCalled = true
      initializationDone = true
      contextsMap = null
      loggerRefQueue = class java.lang.ref.ReferenceQueue@543157d
      MAX_ITERATIONS = 400
      controlPermission = class java.util.logging.LoggingPermission@f6e951b
      loggingMXBean = null
      LOGGING_MXBEAN_NAME = "java.util.logging:type=Logging"
      $assertionsDisabled = true
    name = "com.ibm.ws.webcontainer.filter"
    handlers = class java.util.concurrent.CopyOnWriteArrayList@3ce5feec
      serialVersionUID = 8673264195747942595
      lock = class java.util.concurrent.locks.ReentrantLock@40feb142
      array = class java.lang.Object[0]
      UNSAFE = class sun.misc.Unsafe@7ee08794
      lockOffset = 12
    loggerBundle = class java.util.logging.Logger$LoggerBundle@2293d23b
      resourceBundleName = "com.ibm.ws.webcontainer.resources.Messages"
      userBundle = null
    useParentHandlers = true
    filter = null
    anonymous = false
    catalog = class com.ibm.ws.webcontainer.resources.Messages@1814cf55
      resources = class [Ljava.lang.Object;[338]
      lookup = class java.util.HashMap@42134f7e
      INITIAL_CACHE_SIZE = 32
      NONEXISTENT_BUNDLE = class java.util.ResourceBundle$1@731dbfcd
      cacheList = class java.util.concurrent.ConcurrentHashMap@739bc20b
      referenceQueue = class java.lang.ref.ReferenceQueue@3700a0cb
      parent = null
      locale = class java.util.Locale@73881d85
      name = "com.ibm.ws.webcontainer.resources.Messages"
      expired = false
      cacheKey = class java.util.ResourceBundle$CacheKey@6f3071ea
      keySet = null
      providers = null
      $assertionsDisabled = true
    catalogName = "com.ibm.ws.webcontainer.resources.Messages"
    catalogLocale = class java.util.Locale@b155025
      LOCALECACHE = class java.util.Locale$Cache@603fb61d
      ENGLISH = class java.util.Locale@18b5b58c
      FRENCH = class java.util.Locale@64f93552
      GERMAN = class java.util.Locale@478c26ae
      ITALIAN = class java.util.Locale@5a9eef1c
      JAPANESE = class java.util.Locale@6f322816
      KOREAN = class java.util.Locale@424cc307
      CHINESE = class java.util.Locale@645334b6
      SIMPLIFIED_CHINESE = class java.util.Locale@4918d12f
      TRADITIONAL_CHINESE = class java.util.Locale@37142282
      FRANCE = class java.util.Locale@13e49b9c
      GERMANY = class java.util.Locale@6eefebd2
      ITALY = class java.util.Locale@6171ce89
      JAPAN = class java.util.Locale@7767e017
      KOREA = class java.util.Locale@4068bd1c
      CHINA = class java.util.Locale@4918d12f
      PRC = class java.util.Locale@4918d12f
      TAIWAN = class java.util.Locale@37142282
      UK = class java.util.Locale@51486fb8
      US = class java.util.Locale@b155025
      CANADA = class java.util.Locale@3e22e69e
      CANADA_FRENCH = class java.util.Locale@768dde15
      ROOT = class java.util.Locale@73881d85
      PRIVATE_USE_EXTENSION = x
      UNICODE_LOCALE_EXTENSION = u
      serialVersionUID = 9149081749638150636
      DISPLAY_LANGUAGE = 0
      DISPLAY_COUNTRY = 1
      DISPLAY_VARIANT = 2
      DISPLAY_SCRIPT = 3
      baseLocale = class sun.util.locale.BaseLocale@4890855e
      localeExtensions = null
      hashCodeValue = 96636889
      defaultLocale = class java.util.Locale@b155025
      defaultDisplayLocale = null
      defaultFormatLocale = class java.util.Locale@b155025
      languageTag = "en-US"
      serialPersistentFields = class java.io.ObjectStreamField[6]
      isoLanguages = null
      isoCountries = null
      $assertionsDisabled = true
    treeLock = class java.lang.Object@37ab4976
    parent = class com.ibm.ws.logging.internal.WsLogger@34e683ee
      tc = class com.ibm.websphere.ras.TraceComponent@2e2863b5
      ivCachedResourceBundleName = "com.ibm.ws.webcontainer.resources.Messages"
      ivCachedResourceBundle = class com.ibm.ws.webcontainer.resources.Messages@1814cf55
      ivComponent = null
      ivOrganization = null
      ivProduct = null
      ivMinimumLocalizationLevelIntValue = 625
      ivTC = class com.ibm.websphere.ras.TraceComponent@29c10480
      loggerRegistrationComponent = class java.lang.ThreadLocal@4762e40a
      emptyHandlers = class java.util.logging.Handler[0]
      offValue = 2147483647
      SYSTEM_LOGGER_RB_NAME = "sun.util.logging.resources.logging"
      SYSTEM_BUNDLE = class java.util.logging.Logger$LoggerBundle@1e700308
      NO_RESOURCE_BUNDLE = class java.util.logging.Logger$LoggerBundle@5b26b84e
      manager = class com.ibm.ws.kernel.boot.logging.WsLogManager@6c7715dc
      name = "com.ibm.ws.webcontainer"
      handlers = class java.util.concurrent.CopyOnWriteArrayList@641b85df
      loggerBundle = class java.util.logging.Logger$LoggerBundle@41177c9b
      useParentHandlers = true
      filter = null
      anonymous = false
      catalog = class com.ibm.ws.webcontainer.resources.Messages@1814cf55
      catalogName = "com.ibm.ws.webcontainer.resources.Messages"
      catalogLocale = class java.util.Locale@b155025
      treeLock = class java.lang.Object@37ab4976
      parent = class java.util.logging.Logger@3c5d5631
      kids = class java.util.ArrayList@3f2c8391
      levelObject = class java.util.logging.Level@ab68c40
      levelValue = 800
      callersClassLoaderRef = class java.lang.ref.WeakReference@7a1ccd6
      isSystemLogger = false
      GLOBAL_LOGGER_NAME = "global"
      global = class java.util.logging.Logger@781d2f6a
      $assertionsDisabled = true
    kids = null
    levelObject = class java.util.logging.Level@ab68c40
      defaultBundle = "sun.util.logging.resources.logging"
      name = "INFO"
      value = 800
      resourceBundleName = "sun.util.logging.resources.logging"
      localizedLevelName = "INFO"
      cachedLocale = class java.util.Locale@b155025
      OFF = class java.util.logging.Level@2cb10ff5
      SEVERE = class java.util.logging.Level@122517c6
      WARNING = class java.util.logging.Level@7fc25e61
      INFO = class java.util.logging.Level@ab68c40
      CONFIG = class java.util.logging.Level@71f094eb
      FINE = class java.util.logging.Level@559af387
      FINER = class java.util.logging.Level@6f3b55d5
      FINEST = class java.util.logging.Level@2e72f05
      ALL = class java.util.logging.Level@7745b47e
      serialVersionUID = -8176160795706313070
    levelValue = 800
    callersClassLoaderRef = class java.lang.ref.WeakReference@468e7da4
      referent = class org.eclipse.osgi.internal.loader.EquinoxClassLoader@264996a9
      queue = class java.lang.ref.ReferenceQueue$Null@6423cb1d
      next = null
      discovered = null
      lock = class java.lang.ref.Reference$Lock@71118632
      pending = null
    isSystemLogger = false
    GLOBAL_LOGGER_NAME = "global"
    global = class java.util.logging.Logger@781d2f6a
      emptyHandlers = class java.util.logging.Handler[0]
      offValue = 2147483647
      SYSTEM_LOGGER_RB_NAME = "sun.util.logging.resources.logging"
      SYSTEM_BUNDLE = class java.util.logging.Logger$LoggerBundle@1e700308
      NO_RESOURCE_BUNDLE = class java.util.logging.Logger$LoggerBundle@5b26b84e
      manager = class com.ibm.ws.kernel.boot.logging.WsLogManager@6c7715dc
      name = "global"
      handlers = class java.util.concurrent.CopyOnWriteArrayList@754167da
      loggerBundle = class java.util.logging.Logger$LoggerBundle@5b26b84e
      useParentHandlers = true
      filter = null
      anonymous = false
      catalog = null
      catalogName = null
      catalogLocale = null
      treeLock = class java.lang.Object@37ab4976
      parent = class java.util.logging.LogManager$RootLogger@39268bf4
      kids = null
      levelObject = null
      levelValue = 800
      callersClassLoaderRef = null
      isSystemLogger = true
      GLOBAL_LOGGER_NAME = "global"
      global = class java.util.logging.Logger@781d2f6a
      $assertionsDisabled = true
    $assertionsDisabled = true
  CLASS_NAME = "com.ibm.ws.webcontainer.filter.WebAppFilterChain"
  webapp = class com.ibm.ws.webcontainer31.osgi.webapp.WebApp31@58cca6df
    tc = class com.ibm.websphere.ras.TraceComponent@65849087
      strings[0] = "TraceComponent[com.ibm.ws.webcontainer31.osgi.webapp.WebApp31,class com.ibm.ws.webcontainer31.osgi.webapp.WebApp31,[webcontainer],com.ibm.ws.webcontainer31.resources.Messages,null]"
    CLASS_NAME = "com.ibm.ws.webcontainer31.osgi.webapp.WebApp31"
    servlet31NLS = class com.ibm.ejs.ras.TraceNLS@4824001b
      resolver = class com.ibm.ws.logging.internal.TraceNLSResolver@6d09041b
      finder = class com.ibm.ws.logging.internal.StackFinder@65f7d1d
      ivBundleName = "com.ibm.ws.webcontainer31.resources.Messages"
      caller = class java.lang.Class@404b7b61
    validListenerClasses = class java.lang.Class[7]
      Class[0] = class java.lang.Class@724d34b
      Class[1] = class java.lang.Class@4a0424cc
      Class[2] = class java.lang.Class@4edda3e4
      Class[3] = class java.lang.Class@3fdc5af1
      Class[4] = class java.lang.Class@b9312d
      Class[5] = class java.lang.Class@3c9daa03
      Class[6] = class java.lang.Class@70710b9f
    wsocServHandler = class com.ibm.ws.wsoc.external.WsocHandlerImpl@38b1f
      tc = class com.ibm.websphere.ras.TraceComponent@6f9028b2
      noMoreAddsCalled = true
      serialVersionUID = -2067291126638824067
    tc = class com.ibm.websphere.ras.TraceComponent@53f1a004
      strings[0] = "TraceComponent[com.ibm.ws.webcontainer.osgi.webapp.WebApp,class com.ibm.ws.webcontainer.osgi.webapp.WebApp,[webcontainer],com.ibm.ws.webcontainer.resources.LShimMessages,null]"
    CLASS_NAME = "com.ibm.ws.webcontainer.osgi.webapp.WebApp"
    metaDataService = class com.ibm.ws.container.service.metadata.internal.MetaDataServiceImpl@1174920a
      applicationMetaDataManager = class com.ibm.ws.container.service.metadata.internal.ApplicationMetaDataManager@f79d938
      moduleMetaDataManager = class com.ibm.ws.container.service.metadata.internal.ModuleMetaDataManager@2f764b17
      componentMetaDataManager = class com.ibm.ws.container.service.metadata.internal.ComponentMetaDataManager@3be91644
      methodMetaDataManager = class com.ibm.ws.container.service.metadata.internal.MethodMetaDataManager@28ab1a0c
      appModuleNameToModuleContainer = class java.util.concurrent.ConcurrentHashMap@695ab638
      jeeNameToComponentMetaData = class java.util.concurrent.ConcurrentHashMap@746966f7
      deferredMetaDataFactories = class com.ibm.wsspi.kernel.service.utils.ConcurrentServiceReferenceSet@7410508
      deferredMetaDataInitializers = class com.ibm.wsspi.kernel.service.utils.ConcurrentServiceReferenceMap@774a0496
      serialVersionUID = -2494605732980966097
      $$$tc$$$ = class com.ibm.websphere.ras.TraceComponent@49f74764
    namespacePopulated = false
    referenceContext = class com.ibm.ws.injectionengine.osgi.internal.OSGiReferenceContextImpl@37c95228
      scopeData = class com.ibm.ws.injectionengine.osgi.internal.OSGiInjectionScopeData@59465047
      serialVersionUID = 521511923892134915
      $$$tc$$$ = class com.ibm.websphere.ras.TraceComponent@12325f5
      CLASS_NAME = "com.ibm.ws.injectionengine.ReferenceContextImpl"
      tc = class com.ibm.websphere.ras.TraceComponent@23317327
      ivInjectionEngine = class com.ibm.ws.injectionengine.osgi.internal.OSGiInjectionEngineImpl@71461791
      ivProviders = class java.util.ArrayList@411943
      ivComponentJavaContext = null
      ivComponentNameSpace = null
      ivJavaColonCompEnvMap = class java.util.LinkedHashMap@45f0ede6
      ivEjbContext10 = class java.util.Properties@4e347aad
      ivResourceRefConfigList = class com.ibm.ws.resource.internal.ResourceRefConfigListImpl@49e4ce7b
      isAlreadyProcessed = true
      ivProcessFailure = null
      ivInjectionTargetMap = class java.util.concurrent.ConcurrentHashMap@f8f1665
      svInjTarMapCacheSize = 256
      ivDeclaredInjectionTargets = class java.util.HashMap@78c9dd6
      ivProcessedInjectionClasses = class java.util.HashSet@4551cf1c
      svInjClassMapCacheSize = 512
      ivProcessedInjectionBindings = class java.util.LinkedHashSet@285d2409
      ivAnyProcessDynamic = true
      ivCheckAppConfig = false
    j2eeNameFactory = class com.ibm.ws.container.service.metadata.internal.J2EENameFactoryImpl@79b86ce7
      serialVersionUID = 3486344295038028821
      $$$tc$$$ = class com.ibm.websphere.ras.TraceComponent@4b407929
    moduleLoader = class com.ibm.ws.classloading.internal.AppClassLoader@259ff52a
      tc = class com.ibm.websphere.ras.TraceComponent@36ebc3b9
      disableSharedClassesCache = false
      PARENT_FIRST_SEARCH_ORDER = class java.util.Collections$UnmodifiableRandomAccessList@38fa928f
      packagesDefined = class java.util.Collections$SetFromMap@41a16e2e
      CLASS_LOADING_TRACE_PREFIX = "com.ibm.ws.class.load."
      DEFAULT_PACKAGE = "default.package"
      perPackageClassLoadingTraceComponents = class java.util.concurrent.ConcurrentHashMap@419f9cbc
      config = class com.ibm.ws.classloading.internal.ClassLoaderConfigurationImpl@2c27ae14
      privateLibraries = null
      delegateLoaders = class com.ibm.ws.classloading.internal.util.CompositeIterable@40253ff5
      nativeLibraryFiles = class java.util.ArrayList@a3fe9c1
      transformers = class java.util.ArrayList@37f8ee46
      apiAccess = class com.ibm.ws.classloading.internal.GatewayClassLoader@43d8928e
      generator = class com.ibm.ws.classloading.internal.ClassGeneratorManager@263ea1a3
      protectionDomains = class java.util.concurrent.ConcurrentHashMap@4f0de806
      parent = class com.ibm.ws.classloading.internal.GatewayClassLoader@43d8928e
      hook = null
      serialVersionUID = 8734164900246230615
      tc = class com.ibm.websphere.ras.TraceComponent@4180083a
      smartClassPath = class com.ibm.ws.classloading.internal.ContainerClassLoader$SmartClassPathImpl@3a8961c7
      nativeLibraryContainers = class java.util.ArrayList@4a73320e
      redefiner = class com.ibm.ws.classloading.internal.util.ClassRedefiner@1993b15a
      jarProtocol = "wsjar:"
      mapCreationQueue = class java.util.concurrent.Executors$FinalizableDelegatedExecutorService@397e37b6
      serialVersionUID = 6399598832433768509
      serialVersionUID = 1837293532091806117
      $$$tc$$$ = class com.ibm.websphere.ras.TraceComponent@46cbae8f
      serialVersionUID = -4586727107834513475
      $$$tc$$$ = class com.ibm.websphere.ras.TraceComponent@21bf383d
      serialVersionUID = -7709588811276454856
      $$$tc$$$ = class com.ibm.websphere.ras.TraceComponent@5f5aeb06
      initialized = true
      pdcache = class java.util.HashMap@4888ee07
      debug = null
      parent = class com.ibm.ws.classloading.internal.GatewayClassLoader@43d8928e
      parallelLockMap = class java.util.concurrent.ConcurrentHashMap@1bb8465a
      package2certs = class java.util.concurrent.ConcurrentHashMap@1fa52d16
      nocerts = class java.security.cert.Certificate[0]
      classes = class java.util.Vector@57ae7ad3
      defaultDomain = class java.security.ProtectionDomain@58595ef7
      packages = class java.util.HashMap@18a4930
      scl = class sun.misc.Launcher$AppClassLoader@4e0e2f2a
      sclSet = true
      loadedLibraryNames = class java.util.Vector@45cc0a32
      systemNativeLibraries = class java.util.Vector@6bbddc92
      nativeLibraries = class java.util.Vector@37f1198a
      nativeLibraryContext = class java.util.Stack@62502346
      usr_paths = class java.lang.String[42]
      sys_paths = class java.lang.String[1]
      assertionLock = class java.lang.Object@13ad9545
      defaultAssertionStatus = false
      packageAssertionStatus = null
      classAssertionStatus = null
    webAppConfig = class com.ibm.ws.webcontainer.osgi.webapp.WebAppConfiguration@15992921
      webModuleMetaData = class com.ibm.ws.webcontainer.osgi.metadata.WebModuleMetaDataImpl@191cf21
      webComponentMetaData = class com.ibm.ws.webcontainer.osgi.metadata.WebComponentMetaDataImpl@5201c5ea
      dVirtualHost = class com.ibm.ws.webcontainer.osgi.DynamicVirtualHost@d894c5b
      orderedLibPaths = class java.util.Collections$UnmodifiableRandomAccessList@9823e48
      bundleHeaders = null
      cdiEnabled = false
      CLASS_NAME = "com.ibm.ws.webcontainer.webapp.WebAppConfiguration"
      logger = class com.ibm.ws.logging.internal.WsLogger@1dd7d887
      tc = class com.ibm.websphere.ras.TraceComponent@629c9a
      nls = class com.ibm.ejs.ras.TraceNLS@6d03bb69
      version = 30
      contextRoot = "/CookTimeServer"
      isDefaultContextRootUsed = false
      sessionTimeout = 0
      moduleSessionTimeoutSet = false
      moduleSessionTrackingModeSet = false
      sessionCookieConfig = class com.ibm.ws.session.SessionCookieConfigImpl@12fb0c31
      hasProgrammaticCookieConfig = false
      sessionDefaultTrackingModeSet = class java.util.RegularEnumSet@1d9c3188
      sessionManagerConfig = class com.ibm.ws.session.SessionManagerConfig@41ee8944
      displayName = "CookTimeServer"
      description = null
      reloadInterval = 3
      distributable = false
      denyUncoveredHttpMethods = false
      reloadingEnabled = true
      serveServletsByClassnameEnabled = false
      defaultErrorPage = null
      additionalClassPath = null
      fileServingEnabled = true
      directoryBrowsingEnabled = false
      autoRequestEncoding = false
      autoResponseEncoding = false
      autoLoadFilters = false
      requestListeners = null
      requestAttributeListeners = null
      sessionListeners = null
      localeMap = null
      moduleName = "CookTimeServer"
      j2eeModuleName = "CookTimeServer.war"
      moduleId = null
      isSyncToThreadEnabled = false
      encodeDispatchedRequestURI = false
      isSystemApp = false
      ardEnabled = false
      ardDispatchType = null
      listeners = class java.util.ArrayList@3146aae3
      welcomeFileList = class java.util.ArrayList@7b96b27e
      servletMappings = class java.util.HashMap@77adcf5
      lastIndexBeforeDeclaredFilters = 1
      filterMappings = class java.util.ArrayList@32ebc1f7
      servletInfo = class java.util.concurrent.ConcurrentHashMap@36fe74fb
      filterInfo = class java.util.HashMap@78352518
      mimeMappings = class java.util.HashMap@29f9c39f
      mimeFilters = null
      isMimeFilteringEnabled = false
      theWebGroup = null
      jspAttributes = class java.util.HashMap@45f15b2e
      fileServingAttributes = class java.util.HashMap@edb6c7
      invokerAttributes = class java.util.HashMap@51215e27
      contextParams = class java.util.HashMap@36238aa7
      virtualHost = "default_host"
      exceptionErrorPages = class java.util.HashMap@79449f66
      codeErrorPages = class java.util.HashMap@14f25507
      tagLibList = null
      precompileJsps = false
      webApp = class com.ibm.ws.webcontainer31.osgi.webapp.WebApp31@58cca6df
      virtualHostList = class java.util.Collections$EmptyList@4f79e1d8
      appStartupWeight = 0
      moduleStartupWeight = 0
      metaDataComplete = false
      classesToScan = class java.util.ArrayList@65a52c22
      uriFilterMappingInfos = class java.util.ArrayList@38c7205f
      servletFilterMappingInfos = null
      dynamicServletRegistrationMap = null
      applicationName = "CookTimeServer"
      libBinPathList = class java.util.ArrayList@3e1b102d
      webXmlDefinedListeners = class java.util.HashSet@3eec5117
      allRefs = class java.util.EnumMap@72e4aed4
      allRefBindings = class java.util.EnumMap@7320ad0f
      envEntryValues = class java.util.HashMap@15dc513e
      resourceRefConfigList = class com.ibm.ws.resource.internal.ResourceRefConfigListImpl@49e4ce7b
      disallowAllFileServingProp = "false"
      disallowServeServletsByClassnameProp = "true"
      disableStaticMappingCache = false
      jspCachedLocations = class java.util.HashMap@1ea14b9d
      primedSTSHeader = "NoValue"
      enablemultireadofpostdata = false
      requestEncoding = null
      responseEncoding = null
      NULLSERVLETNAME = "com.ibm.ws.webcontainer.NullServletName"
      _id = "WebAppGeneratedId1"
      _attributes = null
      serialVersionUID = 7511545662945734886
      $$$tc$$$ = class com.ibm.websphere.ras.TraceComponent@14d2143f
    extensionProcessingDisabled = false
    managedObjectService = class com.ibm.ws.cdi.impl.managedobject.CDIManagedObjectService@9de13fe
      cdiServiceRef = class com.ibm.wsspi.kernel.service.utils.AtomicServiceReference@889d230
      defaultMOSRef = class com.ibm.wsspi.kernel.service.utils.AtomicServiceReference@5401ab08
      cdiRuntime = class com.ibm.ws.cdi.liberty.CDIRuntimeImpl@2a00b6b9
      serialVersionUID = 6431825704414919683
      $$$tc$$$ = class com.ibm.websphere.ras.TraceComponent@4cd295aa
    internalServletMetaData = interface com.ibm.wsspi.webcontainer.metadata.WebComponentMetaData[2]
      WebComponentMetaData[0] = null
      WebComponentMetaData[1] = null
    loginProcessor = null
    logoutProcessor = null
    collabHelper = class com.ibm.ws.webcontainer.osgi.collaborator.CollaboratorHelperImpl@354ce0a0
      webAppInvCollabs = class java.util.Collections$UnmodifiableSet@3c976740
      securityDomainForApp = null
      logger = class com.ibm.ws.logging.internal.WsLogger@77f576e1
      staticDefaultSecurityCollaborator = class com.ibm.ws.webcontainer.collaborator.WebAppSecurityCollaborator@3649797a
      logger = class com.ibm.ws.logging.internal.WsLogger@58ab9801
      CLASS_NAME = "com.ibm.wsspi.webcontainer.collaborator.CollaboratorHelper"
      webApp = class com.ibm.ws.webcontainer31.osgi.webapp.WebApp31@58cca6df
      securityCollaborator = class com.ibm.ws.webcontainer.security.WebAppSecurityCollaboratorImpl@228267a6
      nameSpaceCollaborator = class com.ibm.ws.webcontainer.osgi.collaborator.WebAppNameSpaceCollaboratorImpl@64a88025
      transactionCollaborator = class com.ibm.ws.transaction.services.WebAppTransactionCollaboratorImpl@1eb9f0b1
      connectionCollaborator = class com.ibm.ws.webcontainer.collaborator.ConnectionCollaborator@5f014933
      allCollabEnum = class java.util.RegularEnumSet@31f6e4c
      servlet_23_or_greater = true
      DEFER_SERVLET_REQUEST_LISTENER_DESTROY_ON_ERROR = false
    envObject = class com.ibm.ws.util.WSThreadLocal@5d0d86a2
      tc = class com.ibm.ejs.ras.TraceComponent@3db14636
      count = 9
      index = 4
      SUSPECTED_MISUSAGE_THRESHOLD = 200
      threadLocalHashCode = 1803743321
      nextHashCode = class java.util.concurrent.atomic.AtomicInteger@6648735a
      HASH_INCREMENT = 1640531527
    orderedLibPaths = class java.util.Collections$UnmodifiableRandomAccessList@9823e48
      serialVersionUID = -2542308836966382001
      serialVersionUID = -283967356065247728
      list = class java.util.ArrayList@191ad4af
      serialVersionUID = 1820017752578914078
      c = class java.util.ArrayList@191ad4af
    perm = class com.ibm.websphere.security.WebSphereRuntimePermission@4fcc783e
      serialVersionUID = -3306242789188168337
      $$$tc$$$ = class com.ibm.websphere.ras.TraceComponent@408b3fe1
      serialVersionUID = 6279438298436773498
      wildcard = false
      path = "accessServletContext"
      exitVM = false
      serialVersionUID = -5636570222231596674
      name = "accessServletContext"
    WELCOME_FILE_LIST = "com.ibm.ws.webcontainer.config.WelcomeFileList"
    DIR_BROWSING_MAPPING = "__dirBrowsing__1594272227284"
    FILTER_PROXY_MAPPING = "/__filterProxy__1594272227284"
    logger = class com.ibm.ws.logging.internal.WsLogger@1dd7d887
      tc = class com.ibm.websphere.ras.TraceComponent@2e2863b5
      ivCachedResourceBundleName = null
      ivCachedResourceBundle = null
      ivComponent = null
      ivOrganization = null
      ivProduct = null
      ivMinimumLocalizationLevelIntValue = 625
      ivTC = class com.ibm.websphere.ras.TraceComponent@5b7c0d74
      loggerRegistrationComponent = class java.lang.ThreadLocal@4762e40a
      emptyHandlers = class java.util.logging.Handler[0]
      offValue = 2147483647
      SYSTEM_LOGGER_RB_NAME = "sun.util.logging.resources.logging"
      SYSTEM_BUNDLE = class java.util.logging.Logger$LoggerBundle@1e700308
      NO_RESOURCE_BUNDLE = class java.util.logging.Logger$LoggerBundle@5b26b84e
      manager = class com.ibm.ws.kernel.boot.logging.WsLogManager@6c7715dc
      name = "com.ibm.ws.webcontainer.webapp"
      handlers = class java.util.concurrent.CopyOnWriteArrayList@20817290
      loggerBundle = class java.util.logging.Logger$LoggerBundle@6eb5821b
      useParentHandlers = true
      filter = null
      anonymous = false
      catalog = class com.ibm.ws.webcontainer.resources.Messages@1814cf55
      catalogName = "com.ibm.ws.webcontainer.resources.Messages"
      catalogLocale = class java.util.Locale@b155025
      treeLock = class java.lang.Object@37ab4976
      parent = class com.ibm.ws.logging.internal.WsLogger@34e683ee
      kids = null
      levelObject = class java.util.logging.Level@ab68c40
      levelValue = 800
      callersClassLoaderRef = class java.lang.ref.WeakReference@50dfe32b
      isSystemLogger = false
      GLOBAL_LOGGER_NAME = "global"
      global = class java.util.logging.Logger@781d2f6a
      $assertionsDisabled = true
    CLASS_NAME = "com.ibm.ws.webcontainer.webapp.WebApp"
    loader = class com.ibm.ws.classloading.internal.ThreadContextClassLoader@c160b3f
      tc = class com.ibm.websphere.ras.TraceComponent@2261f910
      bundle = class java.util.concurrent.atomic.AtomicReference@490c5965
      key = "WebModule:CookTimeServer#CookTimeServer.war"
      refCount = class java.util.concurrent.atomic.AtomicInteger@f520a26
      appLoader = class com.ibm.ws.classloading.internal.AppClassLoader@259ff52a
      clSvc = class com.ibm.ws.classloading.internal.ClassLoadingServiceImpl@5652a92f
      serialVersionUID = 846416563800781557
      tc = class com.ibm.websphere.ras.TraceComponent@7127ad1c
      followOnClassLoaders = class java.util.ArrayList@79c87822
      serialVersionUID = 8829649920524275888
      serialVersionUID = -4586727107834513475
      $$$tc$$$ = class com.ibm.websphere.ras.TraceComponent@21bf383d
      serialVersionUID = -7709588811276454856
      $$$tc$$$ = class com.ibm.websphere.ras.TraceComponent@5f5aeb06
      initialized = true
      pdcache = class java.util.HashMap@52a4d10f
      debug = null
      parent = class com.ibm.ws.classloading.internal.GatewayClassLoader@c5b58f
      parallelLockMap = class java.util.concurrent.ConcurrentHashMap@4db8e247
      package2certs = class java.util.concurrent.ConcurrentHashMap@ee0210e
      nocerts = class java.security.cert.Certificate[0]
      classes = class java.util.Vector@34534198
      defaultDomain = class java.security.ProtectionDomain@400bd2b4
      packages = class java.util.HashMap@4a2bba28
      scl = class sun.misc.Launcher$AppClassLoader@4e0e2f2a
      sclSet = true
      loadedLibraryNames = class java.util.Vector@45cc0a32
      systemNativeLibraries = class java.util.Vector@6bbddc92
      nativeLibraries = class java.util.Vector@75bd3d23
      nativeLibraryContext = class java.util.Stack@62502346
      usr_paths = class java.lang.String[42]
      sys_paths = class java.lang.String[1]
      assertionLock = class java.lang.Object@5e7c4cc7
      defaultAssertionStatus = false
      packageAssertionStatus = null
      classAssertionStatus = null
    facade = class com.ibm.ws.webcontainer31.facade.ServletContextFacade31@2cde7509
      context = class com.ibm.ws.webcontainer31.osgi.webapp.WebApp31@58cca6df
    features = class java.util.ArrayList@34367ea4
      serialVersionUID = 8683452581122892189
      DEFAULT_CAPACITY = 10
      EMPTY_ELEMENTDATA = class java.lang.Object[0]
      DEFAULTCAPACITY_EMPTY_ELEMENTDATA = class java.lang.Object[0]
      elementData = class java.lang.Object[0]
      size = 0
      MAX_ARRAY_SIZE = 2147483639
      modCount = 0
      MAX_ARRAY_SIZE = 2147483639
    applicationName = "CookTimeServer"
    config = class com.ibm.ws.webcontainer.osgi.webapp.WebAppConfiguration@15992921
    securityEnabledForApp = true
    webExtensionProcessor = class com.ibm.ws.webcontainer.osgi.extension.WebExtensionProcessor@1817ed94
      webApp = class com.ibm.ws.webcontainer31.osgi.webapp.WebApp31@58cca6df
      extensionContext = class com.ibm.ws.webcontainer31.osgi.webapp.WebApp31@58cca6df
    production = true
    isServlet23 = true
    contextPath = "/CookTimeServer"
    internalServletList = class [Ljava.lang.String;[2]
      String[][0] = class java.lang.String[2]
      String[][1] = class java.lang.String[2]
    BY_NAME_ONLY = "/_1594272227285_/"
    filterManager = class com.ibm.ws.webcontainer.osgi.filter.WebAppFilterManagerImpl@640e41b1
      _filterWrappers = class java.util.Hashtable@4a29bf2
      chainCache = class java.util.Collections$SynchronizedMap@59ce2c65
      forwardChainCache = class java.util.Collections$SynchronizedMap@5a941889
      includeChainCache = class java.util.Collections$SynchronizedMap@60c0b1ef
      errorChainCache = class java.util.Collections$SynchronizedMap@70adcb0e
      _filtersDefined = true
      FMI_MAPPING_SINGLE_SLASH = 0
      FMI_MAPPING_PATH_MATCH = 1
      FMI_MAPPING_EXTENSION_MATCH = 2
      FMI_MAPPING_EXACT_MATCH = 3
      logger = class com.ibm.ws.logging.internal.WsLogger@1269645a
      CLASS_NAME = "com.ibm.ws.webcontainer.filter.WebAppFilterManager"
      nls = class com.ibm.ejs.ras.TraceNLS@58286c7a
      webAppConfig = class com.ibm.ws.webcontainer.osgi.webapp.WebAppConfiguration@15992921
      webApp = class com.ibm.ws.webcontainer31.osgi.webapp.WebApp31@58cca6df
      collabHelper = class com.ibm.ws.webcontainer.osgi.collaborator.CollaboratorHelperImpl@354ce0a0
      secCollab = class com.ibm.ws.webcontainer.security.WebAppSecurityCollaboratorImpl@228267a6
      sessionSecurityIntegrationEnabled = true
      assumeFilterSuccessOnSecurityError = false
      useOriginalRequestState = false
      _evtSource = class com.ibm.ws.webcontainer.webapp.WebAppEventSource@475dbf8c
      defaultComponentMetaData = class com.ibm.ws.webcontainer.osgi.metadata.WebComponentMetaDataImpl@5201c5ea
      DEFER_SERVLET_REQUEST_LISTENER_DESTROY_ON_ERROR = false
    documentRoot = null
    SERVLET_API_VERSION = "Servlet 2.5"
    disableServletAuditLogging = -1
    serverInfo = "IBM WebSphere Liberty/20.0.0.6"
    sessionCtx = class com.ibm.ws.webcontainer31.session.impl.HttpSessionContext31Impl@4496ea6a
      methodClassName = "HttpSessionContextImpl"
      _smc = class com.ibm.ws.session.SessionManagerConfig@41ee8944
      sessionStoreService = null
      _sap = class com.ibm.ws.session.SessionApplicationParameters@21792c16
      _coreHttpSessionManager = class com.ibm.ws.session.SessionManager@5ff8e054
      _coreHttpAppSessionManager = null
      _sam = class com.ibm.ws.webcontainer.session.impl.SessionAffinityManagerImpl@175b5130
      isSIPApplication = false
      sessionAttributeListener = true
      sessionListener = true
      mHttpSessionAttributeListeners = class java.util.ArrayList@40432d2e
      mHttpSessionListeners = class java.util.ArrayList@28b2b0ac
      mHttpSessionIdListeners = class java.util.ArrayList@30500fae
      mHttpSessionAttributeListenersJ2eeNames = class java.util.ArrayList@7d4f0a45
      mHttpSessionListenersJ2eeNames = class java.util.ArrayList@24bc629f
      mHttpSessionIdListenersJ2eeNames = class java.util.ArrayList@19368174
      mLocalHost = null
      _refCount = 1
      currentThreadSacHashtable = null
      methodClassName = "SessionContext"
      ANONYMOUS_USER = "anonymous"
      wasHttpSessionObserver = class com.ibm.ws.session.WasHttpSessionObserver@29abc083
      wasHttpSessionAttributeObserver = null
      _invalidator = class com.ibm.ws.session.SessionInvalidatorWithThreadPool@2c33fad1
      _storer = class com.ibm.ws.session.EOSSessionStorer@6b5cdd52
      wasHttpAppSessionObserver = null
      mHttpAppSessionListeners = null
      cmvcInfo = "CMVC Version 1.9 6/24/07 11:12:24"
      _loggedVersion = true
      CREATE_CORE_SESSION_MANAGER = 0
      GET_REQUESTED_SESSION_ID = 1
      GET_IHTTP_SESSION = 2
      SESSION_PRE_INVOKE = 3
      SESSION_POST_INVOKE = 4
      STOP = 5
      STOP_LISTENERS = 6
      IS_VALID = 7
      ENCODE_URL = 8
      SHOULD_ENCODE_URL = 9
      IS_PROTOCOL_SWITCH = 10
      GET_LOCAL_HOST = 11
      ADD_HTTP_SESSION_ATTRIBUTE_LISTENER = 12
      ADD_HTTP_SESSION_LISTENER = 13
      GET_SESSION_AFFINITY_CONTEXT = 14
      CHECK_SECURITY = 15
      INVALIDATE = 16
      CHECK_SESSSIONID_IS_RIGHT_LENGTH = 17
      LOCK_SESSION = 18
      UNLOCK_SESSION = 19
      ADD_HTTP_SESSION_ID_LISTENER = 20
      methodNames = class java.lang.String[21]
    eventSource = class com.ibm.ws.webcontainer.webapp.WebAppEventSource@475dbf8c
      _invocationListeners = class com.ibm.ws.webcontainer.util.EventListeners@34296fc9
      _servletListeners = class com.ibm.ws.webcontainer.util.EventListeners@1f178e2e
      _errorListeners = class com.ibm.ws.webcontainer.util.EventListeners@5d70728d
      _applicationListeners = class com.ibm.ws.webcontainer.util.EventListeners@729914b3
      _filterInvocationListeners = class com.ibm.ws.webcontainer.util.EventListeners@db17a0e
      _filterListeners = class com.ibm.ws.webcontainer.util.EventListeners@2e74f368
      _filterErrorListeners = class com.ibm.ws.webcontainer.util.EventListeners@70ce0831
    nls = class com.ibm.ejs.ras.TraceNLS@51c86d1f
      resolver = class com.ibm.ws.logging.internal.TraceNLSResolver@6d09041b
      finder = class com.ibm.ws.logging.internal.StackFinder@65f7d1d
      ivBundleName = "com.ibm.ws.webcontainer.resources.Messages"
      caller = class java.lang.Class@5cf0aa1f
    liberty_nls = class com.ibm.ejs.ras.TraceNLS@64b13b7c
      resolver = class com.ibm.ws.logging.internal.TraceNLSResolver@6d09041b
      finder = class com.ibm.ws.logging.internal.StackFinder@65f7d1d
      ivBundleName = "com.ibm.ws.webcontainer.resources.LShimMessages"
      caller = class java.lang.Class@5cf0aa1f
    error_nls = class com.ibm.ejs.ras.TraceNLS@1707583a
      resolver = class com.ibm.ws.logging.internal.TraceNLSResolver@6d09041b
      finder = class com.ibm.ws.logging.internal.StackFinder@65f7d1d
      ivBundleName = "com.ibm.ws.webcontainer.resources.ErrorPage"
      caller = class java.lang.Class@5cf0aa1f
    sessionListeners = class java.util.ArrayList@3d8c3489
      serialVersionUID = 8683452581122892189
      DEFAULT_CAPACITY = 10
      EMPTY_ELEMENTDATA = class java.lang.Object[0]
      DEFAULTCAPACITY_EMPTY_ELEMENTDATA = class java.lang.Object[0]
      elementData = class java.lang.Object[10]
      size = 2
      MAX_ARRAY_SIZE = 2147483639
      modCount = 3
      MAX_ARRAY_SIZE = 2147483639
    sessionIdListeners = class java.util.ArrayList@2f3e16b2
      serialVersionUID = 8683452581122892189
      DEFAULT_CAPACITY = 10
      EMPTY_ELEMENTDATA = class java.lang.Object[0]
      DEFAULTCAPACITY_EMPTY_ELEMENTDATA = class java.lang.Object[0]
      elementData = class java.lang.Object[0]
      size = 0
      MAX_ARRAY_SIZE = 2147483639
      modCount = 0
      MAX_ARRAY_SIZE = 2147483639
    sessionAttrListeners = class java.util.ArrayList@4239b2f2
      serialVersionUID = 8683452581122892189
      DEFAULT_CAPACITY = 10
      EMPTY_ELEMENTDATA = class java.lang.Object[0]
      DEFAULTCAPACITY_EMPTY_ELEMENTDATA = class java.lang.Object[0]
      elementData = class java.lang.Object[10]
      size = 1
      MAX_ARRAY_SIZE = 2147483639
      modCount = 2
      MAX_ARRAY_SIZE = 2147483639
    addedSessionListeners = class java.util.ArrayList@6f52e407
      serialVersionUID = 8683452581122892189
      DEFAULT_CAPACITY = 10
      EMPTY_ELEMENTDATA = class java.lang.Object[0]
      DEFAULTCAPACITY_EMPTY_ELEMENTDATA = class java.lang.Object[0]
      elementData = class java.lang.Object[10]
      size = 1
      MAX_ARRAY_SIZE = 2147483639
      modCount = 1
      MAX_ARRAY_SIZE = 2147483639
    addedSessionAttrListeners = class java.util.ArrayList@33a6bd18
      serialVersionUID = 8683452581122892189
      DEFAULT_CAPACITY = 10
      EMPTY_ELEMENTDATA = class java.lang.Object[0]
      DEFAULTCAPACITY_EMPTY_ELEMENTDATA = class java.lang.Object[0]
      elementData = class java.lang.Object[10]
      size = 1
      MAX_ARRAY_SIZE = 2147483639
      modCount = 1
      MAX_ARRAY_SIZE = 2147483639
    servletContextListeners = class java.util.ArrayList@6c72a658
      serialVersionUID = 8683452581122892189
      DEFAULT_CAPACITY = 10
      EMPTY_ELEMENTDATA = class java.lang.Object[0]
      DEFAULTCAPACITY_EMPTY_ELEMENTDATA = class java.lang.Object[0]
      elementData = class java.lang.Object[10]
      size = 5
      MAX_ARRAY_SIZE = 2147483639
      modCount = 6
      MAX_ARRAY_SIZE = 2147483639
    servletContextLAttrListeners = class java.util.ArrayList@63d33706
      serialVersionUID = 8683452581122892189
      DEFAULT_CAPACITY = 10
      EMPTY_ELEMENTDATA = class java.lang.Object[0]
      DEFAULTCAPACITY_EMPTY_ELEMENTDATA = class java.lang.Object[0]
      elementData = class java.lang.Object[10]
      size = 1
      MAX_ARRAY_SIZE = 2147483639
      modCount = 2
      MAX_ARRAY_SIZE = 2147483639
    servletRequestListeners = class java.util.ArrayList@1b5985a7
      serialVersionUID = 8683452581122892189
      DEFAULT_CAPACITY = 10
      EMPTY_ELEMENTDATA = class java.lang.Object[0]
      DEFAULTCAPACITY_EMPTY_ELEMENTDATA = class java.lang.Object[0]
      elementData = class java.lang.Object[10]
      size = 1
      MAX_ARRAY_SIZE = 2147483639
      modCount = 2
      MAX_ARRAY_SIZE = 2147483639
    servletRequestLAttrListeners = class java.util.ArrayList@1d91b5a9
      serialVersionUID = 8683452581122892189
      DEFAULT_CAPACITY = 10
      EMPTY_ELEMENTDATA = class java.lang.Object[0]
      DEFAULTCAPACITY_EMPTY_ELEMENTDATA = class java.lang.Object[0]
      elementData = class java.lang.Object[10]
      size = 1
      MAX_ARRAY_SIZE = 2147483639
      modCount = 2
      MAX_ARRAY_SIZE = 2147483639
    prependSlashToResource = false
    destroyed = false
    webAppNameSpaceCollab = class com.ibm.ws.webcontainer.osgi.collaborator.WebAppNameSpaceCollaboratorImpl@64a88025
      cmdai = class com.ibm.ws.threadContext.ComponentMetaDataAccessorImpl@37be2b80
    txCollab = class com.ibm.ws.transaction.services.WebAppTransactionCollaboratorImpl@1eb9f0b1
      tc = class com.ibm.websphere.ras.TraceComponent@6e54c61e
      ltCurrentRef = class com.ibm.wsspi.kernel.service.utils.AtomicServiceReference@7da88b1d
      tranMgrRef = class com.ibm.wsspi.kernel.service.utils.AtomicServiceReference@2b12b647
      userTranRef = class com.ibm.wsspi.kernel.service.utils.AtomicServiceReference@707988bf
      uowCallbackRef = class com.ibm.wsspi.kernel.service.utils.AtomicServiceReference@79373d1a
      serialVersionUID = -8319003162899973281
    sessionActivationListeners = class java.util.ArrayList@491a2a7c
      serialVersionUID = 8683452581122892189
      DEFAULT_CAPACITY = 10
      EMPTY_ELEMENTDATA = class java.lang.Object[0]
      DEFAULTCAPACITY_EMPTY_ELEMENTDATA = class java.lang.Object[0]
      elementData = class java.lang.Object[0]
      size = 0
      MAX_ARRAY_SIZE = 2147483639
      modCount = 1
      MAX_ARRAY_SIZE = 2147483639
    sessionBindingListeners = class java.util.ArrayList@5936e20b
      serialVersionUID = 8683452581122892189
      DEFAULT_CAPACITY = 10
      EMPTY_ELEMENTDATA = class java.lang.Object[0]
      DEFAULTCAPACITY_EMPTY_ELEMENTDATA = class java.lang.Object[0]
      elementData = class java.lang.Object[0]
      size = 0
      MAX_ARRAY_SIZE = 2147483639
      modCount = 1
      MAX_ARRAY_SIZE = 2147483639
    scratchdir = null
    jspClassLoaderLimit = 0
    jspClassLoaderExclusionList = null
    jspClassLoadersMap = null
    jspClassLoaderLimitTrackIF = false
    defaultExtProc = null
    directoryBrowsingServlet = null
    cdiContexts = class java.util.concurrent.ConcurrentHashMap@793fe8a0
      serialVersionUID = 7249069246763182397
      MAXIMUM_CAPACITY = 1073741824
      DEFAULT_CAPACITY = 16
      MAX_ARRAY_SIZE = 2147483639
      DEFAULT_CONCURRENCY_LEVEL = 16
      LOAD_FACTOR = 0.75
      TREEIFY_THRESHOLD = 8
      UNTREEIFY_THRESHOLD = 6
      MIN_TREEIFY_CAPACITY = 64
      MIN_TRANSFER_STRIDE = 16
      RESIZE_STAMP_BITS = 16
      MAX_RESIZERS = 65535
      RESIZE_STAMP_SHIFT = 16
      MOVED = -1
      TREEBIN = -2
      RESERVED = -3
      HASH_BITS = 2147483647
      NCPU = 8
      serialPersistentFields = class java.io.ObjectStreamField[3]
      table = null
      nextTable = null
      baseCount = 0
      sizeCtl = 0
      transferIndex = 0
      cellsBusy = 0
      counterCells = null
      keySet = null
      values = null
      entrySet = null
      U = class sun.misc.Unsafe@7ee08794
      SIZECTL = 20
      TRANSFERINDEX = 32
      BASECOUNT = 24
      CELLSBUSY = 36
      CELLVALUE = 144
      ABASE = 16
      ASHIFT = 2
      keySet = null
      values = null
    moduleConfig = class com.ibm.ws.webcontainer.osgi.container.DeployedModule@2852b34e
      tc = class com.ibm.websphere.ras.TraceComponent@7c8cfad
      loader = class com.ibm.ws.classloading.internal.ThreadContextClassLoader@c160b3f
      webApp = class com.ibm.ws.webcontainer31.osgi.webapp.WebApp31@58cca6df
      webAppConfig = class com.ibm.ws.webcontainer.osgi.webapp.WebAppConfiguration@15992921
      contextRootAdded = class com.ibm.ws.threading.internal.NonCancelableResultFuture@58f08485
      properContextRoot = "/CookTimeServer"
      mappingContextRoot = "/CookTimeServer/*"
      initTaskCount = class java.util.concurrent.atomic.AtomicInteger@137da059
      initTasksDoneListener = class com.ibm.ws.webcontainer.osgi.WebContainer$2@7d83cd99
      serialVersionUID = -2104814060051592457
      $$$tc$$$ = class com.ibm.websphere.ras.TraceComponent@1ebf5142
    extensionFactories = class java.util.ArrayList@308325f2
      serialVersionUID = 8683452581122892189
      DEFAULT_CAPACITY = 10
      EMPTY_ELEMENTDATA = class java.lang.Object[0]
      DEFAULTCAPACITY_EMPTY_ELEMENTDATA = class java.lang.Object[0]
      elementData = class java.lang.Object[10]
      size = 6
      MAX_ARRAY_SIZE = 2147483639
      modCount = 6
      MAX_ARRAY_SIZE = 2147483639
    initialized = true
    lock = class com.ibm.ws.webcontainer.webapp.WebApp$1@5e4bbf53
      this$0 = class com.ibm.ws.webcontainer31.osgi.webapp.WebApp31@58cca6df
    afterServletContextCreated = false
    redirectContextRoot = false
    errorExceptionTypeFirst = false
    initFilterBeforeServletInit = false
    SET_400_SC_ON_TOO_MANY_PARENT_DIRS = false
    sortedServletConfigs = class java.util.ArrayList@583736d2
      serialVersionUID = 8683452581122892189
      DEFAULT_CAPACITY = 10
      EMPTY_ELEMENTDATA = class java.lang.Object[0]
      DEFAULTCAPACITY_EMPTY_ELEMENTDATA = class java.lang.Object[0]
      elementData = class java.lang.Object[10]
      size = 2
      MAX_ARRAY_SIZE = 2147483639
      modCount = 2
      MAX_ARRAY_SIZE = 2147483639
    effectiveMajorVersion = 3
    effectiveMinorVersion = 0
    canAddServletContextListener = true
    withinContextInitOfProgAddListener = false
    lastProgAddListenerInitialized = "com.ibm.ws.cache.CacheServiceImpl"
    webInfLibClassloader = null
    metaInfCache = class com.ibm.ws.webcontainer.webapp.WebApp$2@65c22659
      this$0 = class com.ibm.ws.webcontainer31.osgi.webapp.WebApp31@58cca6df
      serialVersionUID = 3801124242820219131
      head = null
      tail = null
      accessOrder = true
      serialVersionUID = 362498820763181265
      DEFAULT_INITIAL_CAPACITY = 16
      MAXIMUM_CAPACITY = 1073741824
      DEFAULT_LOAD_FACTOR = 0.75
      TREEIFY_THRESHOLD = 8
      UNTREEIFY_THRESHOLD = 6
      MIN_TREEIFY_CAPACITY = 64
      table = null
      entrySet = null
      size = 0
      modCount = 0
      threshold = 32
      loadFactor = 1.0
      keySet = null
      values = null
    useMetaInfCache = true
    SUN_CONFIGURE_LISTENER_CLASSNAME = "com.sun.faces.config.ConfigureListener"
    MYFACES_LIFECYCLE_LISTENER_CLASSNAME = "org.apache.myfaces.webapp.StartupServletContextListener"
    JSF_IMPL_ENABLED_PARAM = "com.ibm.ws.jsf.JSF_IMPL_ENABLED"
    JSF_IMPL_ENABLED_CUSTOM = "Custom"
    JSF_IMPL_ENABLED_NONE = "None"
    staticDocRoot = class com.ibm.ws.webcontainer.util.DocumentRootUtils@4c4723a6
      logger = class com.ibm.ws.logging.internal.WsLogger@5f1f893a
      CLASS_NAME = "com.ibm.ws.webcontainer.util.DocumentRootUtils"
      useContentLength = false
      matchedFile = null
      matchedZipFile = null
      matchedEntry = null
      matchedURL = null
      edrRoot = null
      pfedrRoot = null
      ctxt = class com.ibm.ws.webcontainer31.osgi.webapp.WebApp31@58cca6df
      baseDir = null
      edr = null
      pfedr = null
      metaInfRes = null
      searchpfEDR = false
      searchEDR = false
      searchMetaInfRes = true
      matchFromEDR = false
      matchFromMetaInfRes = false
      matchIsADirectory = false
      appConfig = class com.ibm.ws.webcontainer.osgi.webapp.WebAppConfiguration@15992921
      attributeType = "staticFile"
      STATIC_FILE = "staticFile"
      JSP = "jsp"
      PFEDR = "preFragmentExtendedDocumentRoot"
      EDR = "extendedDocumentRoot"
    jspDocRoot = class com.ibm.ws.webcontainer.util.DocumentRootUtils@4f75ac5a
      logger = class com.ibm.ws.logging.internal.WsLogger@5f1f893a
      CLASS_NAME = "com.ibm.ws.webcontainer.util.DocumentRootUtils"
      useContentLength = false
      matchedFile = null
      matchedZipFile = null
      matchedEntry = null
      matchedURL = null
      edrRoot = null
      pfedrRoot = null
      ctxt = class com.ibm.ws.webcontainer31.osgi.webapp.WebApp31@58cca6df
      baseDir = null
      edr = null
      pfedr = null
      metaInfRes = null
      searchpfEDR = false
      searchEDR = false
      searchMetaInfRes = true
      matchFromEDR = false
      matchFromMetaInfRes = false
      matchIsADirectory = false
      appConfig = class com.ibm.ws.webcontainer.osgi.webapp.WebAppConfiguration@15992921
      attributeType = "jsp"
      STATIC_FILE = "staticFile"
      JSP = "jsp"
      PFEDR = "preFragmentExtendedDocumentRoot"
      EDR = "extendedDocumentRoot"
    container = class com.ibm.ws.adaptable.module.internal.AdaptableContainerImpl@20ee19e5
      root = class com.ibm.ws.adaptable.module.internal.AdaptableContainerImpl@20ee19e5
      rootOverlay = class com.ibm.ws.artifact.overlay.internal.DirectoryBasedOverlayContainerImpl@4a328cb6
      factoryHolder = class com.ibm.ws.adaptable.module.internal.AdaptableModuleFactoryImpl@4260c487
      delegate = class com.ibm.ws.artifact.overlay.internal.DirectoryBasedOverlayContainerImpl@4a328cb6
      notifier = class com.ibm.ws.adaptable.module.internal.NotifierImpl@2ffee3c
      serialVersionUID = -5950528200509051684
      $$$tc$$$ = class com.ibm.websphere.ras.TraceComponent@358cc137
    metaInfResourceFinder = class com.ibm.ws.webcontainer.util.MetaInfResourceFinder@2e9582c0
      jarResourceContainers = class java.util.ArrayList@45c98104
      container = class com.ibm.ws.adaptable.module.internal.AdaptableContainerImpl@20ee19e5
    postConstructMethods = class com.ibm.ws.webcontainer.webapp.WebApp$AnnotatedMethods@5a9199a5
      annotationClass = class java.lang.Class@378de389
      noOpClassNames = class java.util.HashSet@7edfa187
      annotatedMethodNames = class java.util.concurrent.ConcurrentHashMap@32a97177
      EMPTY_METHODS = class java.lang.reflect.Method[0]
    preDestroyMethods = class com.ibm.ws.webcontainer.webapp.WebApp$AnnotatedMethods@2f3ecb42
      annotationClass = class java.lang.Class@5e366047
      noOpClassNames = class java.util.HashSet@3194b3fe
      annotatedMethodNames = class java.util.concurrent.ConcurrentHashMap@242226f
      EMPTY_METHODS = class java.lang.reflect.Method[0]
    OBJ_EMPTY = class java.lang.Object[0]
    CLASS_EMPTY = class java.lang.Class[0]
    DEFAULT_JSP_EXTENSIONS = class java.util.ArrayList@4dcba583
      serialVersionUID = 8683452581122892189
      DEFAULT_CAPACITY = 10
      EMPTY_ELEMENTDATA = class java.lang.Object[0]
      DEFAULTCAPACITY_EMPTY_ELEMENTDATA = class java.lang.Object[0]
      elementData = class java.lang.Object[10]
      size = 4
      MAX_ARRAY_SIZE = 2147483639
      modCount = 4
      MAX_ARRAY_SIZE = 2147483639
    DEFER_SERVLET_REQUEST_LISTENER_DESTROY_ON_ERROR = false
    DO_ACCEPT_PARTIAL = true
    DO_NOT_ACCEPT_PARTIAL = false
    DO_ACCEPT_EXCLUDED = true
    DO_NOT_ACCEPT_EXCLUDED = false
    commands = class java.util.ArrayList@4fcabd78
      serialVersionUID = 8683452581122892189
      DEFAULT_CAPACITY = 10
      EMPTY_ELEMENTDATA = class java.lang.Object[0]
      DEFAULTCAPACITY_EMPTY_ELEMENTDATA = class java.lang.Object[0]
      elementData = class java.lang.Object[3]
      size = 0
      MAX_ARRAY_SIZE = 2147483639
      modCount = 0
      MAX_ARRAY_SIZE = 2147483639
    requestMapper = class com.ibm.wsspi.webcontainer.util.URIMapper@19c05995
      matcher = class com.ibm.wsspi.webcontainer.util.URIMatcher@4546960c
    parent = class com.ibm.ws.webcontainer.osgi.webapp.WebGroup@407de534
      tc = class com.ibm.websphere.ras.TraceComponent@69c500bd
      logger = class com.ibm.ws.logging.internal.WsLogger@1dd7d887
      CLASS_NAME = "com.ibm.ws.webcontainer.webapp.WebGroup"
      sessUrlRewritePrefix = ";jsessionid="
      qMark = "?"
      config = class com.ibm.ws.webcontainer.osgi.webapp.WebGroupConfiguration@5ceb47ae
      webApp = class com.ibm.ws.webcontainer31.osgi.webapp.WebApp31@58cca6df
      commands = class java.util.ArrayList@6edfa200
      requestMapper = null
      parent = class com.ibm.ws.webcontainer.osgi.DynamicVirtualHost@d894c5b
      name = "/CookTimeServer/*"
      isAlive = true
      subElements = class java.util.HashMap@28c2110
      attributes = null
      config = null
      serialVersionUID = -8271459000149267764
      $$$tc$$$ = class com.ibm.websphere.ras.TraceComponent@121f840b
    name = "CookTimeServer"
    isAlive = true
    subElements = null
    attributes = class java.util.concurrent.ConcurrentHashMap@500aa705
      serialVersionUID = 7249069246763182397
      MAXIMUM_CAPACITY = 1073741824
      DEFAULT_CAPACITY = 16
      MAX_ARRAY_SIZE = 2147483639
      DEFAULT_CONCURRENCY_LEVEL = 16
      LOAD_FACTOR = 0.75
      TREEIFY_THRESHOLD = 8
      UNTREEIFY_THRESHOLD = 6
      MIN_TREEIFY_CAPACITY = 64
      MIN_TRANSFER_STRIDE = 16
      RESIZE_STAMP_BITS = 16
      MAX_RESIZERS = 65535
      RESIZE_STAMP_SHIFT = 16
      MOVED = -1
      TREEBIN = -2
      RESERVED = -3
      HASH_BITS = 2147483647
      NCPU = 8
      serialPersistentFields = class java.io.ObjectStreamField[3]
      table = class java.util.concurrent.ConcurrentHashMap$Node[128]
      nextTable = null
      baseCount = 48
      sizeCtl = 96
      transferIndex = 0
      cellsBusy = 0
      counterCells = null
      keySet = null
      values = null
      entrySet = null
      U = class sun.misc.Unsafe@7ee08794
      SIZECTL = 20
      TRANSFERINDEX = 32
      BASECOUNT = 24
      CELLSBUSY = 36
      CELLVALUE = 144
      ABASE = 16
      ASHIFT = 2
      keySet = null
      values = null
    config = null
    serialVersionUID = -8271459000149267764
    $$$tc$$$ = class com.ibm.websphere.ras.TraceComponent@121f840b
      strings[0] = "TraceComponent[com.ibm.ws.container.AbstractContainer,class com.ibm.ws.container.AbstractContainer,[],null,null]"

