------Start of DE processing------ = [7/8/20 23:25:45:298 CST]
Exception = com.ibm.websphere.servlet.error.ServletErrorReport
Source = com.ibm.ws.webcontainer.filter.WebAppFilterChain.doFilter
probeid = 82
Stack Dump = com.ibm.websphere.servlet.error.ServletErrorReport: java.lang.ExceptionInInitializerError
	at com.ibm.ws.webcontainer.servlet.ServletWrapper.service(ServletWrapper.java:1328)
	at com.ibm.ws.webcontainer.servlet.ServletWrapper.handleRequest(ServletWrapper.java:729)
	at com.ibm.ws.webcontainer.servlet.ServletWrapper.handleRequest(ServletWrapper.java:426)
	at com.ibm.ws.webcontainer.filter.WebAppFilterChain.invokeTarget(WebAppFilterChain.java:182)
	at com.ibm.ws.webcontainer.filter.WebAppFilterChain.doFilter(WebAppFilterChain.java:93)
	at com.ibm.ws.security.jaspi.JaspiServletFilter.doFilter(JaspiServletFilter.java:56)
	at com.ibm.ws.webcontainer.filter.FilterInstanceWrapper.doFilter(FilterInstanceWrapper.java:201)
	at com.ibm.ws.webcontainer.filter.WebAppFilterChain.doFilter(WebAppFilterChain.java:90)
	at com.ibm.ws.webcontainer.filter.WebAppFilterManager.doFilter(WebAppFilterManager.java:1001)
	at com.ibm.ws.webcontainer.filter.WebAppFilterManager.invokeFilters(WebAppFilterManager.java:1139)
	at com.ibm.ws.webcontainer.webapp.WebApp.handleRequest(WebApp.java:5037)
	at com.ibm.ws.webcontainer.osgi.DynamicVirtualHost$2.handleRequest(DynamicVirtualHost.java:314)
	at com.ibm.ws.webcontainer.WebContainer.handleRequest(WebContainer.java:1007)
	at com.ibm.ws.webcontainer.osgi.DynamicVirtualHost$2.run(DynamicVirtualHost.java:279)
	at com.ibm.ws.http.dispatcher.internal.channel.HttpDispatcherLink$TaskWrapper.run(HttpDispatcherLink.java:1134)
	at com.ibm.ws.http.dispatcher.internal.channel.HttpDispatcherLink.wrapHandlerAndExecute(HttpDispatcherLink.java:415)
	at com.ibm.ws.http.dispatcher.internal.channel.HttpDispatcherLink.ready(HttpDispatcherLink.java:374)
	at com.ibm.ws.http.channel.internal.inbound.HttpInboundLink.handleDiscrimination(HttpInboundLink.java:546)
	at com.ibm.ws.http.channel.internal.inbound.HttpInboundLink.handleNewRequest(HttpInboundLink.java:480)
	at com.ibm.ws.http.channel.internal.inbound.HttpInboundLink.processRequest(HttpInboundLink.java:345)
	at com.ibm.ws.http.channel.internal.inbound.HttpInboundLink.ready(HttpInboundLink.java:316)
	at com.ibm.ws.tcpchannel.internal.NewConnectionInitialReadCallback.sendToDiscriminators(NewConnectionInitialReadCallback.java:167)
	at com.ibm.ws.tcpchannel.internal.NewConnectionInitialReadCallback.complete(NewConnectionInitialReadCallback.java:75)
	at com.ibm.ws.tcpchannel.internal.WorkQueueManager.requestComplete(WorkQueueManager.java:504)
	at com.ibm.ws.tcpchannel.internal.WorkQueueManager.attemptIO(WorkQueueManager.java:574)
	at com.ibm.ws.tcpchannel.internal.WorkQueueManager.workerRun(WorkQueueManager.java:958)
	at com.ibm.ws.tcpchannel.internal.WorkQueueManager$Worker.run(WorkQueueManager.java:1047)
	at com.ibm.ws.threading.internal.ExecutorServiceImpl$RunnableWrapper.run(ExecutorServiceImpl.java:239)
	at java.util.concurrent.ThreadPoolExecutor.runWorker(Unknown Source)
	at java.util.concurrent.ThreadPoolExecutor$Worker.run(Unknown Source)
	at java.lang.Thread.run(Unknown Source)
Caused by: java.lang.ExceptionInInitializerError
	at cr.ac.tec.resources.Authorization.validateAuthorization(Authorization.java:39)
	at cr.ac.tec.resources.Authorization.filter(Authorization.java:68)
	at org.apache.cxf.jaxrs.utils.JAXRSUtils.runContainerRequestFilters(JAXRSUtils.java:1768)
	at org.apache.cxf.jaxrs.interceptor.JAXRSInInterceptor.processRequest(JAXRSInInterceptor.java:123)
	at org.apache.cxf.jaxrs.interceptor.JAXRSInInterceptor.handleMessage(JAXRSInInterceptor.java:90)
	at org.apache.cxf.phase.PhaseInterceptorChain.doIntercept(PhaseInterceptorChain.java:309)
	at org.apache.cxf.transport.ChainInitiationObserver.onMessage(ChainInitiationObserver.java:124)
	at org.apache.cxf.transport.http.AbstractHTTPDestination.invoke(AbstractHTTPDestination.java:271)
	at com.ibm.ws.jaxrs20.endpoint.AbstractJaxRsWebEndpoint.invoke(AbstractJaxRsWebEndpoint.java:136)
	at com.ibm.websphere.jaxrs.server.IBMRestServlet.handleRequest(IBMRestServlet.java:146)
	at com.ibm.websphere.jaxrs.server.IBMRestServlet.doGet(IBMRestServlet.java:112)
	at javax.servlet.http.HttpServlet.service(HttpServlet.java:687)
	at com.ibm.websphere.jaxrs.server.IBMRestServlet.service(IBMRestServlet.java:96)
	at com.ibm.ws.webcontainer.servlet.ServletWrapper.service(ServletWrapper.java:1230)
	... 30 more
Caused by: java.lang.NullPointerException
	at cr.ac.tec.trees.BinaryTree.add(BinaryTree.java:29)
	at cr.ac.tec.trees.BinaryTree.insert(BinaryTree.java:24)
	at cr.ac.tec.trees.BinaryTree.createUser(BinaryTree.java:20)
	at cr.ac.tec.resources.Trees.<clinit>(Trees.java:33)
	... 44 more

Dump of callerThis
Object type = com.ibm.ws.webcontainer.filter.WebAppFilterChain
  _filters = class java.util.ArrayList@3bc77555
    serialVersionUID = 8683452581122892189
    DEFAULT_CAPACITY = 10
    EMPTY_ELEMENTDATA = class java.lang.Object[0]
    DEFAULTCAPACITY_EMPTY_ELEMENTDATA = class java.lang.Object[0]
    elementData = class java.lang.Object[5]
      Object[0] = class com.ibm.ws.webcontainer.filter.FilterInstanceWrapper@479ce224
      Object[1] = null
      Object[2] = null
      Object[3] = null
      Object[4] = null
    size = 1
    MAX_ARRAY_SIZE = 2147483639
    modCount = 1
    MAX_ARRAY_SIZE = 2147483639
  _currentFilterIndex = 1
  _numberOfFilters = 1
  requestProcessor = class com.ibm.ws.webcontainer.osgi.servlet.ServletWrapper@4213c825
    serialVersionUID = 1
    _mo = null
    serialVersionUID = -4479626085298397598
    notifyInvocationListeners = false
    UNINITIALIZED_STATE = -1
    AVAILABLE_STATE = 0
    UNAVAILABLE_STATE = 1
    UNAVAILABLE_PERMANENTLY_STATE = 2
    collabHelper = class com.ibm.ws.webcontainer.osgi.collaborator.CollaboratorHelperImpl@57a54b56
      webAppInvCollabs = class java.util.Collections$UnmodifiableSet@7ea05790
      securityDomainForApp = null
      logger = class com.ibm.ws.logging.internal.WsLogger@453cad3f
      staticDefaultSecurityCollaborator = class com.ibm.ws.webcontainer.collaborator.WebAppSecurityCollaborator@e4dc434
      logger = class com.ibm.ws.logging.internal.WsLogger@386bfe71
      CLASS_NAME = "com.ibm.wsspi.webcontainer.collaborator.CollaboratorHelper"
      webApp = class com.ibm.ws.webcontainer31.osgi.webapp.WebApp31@3839b572
      securityCollaborator = class com.ibm.ws.webcontainer.security.WebAppSecurityCollaboratorImpl@1812b196
      nameSpaceCollaborator = class com.ibm.ws.webcontainer.osgi.collaborator.WebAppNameSpaceCollaboratorImpl@4939c343
      transactionCollaborator = class com.ibm.ws.transaction.services.WebAppTransactionCollaboratorImpl@3beb79ef
      connectionCollaborator = class com.ibm.ws.webcontainer.collaborator.ConnectionCollaborator@448b323b
      allCollabEnum = class java.util.RegularEnumSet@64fe2ac0
      servlet_23_or_greater = true
      DEFER_SERVLET_REQUEST_LISTENER_DESTROY_ON_ERROR = false
    nServicing = class java.util.concurrent.atomic.AtomicInteger@61eac8f1
      serialVersionUID = 6214790243416807050
      unsafe = class sun.misc.Unsafe@24520af0
      valueOffset = 12
      value = 0
      serialVersionUID = -8742448824652078965
    lastAccessTime = 1594272337714
    state = 0
    logger = class com.ibm.ws.logging.internal.WsLogger@16499790
      tc = class com.ibm.websphere.ras.TraceComponent@12a18e83
      ivCachedResourceBundleName = "com.ibm.ws.webcontainer.resources.Messages"
      ivCachedResourceBundle = class com.ibm.ws.webcontainer.resources.Messages@3bfa49c7
      ivComponent = null
      ivOrganization = null
      ivProduct = null
      ivMinimumLocalizationLevelIntValue = 625
      ivTC = class com.ibm.websphere.ras.TraceComponent@5a52dd49
      loggerRegistrationComponent = class java.lang.ThreadLocal@3229415d
      emptyHandlers = class java.util.logging.Handler[0]
      offValue = 2147483647
      SYSTEM_LOGGER_RB_NAME = "sun.util.logging.resources.logging"
      SYSTEM_BUNDLE = class java.util.logging.Logger$LoggerBundle@5edc90bb
      NO_RESOURCE_BUNDLE = class java.util.logging.Logger$LoggerBundle@5fb467b5
      manager = class com.ibm.ws.kernel.boot.logging.WsLogManager@eb0b791
      name = "com.ibm.ws.webcontainer.servlet"
      handlers = class java.util.concurrent.CopyOnWriteArrayList@3ab809c9
      loggerBundle = class java.util.logging.Logger$LoggerBundle@3d2c850e
      useParentHandlers = true
      filter = null
      anonymous = false
      catalog = class com.ibm.ws.webcontainer.resources.Messages@3bfa49c7
      catalogName = "com.ibm.ws.webcontainer.resources.Messages"
      catalogLocale = class java.util.Locale@14dbf4bf
      treeLock = class java.lang.Object@194239f2
      parent = class com.ibm.ws.logging.internal.WsLogger@4287e860
      kids = null
      levelObject = class java.util.logging.Level@2bda3586
      levelValue = 800
      callersClassLoaderRef = class java.lang.ref.WeakReference@275b3cf2
      isSystemLogger = false
      GLOBAL_LOGGER_NAME = "global"
      global = class java.util.logging.Logger@6f5f3ab4
      $assertionsDisabled = true
    CLASS_NAME = "com.ibm.ws.webcontainer.servlet.ServletWrapper"
    nls = class com.ibm.ejs.ras.TraceNLS@215378e8
      resolver = class com.ibm.ws.logging.internal.TraceNLSResolver@43ab812b
      finder = class com.ibm.ws.logging.internal.StackFinder@114bbb65
      ivBundleName = "com.ibm.ws.webcontainer.resources.Messages"
      caller = class java.lang.Class@6d34f095
    servletConfig = class com.ibm.ws.webcontainer.servlet.ServletConfig@5d193084
      logger = class com.ibm.ws.logging.internal.WsLogger@16499790
      CLASS_NAME = "com.ibm.ws.webcontainer.servlet.ServletConfig"
      nls = class com.ibm.ejs.ras.TraceNLS@680e0d8c
      liberty_nls = class com.ibm.ejs.ras.TraceNLS@1c693963
      enabled = true
      servletName = "cr.ac.tec.resources.RestAPI"
      className = null
      mappings = class java.util.ArrayList@5cf5689f
      startUpWeight = null
      DEFAULT_STARTUP = -1
      isCachingEnabled = true
      isStatisticsEnabled = true
      isInternal = false
      metaData = class com.ibm.ws.webcontainer.osgi.metadata.WebComponentMetaDataImpl@350d8e88
      singleThreadModelServlet = false
      isJsp = false
      webAppConfig = class com.ibm.ws.webcontainer.osgi.webapp.WebAppConfiguration@1bcb2c9a
      servletWrapper = class com.ibm.ws.webcontainer.osgi.servlet.ServletWrapper@4213c825
      servletClass = class java.lang.Class@38909f3
      servlet = class com.ibm.websphere.jaxrs.server.IBMRestServlet@6a17bcdd
      addedToLoadOnStartup = true
      previousWeight = null
      multipartConfig = null
      multipartConfigBaseLocation = null
      runAsRole = null
      servletSecurityElement = null
      declareRolesAnnotation = null
      logger = class com.ibm.ws.logging.internal.WsLogger@16499790
      CLASS_NAME = "com.ibm.ws.webcontainer.servlet.TargetConfig"
      initParams = null
      fileName = null
      displayName = null
      name = "cr.ac.tec.resources.RestAPI"
      description = null
      smallIcon = null
      largeIcon = null
      context = class com.ibm.ws.webcontainer31.facade.ServletContextFacade31@465b2c37
      className = null
      asyncSupported = true
      _id = "cr.ac.tec.resources.RestAPI"
      _attributes = null
      serialVersionUID = 7511545662945734886
      $$$tc$$$ = class com.ibm.websphere.ras.TraceComponent@4cf66ac0
    context = class com.ibm.ws.webcontainer31.osgi.webapp.WebApp31@3839b572
    target = class com.ibm.websphere.jaxrs.server.IBMRestServlet@6a17bcdd
      serialVersionUID = -6835560282014155024
      KNOWN_HTTP_VERBS = class java.util.Arrays$ArrayList@5336b300
      HTML_CONTENT_TYPE = "text/html"
      endpoint = class com.ibm.ws.jaxrs20.server.JaxRsWebEndpointImpl@2b304d8
      collaborator = class com.ibm.ws.webcontainer.osgi.collaborator.WebAppNameSpaceCollaboratorImpl@4939c343
      providerFactoryService = class com.ibm.ws.jaxrs20.component.JaxRsProviderFactory@59dc67ba
      $$$tc$$$ = class com.ibm.websphere.ras.TraceComponent@26b47f47
      METHOD_DELETE = "DELETE"
      METHOD_HEAD = "HEAD"
      METHOD_GET = "GET"
      METHOD_OPTIONS = "OPTIONS"
      METHOD_POST = "POST"
      METHOD_PUT = "PUT"
      METHOD_TRACE = "TRACE"
      HEADER_IFMODSINCE = "If-Modified-Since"
      HEADER_LASTMOD = "Last-Modified"
      LSTRING_FILE = "javax.servlet.http.LocalStrings"
      lStrings = class java.util.PropertyResourceBundle@96dcd53
      LSTRING_FILE = "javax.servlet.LocalStrings"
      lStrings = class java.util.PropertyResourceBundle@64f8c95a
      config = class com.ibm.ws.webcontainer.servlet.ServletConfig@5d193084
    cacheWrappers = null
    targetLoader = null
    evtSource = class com.ibm.ws.webcontainer.webapp.WebAppEventSource@30b85318
      _invocationListeners = class com.ibm.ws.webcontainer.util.EventListeners@5007fc2b
      _servletListeners = class com.ibm.ws.webcontainer.util.EventListeners@2cd06f68
      _errorListeners = class com.ibm.ws.webcontainer.util.EventListeners@134c3ab
      _applicationListeners = class com.ibm.ws.webcontainer.util.EventListeners@342c3301
      _filterInvocationListeners = class com.ibm.ws.webcontainer.util.EventListeners@5b25670b
      _filterListeners = class com.ibm.ws.webcontainer.util.EventListeners@74a1e828
      _filterErrorListeners = class com.ibm.ws.webcontainer.util.EventListeners@53af548c
    event = class com.ibm.websphere.servlet.event.ServletEvent@a16f9df
      serialVersionUID = 3906650803920713522
      _servletName = "cr.ac.tec.resources.RestAPI"
      _servletClassName = "com.ibm.websphere.jaxrs.server.IBMRestServlet"
      $$$tc$$$ = class com.ibm.websphere.ras.TraceComponent@3b24e1f
      serialVersionUID = 3546927969739289392
      _context = class com.ibm.ws.webcontainer31.facade.ServletContextFacade31@465b2c37
      _servletNames = class com.ibm.ws.webcontainer.util.EmptyEnumeration@4fccc6d8
      $$$tc$$$ = class com.ibm.websphere.ras.TraceComponent@37712a1c
      serialVersionUID = 5516075349620653480
      source = class com.ibm.ws.webcontainer.osgi.servlet.ServletWrapper@4213c825
    unavailableMessage = null
    unavailableUntil = -1
    isSTM = false
    internalServlet = false
    webAppInvocationCollaborators = null
    platformHelper = class com.ibm.ws.webcontainer.PlatformHelper@1e1f7509
    webAppNameSpaceCollab = class com.ibm.ws.webcontainer.osgi.collaborator.WebAppNameSpaceCollaboratorImpl@4939c343
      cmdai = class com.ibm.ws.threadContext.ComponentMetaDataAccessorImpl@241246e1
    txCollab = class com.ibm.ws.transaction.services.WebAppTransactionCollaboratorImpl@3beb79ef
      tc = class com.ibm.websphere.ras.TraceComponent@e8c6130
      ltCurrentRef = class com.ibm.wsspi.kernel.service.utils.AtomicServiceReference@2e9c03a6
      tranMgrRef = class com.ibm.wsspi.kernel.service.utils.AtomicServiceReference@53790685
      userTranRef = class com.ibm.wsspi.kernel.service.utils.AtomicServiceReference@59c62f67
      uowCallbackRef = class com.ibm.wsspi.kernel.service.utils.AtomicServiceReference@1a6c386e
      serialVersionUID = -8319003162899973281
    suppressServletExceptionLogging = false
    throwExceptionEnum = class java.util.RegularEnumSet@68eb74c
      serialVersionUID = 3411599620347842686
      elements = 256
      elementType = class java.lang.Class@6d0f8a09
      universe = class com.ibm.wsspi.webcontainer.collaborator.CollaboratorInvocationEnum[9]
      ZERO_LENGTH_ENUM_ARRAY = class java.lang.Enum[0]
      MAX_ARRAY_SIZE = 2147483639
    discernUnavailableServlet = false
    reInitServletonInitUnavailableException = true
    destroyServletonServiceUnavailableException = false
    servlet23 = true
    PARAMS_HEAD_TRACE = class java.lang.Class[2]
      Class[0] = class java.lang.Class@42a030a4
      Class[1] = class java.lang.Class@1057908a
    defaultHeadMethodInUse = false
    defaultTraceMethodInUse = false
    checkedForDefaultMethods = null
    defaultTraceRequestBehavior = false
    defaultHeadRequestBehavior = false
    useOriginalRequestState = false
    warningStatusSet = false
    LSTRING_FILE = "javax.servlet.LocalStrings"
    lStrings = class java.util.PropertyResourceBundle@64f8c95a
      lookup = class java.util.HashMap@10a432e
      INITIAL_CACHE_SIZE = 32
      NONEXISTENT_BUNDLE = class java.util.ResourceBundle$1@75a981ce
      cacheList = class java.util.concurrent.ConcurrentHashMap@164b7afb
      referenceQueue = class java.lang.ref.ReferenceQueue@e80b33c
      parent = null
      locale = class java.util.Locale@5d4092f1
      name = "javax.servlet.LocalStrings"
      expired = false
      cacheKey = class java.util.ResourceBundle$CacheKey@645edf66
      keySet = null
      providers = null
      $assertionsDisabled = true
    config = null
  _filtersDefined = true
  logger = class com.ibm.ws.logging.internal.WsLogger@192eb6fd
    tc = class com.ibm.websphere.ras.TraceComponent@12a18e83
      strings[0] = "TraceComponent[com.ibm.ws.logging.internal.WsLogger,class com.ibm.ws.logging.internal.WsLogger,[logging],com.ibm.ws.logging.internal.resources.LoggingMessages,null]"
    ivCachedResourceBundleName = null
    ivCachedResourceBundle = null
    ivComponent = null
    ivOrganization = null
    ivProduct = null
    ivMinimumLocalizationLevelIntValue = 625
    ivTC = class com.ibm.websphere.ras.TraceComponent@83ca4fd
      strings[0] = "TraceComponent[com.ibm.ws.webcontainer.filter,class com.ibm.wsspi.webcontainer.logging.LoggerFactory$1,[com.ibm.ws.webcontainer.filter],null,null]"
    loggerRegistrationComponent = class java.lang.ThreadLocal@3229415d
      threadLocalHashCode = 34920769
      nextHashCode = class java.util.concurrent.atomic.AtomicInteger@209a8db6
      HASH_INCREMENT = 1640531527
    emptyHandlers = class java.util.logging.Handler[0]
    offValue = 2147483647
    SYSTEM_LOGGER_RB_NAME = "sun.util.logging.resources.logging"
    SYSTEM_BUNDLE = class java.util.logging.Logger$LoggerBundle@5edc90bb
      resourceBundleName = "sun.util.logging.resources.logging"
      userBundle = null
    NO_RESOURCE_BUNDLE = class java.util.logging.Logger$LoggerBundle@5fb467b5
      resourceBundleName = null
      userBundle = null
    manager = class com.ibm.ws.kernel.boot.logging.WsLogManager@eb0b791
      CLASS_NAME = "com.ibm.ws.kernel.boot.logging.WsLogManager"
      CONFIGURE_BY_SERVER_PROPERTY_NAME = "java.util.logging.configureByServer"
      CONFIGURE_BY_LOGGING_PROPERTIES_FILE = "java.util.logging.configureByLoggingPropertiesFile"
      configureByServer = true
      configureByLoggingProperties = false
      wsLogger = class java.lang.reflect.Constructor@6ced1c3
      resetEnabled = true
      svBinaryLoggingEnable = false
      manager = class com.ibm.ws.kernel.boot.logging.WsLogManager@eb0b791
      props = class java.util.Properties@76a3e32e
      defaultLevel = class java.util.logging.Level@2bda3586
      listenerMap = class java.util.HashMap@d38b57a
      systemContext = class java.util.logging.LogManager$SystemLoggerContext@241a9b65
      userContext = class java.util.logging.LogManager$LoggerContext@54aa06ec
      rootLogger = class java.util.logging.LogManager$RootLogger@3df925c4
      readPrimordialConfiguration = true
      initializedGlobalHandlers = true
      deathImminent = false
      initializedCalled = true
      initializationDone = true
      contextsMap = null
      loggerRefQueue = class java.lang.ref.ReferenceQueue@7522c464
      MAX_ITERATIONS = 400
      controlPermission = class java.util.logging.LoggingPermission@593a816
      loggingMXBean = null
      LOGGING_MXBEAN_NAME = "java.util.logging:type=Logging"
      $assertionsDisabled = true
    name = "com.ibm.ws.webcontainer.filter"
    handlers = class java.util.concurrent.CopyOnWriteArrayList@766b2cb3
      serialVersionUID = 8673264195747942595
      lock = class java.util.concurrent.locks.ReentrantLock@1f4ccdcd
      array = class java.lang.Object[0]
      UNSAFE = class sun.misc.Unsafe@24520af0
      lockOffset = 12
    loggerBundle = class java.util.logging.Logger$LoggerBundle@4c08338d
      resourceBundleName = "com.ibm.ws.webcontainer.resources.Messages"
      userBundle = null
    useParentHandlers = true
    filter = null
    anonymous = false
    catalog = class com.ibm.ws.webcontainer.resources.Messages@3bfa49c7
      resources = class [Ljava.lang.Object;[338]
      lookup = class java.util.HashMap@211c8435
      INITIAL_CACHE_SIZE = 32
      NONEXISTENT_BUNDLE = class java.util.ResourceBundle$1@75a981ce
      cacheList = class java.util.concurrent.ConcurrentHashMap@164b7afb
      referenceQueue = class java.lang.ref.ReferenceQueue@e80b33c
      parent = null
      locale = class java.util.Locale@5d4092f1
      name = "com.ibm.ws.webcontainer.resources.Messages"
      expired = false
      cacheKey = class java.util.ResourceBundle$CacheKey@20436a09
      keySet = null
      providers = null
      $assertionsDisabled = true
    catalogName = "com.ibm.ws.webcontainer.resources.Messages"
    catalogLocale = class java.util.Locale@14dbf4bf
      LOCALECACHE = class java.util.Locale$Cache@77b6c688
      ENGLISH = class java.util.Locale@1ab6010d
      FRENCH = class java.util.Locale@17a58dcc
      GERMAN = class java.util.Locale@34640d1c
      ITALIAN = class java.util.Locale@75a70f9e
      JAPANESE = class java.util.Locale@5f33d64e
      KOREAN = class java.util.Locale@64c3fb89
      CHINESE = class java.util.Locale@70db16e0
      SIMPLIFIED_CHINESE = class java.util.Locale@3d4d3c9a
      TRADITIONAL_CHINESE = class java.util.Locale@7c0d1cdb
      FRANCE = class java.util.Locale@769af60
      GERMANY = class java.util.Locale@2fadc57b
      ITALY = class java.util.Locale@7b5085f8
      JAPAN = class java.util.Locale@6f2fa58d
      KOREA = class java.util.Locale@25f705a7
      CHINA = class java.util.Locale@3d4d3c9a
      PRC = class java.util.Locale@3d4d3c9a
      TAIWAN = class java.util.Locale@7c0d1cdb
      UK = class java.util.Locale@64309a7f
      US = class java.util.Locale@14dbf4bf
      CANADA = class java.util.Locale@1bb0ac44
      CANADA_FRENCH = class java.util.Locale@9217172
      ROOT = class java.util.Locale@5d4092f1
      PRIVATE_USE_EXTENSION = x
      UNICODE_LOCALE_EXTENSION = u
      serialVersionUID = 9149081749638150636
      DISPLAY_LANGUAGE = 0
      DISPLAY_COUNTRY = 1
      DISPLAY_VARIANT = 2
      DISPLAY_SCRIPT = 3
      baseLocale = class sun.util.locale.BaseLocale@7465045d
      localeExtensions = null
      hashCodeValue = 96636889
      defaultLocale = class java.util.Locale@14dbf4bf
      defaultDisplayLocale = null
      defaultFormatLocale = class java.util.Locale@14dbf4bf
      languageTag = "en-US"
      serialPersistentFields = class java.io.ObjectStreamField[6]
      isoLanguages = null
      isoCountries = null
      $assertionsDisabled = true
    treeLock = class java.lang.Object@194239f2
    parent = class com.ibm.ws.logging.internal.WsLogger@4287e860
      tc = class com.ibm.websphere.ras.TraceComponent@12a18e83
      ivCachedResourceBundleName = "com.ibm.ws.webcontainer.resources.Messages"
      ivCachedResourceBundle = class com.ibm.ws.webcontainer.resources.Messages@3bfa49c7
      ivComponent = null
      ivOrganization = null
      ivProduct = null
      ivMinimumLocalizationLevelIntValue = 625
      ivTC = class com.ibm.websphere.ras.TraceComponent@7521ba86
      loggerRegistrationComponent = class java.lang.ThreadLocal@3229415d
      emptyHandlers = class java.util.logging.Handler[0]
      offValue = 2147483647
      SYSTEM_LOGGER_RB_NAME = "sun.util.logging.resources.logging"
      SYSTEM_BUNDLE = class java.util.logging.Logger$LoggerBundle@5edc90bb
      NO_RESOURCE_BUNDLE = class java.util.logging.Logger$LoggerBundle@5fb467b5
      manager = class com.ibm.ws.kernel.boot.logging.WsLogManager@eb0b791
      name = "com.ibm.ws.webcontainer"
      handlers = class java.util.concurrent.CopyOnWriteArrayList@344b0553
      loggerBundle = class java.util.logging.Logger$LoggerBundle@54bc6eef
      useParentHandlers = true
      filter = null
      anonymous = false
      catalog = class com.ibm.ws.webcontainer.resources.Messages@3bfa49c7
      catalogName = "com.ibm.ws.webcontainer.resources.Messages"
      catalogLocale = class java.util.Locale@14dbf4bf
      treeLock = class java.lang.Object@194239f2
      parent = class java.util.logging.Logger@55439a8c
      kids = class java.util.ArrayList@55b3a22c
      levelObject = class java.util.logging.Level@2bda3586
      levelValue = 800
      callersClassLoaderRef = class java.lang.ref.WeakReference@393e5454
      isSystemLogger = false
      GLOBAL_LOGGER_NAME = "global"
      global = class java.util.logging.Logger@6f5f3ab4
      $assertionsDisabled = true
    kids = null
    levelObject = class java.util.logging.Level@2bda3586
      defaultBundle = "sun.util.logging.resources.logging"
      name = "INFO"
      value = 800
      resourceBundleName = "sun.util.logging.resources.logging"
      localizedLevelName = "INFO"
      cachedLocale = class java.util.Locale@14dbf4bf
      OFF = class java.util.logging.Level@393e9b7
      SEVERE = class java.util.logging.Level@5833b583
      WARNING = class java.util.logging.Level@1c6270f7
      INFO = class java.util.logging.Level@2bda3586
      CONFIG = class java.util.logging.Level@6ef36e46
      FINE = class java.util.logging.Level@7231ec7e
      FINER = class java.util.logging.Level@376bd016
      FINEST = class java.util.logging.Level@3801ebc4
      ALL = class java.util.logging.Level@4d7533dc
      serialVersionUID = -8176160795706313070
    levelValue = 800
    callersClassLoaderRef = class java.lang.ref.WeakReference@68ea7a18
      referent = class org.eclipse.osgi.internal.loader.EquinoxClassLoader@732efb6a
      queue = class java.lang.ref.ReferenceQueue$Null@4421f367
      next = null
      discovered = null
      lock = class java.lang.ref.Reference$Lock@5e8d13a7
      pending = null
    isSystemLogger = false
    GLOBAL_LOGGER_NAME = "global"
    global = class java.util.logging.Logger@6f5f3ab4
      emptyHandlers = class java.util.logging.Handler[0]
      offValue = 2147483647
      SYSTEM_LOGGER_RB_NAME = "sun.util.logging.resources.logging"
      SYSTEM_BUNDLE = class java.util.logging.Logger$LoggerBundle@5edc90bb
      NO_RESOURCE_BUNDLE = class java.util.logging.Logger$LoggerBundle@5fb467b5
      manager = class com.ibm.ws.kernel.boot.logging.WsLogManager@eb0b791
      name = "global"
      handlers = class java.util.concurrent.CopyOnWriteArrayList@ff68a39
      loggerBundle = class java.util.logging.Logger$LoggerBundle@5fb467b5
      useParentHandlers = true
      filter = null
      anonymous = false
      catalog = null
      catalogName = null
      catalogLocale = null
      treeLock = class java.lang.Object@194239f2
      parent = class java.util.logging.LogManager$RootLogger@3df925c4
      kids = null
      levelObject = null
      levelValue = 800
      callersClassLoaderRef = null
      isSystemLogger = true
      GLOBAL_LOGGER_NAME = "global"
      global = class java.util.logging.Logger@6f5f3ab4
      $assertionsDisabled = true
    $assertionsDisabled = true
  CLASS_NAME = "com.ibm.ws.webcontainer.filter.WebAppFilterChain"
  webapp = class com.ibm.ws.webcontainer31.osgi.webapp.WebApp31@3839b572
    tc = class com.ibm.websphere.ras.TraceComponent@7b9d978b
      strings[0] = "TraceComponent[com.ibm.ws.webcontainer31.osgi.webapp.WebApp31,class com.ibm.ws.webcontainer31.osgi.webapp.WebApp31,[webcontainer],com.ibm.ws.webcontainer31.resources.Messages,null]"
    CLASS_NAME = "com.ibm.ws.webcontainer31.osgi.webapp.WebApp31"
    servlet31NLS = class com.ibm.ejs.ras.TraceNLS@43cf02b
      resolver = class com.ibm.ws.logging.internal.TraceNLSResolver@43ab812b
      finder = class com.ibm.ws.logging.internal.StackFinder@114bbb65
      ivBundleName = "com.ibm.ws.webcontainer31.resources.Messages"
      caller = class java.lang.Class@31d5ff54
    validListenerClasses = class java.lang.Class[7]
      Class[0] = class java.lang.Class@22ff295
      Class[1] = class java.lang.Class@44c46cad
      Class[2] = class java.lang.Class@65e9e06c
      Class[3] = class java.lang.Class@15a2a9fc
      Class[4] = class java.lang.Class@349a776b
      Class[5] = class java.lang.Class@6abb007c
      Class[6] = class java.lang.Class@53085863
    wsocServHandler = class com.ibm.ws.wsoc.external.WsocHandlerImpl@7548d904
      tc = class com.ibm.websphere.ras.TraceComponent@d55c3f7
      noMoreAddsCalled = true
      serialVersionUID = -2067291126638824067
    tc = class com.ibm.websphere.ras.TraceComponent@6249bea4
      strings[0] = "TraceComponent[com.ibm.ws.webcontainer.osgi.webapp.WebApp,class com.ibm.ws.webcontainer.osgi.webapp.WebApp,[webcontainer],com.ibm.ws.webcontainer.resources.LShimMessages,null]"
    CLASS_NAME = "com.ibm.ws.webcontainer.osgi.webapp.WebApp"
    metaDataService = class com.ibm.ws.container.service.metadata.internal.MetaDataServiceImpl@57d86cee
      applicationMetaDataManager = class com.ibm.ws.container.service.metadata.internal.ApplicationMetaDataManager@1ad5810
      moduleMetaDataManager = class com.ibm.ws.container.service.metadata.internal.ModuleMetaDataManager@3e741a5f
      componentMetaDataManager = class com.ibm.ws.container.service.metadata.internal.ComponentMetaDataManager@22a94625
      methodMetaDataManager = class com.ibm.ws.container.service.metadata.internal.MethodMetaDataManager@dfc63e1
      appModuleNameToModuleContainer = class java.util.concurrent.ConcurrentHashMap@66fad796
      jeeNameToComponentMetaData = class java.util.concurrent.ConcurrentHashMap@78429ff4
      deferredMetaDataFactories = class com.ibm.wsspi.kernel.service.utils.ConcurrentServiceReferenceSet@103266b7
      deferredMetaDataInitializers = class com.ibm.wsspi.kernel.service.utils.ConcurrentServiceReferenceMap@7e3ffc3b
      serialVersionUID = -2494605732980966097
      $$$tc$$$ = class com.ibm.websphere.ras.TraceComponent@40f96dbf
    namespacePopulated = false
    referenceContext = class com.ibm.ws.injectionengine.osgi.internal.OSGiReferenceContextImpl@74938880
      scopeData = class com.ibm.ws.injectionengine.osgi.internal.OSGiInjectionScopeData@42aefbb3
      serialVersionUID = 521511923892134915
      $$$tc$$$ = class com.ibm.websphere.ras.TraceComponent@71a8d5e4
      CLASS_NAME = "com.ibm.ws.injectionengine.ReferenceContextImpl"
      tc = class com.ibm.websphere.ras.TraceComponent@5acde5b
      ivInjectionEngine = class com.ibm.ws.injectionengine.osgi.internal.OSGiInjectionEngineImpl@14527cd4
      ivProviders = class java.util.ArrayList@7443277f
      ivComponentJavaContext = null
      ivComponentNameSpace = null
      ivJavaColonCompEnvMap = class java.util.LinkedHashMap@515e7a8b
      ivEjbContext10 = class java.util.Properties@28551aed
      ivResourceRefConfigList = class com.ibm.ws.resource.internal.ResourceRefConfigListImpl@2f6677ef
      isAlreadyProcessed = true
      ivProcessFailure = null
      ivInjectionTargetMap = class java.util.concurrent.ConcurrentHashMap@42f3c5a3
      svInjTarMapCacheSize = 256
      ivDeclaredInjectionTargets = class java.util.HashMap@605b6554
      ivProcessedInjectionClasses = class java.util.HashSet@605999c0
      svInjClassMapCacheSize = 512
      ivProcessedInjectionBindings = class java.util.LinkedHashSet@7c1c532b
      ivAnyProcessDynamic = true
      ivCheckAppConfig = false
    j2eeNameFactory = class com.ibm.ws.container.service.metadata.internal.J2EENameFactoryImpl@34866396
      serialVersionUID = 3486344295038028821
      $$$tc$$$ = class com.ibm.websphere.ras.TraceComponent@75102fa9
    moduleLoader = class com.ibm.ws.classloading.internal.AppClassLoader@34e555fb
      tc = class com.ibm.websphere.ras.TraceComponent@30e42ad9
      disableSharedClassesCache = false
      PARENT_FIRST_SEARCH_ORDER = class java.util.Collections$UnmodifiableRandomAccessList@25c973c7
      packagesDefined = class java.util.Collections$SetFromMap@528f4671
      CLASS_LOADING_TRACE_PREFIX = "com.ibm.ws.class.load."
      DEFAULT_PACKAGE = "default.package"
      perPackageClassLoadingTraceComponents = class java.util.concurrent.ConcurrentHashMap@1d675f6f
      config = class com.ibm.ws.classloading.internal.ClassLoaderConfigurationImpl@1aaa683f
      privateLibraries = null
      delegateLoaders = class com.ibm.ws.classloading.internal.util.CompositeIterable@741377e6
      nativeLibraryFiles = class java.util.ArrayList@5c871bdb
      transformers = class java.util.ArrayList@7bbcbb03
      apiAccess = class com.ibm.ws.classloading.internal.GatewayClassLoader@775d629d
      generator = class com.ibm.ws.classloading.internal.ClassGeneratorManager@321ecfdb
      protectionDomains = class java.util.concurrent.ConcurrentHashMap@5ddd2239
      parent = class com.ibm.ws.classloading.internal.GatewayClassLoader@775d629d
      hook = null
      serialVersionUID = 8734164900246230615
      tc = class com.ibm.websphere.ras.TraceComponent@6c1ddb57
      smartClassPath = class com.ibm.ws.classloading.internal.ContainerClassLoader$SmartClassPathImpl@3960b39a
      nativeLibraryContainers = class java.util.ArrayList@279a6316
      redefiner = class com.ibm.ws.classloading.internal.util.ClassRedefiner@633e1029
      jarProtocol = "wsjar:"
      mapCreationQueue = class java.util.concurrent.Executors$FinalizableDelegatedExecutorService@57462a9d
      serialVersionUID = 6399598832433768509
      serialVersionUID = 1837293532091806117
      $$$tc$$$ = class com.ibm.websphere.ras.TraceComponent@70c80659
      serialVersionUID = -4586727107834513475
      $$$tc$$$ = class com.ibm.websphere.ras.TraceComponent@537de42c
      serialVersionUID = -7709588811276454856
      $$$tc$$$ = class com.ibm.websphere.ras.TraceComponent@2d2668a8
      initialized = true
      pdcache = class java.util.HashMap@6b06bf8c
      debug = null
      parent = class com.ibm.ws.classloading.internal.GatewayClassLoader@775d629d
      parallelLockMap = class java.util.concurrent.ConcurrentHashMap@1f70f329
      package2certs = class java.util.concurrent.ConcurrentHashMap@cdc17b6
      nocerts = class java.security.cert.Certificate[0]
      classes = class java.util.Vector@6aa8c672
      defaultDomain = class java.security.ProtectionDomain@348cee74
      packages = class java.util.HashMap@2cfdaa77
      scl = class sun.misc.Launcher$AppClassLoader@4e0e2f2a
      sclSet = true
      loadedLibraryNames = class java.util.Vector@407069f9
      systemNativeLibraries = class java.util.Vector@6cc7bcd3
      nativeLibraries = class java.util.Vector@3feb1071
      nativeLibraryContext = class java.util.Stack@7e84abe9
      usr_paths = class java.lang.String[42]
      sys_paths = class java.lang.String[1]
      assertionLock = class java.lang.Object@b07c541
      defaultAssertionStatus = false
      packageAssertionStatus = null
      classAssertionStatus = null
    webAppConfig = class com.ibm.ws.webcontainer.osgi.webapp.WebAppConfiguration@1bcb2c9a
      webModuleMetaData = class com.ibm.ws.webcontainer.osgi.metadata.WebModuleMetaDataImpl@28919e65
      webComponentMetaData = class com.ibm.ws.webcontainer.osgi.metadata.WebComponentMetaDataImpl@69fb0913
      dVirtualHost = class com.ibm.ws.webcontainer.osgi.DynamicVirtualHost@459deb1e
      orderedLibPaths = class java.util.Collections$UnmodifiableRandomAccessList@1813dd29
      bundleHeaders = null
      cdiEnabled = false
      CLASS_NAME = "com.ibm.ws.webcontainer.webapp.WebAppConfiguration"
      logger = class com.ibm.ws.logging.internal.WsLogger@289a8cc
      tc = class com.ibm.websphere.ras.TraceComponent@27adf21b
      nls = class com.ibm.ejs.ras.TraceNLS@4899622c
      version = 30
      contextRoot = "/CookTimeServer"
      isDefaultContextRootUsed = false
      sessionTimeout = 0
      moduleSessionTimeoutSet = false
      moduleSessionTrackingModeSet = false
      sessionCookieConfig = class com.ibm.ws.session.SessionCookieConfigImpl@9058b1f
      hasProgrammaticCookieConfig = false
      sessionDefaultTrackingModeSet = class java.util.RegularEnumSet@2d435eec
      sessionManagerConfig = class com.ibm.ws.session.SessionManagerConfig@29747aaa
      displayName = "CookTimeServer"
      description = null
      reloadInterval = 3
      distributable = false
      denyUncoveredHttpMethods = false
      reloadingEnabled = true
      serveServletsByClassnameEnabled = false
      defaultErrorPage = null
      additionalClassPath = null
      fileServingEnabled = true
      directoryBrowsingEnabled = false
      autoRequestEncoding = false
      autoResponseEncoding = false
      autoLoadFilters = false
      requestListeners = null
      requestAttributeListeners = null
      sessionListeners = null
      localeMap = null
      moduleName = "CookTimeServer"
      j2eeModuleName = "CookTimeServer.war"
      moduleId = null
      isSyncToThreadEnabled = false
      encodeDispatchedRequestURI = false
      isSystemApp = false
      ardEnabled = false
      ardDispatchType = null
      listeners = class java.util.ArrayList@1cc179c6
      welcomeFileList = class java.util.ArrayList@1f4af070
      servletMappings = class java.util.HashMap@3a32ddf5
      lastIndexBeforeDeclaredFilters = 1
      filterMappings = class java.util.ArrayList@db15061
      servletInfo = class java.util.concurrent.ConcurrentHashMap@1aa91758
      filterInfo = class java.util.HashMap@5228ad0d
      mimeMappings = class java.util.HashMap@7e590fc8
      mimeFilters = null
      isMimeFilteringEnabled = false
      theWebGroup = null
      jspAttributes = class java.util.HashMap@79ec7a3a
      fileServingAttributes = class java.util.HashMap@2badb188
      invokerAttributes = class java.util.HashMap@3cfa3135
      contextParams = class java.util.HashMap@aeb5e2d
      virtualHost = "default_host"
      exceptionErrorPages = class java.util.HashMap@10ccc8e0
      codeErrorPages = class java.util.HashMap@56ab1a80
      tagLibList = null
      precompileJsps = false
      webApp = class com.ibm.ws.webcontainer31.osgi.webapp.WebApp31@3839b572
      virtualHostList = class java.util.Collections$EmptyList@3b35faf9
      appStartupWeight = 0
      moduleStartupWeight = 0
      metaDataComplete = false
      classesToScan = class java.util.ArrayList@6b7fc184
      uriFilterMappingInfos = class java.util.ArrayList@1d829fc3
      servletFilterMappingInfos = null
      dynamicServletRegistrationMap = null
      applicationName = "CookTimeServer"
      libBinPathList = class java.util.ArrayList@13f3e9e9
      webXmlDefinedListeners = class java.util.HashSet@7052b5c
      allRefs = class java.util.EnumMap@1263a9d9
      allRefBindings = class java.util.EnumMap@1b9640d1
      envEntryValues = class java.util.HashMap@17265eeb
      resourceRefConfigList = class com.ibm.ws.resource.internal.ResourceRefConfigListImpl@2f6677ef
      disallowAllFileServingProp = "false"
      disallowServeServletsByClassnameProp = "true"
      disableStaticMappingCache = false
      jspCachedLocations = class java.util.HashMap@39d7c898
      primedSTSHeader = "NoValue"
      enablemultireadofpostdata = false
      requestEncoding = null
      responseEncoding = null
      NULLSERVLETNAME = "com.ibm.ws.webcontainer.NullServletName"
      _id = "WebAppGeneratedId1"
      _attributes = null
      serialVersionUID = 7511545662945734886
      $$$tc$$$ = class com.ibm.websphere.ras.TraceComponent@4cf66ac0
    extensionProcessingDisabled = false
    managedObjectService = class com.ibm.ws.cdi.impl.managedobject.CDIManagedObjectService@28f8461e
      cdiServiceRef = class com.ibm.wsspi.kernel.service.utils.AtomicServiceReference@680112df
      defaultMOSRef = class com.ibm.wsspi.kernel.service.utils.AtomicServiceReference@487930e4
      cdiRuntime = class com.ibm.ws.cdi.liberty.CDIRuntimeImpl@1462825a
      serialVersionUID = 6431825704414919683
      $$$tc$$$ = class com.ibm.websphere.ras.TraceComponent@6896c8cb
    internalServletMetaData = interface com.ibm.wsspi.webcontainer.metadata.WebComponentMetaData[2]
      WebComponentMetaData[0] = null
      WebComponentMetaData[1] = null
    loginProcessor = null
    logoutProcessor = null
    collabHelper = class com.ibm.ws.webcontainer.osgi.collaborator.CollaboratorHelperImpl@57a54b56
    envObject = class com.ibm.ws.util.WSThreadLocal@7e875238
      tc = class com.ibm.ejs.ras.TraceComponent@47228961
      count = 9
      index = 4
      SUSPECTED_MISUSAGE_THRESHOLD = 200
      threadLocalHashCode = -1477319733
      nextHashCode = class java.util.concurrent.atomic.AtomicInteger@209a8db6
      HASH_INCREMENT = 1640531527
    orderedLibPaths = class java.util.Collections$UnmodifiableRandomAccessList@1813dd29
      serialVersionUID = -2542308836966382001
      serialVersionUID = -283967356065247728
      list = class java.util.ArrayList@4ec9d20d
      serialVersionUID = 1820017752578914078
      c = class java.util.ArrayList@4ec9d20d
    perm = class com.ibm.websphere.security.WebSphereRuntimePermission@750e1f7
      serialVersionUID = -3306242789188168337
      $$$tc$$$ = class com.ibm.websphere.ras.TraceComponent@414b6141
      serialVersionUID = 6279438298436773498
      wildcard = false
      path = "accessServletContext"
      exitVM = false
      serialVersionUID = -5636570222231596674
      name = "accessServletContext"
    WELCOME_FILE_LIST = "com.ibm.ws.webcontainer.config.WelcomeFileList"
    DIR_BROWSING_MAPPING = "__dirBrowsing__1594272336994"
    FILTER_PROXY_MAPPING = "/__filterProxy__1594272336994"
    logger = class com.ibm.ws.logging.internal.WsLogger@289a8cc
      tc = class com.ibm.websphere.ras.TraceComponent@12a18e83
      ivCachedResourceBundleName = null
      ivCachedResourceBundle = null
      ivComponent = null
      ivOrganization = null
      ivProduct = null
      ivMinimumLocalizationLevelIntValue = 625
      ivTC = class com.ibm.websphere.ras.TraceComponent@79cd9577
      loggerRegistrationComponent = class java.lang.ThreadLocal@3229415d
      emptyHandlers = class java.util.logging.Handler[0]
      offValue = 2147483647
      SYSTEM_LOGGER_RB_NAME = "sun.util.logging.resources.logging"
      SYSTEM_BUNDLE = class java.util.logging.Logger$LoggerBundle@5edc90bb
      NO_RESOURCE_BUNDLE = class java.util.logging.Logger$LoggerBundle@5fb467b5
      manager = class com.ibm.ws.kernel.boot.logging.WsLogManager@eb0b791
      name = "com.ibm.ws.webcontainer.webapp"
      handlers = class java.util.concurrent.CopyOnWriteArrayList@3efa5096
      loggerBundle = class java.util.logging.Logger$LoggerBundle@4a798dc2
      useParentHandlers = true
      filter = null
      anonymous = false
      catalog = class com.ibm.ws.webcontainer.resources.Messages@3bfa49c7
      catalogName = "com.ibm.ws.webcontainer.resources.Messages"
      catalogLocale = class java.util.Locale@14dbf4bf
      treeLock = class java.lang.Object@194239f2
      parent = class com.ibm.ws.logging.internal.WsLogger@4287e860
      kids = null
      levelObject = class java.util.logging.Level@2bda3586
      levelValue = 800
      callersClassLoaderRef = class java.lang.ref.WeakReference@5980dea6
      isSystemLogger = false
      GLOBAL_LOGGER_NAME = "global"
      global = class java.util.logging.Logger@6f5f3ab4
      $assertionsDisabled = true
    CLASS_NAME = "com.ibm.ws.webcontainer.webapp.WebApp"
    loader = class com.ibm.ws.classloading.internal.ThreadContextClassLoader@779896b0
      tc = class com.ibm.websphere.ras.TraceComponent@3f4670ff
      bundle = class java.util.concurrent.atomic.AtomicReference@69a43ea9
      key = "WebModule:CookTimeServer#CookTimeServer.war"
      refCount = class java.util.concurrent.atomic.AtomicInteger@3f109c64
      appLoader = class com.ibm.ws.classloading.internal.AppClassLoader@34e555fb
      clSvc = class com.ibm.ws.classloading.internal.ClassLoadingServiceImpl@7055e39e
      serialVersionUID = 846416563800781557
      tc = class com.ibm.websphere.ras.TraceComponent@26e6346e
      followOnClassLoaders = class java.util.ArrayList@10fccf3d
      serialVersionUID = 8829649920524275888
      serialVersionUID = -4586727107834513475
      $$$tc$$$ = class com.ibm.websphere.ras.TraceComponent@537de42c
      serialVersionUID = -7709588811276454856
      $$$tc$$$ = class com.ibm.websphere.ras.TraceComponent@2d2668a8
      initialized = true
      pdcache = class java.util.HashMap@58e5fafd
      debug = null
      parent = class com.ibm.ws.classloading.internal.GatewayClassLoader@242187f6
      parallelLockMap = class java.util.concurrent.ConcurrentHashMap@63adae39
      package2certs = class java.util.concurrent.ConcurrentHashMap@3cbbf8c1
      nocerts = class java.security.cert.Certificate[0]
      classes = class java.util.Vector@4a485d4c
      defaultDomain = class java.security.ProtectionDomain@3d8d74ea
      packages = class java.util.HashMap@335fd904
      scl = class sun.misc.Launcher$AppClassLoader@4e0e2f2a
      sclSet = true
      loadedLibraryNames = class java.util.Vector@407069f9
      systemNativeLibraries = class java.util.Vector@6cc7bcd3
      nativeLibraries = class java.util.Vector@50c1425e
      nativeLibraryContext = class java.util.Stack@7e84abe9
      usr_paths = class java.lang.String[42]
      sys_paths = class java.lang.String[1]
      assertionLock = class java.lang.Object@586bd737
      defaultAssertionStatus = false
      packageAssertionStatus = null
      classAssertionStatus = null
    facade = class com.ibm.ws.webcontainer31.facade.ServletContextFacade31@465b2c37
      context = class com.ibm.ws.webcontainer31.osgi.webapp.WebApp31@3839b572
    features = class java.util.ArrayList@40275b40
      serialVersionUID = 8683452581122892189
      DEFAULT_CAPACITY = 10
      EMPTY_ELEMENTDATA = class java.lang.Object[0]
      DEFAULTCAPACITY_EMPTY_ELEMENTDATA = class java.lang.Object[0]
      elementData = class java.lang.Object[0]
      size = 0
      MAX_ARRAY_SIZE = 2147483639
      modCount = 0
      MAX_ARRAY_SIZE = 2147483639
    applicationName = "CookTimeServer"
    config = class com.ibm.ws.webcontainer.osgi.webapp.WebAppConfiguration@1bcb2c9a
    securityEnabledForApp = true
    webExtensionProcessor = class com.ibm.ws.webcontainer.osgi.extension.WebExtensionProcessor@40f855ea
      webApp = class com.ibm.ws.webcontainer31.osgi.webapp.WebApp31@3839b572
      extensionContext = class com.ibm.ws.webcontainer31.osgi.webapp.WebApp31@3839b572
    production = true
    isServlet23 = true
    contextPath = "/CookTimeServer"
    internalServletList = class [Ljava.lang.String;[2]
      String[][0] = class java.lang.String[2]
      String[][1] = class java.lang.String[2]
    BY_NAME_ONLY = "/_1594272336994_/"
    filterManager = class com.ibm.ws.webcontainer.osgi.filter.WebAppFilterManagerImpl@105df5bd
      _filterWrappers = class java.util.Hashtable@a3f4390
      chainCache = class java.util.Collections$SynchronizedMap@69264c23
      forwardChainCache = class java.util.Collections$SynchronizedMap@77abd37b
      includeChainCache = class java.util.Collections$SynchronizedMap@1a4471e9
      errorChainCache = class java.util.Collections$SynchronizedMap@6a1792f2
      _filtersDefined = true
      FMI_MAPPING_SINGLE_SLASH = 0
      FMI_MAPPING_PATH_MATCH = 1
      FMI_MAPPING_EXTENSION_MATCH = 2
      FMI_MAPPING_EXACT_MATCH = 3
      logger = class com.ibm.ws.logging.internal.WsLogger@192eb6fd
      CLASS_NAME = "com.ibm.ws.webcontainer.filter.WebAppFilterManager"
      nls = class com.ibm.ejs.ras.TraceNLS@310b8cc7
      webAppConfig = class com.ibm.ws.webcontainer.osgi.webapp.WebAppConfiguration@1bcb2c9a
      webApp = class com.ibm.ws.webcontainer31.osgi.webapp.WebApp31@3839b572
      collabHelper = class com.ibm.ws.webcontainer.osgi.collaborator.CollaboratorHelperImpl@57a54b56
      secCollab = class com.ibm.ws.webcontainer.security.WebAppSecurityCollaboratorImpl@1812b196
      sessionSecurityIntegrationEnabled = true
      assumeFilterSuccessOnSecurityError = false
      useOriginalRequestState = false
      _evtSource = class com.ibm.ws.webcontainer.webapp.WebAppEventSource@30b85318
      defaultComponentMetaData = class com.ibm.ws.webcontainer.osgi.metadata.WebComponentMetaDataImpl@69fb0913
      DEFER_SERVLET_REQUEST_LISTENER_DESTROY_ON_ERROR = false
    documentRoot = null
    SERVLET_API_VERSION = "Servlet 2.5"
    disableServletAuditLogging = -1
    serverInfo = "IBM WebSphere Liberty/20.0.0.6"
    sessionCtx = class com.ibm.ws.webcontainer31.session.impl.HttpSessionContext31Impl@688f0e19
      methodClassName = "HttpSessionContextImpl"
      _smc = class com.ibm.ws.session.SessionManagerConfig@29747aaa
      sessionStoreService = null
      _sap = class com.ibm.ws.session.SessionApplicationParameters@7bc660bd
      _coreHttpSessionManager = class com.ibm.ws.session.SessionManager@47548e5e
      _coreHttpAppSessionManager = null
      _sam = class com.ibm.ws.webcontainer.session.impl.SessionAffinityManagerImpl@fe0b019
      isSIPApplication = false
      sessionAttributeListener = true
      sessionListener = true
      mHttpSessionAttributeListeners = class java.util.ArrayList@54b3a65
      mHttpSessionListeners = class java.util.ArrayList@4d4071f9
      mHttpSessionIdListeners = class java.util.ArrayList@2e853071
      mHttpSessionAttributeListenersJ2eeNames = class java.util.ArrayList@24ef2dc0
      mHttpSessionListenersJ2eeNames = class java.util.ArrayList@782ba32a
      mHttpSessionIdListenersJ2eeNames = class java.util.ArrayList@362ada6f
      mLocalHost = null
      _refCount = 1
      currentThreadSacHashtable = null
      methodClassName = "SessionContext"
      ANONYMOUS_USER = "anonymous"
      wasHttpSessionObserver = class com.ibm.ws.session.WasHttpSessionObserver@312b7263
      wasHttpSessionAttributeObserver = null
      _invalidator = class com.ibm.ws.session.SessionInvalidatorWithThreadPool@6cf7c8ab
      _storer = class com.ibm.ws.session.EOSSessionStorer@49e014ec
      wasHttpAppSessionObserver = null
      mHttpAppSessionListeners = null
      cmvcInfo = "CMVC Version 1.9 6/24/07 11:12:24"
      _loggedVersion = true
      CREATE_CORE_SESSION_MANAGER = 0
      GET_REQUESTED_SESSION_ID = 1
      GET_IHTTP_SESSION = 2
      SESSION_PRE_INVOKE = 3
      SESSION_POST_INVOKE = 4
      STOP = 5
      STOP_LISTENERS = 6
      IS_VALID = 7
      ENCODE_URL = 8
      SHOULD_ENCODE_URL = 9
      IS_PROTOCOL_SWITCH = 10
      GET_LOCAL_HOST = 11
      ADD_HTTP_SESSION_ATTRIBUTE_LISTENER = 12
      ADD_HTTP_SESSION_LISTENER = 13
      GET_SESSION_AFFINITY_CONTEXT = 14
      CHECK_SECURITY = 15
      INVALIDATE = 16
      CHECK_SESSSIONID_IS_RIGHT_LENGTH = 17
      LOCK_SESSION = 18
      UNLOCK_SESSION = 19
      ADD_HTTP_SESSION_ID_LISTENER = 20
      methodNames = class java.lang.String[21]
    eventSource = class com.ibm.ws.webcontainer.webapp.WebAppEventSource@30b85318
    nls = class com.ibm.ejs.ras.TraceNLS@25edfe3b
      resolver = class com.ibm.ws.logging.internal.TraceNLSResolver@43ab812b
      finder = class com.ibm.ws.logging.internal.StackFinder@114bbb65
      ivBundleName = "com.ibm.ws.webcontainer.resources.Messages"
      caller = class java.lang.Class@6f3472b9
    liberty_nls = class com.ibm.ejs.ras.TraceNLS@5a620726
      resolver = class com.ibm.ws.logging.internal.TraceNLSResolver@43ab812b
      finder = class com.ibm.ws.logging.internal.StackFinder@114bbb65
      ivBundleName = "com.ibm.ws.webcontainer.resources.LShimMessages"
      caller = class java.lang.Class@6f3472b9
    error_nls = class com.ibm.ejs.ras.TraceNLS@628de2ee
      resolver = class com.ibm.ws.logging.internal.TraceNLSResolver@43ab812b
      finder = class com.ibm.ws.logging.internal.StackFinder@114bbb65
      ivBundleName = "com.ibm.ws.webcontainer.resources.ErrorPage"
      caller = class java.lang.Class@6f3472b9
    sessionListeners = class java.util.ArrayList@72e2c760
      serialVersionUID = 8683452581122892189
      DEFAULT_CAPACITY = 10
      EMPTY_ELEMENTDATA = class java.lang.Object[0]
      DEFAULTCAPACITY_EMPTY_ELEMENTDATA = class java.lang.Object[0]
      elementData = class java.lang.Object[10]
      size = 2
      MAX_ARRAY_SIZE = 2147483639
      modCount = 3
      MAX_ARRAY_SIZE = 2147483639
    sessionIdListeners = class java.util.ArrayList@3834f321
      serialVersionUID = 8683452581122892189
      DEFAULT_CAPACITY = 10
      EMPTY_ELEMENTDATA = class java.lang.Object[0]
      DEFAULTCAPACITY_EMPTY_ELEMENTDATA = class java.lang.Object[0]
      elementData = class java.lang.Object[0]
      size = 0
      MAX_ARRAY_SIZE = 2147483639
      modCount = 0
      MAX_ARRAY_SIZE = 2147483639
    sessionAttrListeners = class java.util.ArrayList@72a58836
      serialVersionUID = 8683452581122892189
      DEFAULT_CAPACITY = 10
      EMPTY_ELEMENTDATA = class java.lang.Object[0]
      DEFAULTCAPACITY_EMPTY_ELEMENTDATA = class java.lang.Object[0]
      elementData = class java.lang.Object[10]
      size = 1
      MAX_ARRAY_SIZE = 2147483639
      modCount = 2
      MAX_ARRAY_SIZE = 2147483639
    addedSessionListeners = class java.util.ArrayList@7fb28e1e
      serialVersionUID = 8683452581122892189
      DEFAULT_CAPACITY = 10
      EMPTY_ELEMENTDATA = class java.lang.Object[0]
      DEFAULTCAPACITY_EMPTY_ELEMENTDATA = class java.lang.Object[0]
      elementData = class java.lang.Object[10]
      size = 1
      MAX_ARRAY_SIZE = 2147483639
      modCount = 1
      MAX_ARRAY_SIZE = 2147483639
    addedSessionAttrListeners = class java.util.ArrayList@1b0f8f4f
      serialVersionUID = 8683452581122892189
      DEFAULT_CAPACITY = 10
      EMPTY_ELEMENTDATA = class java.lang.Object[0]
      DEFAULTCAPACITY_EMPTY_ELEMENTDATA = class java.lang.Object[0]
      elementData = class java.lang.Object[10]
      size = 1
      MAX_ARRAY_SIZE = 2147483639
      modCount = 1
      MAX_ARRAY_SIZE = 2147483639
    servletContextListeners = class java.util.ArrayList@4bdcaf4
      serialVersionUID = 8683452581122892189
      DEFAULT_CAPACITY = 10
      EMPTY_ELEMENTDATA = class java.lang.Object[0]
      DEFAULTCAPACITY_EMPTY_ELEMENTDATA = class java.lang.Object[0]
      elementData = class java.lang.Object[10]
      size = 5
      MAX_ARRAY_SIZE = 2147483639
      modCount = 6
      MAX_ARRAY_SIZE = 2147483639
    servletContextLAttrListeners = class java.util.ArrayList@5a07066d
      serialVersionUID = 8683452581122892189
      DEFAULT_CAPACITY = 10
      EMPTY_ELEMENTDATA = class java.lang.Object[0]
      DEFAULTCAPACITY_EMPTY_ELEMENTDATA = class java.lang.Object[0]
      elementData = class java.lang.Object[10]
      size = 1
      MAX_ARRAY_SIZE = 2147483639
      modCount = 2
      MAX_ARRAY_SIZE = 2147483639
    servletRequestListeners = class java.util.ArrayList@31aea14d
      serialVersionUID = 8683452581122892189
      DEFAULT_CAPACITY = 10
      EMPTY_ELEMENTDATA = class java.lang.Object[0]
      DEFAULTCAPACITY_EMPTY_ELEMENTDATA = class java.lang.Object[0]
      elementData = class java.lang.Object[10]
      size = 1
      MAX_ARRAY_SIZE = 2147483639
      modCount = 2
      MAX_ARRAY_SIZE = 2147483639
    servletRequestLAttrListeners = class java.util.ArrayList@563c35c0
      serialVersionUID = 8683452581122892189
      DEFAULT_CAPACITY = 10
      EMPTY_ELEMENTDATA = class java.lang.Object[0]
      DEFAULTCAPACITY_EMPTY_ELEMENTDATA = class java.lang.Object[0]
      elementData = class java.lang.Object[10]
      size = 1
      MAX_ARRAY_SIZE = 2147483639
      modCount = 2
      MAX_ARRAY_SIZE = 2147483639
    prependSlashToResource = false
    destroyed = false
    webAppNameSpaceCollab = class com.ibm.ws.webcontainer.osgi.collaborator.WebAppNameSpaceCollaboratorImpl@4939c343
    txCollab = class com.ibm.ws.transaction.services.WebAppTransactionCollaboratorImpl@3beb79ef
    sessionActivationListeners = class java.util.ArrayList@3cbcbf99
      serialVersionUID = 8683452581122892189
      DEFAULT_CAPACITY = 10
      EMPTY_ELEMENTDATA = class java.lang.Object[0]
      DEFAULTCAPACITY_EMPTY_ELEMENTDATA = class java.lang.Object[0]
      elementData = class java.lang.Object[0]
      size = 0
      MAX_ARRAY_SIZE = 2147483639
      modCount = 1
      MAX_ARRAY_SIZE = 2147483639
    sessionBindingListeners = class java.util.ArrayList@5e6ae20d
      serialVersionUID = 8683452581122892189
      DEFAULT_CAPACITY = 10
      EMPTY_ELEMENTDATA = class java.lang.Object[0]
      DEFAULTCAPACITY_EMPTY_ELEMENTDATA = class java.lang.Object[0]
      elementData = class java.lang.Object[0]
      size = 0
      MAX_ARRAY_SIZE = 2147483639
      modCount = 1
      MAX_ARRAY_SIZE = 2147483639
    scratchdir = null
    jspClassLoaderLimit = 0
    jspClassLoaderExclusionList = null
    jspClassLoadersMap = null
    jspClassLoaderLimitTrackIF = false
    defaultExtProc = null
    directoryBrowsingServlet = null
    cdiContexts = class java.util.concurrent.ConcurrentHashMap@1a0a9444
      serialVersionUID = 7249069246763182397
      MAXIMUM_CAPACITY = 1073741824
      DEFAULT_CAPACITY = 16
      MAX_ARRAY_SIZE = 2147483639
      DEFAULT_CONCURRENCY_LEVEL = 16
      LOAD_FACTOR = 0.75
      TREEIFY_THRESHOLD = 8
      UNTREEIFY_THRESHOLD = 6
      MIN_TREEIFY_CAPACITY = 64
      MIN_TRANSFER_STRIDE = 16
      RESIZE_STAMP_BITS = 16
      MAX_RESIZERS = 65535
      RESIZE_STAMP_SHIFT = 16
      MOVED = -1
      TREEBIN = -2
      RESERVED = -3
      HASH_BITS = 2147483647
      NCPU = 8
      serialPersistentFields = class java.io.ObjectStreamField[3]
      table = null
      nextTable = null
      baseCount = 0
      sizeCtl = 0
      transferIndex = 0
      cellsBusy = 0
      counterCells = null
      keySet = null
      values = null
      entrySet = null
      U = class sun.misc.Unsafe@24520af0
      SIZECTL = 20
      TRANSFERINDEX = 32
      BASECOUNT = 24
      CELLSBUSY = 36
      CELLVALUE = 144
      ABASE = 16
      ASHIFT = 2
      keySet = null
      values = null
    moduleConfig = class com.ibm.ws.webcontainer.osgi.container.DeployedModule@2d2f30f0
      tc = class com.ibm.websphere.ras.TraceComponent@4c99fed4
      loader = class com.ibm.ws.classloading.internal.ThreadContextClassLoader@779896b0
      webApp = class com.ibm.ws.webcontainer31.osgi.webapp.WebApp31@3839b572
      webAppConfig = class com.ibm.ws.webcontainer.osgi.webapp.WebAppConfiguration@1bcb2c9a
      contextRootAdded = class com.ibm.ws.threading.internal.NonCancelableResultFuture@30da6410
      properContextRoot = "/CookTimeServer"
      mappingContextRoot = "/CookTimeServer/*"
      initTaskCount = class java.util.concurrent.atomic.AtomicInteger@59d8e97d
      initTasksDoneListener = class com.ibm.ws.webcontainer.osgi.WebContainer$2@6eb06649
      serialVersionUID = -2104814060051592457
      $$$tc$$$ = class com.ibm.websphere.ras.TraceComponent@5086171a
    extensionFactories = class java.util.ArrayList@74b612bb
      serialVersionUID = 8683452581122892189
      DEFAULT_CAPACITY = 10
      EMPTY_ELEMENTDATA = class java.lang.Object[0]
      DEFAULTCAPACITY_EMPTY_ELEMENTDATA = class java.lang.Object[0]
      elementData = class java.lang.Object[10]
      size = 6
      MAX_ARRAY_SIZE = 2147483639
      modCount = 6
      MAX_ARRAY_SIZE = 2147483639
    initialized = true
    lock = class com.ibm.ws.webcontainer.webapp.WebApp$1@7d45ecaa
      this$0 = class com.ibm.ws.webcontainer31.osgi.webapp.WebApp31@3839b572
    afterServletContextCreated = false
    redirectContextRoot = false
    errorExceptionTypeFirst = false
    initFilterBeforeServletInit = false
    SET_400_SC_ON_TOO_MANY_PARENT_DIRS = false
    sortedServletConfigs = class java.util.ArrayList@33a3eff2
      serialVersionUID = 8683452581122892189
      DEFAULT_CAPACITY = 10
      EMPTY_ELEMENTDATA = class java.lang.Object[0]
      DEFAULTCAPACITY_EMPTY_ELEMENTDATA = class java.lang.Object[0]
      elementData = class java.lang.Object[10]
      size = 2
      MAX_ARRAY_SIZE = 2147483639
      modCount = 2
      MAX_ARRAY_SIZE = 2147483639
    effectiveMajorVersion = 3
    effectiveMinorVersion = 0
    canAddServletContextListener = true
    withinContextInitOfProgAddListener = false
    lastProgAddListenerInitialized = "com.ibm.ws.cache.CacheServiceImpl"
    webInfLibClassloader = null
    metaInfCache = class com.ibm.ws.webcontainer.webapp.WebApp$2@67dfe1c6
      this$0 = class com.ibm.ws.webcontainer31.osgi.webapp.WebApp31@3839b572
      serialVersionUID = 3801124242820219131
      head = null
      tail = null
      accessOrder = true
      serialVersionUID = 362498820763181265
      DEFAULT_INITIAL_CAPACITY = 16
      MAXIMUM_CAPACITY = 1073741824
      DEFAULT_LOAD_FACTOR = 0.75
      TREEIFY_THRESHOLD = 8
      UNTREEIFY_THRESHOLD = 6
      MIN_TREEIFY_CAPACITY = 64
      table = null
      entrySet = null
      size = 0
      modCount = 0
      threshold = 32
      loadFactor = 1.0
      keySet = null
      values = null
    useMetaInfCache = true
    SUN_CONFIGURE_LISTENER_CLASSNAME = "com.sun.faces.config.ConfigureListener"
    MYFACES_LIFECYCLE_LISTENER_CLASSNAME = "org.apache.myfaces.webapp.StartupServletContextListener"
    JSF_IMPL_ENABLED_PARAM = "com.ibm.ws.jsf.JSF_IMPL_ENABLED"
    JSF_IMPL_ENABLED_CUSTOM = "Custom"
    JSF_IMPL_ENABLED_NONE = "None"
    staticDocRoot = class com.ibm.ws.webcontainer.util.DocumentRootUtils@2338044c
      logger = class com.ibm.ws.logging.internal.WsLogger@7391029d
      CLASS_NAME = "com.ibm.ws.webcontainer.util.DocumentRootUtils"
      useContentLength = false
      matchedFile = null
      matchedZipFile = null
      matchedEntry = null
      matchedURL = null
      edrRoot = null
      pfedrRoot = null
      ctxt = class com.ibm.ws.webcontainer31.osgi.webapp.WebApp31@3839b572
      baseDir = null
      edr = null
      pfedr = null
      metaInfRes = null
      searchpfEDR = false
      searchEDR = false
      searchMetaInfRes = true
      matchFromEDR = false
      matchFromMetaInfRes = false
      matchIsADirectory = false
      appConfig = class com.ibm.ws.webcontainer.osgi.webapp.WebAppConfiguration@1bcb2c9a
      attributeType = "staticFile"
      STATIC_FILE = "staticFile"
      JSP = "jsp"
      PFEDR = "preFragmentExtendedDocumentRoot"
      EDR = "extendedDocumentRoot"
    jspDocRoot = class com.ibm.ws.webcontainer.util.DocumentRootUtils@71ca8c3d
      logger = class com.ibm.ws.logging.internal.WsLogger@7391029d
      CLASS_NAME = "com.ibm.ws.webcontainer.util.DocumentRootUtils"
      useContentLength = false
      matchedFile = null
      matchedZipFile = null
      matchedEntry = null
      matchedURL = null
      edrRoot = null
      pfedrRoot = null
      ctxt = class com.ibm.ws.webcontainer31.osgi.webapp.WebApp31@3839b572
      baseDir = null
      edr = null
      pfedr = null
      metaInfRes = null
      searchpfEDR = false
      searchEDR = false
      searchMetaInfRes = true
      matchFromEDR = false
      matchFromMetaInfRes = false
      matchIsADirectory = false
      appConfig = class com.ibm.ws.webcontainer.osgi.webapp.WebAppConfiguration@1bcb2c9a
      attributeType = "jsp"
      STATIC_FILE = "staticFile"
      JSP = "jsp"
      PFEDR = "preFragmentExtendedDocumentRoot"
      EDR = "extendedDocumentRoot"
    container = class com.ibm.ws.adaptable.module.internal.AdaptableContainerImpl@1ce5372c
      root = class com.ibm.ws.adaptable.module.internal.AdaptableContainerImpl@1ce5372c
      rootOverlay = class com.ibm.ws.artifact.overlay.internal.DirectoryBasedOverlayContainerImpl@c798d34
      factoryHolder = class com.ibm.ws.adaptable.module.internal.AdaptableModuleFactoryImpl@25cfdf73
      delegate = class com.ibm.ws.artifact.overlay.internal.DirectoryBasedOverlayContainerImpl@c798d34
      notifier = class com.ibm.ws.adaptable.module.internal.NotifierImpl@7ae54082
      serialVersionUID = -5950528200509051684
      $$$tc$$$ = class com.ibm.websphere.ras.TraceComponent@1fda5c13
    metaInfResourceFinder = class com.ibm.ws.webcontainer.util.MetaInfResourceFinder@5dba2189
      jarResourceContainers = class java.util.ArrayList@434daddb
      container = class com.ibm.ws.adaptable.module.internal.AdaptableContainerImpl@1ce5372c
    postConstructMethods = class com.ibm.ws.webcontainer.webapp.WebApp$AnnotatedMethods@45f33a29
      annotationClass = class java.lang.Class@26a82c26
      noOpClassNames = class java.util.HashSet@5e80bf71
      annotatedMethodNames = class java.util.concurrent.ConcurrentHashMap@240c1329
      EMPTY_METHODS = class java.lang.reflect.Method[0]
    preDestroyMethods = class com.ibm.ws.webcontainer.webapp.WebApp$AnnotatedMethods@268a4cbf
      annotationClass = class java.lang.Class@53a4cd60
      noOpClassNames = class java.util.HashSet@1f107a3e
      annotatedMethodNames = class java.util.concurrent.ConcurrentHashMap@2f201b5a
      EMPTY_METHODS = class java.lang.reflect.Method[0]
    OBJ_EMPTY = class java.lang.Object[0]
    CLASS_EMPTY = class java.lang.Class[0]
    DEFAULT_JSP_EXTENSIONS = class java.util.ArrayList@3048737
      serialVersionUID = 8683452581122892189
      DEFAULT_CAPACITY = 10
      EMPTY_ELEMENTDATA = class java.lang.Object[0]
      DEFAULTCAPACITY_EMPTY_ELEMENTDATA = class java.lang.Object[0]
      elementData = class java.lang.Object[10]
      size = 4
      MAX_ARRAY_SIZE = 2147483639
      modCount = 4
      MAX_ARRAY_SIZE = 2147483639
    DEFER_SERVLET_REQUEST_LISTENER_DESTROY_ON_ERROR = false
    DO_ACCEPT_PARTIAL = true
    DO_NOT_ACCEPT_PARTIAL = false
    DO_ACCEPT_EXCLUDED = true
    DO_NOT_ACCEPT_EXCLUDED = false
    commands = class java.util.ArrayList@fbe58b7
      serialVersionUID = 8683452581122892189
      DEFAULT_CAPACITY = 10
      EMPTY_ELEMENTDATA = class java.lang.Object[0]
      DEFAULTCAPACITY_EMPTY_ELEMENTDATA = class java.lang.Object[0]
      elementData = class java.lang.Object[3]
      size = 0
      MAX_ARRAY_SIZE = 2147483639
      modCount = 0
      MAX_ARRAY_SIZE = 2147483639
    requestMapper = class com.ibm.wsspi.webcontainer.util.URIMapper@5340091b
      matcher = class com.ibm.wsspi.webcontainer.util.URIMatcher@7dd1f653
    parent = class com.ibm.ws.webcontainer.osgi.webapp.WebGroup@27db4878
      tc = class com.ibm.websphere.ras.TraceComponent@f199ceb
      logger = class com.ibm.ws.logging.internal.WsLogger@289a8cc
      CLASS_NAME = "com.ibm.ws.webcontainer.webapp.WebGroup"
      sessUrlRewritePrefix = ";jsessionid="
      qMark = "?"
      config = class com.ibm.ws.webcontainer.osgi.webapp.WebGroupConfiguration@298fedb4
      webApp = class com.ibm.ws.webcontainer31.osgi.webapp.WebApp31@3839b572
      commands = class java.util.ArrayList@229da2ea
      requestMapper = null
      parent = class com.ibm.ws.webcontainer.osgi.DynamicVirtualHost@459deb1e
      name = "/CookTimeServer/*"
      isAlive = true
      subElements = class java.util.HashMap@7b936b52
      attributes = null
      config = null
      serialVersionUID = -8271459000149267764
      $$$tc$$$ = class com.ibm.websphere.ras.TraceComponent@6a578e35
    name = "CookTimeServer"
    isAlive = true
    subElements = null
    attributes = class java.util.concurrent.ConcurrentHashMap@c15e8b
      serialVersionUID = 7249069246763182397
      MAXIMUM_CAPACITY = 1073741824
      DEFAULT_CAPACITY = 16
      MAX_ARRAY_SIZE = 2147483639
      DEFAULT_CONCURRENCY_LEVEL = 16
      LOAD_FACTOR = 0.75
      TREEIFY_THRESHOLD = 8
      UNTREEIFY_THRESHOLD = 6
      MIN_TREEIFY_CAPACITY = 64
      MIN_TRANSFER_STRIDE = 16
      RESIZE_STAMP_BITS = 16
      MAX_RESIZERS = 65535
      RESIZE_STAMP_SHIFT = 16
      MOVED = -1
      TREEBIN = -2
      RESERVED = -3
      HASH_BITS = 2147483647
      NCPU = 8
      serialPersistentFields = class java.io.ObjectStreamField[3]
      table = class java.util.concurrent.ConcurrentHashMap$Node[128]
      nextTable = null
      baseCount = 48
      sizeCtl = 96
      transferIndex = 0
      cellsBusy = 0
      counterCells = null
      keySet = null
      values = null
      entrySet = null
      U = class sun.misc.Unsafe@24520af0
      SIZECTL = 20
      TRANSFERINDEX = 32
      BASECOUNT = 24
      CELLSBUSY = 36
      CELLVALUE = 144
      ABASE = 16
      ASHIFT = 2
      keySet = null
      values = null
    config = null
    serialVersionUID = -8271459000149267764
    $$$tc$$$ = class com.ibm.websphere.ras.TraceComponent@6a578e35
      strings[0] = "TraceComponent[com.ibm.ws.container.AbstractContainer,class com.ibm.ws.container.AbstractContainer,[],null,null]"

