------Start of DE processing------ = [7/8/20 23:16:10:930 CST]
Exception = com.ibm.websphere.servlet.error.ServletErrorReport
Source = com.ibm.ws.webcontainer.filter.WebAppFilterChain.doFilter
probeid = 82
Stack Dump = com.ibm.websphere.servlet.error.ServletErrorReport: java.lang.NoClassDefFoundError: Could not initialize class cr.ac.tec.resources.Trees
	at com.ibm.ws.webcontainer.servlet.ServletWrapper.service(ServletWrapper.java:1328)
	at com.ibm.ws.webcontainer.servlet.ServletWrapper.handleRequest(ServletWrapper.java:729)
	at com.ibm.ws.webcontainer.servlet.ServletWrapper.handleRequest(ServletWrapper.java:426)
	at com.ibm.ws.webcontainer.filter.WebAppFilterChain.invokeTarget(WebAppFilterChain.java:182)
	at com.ibm.ws.webcontainer.filter.WebAppFilterChain.doFilter(WebAppFilterChain.java:93)
	at com.ibm.ws.security.jaspi.JaspiServletFilter.doFilter(JaspiServletFilter.java:56)
	at com.ibm.ws.webcontainer.filter.FilterInstanceWrapper.doFilter(FilterInstanceWrapper.java:201)
	at com.ibm.ws.webcontainer.filter.WebAppFilterChain.doFilter(WebAppFilterChain.java:90)
	at com.ibm.ws.webcontainer.filter.WebAppFilterManager.doFilter(WebAppFilterManager.java:1001)
	at com.ibm.ws.webcontainer.filter.WebAppFilterManager.invokeFilters(WebAppFilterManager.java:1139)
	at com.ibm.ws.webcontainer.webapp.WebApp.handleRequest(WebApp.java:5037)
	at com.ibm.ws.webcontainer.osgi.DynamicVirtualHost$2.handleRequest(DynamicVirtualHost.java:314)
	at com.ibm.ws.webcontainer.WebContainer.handleRequest(WebContainer.java:1007)
	at com.ibm.ws.webcontainer.osgi.DynamicVirtualHost$2.run(DynamicVirtualHost.java:279)
	at com.ibm.ws.http.dispatcher.internal.channel.HttpDispatcherLink$TaskWrapper.run(HttpDispatcherLink.java:1134)
	at com.ibm.ws.http.dispatcher.internal.channel.HttpDispatcherLink.wrapHandlerAndExecute(HttpDispatcherLink.java:415)
	at com.ibm.ws.http.dispatcher.internal.channel.HttpDispatcherLink.ready(HttpDispatcherLink.java:374)
	at com.ibm.ws.http.channel.internal.inbound.HttpInboundLink.handleDiscrimination(HttpInboundLink.java:546)
	at com.ibm.ws.http.channel.internal.inbound.HttpInboundLink.handleNewRequest(HttpInboundLink.java:480)
	at com.ibm.ws.http.channel.internal.inbound.HttpInboundLink.processRequest(HttpInboundLink.java:345)
	at com.ibm.ws.http.channel.internal.inbound.HttpInboundLink.ready(HttpInboundLink.java:316)
	at com.ibm.ws.tcpchannel.internal.NewConnectionInitialReadCallback.sendToDiscriminators(NewConnectionInitialReadCallback.java:167)
	at com.ibm.ws.tcpchannel.internal.NewConnectionInitialReadCallback.complete(NewConnectionInitialReadCallback.java:75)
	at com.ibm.ws.tcpchannel.internal.WorkQueueManager.requestComplete(WorkQueueManager.java:504)
	at com.ibm.ws.tcpchannel.internal.WorkQueueManager.attemptIO(WorkQueueManager.java:574)
	at com.ibm.ws.tcpchannel.internal.WorkQueueManager.workerRun(WorkQueueManager.java:958)
	at com.ibm.ws.tcpchannel.internal.WorkQueueManager$Worker.run(WorkQueueManager.java:1047)
	at com.ibm.ws.threading.internal.ExecutorServiceImpl$RunnableWrapper.run(ExecutorServiceImpl.java:239)
	at java.util.concurrent.ThreadPoolExecutor.runWorker(Unknown Source)
	at java.util.concurrent.ThreadPoolExecutor$Worker.run(Unknown Source)
	at java.lang.Thread.run(Unknown Source)
Caused by: java.lang.NoClassDefFoundError: Could not initialize class cr.ac.tec.resources.Trees
	at cr.ac.tec.resources.Authorization.validateAuthorization(Authorization.java:39)
	at cr.ac.tec.resources.Authorization.filter(Authorization.java:68)
	at org.apache.cxf.jaxrs.utils.JAXRSUtils.runContainerRequestFilters(JAXRSUtils.java:1768)
	at org.apache.cxf.jaxrs.interceptor.JAXRSInInterceptor.processRequest(JAXRSInInterceptor.java:123)
	at org.apache.cxf.jaxrs.interceptor.JAXRSInInterceptor.handleMessage(JAXRSInInterceptor.java:90)
	at org.apache.cxf.phase.PhaseInterceptorChain.doIntercept(PhaseInterceptorChain.java:309)
	at org.apache.cxf.transport.ChainInitiationObserver.onMessage(ChainInitiationObserver.java:124)
	at org.apache.cxf.transport.http.AbstractHTTPDestination.invoke(AbstractHTTPDestination.java:271)
	at com.ibm.ws.jaxrs20.endpoint.AbstractJaxRsWebEndpoint.invoke(AbstractJaxRsWebEndpoint.java:136)
	at com.ibm.websphere.jaxrs.server.IBMRestServlet.handleRequest(IBMRestServlet.java:146)
	at com.ibm.websphere.jaxrs.server.IBMRestServlet.doGet(IBMRestServlet.java:112)
	at javax.servlet.http.HttpServlet.service(HttpServlet.java:687)
	at com.ibm.websphere.jaxrs.server.IBMRestServlet.service(IBMRestServlet.java:96)
	at com.ibm.ws.webcontainer.servlet.ServletWrapper.service(ServletWrapper.java:1230)
	... 30 more

Dump of callerThis
Object type = com.ibm.ws.webcontainer.filter.WebAppFilterChain
  _filters = class java.util.ArrayList@360b608e
    serialVersionUID = 8683452581122892189
    DEFAULT_CAPACITY = 10
    EMPTY_ELEMENTDATA = class java.lang.Object[0]
    DEFAULTCAPACITY_EMPTY_ELEMENTDATA = class java.lang.Object[0]
    elementData = class java.lang.Object[5]
      Object[0] = class com.ibm.ws.webcontainer.filter.FilterInstanceWrapper@303bd40c
      Object[1] = null
      Object[2] = null
      Object[3] = null
      Object[4] = null
    size = 1
    MAX_ARRAY_SIZE = 2147483639
    modCount = 1
    MAX_ARRAY_SIZE = 2147483639
  _currentFilterIndex = 1
  _numberOfFilters = 1
  requestProcessor = class com.ibm.ws.webcontainer.osgi.servlet.ServletWrapper@425b06e4
    serialVersionUID = 1
    _mo = null
    serialVersionUID = -4479626085298397598
    notifyInvocationListeners = false
    UNINITIALIZED_STATE = -1
    AVAILABLE_STATE = 0
    UNAVAILABLE_STATE = 1
    UNAVAILABLE_PERMANENTLY_STATE = 2
    collabHelper = class com.ibm.ws.webcontainer.osgi.collaborator.CollaboratorHelperImpl@126b209d
    nServicing = class java.util.concurrent.atomic.AtomicInteger@2ed77e5b
      serialVersionUID = 6214790243416807050
      unsafe = class sun.misc.Unsafe@53d4e325
      valueOffset = 12
      value = 0
      serialVersionUID = -8742448824652078965
    lastAccessTime = 1594271554537
    state = 0
    logger = class com.ibm.ws.logging.internal.WsLogger@2f2dc1de
      tc = class com.ibm.websphere.ras.TraceComponent@4b686a0b
      ivCachedResourceBundleName = "com.ibm.ws.webcontainer.resources.Messages"
      ivCachedResourceBundle = class com.ibm.ws.webcontainer.resources.Messages@27ccd3bd
      ivComponent = null
      ivOrganization = null
      ivProduct = null
      ivMinimumLocalizationLevelIntValue = 625
      ivTC = class com.ibm.websphere.ras.TraceComponent@4293ca53
      loggerRegistrationComponent = class java.lang.ThreadLocal@4b836ae8
      emptyHandlers = class java.util.logging.Handler[0]
      offValue = 2147483647
      SYSTEM_LOGGER_RB_NAME = "sun.util.logging.resources.logging"
      SYSTEM_BUNDLE = class java.util.logging.Logger$LoggerBundle@6310c915
      NO_RESOURCE_BUNDLE = class java.util.logging.Logger$LoggerBundle@16cacaec
      manager = class com.ibm.ws.kernel.boot.logging.WsLogManager@46ce36f7
      name = "com.ibm.ws.webcontainer.servlet"
      handlers = class java.util.concurrent.CopyOnWriteArrayList@5335f2f5
      loggerBundle = class java.util.logging.Logger$LoggerBundle@613b384d
      useParentHandlers = true
      filter = null
      anonymous = false
      catalog = class com.ibm.ws.webcontainer.resources.Messages@27ccd3bd
      catalogName = "com.ibm.ws.webcontainer.resources.Messages"
      catalogLocale = class java.util.Locale@1002203d
      treeLock = class java.lang.Object@74439604
      parent = class com.ibm.ws.logging.internal.WsLogger@1cfae9b5
      kids = null
      levelObject = class java.util.logging.Level@5dea90ac
      levelValue = 800
      callersClassLoaderRef = class java.lang.ref.WeakReference@2d2d9173
      isSystemLogger = false
      GLOBAL_LOGGER_NAME = "global"
      global = class java.util.logging.Logger@7f0ffeb1
      $assertionsDisabled = true
    CLASS_NAME = "com.ibm.ws.webcontainer.servlet.ServletWrapper"
    nls = class com.ibm.ejs.ras.TraceNLS@21f6d8e
      resolver = class com.ibm.ws.logging.internal.TraceNLSResolver@6699391d
      finder = class com.ibm.ws.logging.internal.StackFinder@6c289e36
      ivBundleName = "com.ibm.ws.webcontainer.resources.Messages"
      caller = class java.lang.Class@578b62a9
    servletConfig = class com.ibm.ws.webcontainer.servlet.ServletConfig@e0dd94e
      logger = class com.ibm.ws.logging.internal.WsLogger@2f2dc1de
      CLASS_NAME = "com.ibm.ws.webcontainer.servlet.ServletConfig"
      nls = class com.ibm.ejs.ras.TraceNLS@9fc4d9e
      liberty_nls = class com.ibm.ejs.ras.TraceNLS@6e8a87c8
      enabled = true
      servletName = "cr.ac.tec.resources.RestAPI"
      className = null
      mappings = class java.util.ArrayList@7c57a83a
      startUpWeight = null
      DEFAULT_STARTUP = -1
      isCachingEnabled = true
      isStatisticsEnabled = true
      isInternal = false
      metaData = class com.ibm.ws.webcontainer.osgi.metadata.WebComponentMetaDataImpl@358cb666
      singleThreadModelServlet = false
      isJsp = false
      webAppConfig = class com.ibm.ws.webcontainer.osgi.webapp.WebAppConfiguration@62a4ddd
      servletWrapper = class com.ibm.ws.webcontainer.osgi.servlet.ServletWrapper@425b06e4
      servletClass = class java.lang.Class@2d0d5bff
      servlet = class com.ibm.websphere.jaxrs.server.IBMRestServlet@1bbd4b72
      addedToLoadOnStartup = true
      previousWeight = null
      multipartConfig = null
      multipartConfigBaseLocation = null
      runAsRole = null
      servletSecurityElement = null
      declareRolesAnnotation = null
      logger = class com.ibm.ws.logging.internal.WsLogger@2f2dc1de
      CLASS_NAME = "com.ibm.ws.webcontainer.servlet.TargetConfig"
      initParams = null
      fileName = null
      displayName = null
      name = "cr.ac.tec.resources.RestAPI"
      description = null
      smallIcon = null
      largeIcon = null
      context = class com.ibm.ws.webcontainer31.facade.ServletContextFacade31@52fd2acc
      className = null
      asyncSupported = true
      _id = "cr.ac.tec.resources.RestAPI"
      _attributes = null
      serialVersionUID = 7511545662945734886
      $$$tc$$$ = class com.ibm.websphere.ras.TraceComponent@51f05f10
    context = class com.ibm.ws.webcontainer31.osgi.webapp.WebApp31@5c33afc8
    target = class com.ibm.websphere.jaxrs.server.IBMRestServlet@1bbd4b72
      serialVersionUID = -6835560282014155024
      KNOWN_HTTP_VERBS = class java.util.Arrays$ArrayList@6efa323c
      HTML_CONTENT_TYPE = "text/html"
      endpoint = class com.ibm.ws.jaxrs20.server.JaxRsWebEndpointImpl@1800146e
      collaborator = class com.ibm.ws.webcontainer.osgi.collaborator.WebAppNameSpaceCollaboratorImpl@23b949a8
      providerFactoryService = class com.ibm.ws.jaxrs20.component.JaxRsProviderFactory@7513ba0d
      $$$tc$$$ = class com.ibm.websphere.ras.TraceComponent@35f76e22
      METHOD_DELETE = "DELETE"
      METHOD_HEAD = "HEAD"
      METHOD_GET = "GET"
      METHOD_OPTIONS = "OPTIONS"
      METHOD_POST = "POST"
      METHOD_PUT = "PUT"
      METHOD_TRACE = "TRACE"
      HEADER_IFMODSINCE = "If-Modified-Since"
      HEADER_LASTMOD = "Last-Modified"
      LSTRING_FILE = "javax.servlet.http.LocalStrings"
      lStrings = class java.util.PropertyResourceBundle@66c71673
      LSTRING_FILE = "javax.servlet.LocalStrings"
      lStrings = class java.util.PropertyResourceBundle@186be590
      config = class com.ibm.ws.webcontainer.servlet.ServletConfig@e0dd94e
    cacheWrappers = null
    targetLoader = null
    evtSource = class com.ibm.ws.webcontainer.webapp.WebAppEventSource@691f3840
    event = class com.ibm.websphere.servlet.event.ServletEvent@5adf5aea
      serialVersionUID = 3906650803920713522
      _servletName = "cr.ac.tec.resources.RestAPI"
      _servletClassName = "com.ibm.websphere.jaxrs.server.IBMRestServlet"
      $$$tc$$$ = class com.ibm.websphere.ras.TraceComponent@113d3e2
      serialVersionUID = 3546927969739289392
      _context = class com.ibm.ws.webcontainer31.facade.ServletContextFacade31@52fd2acc
      _servletNames = class com.ibm.ws.webcontainer.util.EmptyEnumeration@55deb068
      $$$tc$$$ = class com.ibm.websphere.ras.TraceComponent@5b3c9b1f
      serialVersionUID = 5516075349620653480
      source = class com.ibm.ws.webcontainer.osgi.servlet.ServletWrapper@425b06e4
    unavailableMessage = null
    unavailableUntil = -1
    isSTM = false
    internalServlet = false
    webAppInvocationCollaborators = null
    platformHelper = class com.ibm.ws.webcontainer.PlatformHelper@23553f22
    webAppNameSpaceCollab = class com.ibm.ws.webcontainer.osgi.collaborator.WebAppNameSpaceCollaboratorImpl@23b949a8
    txCollab = class com.ibm.ws.transaction.services.WebAppTransactionCollaboratorImpl@595d19b0
    suppressServletExceptionLogging = false
    throwExceptionEnum = class java.util.RegularEnumSet@437245af
      serialVersionUID = 3411599620347842686
      elements = 256
      elementType = class java.lang.Class@48c0ab9d
      universe = class com.ibm.wsspi.webcontainer.collaborator.CollaboratorInvocationEnum[9]
      ZERO_LENGTH_ENUM_ARRAY = class java.lang.Enum[0]
      MAX_ARRAY_SIZE = 2147483639
    discernUnavailableServlet = false
    reInitServletonInitUnavailableException = true
    destroyServletonServiceUnavailableException = false
    servlet23 = true
    PARAMS_HEAD_TRACE = class java.lang.Class[2]
      Class[0] = class java.lang.Class@676d5a09
      Class[1] = class java.lang.Class@34f90b6c
    defaultHeadMethodInUse = false
    defaultTraceMethodInUse = false
    checkedForDefaultMethods = null
    defaultTraceRequestBehavior = false
    defaultHeadRequestBehavior = false
    useOriginalRequestState = false
    warningStatusSet = false
    LSTRING_FILE = "javax.servlet.LocalStrings"
    lStrings = class java.util.PropertyResourceBundle@186be590
      lookup = class java.util.HashMap@1a31bcc5
      INITIAL_CACHE_SIZE = 32
      NONEXISTENT_BUNDLE = class java.util.ResourceBundle$1@4ff15979
      cacheList = class java.util.concurrent.ConcurrentHashMap@1526dcea
      referenceQueue = class java.lang.ref.ReferenceQueue@3969f8a3
      parent = null
      locale = class java.util.Locale@6ee54401
      name = "javax.servlet.LocalStrings"
      expired = false
      cacheKey = class java.util.ResourceBundle$CacheKey@3d00a58a
      keySet = null
      providers = null
      $assertionsDisabled = true
    config = null
  _filtersDefined = true
  logger = class com.ibm.ws.logging.internal.WsLogger@6c5d7304
    tc = class com.ibm.websphere.ras.TraceComponent@4b686a0b
      strings[0] = "TraceComponent[com.ibm.ws.logging.internal.WsLogger,class com.ibm.ws.logging.internal.WsLogger,[logging],com.ibm.ws.logging.internal.resources.LoggingMessages,null]"
    ivCachedResourceBundleName = null
    ivCachedResourceBundle = null
    ivComponent = null
    ivOrganization = null
    ivProduct = null
    ivMinimumLocalizationLevelIntValue = 625
    ivTC = class com.ibm.websphere.ras.TraceComponent@1bdf7333
      strings[0] = "TraceComponent[com.ibm.ws.webcontainer.filter,class com.ibm.wsspi.webcontainer.logging.LoggerFactory$1,[com.ibm.ws.webcontainer.filter],null,null]"
    loggerRegistrationComponent = class java.lang.ThreadLocal@4b836ae8
      threadLocalHashCode = 1914802624
      nextHashCode = class java.util.concurrent.atomic.AtomicInteger@2908eef8
      HASH_INCREMENT = 1640531527
    emptyHandlers = class java.util.logging.Handler[0]
    offValue = 2147483647
    SYSTEM_LOGGER_RB_NAME = "sun.util.logging.resources.logging"
    SYSTEM_BUNDLE = class java.util.logging.Logger$LoggerBundle@6310c915
      resourceBundleName = "sun.util.logging.resources.logging"
      userBundle = null
    NO_RESOURCE_BUNDLE = class java.util.logging.Logger$LoggerBundle@16cacaec
      resourceBundleName = null
      userBundle = null
    manager = class com.ibm.ws.kernel.boot.logging.WsLogManager@46ce36f7
      CLASS_NAME = "com.ibm.ws.kernel.boot.logging.WsLogManager"
      CONFIGURE_BY_SERVER_PROPERTY_NAME = "java.util.logging.configureByServer"
      CONFIGURE_BY_LOGGING_PROPERTIES_FILE = "java.util.logging.configureByLoggingPropertiesFile"
      configureByServer = true
      configureByLoggingProperties = false
      wsLogger = class java.lang.reflect.Constructor@5b2fda8e
      resetEnabled = true
      svBinaryLoggingEnable = false
      manager = class com.ibm.ws.kernel.boot.logging.WsLogManager@46ce36f7
      props = class java.util.Properties@2199f8c0
      defaultLevel = class java.util.logging.Level@5dea90ac
      listenerMap = class java.util.HashMap@f455f9
      systemContext = class java.util.logging.LogManager$SystemLoggerContext@252a14c3
      userContext = class java.util.logging.LogManager$LoggerContext@4a6cf542
      rootLogger = class java.util.logging.LogManager$RootLogger@245d5b37
      readPrimordialConfiguration = true
      initializedGlobalHandlers = true
      deathImminent = false
      initializedCalled = true
      initializationDone = true
      contextsMap = null
      loggerRefQueue = class java.lang.ref.ReferenceQueue@62499d8
      MAX_ITERATIONS = 400
      controlPermission = class java.util.logging.LoggingPermission@735d19d3
      loggingMXBean = null
      LOGGING_MXBEAN_NAME = "java.util.logging:type=Logging"
      $assertionsDisabled = true
    name = "com.ibm.ws.webcontainer.filter"
    handlers = class java.util.concurrent.CopyOnWriteArrayList@2acc138
      serialVersionUID = 8673264195747942595
      lock = class java.util.concurrent.locks.ReentrantLock@39a91dfc
      array = class java.lang.Object[0]
      UNSAFE = class sun.misc.Unsafe@53d4e325
      lockOffset = 12
    loggerBundle = class java.util.logging.Logger$LoggerBundle@6711e819
      resourceBundleName = "com.ibm.ws.webcontainer.resources.Messages"
      userBundle = null
    useParentHandlers = true
    filter = null
    anonymous = false
    catalog = class com.ibm.ws.webcontainer.resources.Messages@27ccd3bd
      resources = class [Ljava.lang.Object;[338]
      lookup = class java.util.HashMap@7c4a1538
      INITIAL_CACHE_SIZE = 32
      NONEXISTENT_BUNDLE = class java.util.ResourceBundle$1@4ff15979
      cacheList = class java.util.concurrent.ConcurrentHashMap@1526dcea
      referenceQueue = class java.lang.ref.ReferenceQueue@3969f8a3
      parent = null
      locale = class java.util.Locale@6ee54401
      name = "com.ibm.ws.webcontainer.resources.Messages"
      expired = false
      cacheKey = class java.util.ResourceBundle$CacheKey@6d9e5fa0
      keySet = null
      providers = null
      $assertionsDisabled = true
    catalogName = "com.ibm.ws.webcontainer.resources.Messages"
    catalogLocale = class java.util.Locale@1002203d
      LOCALECACHE = class java.util.Locale$Cache@445d92d
      ENGLISH = class java.util.Locale@6993f4a5
      FRENCH = class java.util.Locale@7dae51f3
      GERMAN = class java.util.Locale@57bc063d
      ITALIAN = class java.util.Locale@7d9a3156
      JAPANESE = class java.util.Locale@b5ac49c
      KOREAN = class java.util.Locale@4742dcd
      CHINESE = class java.util.Locale@334e4e90
      SIMPLIFIED_CHINESE = class java.util.Locale@1f72c92e
      TRADITIONAL_CHINESE = class java.util.Locale@42d18078
      FRANCE = class java.util.Locale@676ed7aa
      GERMANY = class java.util.Locale@26953f19
      ITALY = class java.util.Locale@2fa7b95c
      JAPAN = class java.util.Locale@61bb2e90
      KOREA = class java.util.Locale@70f9668a
      CHINA = class java.util.Locale@1f72c92e
      PRC = class java.util.Locale@1f72c92e
      TAIWAN = class java.util.Locale@42d18078
      UK = class java.util.Locale@7f1bf27b
      US = class java.util.Locale@1002203d
      CANADA = class java.util.Locale@6d64d99d
      CANADA_FRENCH = class java.util.Locale@5593a50f
      ROOT = class java.util.Locale@6ee54401
      PRIVATE_USE_EXTENSION = x
      UNICODE_LOCALE_EXTENSION = u
      serialVersionUID = 9149081749638150636
      DISPLAY_LANGUAGE = 0
      DISPLAY_COUNTRY = 1
      DISPLAY_VARIANT = 2
      DISPLAY_SCRIPT = 3
      baseLocale = class sun.util.locale.BaseLocale@4e4deb8c
      localeExtensions = null
      hashCodeValue = 96636889
      defaultLocale = class java.util.Locale@1002203d
      defaultDisplayLocale = null
      defaultFormatLocale = class java.util.Locale@1002203d
      languageTag = "en-US"
      serialPersistentFields = class java.io.ObjectStreamField[6]
      isoLanguages = null
      isoCountries = null
      $assertionsDisabled = true
    treeLock = class java.lang.Object@74439604
    parent = class com.ibm.ws.logging.internal.WsLogger@1cfae9b5
      tc = class com.ibm.websphere.ras.TraceComponent@4b686a0b
      ivCachedResourceBundleName = "com.ibm.ws.webcontainer.resources.Messages"
      ivCachedResourceBundle = class com.ibm.ws.webcontainer.resources.Messages@27ccd3bd
      ivComponent = null
      ivOrganization = null
      ivProduct = null
      ivMinimumLocalizationLevelIntValue = 625
      ivTC = class com.ibm.websphere.ras.TraceComponent@2f3112be
      loggerRegistrationComponent = class java.lang.ThreadLocal@4b836ae8
      emptyHandlers = class java.util.logging.Handler[0]
      offValue = 2147483647
      SYSTEM_LOGGER_RB_NAME = "sun.util.logging.resources.logging"
      SYSTEM_BUNDLE = class java.util.logging.Logger$LoggerBundle@6310c915
      NO_RESOURCE_BUNDLE = class java.util.logging.Logger$LoggerBundle@16cacaec
      manager = class com.ibm.ws.kernel.boot.logging.WsLogManager@46ce36f7
      name = "com.ibm.ws.webcontainer"
      handlers = class java.util.concurrent.CopyOnWriteArrayList@574c5aea
      loggerBundle = class java.util.logging.Logger$LoggerBundle@3fd2f9b0
      useParentHandlers = true
      filter = null
      anonymous = false
      catalog = class com.ibm.ws.webcontainer.resources.Messages@27ccd3bd
      catalogName = "com.ibm.ws.webcontainer.resources.Messages"
      catalogLocale = class java.util.Locale@1002203d
      treeLock = class java.lang.Object@74439604
      parent = class java.util.logging.Logger@7db177aa
      kids = class java.util.ArrayList@7363c3a0
      levelObject = class java.util.logging.Level@5dea90ac
      levelValue = 800
      callersClassLoaderRef = class java.lang.ref.WeakReference@46cd5c2c
      isSystemLogger = false
      GLOBAL_LOGGER_NAME = "global"
      global = class java.util.logging.Logger@7f0ffeb1
      $assertionsDisabled = true
    kids = null
    levelObject = class java.util.logging.Level@5dea90ac
      defaultBundle = "sun.util.logging.resources.logging"
      name = "INFO"
      value = 800
      resourceBundleName = "sun.util.logging.resources.logging"
      localizedLevelName = "INFO"
      cachedLocale = class java.util.Locale@1002203d
      OFF = class java.util.logging.Level@fa27629
      SEVERE = class java.util.logging.Level@33a32219
      WARNING = class java.util.logging.Level@7581b17d
      INFO = class java.util.logging.Level@5dea90ac
      CONFIG = class java.util.logging.Level@5fedb68a
      FINE = class java.util.logging.Level@43e29060
      FINER = class java.util.logging.Level@697bc1ef
      FINEST = class java.util.logging.Level@11899fe4
      ALL = class java.util.logging.Level@23e232b9
      serialVersionUID = -8176160795706313070
    levelValue = 800
    callersClassLoaderRef = class java.lang.ref.WeakReference@5c6840e4
      referent = class org.eclipse.osgi.internal.loader.EquinoxClassLoader@18634230
      queue = class java.lang.ref.ReferenceQueue$Null@4f138a92
      next = null
      discovered = null
      lock = class java.lang.ref.Reference$Lock@31f4e63
      pending = null
    isSystemLogger = false
    GLOBAL_LOGGER_NAME = "global"
    global = class java.util.logging.Logger@7f0ffeb1
      emptyHandlers = class java.util.logging.Handler[0]
      offValue = 2147483647
      SYSTEM_LOGGER_RB_NAME = "sun.util.logging.resources.logging"
      SYSTEM_BUNDLE = class java.util.logging.Logger$LoggerBundle@6310c915
      NO_RESOURCE_BUNDLE = class java.util.logging.Logger$LoggerBundle@16cacaec
      manager = class com.ibm.ws.kernel.boot.logging.WsLogManager@46ce36f7
      name = "global"
      handlers = class java.util.concurrent.CopyOnWriteArrayList@2166a9e5
      loggerBundle = class java.util.logging.Logger$LoggerBundle@16cacaec
      useParentHandlers = true
      filter = null
      anonymous = false
      catalog = null
      catalogName = null
      catalogLocale = null
      treeLock = class java.lang.Object@74439604
      parent = class java.util.logging.LogManager$RootLogger@245d5b37
      kids = null
      levelObject = null
      levelValue = 800
      callersClassLoaderRef = null
      isSystemLogger = true
      GLOBAL_LOGGER_NAME = "global"
      global = class java.util.logging.Logger@7f0ffeb1
      $assertionsDisabled = true
    $assertionsDisabled = true
  CLASS_NAME = "com.ibm.ws.webcontainer.filter.WebAppFilterChain"
  webapp = class com.ibm.ws.webcontainer31.osgi.webapp.WebApp31@5c33afc8
    tc = class com.ibm.websphere.ras.TraceComponent@59e405c8
      strings[0] = "TraceComponent[com.ibm.ws.webcontainer31.osgi.webapp.WebApp31,class com.ibm.ws.webcontainer31.osgi.webapp.WebApp31,[webcontainer],com.ibm.ws.webcontainer31.resources.Messages,null]"
    CLASS_NAME = "com.ibm.ws.webcontainer31.osgi.webapp.WebApp31"
    servlet31NLS = class com.ibm.ejs.ras.TraceNLS@68987f55
      resolver = class com.ibm.ws.logging.internal.TraceNLSResolver@6699391d
      finder = class com.ibm.ws.logging.internal.StackFinder@6c289e36
      ivBundleName = "com.ibm.ws.webcontainer31.resources.Messages"
      caller = class java.lang.Class@76e96e0c
    validListenerClasses = class java.lang.Class[7]
      Class[0] = class java.lang.Class@31b60085
      Class[1] = class java.lang.Class@7b8bbefa
      Class[2] = class java.lang.Class@68cfd5d3
      Class[3] = class java.lang.Class@399a9310
      Class[4] = class java.lang.Class@38a90e8e
      Class[5] = class java.lang.Class@1ef30b0f
      Class[6] = class java.lang.Class@1638e795
    wsocServHandler = class com.ibm.ws.wsoc.external.WsocHandlerImpl@444bb51a
      tc = class com.ibm.websphere.ras.TraceComponent@7682098b
      noMoreAddsCalled = true
      serialVersionUID = -2067291126638824067
    tc = class com.ibm.websphere.ras.TraceComponent@2247f8bc
      strings[0] = "TraceComponent[com.ibm.ws.webcontainer.osgi.webapp.WebApp,class com.ibm.ws.webcontainer.osgi.webapp.WebApp,[webcontainer],com.ibm.ws.webcontainer.resources.LShimMessages,null]"
    CLASS_NAME = "com.ibm.ws.webcontainer.osgi.webapp.WebApp"
    metaDataService = class com.ibm.ws.container.service.metadata.internal.MetaDataServiceImpl@5226803e
      applicationMetaDataManager = class com.ibm.ws.container.service.metadata.internal.ApplicationMetaDataManager@1e581bac
      moduleMetaDataManager = class com.ibm.ws.container.service.metadata.internal.ModuleMetaDataManager@efc7cea
      componentMetaDataManager = class com.ibm.ws.container.service.metadata.internal.ComponentMetaDataManager@7f4bc634
      methodMetaDataManager = class com.ibm.ws.container.service.metadata.internal.MethodMetaDataManager@2d73c252
      appModuleNameToModuleContainer = class java.util.concurrent.ConcurrentHashMap@73a8392b
      jeeNameToComponentMetaData = class java.util.concurrent.ConcurrentHashMap@1e5e0098
      deferredMetaDataFactories = class com.ibm.wsspi.kernel.service.utils.ConcurrentServiceReferenceSet@3f850f01
      deferredMetaDataInitializers = class com.ibm.wsspi.kernel.service.utils.ConcurrentServiceReferenceMap@c573bf1
      serialVersionUID = -2494605732980966097
      $$$tc$$$ = class com.ibm.websphere.ras.TraceComponent@41e4e106
    namespacePopulated = false
    referenceContext = class com.ibm.ws.injectionengine.osgi.internal.OSGiReferenceContextImpl@4f86b99a
      scopeData = class com.ibm.ws.injectionengine.osgi.internal.OSGiInjectionScopeData@3ab0e612
      serialVersionUID = 521511923892134915
      $$$tc$$$ = class com.ibm.websphere.ras.TraceComponent@766de766
      CLASS_NAME = "com.ibm.ws.injectionengine.ReferenceContextImpl"
      tc = class com.ibm.websphere.ras.TraceComponent@4e4fcbc3
      ivInjectionEngine = class com.ibm.ws.injectionengine.osgi.internal.OSGiInjectionEngineImpl@38f5623c
      ivProviders = class java.util.ArrayList@2d078d84
      ivComponentJavaContext = null
      ivComponentNameSpace = null
      ivJavaColonCompEnvMap = class java.util.LinkedHashMap@64892bd0
      ivEjbContext10 = class java.util.Properties@654b017b
      ivResourceRefConfigList = class com.ibm.ws.resource.internal.ResourceRefConfigListImpl@763c7b6c
      isAlreadyProcessed = true
      ivProcessFailure = null
      ivInjectionTargetMap = class java.util.concurrent.ConcurrentHashMap@6746b382
      svInjTarMapCacheSize = 256
      ivDeclaredInjectionTargets = class java.util.HashMap@4a3cc311
      ivProcessedInjectionClasses = class java.util.HashSet@77c143f4
      svInjClassMapCacheSize = 512
      ivProcessedInjectionBindings = class java.util.LinkedHashSet@62b3b17b
      ivAnyProcessDynamic = true
      ivCheckAppConfig = false
    j2eeNameFactory = class com.ibm.ws.container.service.metadata.internal.J2EENameFactoryImpl@1fd0c858
      serialVersionUID = 3486344295038028821
      $$$tc$$$ = class com.ibm.websphere.ras.TraceComponent@7b74c748
    moduleLoader = class com.ibm.ws.classloading.internal.AppClassLoader@41b064f0
      tc = class com.ibm.websphere.ras.TraceComponent@a551d5a
      disableSharedClassesCache = false
      PARENT_FIRST_SEARCH_ORDER = class java.util.Collections$UnmodifiableRandomAccessList@286c1644
      packagesDefined = class java.util.Collections$SetFromMap@5e6bc193
      CLASS_LOADING_TRACE_PREFIX = "com.ibm.ws.class.load."
      DEFAULT_PACKAGE = "default.package"
      perPackageClassLoadingTraceComponents = class java.util.concurrent.ConcurrentHashMap@7bff863d
      config = class com.ibm.ws.classloading.internal.ClassLoaderConfigurationImpl@1625e3f7
      privateLibraries = null
      delegateLoaders = class com.ibm.ws.classloading.internal.util.CompositeIterable@5e330941
      nativeLibraryFiles = class java.util.ArrayList@5e542c4d
      transformers = class java.util.ArrayList@591d97d4
      apiAccess = class com.ibm.ws.classloading.internal.GatewayClassLoader@27d0de50
      generator = class com.ibm.ws.classloading.internal.ClassGeneratorManager@601efd5b
      protectionDomains = class java.util.concurrent.ConcurrentHashMap@26218918
      parent = class com.ibm.ws.classloading.internal.GatewayClassLoader@27d0de50
      hook = null
      serialVersionUID = 8734164900246230615
      tc = class com.ibm.websphere.ras.TraceComponent@45febe81
      smartClassPath = class com.ibm.ws.classloading.internal.ContainerClassLoader$SmartClassPathImpl@5968ffd5
      nativeLibraryContainers = class java.util.ArrayList@6c7e601b
      redefiner = class com.ibm.ws.classloading.internal.util.ClassRedefiner@7b1dacea
      jarProtocol = "wsjar:"
      mapCreationQueue = class java.util.concurrent.Executors$FinalizableDelegatedExecutorService@515e83d8
      serialVersionUID = 6399598832433768509
      serialVersionUID = 1837293532091806117
      $$$tc$$$ = class com.ibm.websphere.ras.TraceComponent@1b5e0610
      serialVersionUID = -4586727107834513475
      $$$tc$$$ = class com.ibm.websphere.ras.TraceComponent@32e86292
      serialVersionUID = -7709588811276454856
      $$$tc$$$ = class com.ibm.websphere.ras.TraceComponent@4f15f962
      initialized = true
      pdcache = class java.util.HashMap@4fd64871
      debug = null
      parent = class com.ibm.ws.classloading.internal.GatewayClassLoader@27d0de50
      parallelLockMap = class java.util.concurrent.ConcurrentHashMap@50b78728
      package2certs = class java.util.concurrent.ConcurrentHashMap@465b0b28
      nocerts = class java.security.cert.Certificate[0]
      classes = class java.util.Vector@63be1078
      defaultDomain = class java.security.ProtectionDomain@1ed649be
      packages = class java.util.HashMap@72b4138b
      scl = class sun.misc.Launcher$AppClassLoader@18b4aac2
      sclSet = true
      loadedLibraryNames = class java.util.Vector@6ca854be
      systemNativeLibraries = class java.util.Vector@7f06b483
      nativeLibraries = class java.util.Vector@53b18964
      nativeLibraryContext = class java.util.Stack@14bf0d2
      usr_paths = class java.lang.String[42]
      sys_paths = class java.lang.String[1]
      assertionLock = class java.lang.Object@3aa51d4e
      defaultAssertionStatus = false
      packageAssertionStatus = null
      classAssertionStatus = null
    webAppConfig = class com.ibm.ws.webcontainer.osgi.webapp.WebAppConfiguration@62a4ddd
      webModuleMetaData = class com.ibm.ws.webcontainer.osgi.metadata.WebModuleMetaDataImpl@5bc9b97
      webComponentMetaData = class com.ibm.ws.webcontainer.osgi.metadata.WebComponentMetaDataImpl@5f9d1475
      dVirtualHost = class com.ibm.ws.webcontainer.osgi.DynamicVirtualHost@61397ddc
      orderedLibPaths = class java.util.Collections$UnmodifiableRandomAccessList@3978fd36
      bundleHeaders = null
      cdiEnabled = false
      CLASS_NAME = "com.ibm.ws.webcontainer.webapp.WebAppConfiguration"
      logger = class com.ibm.ws.logging.internal.WsLogger@6f472600
      tc = class com.ibm.websphere.ras.TraceComponent@2296130c
      nls = class com.ibm.ejs.ras.TraceNLS@10a2b1d
      version = 30
      contextRoot = "/CookTimeServer"
      isDefaultContextRootUsed = false
      sessionTimeout = 0
      moduleSessionTimeoutSet = false
      moduleSessionTrackingModeSet = false
      sessionCookieConfig = class com.ibm.ws.session.SessionCookieConfigImpl@55e37d47
      hasProgrammaticCookieConfig = false
      sessionDefaultTrackingModeSet = class java.util.RegularEnumSet@3462344f
      sessionManagerConfig = class com.ibm.ws.session.SessionManagerConfig@537b91cf
      displayName = "CookTimeServer"
      description = null
      reloadInterval = 3
      distributable = false
      denyUncoveredHttpMethods = false
      reloadingEnabled = true
      serveServletsByClassnameEnabled = false
      defaultErrorPage = null
      additionalClassPath = null
      fileServingEnabled = true
      directoryBrowsingEnabled = false
      autoRequestEncoding = false
      autoResponseEncoding = false
      autoLoadFilters = false
      requestListeners = null
      requestAttributeListeners = null
      sessionListeners = null
      localeMap = null
      moduleName = "CookTimeServer"
      j2eeModuleName = "CookTimeServer.war"
      moduleId = null
      isSyncToThreadEnabled = false
      encodeDispatchedRequestURI = false
      isSystemApp = false
      ardEnabled = false
      ardDispatchType = null
      listeners = class java.util.ArrayList@3790a7e
      welcomeFileList = class java.util.ArrayList@4d3e4613
      servletMappings = class java.util.HashMap@685bc3b7
      lastIndexBeforeDeclaredFilters = 1
      filterMappings = class java.util.ArrayList@6721c29a
      servletInfo = class java.util.concurrent.ConcurrentHashMap@2cc01efa
      filterInfo = class java.util.HashMap@1371dbaf
      mimeMappings = class java.util.HashMap@2501e40d
      mimeFilters = null
      isMimeFilteringEnabled = false
      theWebGroup = null
      jspAttributes = class java.util.HashMap@4c5dc725
      fileServingAttributes = class java.util.HashMap@60c6379a
      invokerAttributes = class java.util.HashMap@7df7248e
      contextParams = class java.util.HashMap@57fc86b1
      virtualHost = "default_host"
      exceptionErrorPages = class java.util.HashMap@753a0784
      codeErrorPages = class java.util.HashMap@2491845e
      tagLibList = null
      precompileJsps = false
      webApp = class com.ibm.ws.webcontainer31.osgi.webapp.WebApp31@5c33afc8
      virtualHostList = class java.util.Collections$EmptyList@60860716
      appStartupWeight = 0
      moduleStartupWeight = 0
      metaDataComplete = false
      classesToScan = class java.util.ArrayList@53fcdcb9
      uriFilterMappingInfos = class java.util.ArrayList@76dff765
      servletFilterMappingInfos = null
      dynamicServletRegistrationMap = null
      applicationName = "CookTimeServer"
      libBinPathList = class java.util.ArrayList@5ec43e94
      webXmlDefinedListeners = class java.util.HashSet@eaa2ced
      allRefs = class java.util.EnumMap@3b062095
      allRefBindings = class java.util.EnumMap@32eb8c4f
      envEntryValues = class java.util.HashMap@4d242418
      resourceRefConfigList = class com.ibm.ws.resource.internal.ResourceRefConfigListImpl@763c7b6c
      disallowAllFileServingProp = "false"
      disallowServeServletsByClassnameProp = "true"
      disableStaticMappingCache = false
      jspCachedLocations = class java.util.HashMap@12b6b415
      primedSTSHeader = "NoValue"
      enablemultireadofpostdata = false
      requestEncoding = null
      responseEncoding = null
      NULLSERVLETNAME = "com.ibm.ws.webcontainer.NullServletName"
      _id = "WebAppGeneratedId1"
      _attributes = null
      serialVersionUID = 7511545662945734886
      $$$tc$$$ = class com.ibm.websphere.ras.TraceComponent@51f05f10
    extensionProcessingDisabled = false
    managedObjectService = class com.ibm.ws.cdi.impl.managedobject.CDIManagedObjectService@691d42b
      cdiServiceRef = class com.ibm.wsspi.kernel.service.utils.AtomicServiceReference@5eb6241f
      defaultMOSRef = class com.ibm.wsspi.kernel.service.utils.AtomicServiceReference@10fc581d
      cdiRuntime = class com.ibm.ws.cdi.liberty.CDIRuntimeImpl@3234e983
      serialVersionUID = 6431825704414919683
      $$$tc$$$ = class com.ibm.websphere.ras.TraceComponent@63ab00aa
    internalServletMetaData = interface com.ibm.wsspi.webcontainer.metadata.WebComponentMetaData[2]
      WebComponentMetaData[0] = null
      WebComponentMetaData[1] = null
    loginProcessor = null
    logoutProcessor = null
    collabHelper = class com.ibm.ws.webcontainer.osgi.collaborator.CollaboratorHelperImpl@126b209d
      webAppInvCollabs = class java.util.Collections$UnmodifiableSet@4a5898b8
      securityDomainForApp = null
      logger = class com.ibm.ws.logging.internal.WsLogger@64a4432f
      staticDefaultSecurityCollaborator = class com.ibm.ws.webcontainer.collaborator.WebAppSecurityCollaborator@70e8ef21
      logger = class com.ibm.ws.logging.internal.WsLogger@6427c407
      CLASS_NAME = "com.ibm.wsspi.webcontainer.collaborator.CollaboratorHelper"
      webApp = class com.ibm.ws.webcontainer31.osgi.webapp.WebApp31@5c33afc8
      securityCollaborator = class com.ibm.ws.webcontainer.security.WebAppSecurityCollaboratorImpl@7ed40e0d
      nameSpaceCollaborator = class com.ibm.ws.webcontainer.osgi.collaborator.WebAppNameSpaceCollaboratorImpl@23b949a8
      transactionCollaborator = class com.ibm.ws.transaction.services.WebAppTransactionCollaboratorImpl@595d19b0
      connectionCollaborator = class com.ibm.ws.webcontainer.collaborator.ConnectionCollaborator@225c4e97
      allCollabEnum = class java.util.RegularEnumSet@15fa2c1a
      servlet_23_or_greater = true
      DEFER_SERVLET_REQUEST_LISTENER_DESTROY_ON_ERROR = false
    envObject = class com.ibm.ws.util.WSThreadLocal@2db206b2
      tc = class com.ibm.ejs.ras.TraceComponent@7ba24b6
      count = 9
      index = 4
      SUSPECTED_MISUSAGE_THRESHOLD = 200
      threadLocalHashCode = 163211794
      nextHashCode = class java.util.concurrent.atomic.AtomicInteger@2908eef8
      HASH_INCREMENT = 1640531527
    orderedLibPaths = class java.util.Collections$UnmodifiableRandomAccessList@3978fd36
      serialVersionUID = -2542308836966382001
      serialVersionUID = -283967356065247728
      list = class java.util.ArrayList@7d67f8d8
      serialVersionUID = 1820017752578914078
      c = class java.util.ArrayList@7d67f8d8
    perm = class com.ibm.websphere.security.WebSphereRuntimePermission@24e385c9
      serialVersionUID = -3306242789188168337
      $$$tc$$$ = class com.ibm.websphere.ras.TraceComponent@42fee94
      serialVersionUID = 6279438298436773498
      wildcard = false
      path = "accessServletContext"
      exitVM = false
      serialVersionUID = -5636570222231596674
      name = "accessServletContext"
    WELCOME_FILE_LIST = "com.ibm.ws.webcontainer.config.WelcomeFileList"
    DIR_BROWSING_MAPPING = "__dirBrowsing__1594271553922"
    FILTER_PROXY_MAPPING = "/__filterProxy__1594271553922"
    logger = class com.ibm.ws.logging.internal.WsLogger@6f472600
      tc = class com.ibm.websphere.ras.TraceComponent@4b686a0b
      ivCachedResourceBundleName = null
      ivCachedResourceBundle = null
      ivComponent = null
      ivOrganization = null
      ivProduct = null
      ivMinimumLocalizationLevelIntValue = 625
      ivTC = class com.ibm.websphere.ras.TraceComponent@31f539e3
      loggerRegistrationComponent = class java.lang.ThreadLocal@4b836ae8
      emptyHandlers = class java.util.logging.Handler[0]
      offValue = 2147483647
      SYSTEM_LOGGER_RB_NAME = "sun.util.logging.resources.logging"
      SYSTEM_BUNDLE = class java.util.logging.Logger$LoggerBundle@6310c915
      NO_RESOURCE_BUNDLE = class java.util.logging.Logger$LoggerBundle@16cacaec
      manager = class com.ibm.ws.kernel.boot.logging.WsLogManager@46ce36f7
      name = "com.ibm.ws.webcontainer.webapp"
      handlers = class java.util.concurrent.CopyOnWriteArrayList@74d4d735
      loggerBundle = class java.util.logging.Logger$LoggerBundle@431704f9
      useParentHandlers = true
      filter = null
      anonymous = false
      catalog = class com.ibm.ws.webcontainer.resources.Messages@27ccd3bd
      catalogName = "com.ibm.ws.webcontainer.resources.Messages"
      catalogLocale = class java.util.Locale@1002203d
      treeLock = class java.lang.Object@74439604
      parent = class com.ibm.ws.logging.internal.WsLogger@1cfae9b5
      kids = null
      levelObject = class java.util.logging.Level@5dea90ac
      levelValue = 800
      callersClassLoaderRef = class java.lang.ref.WeakReference@1ebcc5c0
      isSystemLogger = false
      GLOBAL_LOGGER_NAME = "global"
      global = class java.util.logging.Logger@7f0ffeb1
      $assertionsDisabled = true
    CLASS_NAME = "com.ibm.ws.webcontainer.webapp.WebApp"
    loader = class com.ibm.ws.classloading.internal.ThreadContextClassLoader@2ec673b3
      tc = class com.ibm.websphere.ras.TraceComponent@7ed11338
      bundle = class java.util.concurrent.atomic.AtomicReference@a4547a2
      key = "WebModule:CookTimeServer#CookTimeServer.war"
      refCount = class java.util.concurrent.atomic.AtomicInteger@769bae45
      appLoader = class com.ibm.ws.classloading.internal.AppClassLoader@41b064f0
      clSvc = class com.ibm.ws.classloading.internal.ClassLoadingServiceImpl@4eda198b
      serialVersionUID = 846416563800781557
      tc = class com.ibm.websphere.ras.TraceComponent@3541276a
      followOnClassLoaders = class java.util.ArrayList@f3dbf2a
      serialVersionUID = 8829649920524275888
      serialVersionUID = -4586727107834513475
      $$$tc$$$ = class com.ibm.websphere.ras.TraceComponent@32e86292
      serialVersionUID = -7709588811276454856
      $$$tc$$$ = class com.ibm.websphere.ras.TraceComponent@4f15f962
      initialized = true
      pdcache = class java.util.HashMap@2fe59138
      debug = null
      parent = class com.ibm.ws.classloading.internal.GatewayClassLoader@2a5726a3
      parallelLockMap = class java.util.concurrent.ConcurrentHashMap@427eb07
      package2certs = class java.util.concurrent.ConcurrentHashMap@1aafac49
      nocerts = class java.security.cert.Certificate[0]
      classes = class java.util.Vector@788984d9
      defaultDomain = class java.security.ProtectionDomain@7b66a6a1
      packages = class java.util.HashMap@40a20519
      scl = class sun.misc.Launcher$AppClassLoader@18b4aac2
      sclSet = true
      loadedLibraryNames = class java.util.Vector@6ca854be
      systemNativeLibraries = class java.util.Vector@7f06b483
      nativeLibraries = class java.util.Vector@270834a0
      nativeLibraryContext = class java.util.Stack@14bf0d2
      usr_paths = class java.lang.String[42]
      sys_paths = class java.lang.String[1]
      assertionLock = class java.lang.Object@1313c3d4
      defaultAssertionStatus = false
      packageAssertionStatus = null
      classAssertionStatus = null
    facade = class com.ibm.ws.webcontainer31.facade.ServletContextFacade31@52fd2acc
      context = class com.ibm.ws.webcontainer31.osgi.webapp.WebApp31@5c33afc8
    features = class java.util.ArrayList@2c92ece8
      serialVersionUID = 8683452581122892189
      DEFAULT_CAPACITY = 10
      EMPTY_ELEMENTDATA = class java.lang.Object[0]
      DEFAULTCAPACITY_EMPTY_ELEMENTDATA = class java.lang.Object[0]
      elementData = class java.lang.Object[0]
      size = 0
      MAX_ARRAY_SIZE = 2147483639
      modCount = 0
      MAX_ARRAY_SIZE = 2147483639
    applicationName = "CookTimeServer"
    config = class com.ibm.ws.webcontainer.osgi.webapp.WebAppConfiguration@62a4ddd
    securityEnabledForApp = true
    webExtensionProcessor = class com.ibm.ws.webcontainer.osgi.extension.WebExtensionProcessor@1467e97e
      webApp = class com.ibm.ws.webcontainer31.osgi.webapp.WebApp31@5c33afc8
      extensionContext = class com.ibm.ws.webcontainer31.osgi.webapp.WebApp31@5c33afc8
    production = true
    isServlet23 = true
    contextPath = "/CookTimeServer"
    internalServletList = class [Ljava.lang.String;[2]
      String[][0] = class java.lang.String[2]
      String[][1] = class java.lang.String[2]
    BY_NAME_ONLY = "/_1594271553923_/"
    filterManager = class com.ibm.ws.webcontainer.osgi.filter.WebAppFilterManagerImpl@7956430a
      _filterWrappers = class java.util.Hashtable@14860ed4
      chainCache = class java.util.Collections$SynchronizedMap@3c640d3e
      forwardChainCache = class java.util.Collections$SynchronizedMap@47e698d1
      includeChainCache = class java.util.Collections$SynchronizedMap@3542954f
      errorChainCache = class java.util.Collections$SynchronizedMap@1116dd9d
      _filtersDefined = true
      FMI_MAPPING_SINGLE_SLASH = 0
      FMI_MAPPING_PATH_MATCH = 1
      FMI_MAPPING_EXTENSION_MATCH = 2
      FMI_MAPPING_EXACT_MATCH = 3
      logger = class com.ibm.ws.logging.internal.WsLogger@6c5d7304
      CLASS_NAME = "com.ibm.ws.webcontainer.filter.WebAppFilterManager"
      nls = class com.ibm.ejs.ras.TraceNLS@d872f7c
      webAppConfig = class com.ibm.ws.webcontainer.osgi.webapp.WebAppConfiguration@62a4ddd
      webApp = class com.ibm.ws.webcontainer31.osgi.webapp.WebApp31@5c33afc8
      collabHelper = class com.ibm.ws.webcontainer.osgi.collaborator.CollaboratorHelperImpl@126b209d
      secCollab = class com.ibm.ws.webcontainer.security.WebAppSecurityCollaboratorImpl@7ed40e0d
      sessionSecurityIntegrationEnabled = true
      assumeFilterSuccessOnSecurityError = false
      useOriginalRequestState = false
      _evtSource = class com.ibm.ws.webcontainer.webapp.WebAppEventSource@691f3840
      defaultComponentMetaData = class com.ibm.ws.webcontainer.osgi.metadata.WebComponentMetaDataImpl@5f9d1475
      DEFER_SERVLET_REQUEST_LISTENER_DESTROY_ON_ERROR = false
    documentRoot = null
    SERVLET_API_VERSION = "Servlet 2.5"
    disableServletAuditLogging = -1
    serverInfo = "IBM WebSphere Liberty/20.0.0.6"
    sessionCtx = class com.ibm.ws.webcontainer31.session.impl.HttpSessionContext31Impl@42180564
      methodClassName = "HttpSessionContextImpl"
      _smc = class com.ibm.ws.session.SessionManagerConfig@537b91cf
      sessionStoreService = null
      _sap = class com.ibm.ws.session.SessionApplicationParameters@6bfcc673
      _coreHttpSessionManager = class com.ibm.ws.session.SessionManager@2fe94899
      _coreHttpAppSessionManager = null
      _sam = class com.ibm.ws.webcontainer.session.impl.SessionAffinityManagerImpl@7542c0c0
      isSIPApplication = false
      sessionAttributeListener = true
      sessionListener = true
      mHttpSessionAttributeListeners = class java.util.ArrayList@38f2c56e
      mHttpSessionListeners = class java.util.ArrayList@35b0435d
      mHttpSessionIdListeners = class java.util.ArrayList@50f868f2
      mHttpSessionAttributeListenersJ2eeNames = class java.util.ArrayList@33dff6ed
      mHttpSessionListenersJ2eeNames = class java.util.ArrayList@1d288c4d
      mHttpSessionIdListenersJ2eeNames = class java.util.ArrayList@2a359e1e
      mLocalHost = null
      _refCount = 1
      currentThreadSacHashtable = null
      methodClassName = "SessionContext"
      ANONYMOUS_USER = "anonymous"
      wasHttpSessionObserver = class com.ibm.ws.session.WasHttpSessionObserver@3999dc52
      wasHttpSessionAttributeObserver = null
      _invalidator = class com.ibm.ws.session.SessionInvalidatorWithThreadPool@75bd2d12
      _storer = class com.ibm.ws.session.EOSSessionStorer@2c2e8d0c
      wasHttpAppSessionObserver = null
      mHttpAppSessionListeners = null
      cmvcInfo = "CMVC Version 1.9 6/24/07 11:12:24"
      _loggedVersion = true
      CREATE_CORE_SESSION_MANAGER = 0
      GET_REQUESTED_SESSION_ID = 1
      GET_IHTTP_SESSION = 2
      SESSION_PRE_INVOKE = 3
      SESSION_POST_INVOKE = 4
      STOP = 5
      STOP_LISTENERS = 6
      IS_VALID = 7
      ENCODE_URL = 8
      SHOULD_ENCODE_URL = 9
      IS_PROTOCOL_SWITCH = 10
      GET_LOCAL_HOST = 11
      ADD_HTTP_SESSION_ATTRIBUTE_LISTENER = 12
      ADD_HTTP_SESSION_LISTENER = 13
      GET_SESSION_AFFINITY_CONTEXT = 14
      CHECK_SECURITY = 15
      INVALIDATE = 16
      CHECK_SESSSIONID_IS_RIGHT_LENGTH = 17
      LOCK_SESSION = 18
      UNLOCK_SESSION = 19
      ADD_HTTP_SESSION_ID_LISTENER = 20
      methodNames = class java.lang.String[21]
    eventSource = class com.ibm.ws.webcontainer.webapp.WebAppEventSource@691f3840
      _invocationListeners = class com.ibm.ws.webcontainer.util.EventListeners@5023f1f0
      _servletListeners = class com.ibm.ws.webcontainer.util.EventListeners@5369fd44
      _errorListeners = class com.ibm.ws.webcontainer.util.EventListeners@2b55d4a6
      _applicationListeners = class com.ibm.ws.webcontainer.util.EventListeners@527e990f
      _filterInvocationListeners = class com.ibm.ws.webcontainer.util.EventListeners@1d9d5ec1
      _filterListeners = class com.ibm.ws.webcontainer.util.EventListeners@18213eb
      _filterErrorListeners = class com.ibm.ws.webcontainer.util.EventListeners@4770799
    nls = class com.ibm.ejs.ras.TraceNLS@1ef83fad
      resolver = class com.ibm.ws.logging.internal.TraceNLSResolver@6699391d
      finder = class com.ibm.ws.logging.internal.StackFinder@6c289e36
      ivBundleName = "com.ibm.ws.webcontainer.resources.Messages"
      caller = class java.lang.Class@600fb129
    liberty_nls = class com.ibm.ejs.ras.TraceNLS@55fd716b
      resolver = class com.ibm.ws.logging.internal.TraceNLSResolver@6699391d
      finder = class com.ibm.ws.logging.internal.StackFinder@6c289e36
      ivBundleName = "com.ibm.ws.webcontainer.resources.LShimMessages"
      caller = class java.lang.Class@600fb129
    error_nls = class com.ibm.ejs.ras.TraceNLS@574c7d95
      resolver = class com.ibm.ws.logging.internal.TraceNLSResolver@6699391d
      finder = class com.ibm.ws.logging.internal.StackFinder@6c289e36
      ivBundleName = "com.ibm.ws.webcontainer.resources.ErrorPage"
      caller = class java.lang.Class@600fb129
    sessionListeners = class java.util.ArrayList@47019204
      serialVersionUID = 8683452581122892189
      DEFAULT_CAPACITY = 10
      EMPTY_ELEMENTDATA = class java.lang.Object[0]
      DEFAULTCAPACITY_EMPTY_ELEMENTDATA = class java.lang.Object[0]
      elementData = class java.lang.Object[10]
      size = 2
      MAX_ARRAY_SIZE = 2147483639
      modCount = 3
      MAX_ARRAY_SIZE = 2147483639
    sessionIdListeners = class java.util.ArrayList@185bd81e
      serialVersionUID = 8683452581122892189
      DEFAULT_CAPACITY = 10
      EMPTY_ELEMENTDATA = class java.lang.Object[0]
      DEFAULTCAPACITY_EMPTY_ELEMENTDATA = class java.lang.Object[0]
      elementData = class java.lang.Object[0]
      size = 0
      MAX_ARRAY_SIZE = 2147483639
      modCount = 0
      MAX_ARRAY_SIZE = 2147483639
    sessionAttrListeners = class java.util.ArrayList@26139457
      serialVersionUID = 8683452581122892189
      DEFAULT_CAPACITY = 10
      EMPTY_ELEMENTDATA = class java.lang.Object[0]
      DEFAULTCAPACITY_EMPTY_ELEMENTDATA = class java.lang.Object[0]
      elementData = class java.lang.Object[10]
      size = 1
      MAX_ARRAY_SIZE = 2147483639
      modCount = 2
      MAX_ARRAY_SIZE = 2147483639
    addedSessionListeners = class java.util.ArrayList@1287f5d5
      serialVersionUID = 8683452581122892189
      DEFAULT_CAPACITY = 10
      EMPTY_ELEMENTDATA = class java.lang.Object[0]
      DEFAULTCAPACITY_EMPTY_ELEMENTDATA = class java.lang.Object[0]
      elementData = class java.lang.Object[10]
      size = 1
      MAX_ARRAY_SIZE = 2147483639
      modCount = 1
      MAX_ARRAY_SIZE = 2147483639
    addedSessionAttrListeners = class java.util.ArrayList@59ddc433
      serialVersionUID = 8683452581122892189
      DEFAULT_CAPACITY = 10
      EMPTY_ELEMENTDATA = class java.lang.Object[0]
      DEFAULTCAPACITY_EMPTY_ELEMENTDATA = class java.lang.Object[0]
      elementData = class java.lang.Object[10]
      size = 1
      MAX_ARRAY_SIZE = 2147483639
      modCount = 1
      MAX_ARRAY_SIZE = 2147483639
    servletContextListeners = class java.util.ArrayList@1f007c3e
      serialVersionUID = 8683452581122892189
      DEFAULT_CAPACITY = 10
      EMPTY_ELEMENTDATA = class java.lang.Object[0]
      DEFAULTCAPACITY_EMPTY_ELEMENTDATA = class java.lang.Object[0]
      elementData = class java.lang.Object[10]
      size = 5
      MAX_ARRAY_SIZE = 2147483639
      modCount = 6
      MAX_ARRAY_SIZE = 2147483639
    servletContextLAttrListeners = class java.util.ArrayList@258be2a5
      serialVersionUID = 8683452581122892189
      DEFAULT_CAPACITY = 10
      EMPTY_ELEMENTDATA = class java.lang.Object[0]
      DEFAULTCAPACITY_EMPTY_ELEMENTDATA = class java.lang.Object[0]
      elementData = class java.lang.Object[10]
      size = 1
      MAX_ARRAY_SIZE = 2147483639
      modCount = 2
      MAX_ARRAY_SIZE = 2147483639
    servletRequestListeners = class java.util.ArrayList@80f929c
      serialVersionUID = 8683452581122892189
      DEFAULT_CAPACITY = 10
      EMPTY_ELEMENTDATA = class java.lang.Object[0]
      DEFAULTCAPACITY_EMPTY_ELEMENTDATA = class java.lang.Object[0]
      elementData = class java.lang.Object[10]
      size = 1
      MAX_ARRAY_SIZE = 2147483639
      modCount = 2
      MAX_ARRAY_SIZE = 2147483639
    servletRequestLAttrListeners = class java.util.ArrayList@3f4423f2
      serialVersionUID = 8683452581122892189
      DEFAULT_CAPACITY = 10
      EMPTY_ELEMENTDATA = class java.lang.Object[0]
      DEFAULTCAPACITY_EMPTY_ELEMENTDATA = class java.lang.Object[0]
      elementData = class java.lang.Object[10]
      size = 1
      MAX_ARRAY_SIZE = 2147483639
      modCount = 2
      MAX_ARRAY_SIZE = 2147483639
    prependSlashToResource = false
    destroyed = false
    webAppNameSpaceCollab = class com.ibm.ws.webcontainer.osgi.collaborator.WebAppNameSpaceCollaboratorImpl@23b949a8
      cmdai = class com.ibm.ws.threadContext.ComponentMetaDataAccessorImpl@6cbcc0f8
    txCollab = class com.ibm.ws.transaction.services.WebAppTransactionCollaboratorImpl@595d19b0
      tc = class com.ibm.websphere.ras.TraceComponent@9a723b9
      ltCurrentRef = class com.ibm.wsspi.kernel.service.utils.AtomicServiceReference@7800b9e5
      tranMgrRef = class com.ibm.wsspi.kernel.service.utils.AtomicServiceReference@60785e84
      userTranRef = class com.ibm.wsspi.kernel.service.utils.AtomicServiceReference@6e440940
      uowCallbackRef = class com.ibm.wsspi.kernel.service.utils.AtomicServiceReference@13e707f8
      serialVersionUID = -8319003162899973281
    sessionActivationListeners = class java.util.ArrayList@2d32fb75
      serialVersionUID = 8683452581122892189
      DEFAULT_CAPACITY = 10
      EMPTY_ELEMENTDATA = class java.lang.Object[0]
      DEFAULTCAPACITY_EMPTY_ELEMENTDATA = class java.lang.Object[0]
      elementData = class java.lang.Object[0]
      size = 0
      MAX_ARRAY_SIZE = 2147483639
      modCount = 1
      MAX_ARRAY_SIZE = 2147483639
    sessionBindingListeners = class java.util.ArrayList@33770692
      serialVersionUID = 8683452581122892189
      DEFAULT_CAPACITY = 10
      EMPTY_ELEMENTDATA = class java.lang.Object[0]
      DEFAULTCAPACITY_EMPTY_ELEMENTDATA = class java.lang.Object[0]
      elementData = class java.lang.Object[0]
      size = 0
      MAX_ARRAY_SIZE = 2147483639
      modCount = 1
      MAX_ARRAY_SIZE = 2147483639
    scratchdir = null
    jspClassLoaderLimit = 0
    jspClassLoaderExclusionList = null
    jspClassLoadersMap = null
    jspClassLoaderLimitTrackIF = false
    defaultExtProc = null
    directoryBrowsingServlet = null
    cdiContexts = class java.util.concurrent.ConcurrentHashMap@5a6aed5d
      serialVersionUID = 7249069246763182397
      MAXIMUM_CAPACITY = 1073741824
      DEFAULT_CAPACITY = 16
      MAX_ARRAY_SIZE = 2147483639
      DEFAULT_CONCURRENCY_LEVEL = 16
      LOAD_FACTOR = 0.75
      TREEIFY_THRESHOLD = 8
      UNTREEIFY_THRESHOLD = 6
      MIN_TREEIFY_CAPACITY = 64
      MIN_TRANSFER_STRIDE = 16
      RESIZE_STAMP_BITS = 16
      MAX_RESIZERS = 65535
      RESIZE_STAMP_SHIFT = 16
      MOVED = -1
      TREEBIN = -2
      RESERVED = -3
      HASH_BITS = 2147483647
      NCPU = 8
      serialPersistentFields = class java.io.ObjectStreamField[3]
      table = null
      nextTable = null
      baseCount = 0
      sizeCtl = 0
      transferIndex = 0
      cellsBusy = 0
      counterCells = null
      keySet = null
      values = null
      entrySet = null
      U = class sun.misc.Unsafe@53d4e325
      SIZECTL = 20
      TRANSFERINDEX = 32
      BASECOUNT = 24
      CELLSBUSY = 36
      CELLVALUE = 144
      ABASE = 16
      ASHIFT = 2
      keySet = null
      values = null
    moduleConfig = class com.ibm.ws.webcontainer.osgi.container.DeployedModule@6b4bef39
      tc = class com.ibm.websphere.ras.TraceComponent@6e3cfc29
      loader = class com.ibm.ws.classloading.internal.ThreadContextClassLoader@2ec673b3
      webApp = class com.ibm.ws.webcontainer31.osgi.webapp.WebApp31@5c33afc8
      webAppConfig = class com.ibm.ws.webcontainer.osgi.webapp.WebAppConfiguration@62a4ddd
      contextRootAdded = class com.ibm.ws.threading.internal.NonCancelableResultFuture@b83b181
      properContextRoot = "/CookTimeServer"
      mappingContextRoot = "/CookTimeServer/*"
      initTaskCount = class java.util.concurrent.atomic.AtomicInteger@7d59fcb2
      initTasksDoneListener = class com.ibm.ws.webcontainer.osgi.WebContainer$2@6225cfe6
      serialVersionUID = -2104814060051592457
      $$$tc$$$ = class com.ibm.websphere.ras.TraceComponent@a3af43d
    extensionFactories = class java.util.ArrayList@51984876
      serialVersionUID = 8683452581122892189
      DEFAULT_CAPACITY = 10
      EMPTY_ELEMENTDATA = class java.lang.Object[0]
      DEFAULTCAPACITY_EMPTY_ELEMENTDATA = class java.lang.Object[0]
      elementData = class java.lang.Object[10]
      size = 6
      MAX_ARRAY_SIZE = 2147483639
      modCount = 6
      MAX_ARRAY_SIZE = 2147483639
    initialized = true
    lock = class com.ibm.ws.webcontainer.webapp.WebApp$1@5ad08741
      this$0 = class com.ibm.ws.webcontainer31.osgi.webapp.WebApp31@5c33afc8
    afterServletContextCreated = false
    redirectContextRoot = false
    errorExceptionTypeFirst = false
    initFilterBeforeServletInit = false
    SET_400_SC_ON_TOO_MANY_PARENT_DIRS = false
    sortedServletConfigs = class java.util.ArrayList@57dd9943
      serialVersionUID = 8683452581122892189
      DEFAULT_CAPACITY = 10
      EMPTY_ELEMENTDATA = class java.lang.Object[0]
      DEFAULTCAPACITY_EMPTY_ELEMENTDATA = class java.lang.Object[0]
      elementData = class java.lang.Object[10]
      size = 2
      MAX_ARRAY_SIZE = 2147483639
      modCount = 2
      MAX_ARRAY_SIZE = 2147483639
    effectiveMajorVersion = 3
    effectiveMinorVersion = 0
    canAddServletContextListener = true
    withinContextInitOfProgAddListener = false
    lastProgAddListenerInitialized = "com.ibm.ws.cache.CacheServiceImpl"
    webInfLibClassloader = null
    metaInfCache = class com.ibm.ws.webcontainer.webapp.WebApp$2@635b96a6
      this$0 = class com.ibm.ws.webcontainer31.osgi.webapp.WebApp31@5c33afc8
      serialVersionUID = 3801124242820219131
      head = null
      tail = null
      accessOrder = true
      serialVersionUID = 362498820763181265
      DEFAULT_INITIAL_CAPACITY = 16
      MAXIMUM_CAPACITY = 1073741824
      DEFAULT_LOAD_FACTOR = 0.75
      TREEIFY_THRESHOLD = 8
      UNTREEIFY_THRESHOLD = 6
      MIN_TREEIFY_CAPACITY = 64
      table = null
      entrySet = null
      size = 0
      modCount = 0
      threshold = 32
      loadFactor = 1.0
      keySet = null
      values = null
    useMetaInfCache = true
    SUN_CONFIGURE_LISTENER_CLASSNAME = "com.sun.faces.config.ConfigureListener"
    MYFACES_LIFECYCLE_LISTENER_CLASSNAME = "org.apache.myfaces.webapp.StartupServletContextListener"
    JSF_IMPL_ENABLED_PARAM = "com.ibm.ws.jsf.JSF_IMPL_ENABLED"
    JSF_IMPL_ENABLED_CUSTOM = "Custom"
    JSF_IMPL_ENABLED_NONE = "None"
    staticDocRoot = class com.ibm.ws.webcontainer.util.DocumentRootUtils@7093b943
      logger = class com.ibm.ws.logging.internal.WsLogger@4ddae26b
      CLASS_NAME = "com.ibm.ws.webcontainer.util.DocumentRootUtils"
      useContentLength = false
      matchedFile = null
      matchedZipFile = null
      matchedEntry = null
      matchedURL = null
      edrRoot = null
      pfedrRoot = null
      ctxt = class com.ibm.ws.webcontainer31.osgi.webapp.WebApp31@5c33afc8
      baseDir = null
      edr = null
      pfedr = null
      metaInfRes = null
      searchpfEDR = false
      searchEDR = false
      searchMetaInfRes = true
      matchFromEDR = false
      matchFromMetaInfRes = false
      matchIsADirectory = false
      appConfig = class com.ibm.ws.webcontainer.osgi.webapp.WebAppConfiguration@62a4ddd
      attributeType = "staticFile"
      STATIC_FILE = "staticFile"
      JSP = "jsp"
      PFEDR = "preFragmentExtendedDocumentRoot"
      EDR = "extendedDocumentRoot"
    jspDocRoot = class com.ibm.ws.webcontainer.util.DocumentRootUtils@2e27d29f
      logger = class com.ibm.ws.logging.internal.WsLogger@4ddae26b
      CLASS_NAME = "com.ibm.ws.webcontainer.util.DocumentRootUtils"
      useContentLength = false
      matchedFile = null
      matchedZipFile = null
      matchedEntry = null
      matchedURL = null
      edrRoot = null
      pfedrRoot = null
      ctxt = class com.ibm.ws.webcontainer31.osgi.webapp.WebApp31@5c33afc8
      baseDir = null
      edr = null
      pfedr = null
      metaInfRes = null
      searchpfEDR = false
      searchEDR = false
      searchMetaInfRes = true
      matchFromEDR = false
      matchFromMetaInfRes = false
      matchIsADirectory = false
      appConfig = class com.ibm.ws.webcontainer.osgi.webapp.WebAppConfiguration@62a4ddd
      attributeType = "jsp"
      STATIC_FILE = "staticFile"
      JSP = "jsp"
      PFEDR = "preFragmentExtendedDocumentRoot"
      EDR = "extendedDocumentRoot"
    container = class com.ibm.ws.adaptable.module.internal.AdaptableContainerImpl@b38b303
      root = class com.ibm.ws.adaptable.module.internal.AdaptableContainerImpl@b38b303
      rootOverlay = class com.ibm.ws.artifact.overlay.internal.DirectoryBasedOverlayContainerImpl@32379a25
      factoryHolder = class com.ibm.ws.adaptable.module.internal.AdaptableModuleFactoryImpl@4645b263
      delegate = class com.ibm.ws.artifact.overlay.internal.DirectoryBasedOverlayContainerImpl@32379a25
      notifier = class com.ibm.ws.adaptable.module.internal.NotifierImpl@348b3606
      serialVersionUID = -5950528200509051684
      $$$tc$$$ = class com.ibm.websphere.ras.TraceComponent@4d24bdb6
    metaInfResourceFinder = class com.ibm.ws.webcontainer.util.MetaInfResourceFinder@150b4199
      jarResourceContainers = class java.util.ArrayList@379e6c72
      container = class com.ibm.ws.adaptable.module.internal.AdaptableContainerImpl@b38b303
    postConstructMethods = class com.ibm.ws.webcontainer.webapp.WebApp$AnnotatedMethods@2a5a0b38
      annotationClass = class java.lang.Class@400ab670
      noOpClassNames = class java.util.HashSet@55fb6932
      annotatedMethodNames = class java.util.concurrent.ConcurrentHashMap@44f7352d
      EMPTY_METHODS = class java.lang.reflect.Method[0]
    preDestroyMethods = class com.ibm.ws.webcontainer.webapp.WebApp$AnnotatedMethods@47eee691
      annotationClass = class java.lang.Class@ac8bbe1
      noOpClassNames = class java.util.HashSet@1936d16d
      annotatedMethodNames = class java.util.concurrent.ConcurrentHashMap@5a87cb49
      EMPTY_METHODS = class java.lang.reflect.Method[0]
    OBJ_EMPTY = class java.lang.Object[0]
    CLASS_EMPTY = class java.lang.Class[0]
    DEFAULT_JSP_EXTENSIONS = class java.util.ArrayList@574d77d9
      serialVersionUID = 8683452581122892189
      DEFAULT_CAPACITY = 10
      EMPTY_ELEMENTDATA = class java.lang.Object[0]
      DEFAULTCAPACITY_EMPTY_ELEMENTDATA = class java.lang.Object[0]
      elementData = class java.lang.Object[10]
      size = 4
      MAX_ARRAY_SIZE = 2147483639
      modCount = 4
      MAX_ARRAY_SIZE = 2147483639
    DEFER_SERVLET_REQUEST_LISTENER_DESTROY_ON_ERROR = false
    DO_ACCEPT_PARTIAL = true
    DO_NOT_ACCEPT_PARTIAL = false
    DO_ACCEPT_EXCLUDED = true
    DO_NOT_ACCEPT_EXCLUDED = false
    commands = class java.util.ArrayList@627c38d3
      serialVersionUID = 8683452581122892189
      DEFAULT_CAPACITY = 10
      EMPTY_ELEMENTDATA = class java.lang.Object[0]
      DEFAULTCAPACITY_EMPTY_ELEMENTDATA = class java.lang.Object[0]
      elementData = class java.lang.Object[3]
      size = 0
      MAX_ARRAY_SIZE = 2147483639
      modCount = 0
      MAX_ARRAY_SIZE = 2147483639
    requestMapper = class com.ibm.wsspi.webcontainer.util.URIMapper@52968063
      matcher = class com.ibm.wsspi.webcontainer.util.URIMatcher@6b1ff8f2
    parent = class com.ibm.ws.webcontainer.osgi.webapp.WebGroup@6e59c657
      tc = class com.ibm.websphere.ras.TraceComponent@7e1bf15e
      logger = class com.ibm.ws.logging.internal.WsLogger@6f472600
      CLASS_NAME = "com.ibm.ws.webcontainer.webapp.WebGroup"
      sessUrlRewritePrefix = ";jsessionid="
      qMark = "?"
      config = class com.ibm.ws.webcontainer.osgi.webapp.WebGroupConfiguration@34e580a4
      webApp = class com.ibm.ws.webcontainer31.osgi.webapp.WebApp31@5c33afc8
      commands = class java.util.ArrayList@483b5f3f
      requestMapper = null
      parent = class com.ibm.ws.webcontainer.osgi.DynamicVirtualHost@61397ddc
      name = "/CookTimeServer/*"
      isAlive = true
      subElements = class java.util.HashMap@644583e9
      attributes = null
      config = null
      serialVersionUID = -8271459000149267764
      $$$tc$$$ = class com.ibm.websphere.ras.TraceComponent@4c113ba0
    name = "CookTimeServer"
    isAlive = true
    subElements = null
    attributes = class java.util.concurrent.ConcurrentHashMap@5acbb502
      serialVersionUID = 7249069246763182397
      MAXIMUM_CAPACITY = 1073741824
      DEFAULT_CAPACITY = 16
      MAX_ARRAY_SIZE = 2147483639
      DEFAULT_CONCURRENCY_LEVEL = 16
      LOAD_FACTOR = 0.75
      TREEIFY_THRESHOLD = 8
      UNTREEIFY_THRESHOLD = 6
      MIN_TREEIFY_CAPACITY = 64
      MIN_TRANSFER_STRIDE = 16
      RESIZE_STAMP_BITS = 16
      MAX_RESIZERS = 65535
      RESIZE_STAMP_SHIFT = 16
      MOVED = -1
      TREEBIN = -2
      RESERVED = -3
      HASH_BITS = 2147483647
      NCPU = 8
      serialPersistentFields = class java.io.ObjectStreamField[3]
      table = class java.util.concurrent.ConcurrentHashMap$Node[128]
      nextTable = null
      baseCount = 48
      sizeCtl = 96
      transferIndex = 0
      cellsBusy = 0
      counterCells = null
      keySet = null
      values = null
      entrySet = null
      U = class sun.misc.Unsafe@53d4e325
      SIZECTL = 20
      TRANSFERINDEX = 32
      BASECOUNT = 24
      CELLSBUSY = 36
      CELLVALUE = 144
      ABASE = 16
      ASHIFT = 2
      keySet = null
      values = null
    config = null
    serialVersionUID = -8271459000149267764
    $$$tc$$$ = class com.ibm.websphere.ras.TraceComponent@4c113ba0
      strings[0] = "TraceComponent[com.ibm.ws.container.AbstractContainer,class com.ibm.ws.container.AbstractContainer,[],null,null]"

