------Start of DE processing------ = [7/21/20 17:06:40:350 CST]
Exception = javax.servlet.ServletException
Source = com.ibm.ws.webcontainer.filter.WebAppFilterManager.invokeFilters
probeid = 1064
Stack Dump = javax.servlet.ServletException: org.codehaus.jackson.map.exc.UnrecognizedPropertyException: Unrecognized field "portionSize" (Class cr.ac.tec.userObjects.Recipe), not marked as ignorable
 at [Source: org.apache.cxf.transport.http.AbstractHTTPDestination$1@110310ff; line: 1, column: 177071] (through reference chain: cr.ac.tec.userObjects.Recipe["portionSize"])
	at com.ibm.ws.jaxrs20.endpoint.AbstractJaxRsWebEndpoint.invoke(AbstractJaxRsWebEndpoint.java:143)
	at com.ibm.websphere.jaxrs.server.IBMRestServlet.handleRequest(IBMRestServlet.java:146)
	at com.ibm.websphere.jaxrs.server.IBMRestServlet.doPost(IBMRestServlet.java:104)
	at javax.servlet.http.HttpServlet.service(HttpServlet.java:707)
	at com.ibm.websphere.jaxrs.server.IBMRestServlet.service(IBMRestServlet.java:96)
	at com.ibm.ws.webcontainer.servlet.ServletWrapper.service(ServletWrapper.java:1230)
	at com.ibm.ws.webcontainer.servlet.ServletWrapper.handleRequest(ServletWrapper.java:729)
	at com.ibm.ws.webcontainer.servlet.ServletWrapper.handleRequest(ServletWrapper.java:426)
	at com.ibm.ws.webcontainer.filter.WebAppFilterChain.invokeTarget(WebAppFilterChain.java:182)
	at com.ibm.ws.webcontainer.filter.WebAppFilterChain.doFilter(WebAppFilterChain.java:93)
	at com.ibm.ws.security.jaspi.JaspiServletFilter.doFilter(JaspiServletFilter.java:56)
	at com.ibm.ws.webcontainer.filter.FilterInstanceWrapper.doFilter(FilterInstanceWrapper.java:201)
	at com.ibm.ws.webcontainer.filter.WebAppFilterChain.doFilter(WebAppFilterChain.java:90)
	at com.ibm.ws.webcontainer.filter.WebAppFilterManager.doFilter(WebAppFilterManager.java:1001)
	at com.ibm.ws.webcontainer.filter.WebAppFilterManager.invokeFilters(WebAppFilterManager.java:1139)
	at com.ibm.ws.webcontainer.filter.WebAppFilterManager.invokeFilters(WebAppFilterManager.java:1010)
	at com.ibm.ws.webcontainer.servlet.CacheServletWrapper.handleRequest(CacheServletWrapper.java:75)
	at com.ibm.ws.webcontainer.WebContainer.handleRequest(WebContainer.java:938)
	at com.ibm.ws.webcontainer.osgi.DynamicVirtualHost$2.run(DynamicVirtualHost.java:279)
	at com.ibm.ws.http.dispatcher.internal.channel.HttpDispatcherLink$TaskWrapper.run(HttpDispatcherLink.java:1134)
	at com.ibm.ws.http.dispatcher.internal.channel.HttpDispatcherLink.wrapHandlerAndExecute(HttpDispatcherLink.java:415)
	at com.ibm.ws.http.dispatcher.internal.channel.HttpDispatcherLink.ready(HttpDispatcherLink.java:374)
	at com.ibm.ws.http.channel.internal.inbound.HttpInboundLink.handleDiscrimination(HttpInboundLink.java:546)
	at com.ibm.ws.http.channel.internal.inbound.HttpInboundLink.handleNewRequest(HttpInboundLink.java:480)
	at com.ibm.ws.http.channel.internal.inbound.HttpInboundLink.processRequest(HttpInboundLink.java:345)
	at com.ibm.ws.http.channel.internal.inbound.HttpInboundLink.ready(HttpInboundLink.java:316)
	at com.ibm.ws.tcpchannel.internal.NewConnectionInitialReadCallback.sendToDiscriminators(NewConnectionInitialReadCallback.java:167)
	at com.ibm.ws.tcpchannel.internal.NewConnectionInitialReadCallback.complete(NewConnectionInitialReadCallback.java:75)
	at com.ibm.ws.tcpchannel.internal.WorkQueueManager.requestComplete(WorkQueueManager.java:504)
	at com.ibm.ws.tcpchannel.internal.WorkQueueManager.attemptIO(WorkQueueManager.java:574)
	at com.ibm.ws.tcpchannel.internal.WorkQueueManager.workerRun(WorkQueueManager.java:958)
	at com.ibm.ws.tcpchannel.internal.WorkQueueManager$Worker.run(WorkQueueManager.java:1047)
	at com.ibm.ws.threading.internal.ExecutorServiceImpl$RunnableWrapper.run(ExecutorServiceImpl.java:239)
	at java.util.concurrent.ThreadPoolExecutor.runWorker(Unknown Source)
	at java.util.concurrent.ThreadPoolExecutor$Worker.run(Unknown Source)
	at java.lang.Thread.run(Unknown Source)
Caused by: org.codehaus.jackson.map.exc.UnrecognizedPropertyException: Unrecognized field "portionSize" (Class cr.ac.tec.userObjects.Recipe), not marked as ignorable
 at [Source: org.apache.cxf.transport.http.AbstractHTTPDestination$1@110310ff; line: 1, column: 177071] (through reference chain: cr.ac.tec.userObjects.Recipe["portionSize"])
	at org.codehaus.jackson.map.exc.UnrecognizedPropertyException.from(UnrecognizedPropertyException.java:53)
	at org.codehaus.jackson.map.deser.StdDeserializationContext.unknownFieldException(StdDeserializationContext.java:267)
	at org.codehaus.jackson.map.deser.std.StdDeserializer.reportUnknownProperty(StdDeserializer.java:673)
	at org.codehaus.jackson.map.deser.std.StdDeserializer.handleUnknownProperty(StdDeserializer.java:659)
	at org.codehaus.jackson.map.deser.BeanDeserializer.handleUnknownProperty(BeanDeserializer.java:1365)
	at org.codehaus.jackson.map.deser.BeanDeserializer._handleUnknown(BeanDeserializer.java:725)
	at org.codehaus.jackson.map.deser.BeanDeserializer.deserializeFromObject(BeanDeserializer.java:703)
	at org.codehaus.jackson.map.deser.BeanDeserializer.deserialize(BeanDeserializer.java:580)
	at org.codehaus.jackson.map.ObjectMapper._readValue(ObjectMapper.java:2704)
	at org.codehaus.jackson.map.ObjectMapper.readValue(ObjectMapper.java:1315)
	at org.codehaus.jackson.jaxrs.JacksonJsonProvider.readFrom(JacksonJsonProvider.java:419)
	at org.apache.cxf.jaxrs.utils.JAXRSUtils$2.run(JAXRSUtils.java:1433)
	at java.security.AccessController.doPrivileged(Native Method)
	at org.apache.cxf.jaxrs.utils.JAXRSUtils.readFromMessageBodyReader(JAXRSUtils.java:1430)
	at org.apache.cxf.jaxrs.utils.JAXRSUtils.readFromMessageBody(JAXRSUtils.java:1379)
	at org.apache.cxf.jaxrs.utils.JAXRSUtils.processParameter(JAXRSUtils.java:904)
	at org.apache.cxf.jaxrs.utils.JAXRSUtils.processParameters(JAXRSUtils.java:851)
	at org.apache.cxf.jaxrs.interceptor.JAXRSInInterceptor.processRequest(JAXRSInInterceptor.java:288)
	at org.apache.cxf.jaxrs.interceptor.JAXRSInInterceptor.handleMessage(JAXRSInInterceptor.java:90)
	at org.apache.cxf.phase.PhaseInterceptorChain.doIntercept(PhaseInterceptorChain.java:309)
	at org.apache.cxf.transport.ChainInitiationObserver.onMessage(ChainInitiationObserver.java:124)
	at org.apache.cxf.transport.http.AbstractHTTPDestination.invoke(AbstractHTTPDestination.java:271)
	at com.ibm.ws.jaxrs20.endpoint.AbstractJaxRsWebEndpoint.invoke(AbstractJaxRsWebEndpoint.java:136)
	... 35 more

Dump of callerThis
null
