------Start of DE processing------ = [7/25/20 11:31:59:605 CST]
Exception = javax.servlet.ServletException
Source = com.ibm.ws.webcontainer.filter.WebAppFilterChain.doFilter
probeid = 82
Stack Dump = javax.servlet.ServletException: org.codehaus.jackson.map.exc.UnrecognizedPropertyException: Unrecognized field "portionSize" (Class cr.ac.tec.userObjects.Recipe), not marked as ignorable
 at [Source: org.apache.cxf.transport.http.AbstractHTTPDestination$1@5111677d; line: 1, column: 177063] (through reference chain: cr.ac.tec.userObjects.Recipe["portionSize"])
	at com.ibm.ws.jaxrs20.endpoint.AbstractJaxRsWebEndpoint.invoke(AbstractJaxRsWebEndpoint.java:143)
	at com.ibm.websphere.jaxrs.server.IBMRestServlet.handleRequest(IBMRestServlet.java:146)
	at com.ibm.websphere.jaxrs.server.IBMRestServlet.doPost(IBMRestServlet.java:104)
	at javax.servlet.http.HttpServlet.service(HttpServlet.java:707)
	at com.ibm.websphere.jaxrs.server.IBMRestServlet.service(IBMRestServlet.java:96)
	at com.ibm.ws.webcontainer.servlet.ServletWrapper.service(ServletWrapper.java:1230)
	at com.ibm.ws.webcontainer.servlet.ServletWrapper.handleRequest(ServletWrapper.java:729)
	at com.ibm.ws.webcontainer.servlet.ServletWrapper.handleRequest(ServletWrapper.java:426)
	at com.ibm.ws.webcontainer.filter.WebAppFilterChain.invokeTarget(WebAppFilterChain.java:182)
	at com.ibm.ws.webcontainer.filter.WebAppFilterChain.doFilter(WebAppFilterChain.java:93)
	at com.ibm.ws.security.jaspi.JaspiServletFilter.doFilter(JaspiServletFilter.java:56)
	at com.ibm.ws.webcontainer.filter.FilterInstanceWrapper.doFilter(FilterInstanceWrapper.java:201)
	at com.ibm.ws.webcontainer.filter.WebAppFilterChain.doFilter(WebAppFilterChain.java:90)
	at com.ibm.ws.webcontainer.filter.WebAppFilterManager.doFilter(WebAppFilterManager.java:1001)
	at com.ibm.ws.webcontainer.filter.WebAppFilterManager.invokeFilters(WebAppFilterManager.java:1139)
	at com.ibm.ws.webcontainer.webapp.WebApp.handleRequest(WebApp.java:5037)
	at com.ibm.ws.webcontainer.osgi.DynamicVirtualHost$2.handleRequest(DynamicVirtualHost.java:314)
	at com.ibm.ws.webcontainer.WebContainer.handleRequest(WebContainer.java:1007)
	at com.ibm.ws.webcontainer.osgi.DynamicVirtualHost$2.run(DynamicVirtualHost.java:279)
	at com.ibm.ws.http.dispatcher.internal.channel.HttpDispatcherLink$TaskWrapper.run(HttpDispatcherLink.java:1134)
	at com.ibm.ws.http.dispatcher.internal.channel.HttpDispatcherLink.wrapHandlerAndExecute(HttpDispatcherLink.java:415)
	at com.ibm.ws.http.dispatcher.internal.channel.HttpDispatcherLink.ready(HttpDispatcherLink.java:374)
	at com.ibm.ws.http.channel.internal.inbound.HttpInboundLink.handleDiscrimination(HttpInboundLink.java:546)
	at com.ibm.ws.http.channel.internal.inbound.HttpInboundLink.handleNewRequest(HttpInboundLink.java:480)
	at com.ibm.ws.http.channel.internal.inbound.HttpInboundLink.processRequest(HttpInboundLink.java:345)
	at com.ibm.ws.http.channel.internal.inbound.HttpInboundLink.ready(HttpInboundLink.java:316)
	at com.ibm.ws.tcpchannel.internal.NewConnectionInitialReadCallback.sendToDiscriminators(NewConnectionInitialReadCallback.java:167)
	at com.ibm.ws.tcpchannel.internal.NewConnectionInitialReadCallback.complete(NewConnectionInitialReadCallback.java:75)
	at com.ibm.ws.tcpchannel.internal.WorkQueueManager.requestComplete(WorkQueueManager.java:504)
	at com.ibm.ws.tcpchannel.internal.WorkQueueManager.attemptIO(WorkQueueManager.java:574)
	at com.ibm.ws.tcpchannel.internal.WorkQueueManager.workerRun(WorkQueueManager.java:958)
	at com.ibm.ws.tcpchannel.internal.WorkQueueManager$Worker.run(WorkQueueManager.java:1047)
	at com.ibm.ws.threading.internal.ExecutorServiceImpl$RunnableWrapper.run(ExecutorServiceImpl.java:239)
	at java.util.concurrent.ThreadPoolExecutor.runWorker(Unknown Source)
	at java.util.concurrent.ThreadPoolExecutor$Worker.run(Unknown Source)
	at java.lang.Thread.run(Unknown Source)
Caused by: org.codehaus.jackson.map.exc.UnrecognizedPropertyException: Unrecognized field "portionSize" (Class cr.ac.tec.userObjects.Recipe), not marked as ignorable
 at [Source: org.apache.cxf.transport.http.AbstractHTTPDestination$1@5111677d; line: 1, column: 177063] (through reference chain: cr.ac.tec.userObjects.Recipe["portionSize"])
	at org.codehaus.jackson.map.exc.UnrecognizedPropertyException.from(UnrecognizedPropertyException.java:53)
	at org.codehaus.jackson.map.deser.StdDeserializationContext.unknownFieldException(StdDeserializationContext.java:267)
	at org.codehaus.jackson.map.deser.std.StdDeserializer.reportUnknownProperty(StdDeserializer.java:673)
	at org.codehaus.jackson.map.deser.std.StdDeserializer.handleUnknownProperty(StdDeserializer.java:659)
	at org.codehaus.jackson.map.deser.BeanDeserializer.handleUnknownProperty(BeanDeserializer.java:1365)
	at org.codehaus.jackson.map.deser.BeanDeserializer._handleUnknown(BeanDeserializer.java:725)
	at org.codehaus.jackson.map.deser.BeanDeserializer.deserializeFromObject(BeanDeserializer.java:703)
	at org.codehaus.jackson.map.deser.BeanDeserializer.deserialize(BeanDeserializer.java:580)
	at org.codehaus.jackson.map.ObjectMapper._readValue(ObjectMapper.java:2704)
	at org.codehaus.jackson.map.ObjectMapper.readValue(ObjectMapper.java:1315)
	at org.codehaus.jackson.jaxrs.JacksonJsonProvider.readFrom(JacksonJsonProvider.java:419)
	at org.apache.cxf.jaxrs.utils.JAXRSUtils$2.run(JAXRSUtils.java:1433)
	at java.security.AccessController.doPrivileged(Native Method)
	at org.apache.cxf.jaxrs.utils.JAXRSUtils.readFromMessageBodyReader(JAXRSUtils.java:1430)
	at org.apache.cxf.jaxrs.utils.JAXRSUtils.readFromMessageBody(JAXRSUtils.java:1379)
	at org.apache.cxf.jaxrs.utils.JAXRSUtils.processParameter(JAXRSUtils.java:904)
	at org.apache.cxf.jaxrs.utils.JAXRSUtils.processParameters(JAXRSUtils.java:851)
	at org.apache.cxf.jaxrs.interceptor.JAXRSInInterceptor.processRequest(JAXRSInInterceptor.java:288)
	at org.apache.cxf.jaxrs.interceptor.JAXRSInInterceptor.handleMessage(JAXRSInInterceptor.java:90)
	at org.apache.cxf.phase.PhaseInterceptorChain.doIntercept(PhaseInterceptorChain.java:309)
	at org.apache.cxf.transport.ChainInitiationObserver.onMessage(ChainInitiationObserver.java:124)
	at org.apache.cxf.transport.http.AbstractHTTPDestination.invoke(AbstractHTTPDestination.java:271)
	at com.ibm.ws.jaxrs20.endpoint.AbstractJaxRsWebEndpoint.invoke(AbstractJaxRsWebEndpoint.java:136)
	... 35 more

Dump of callerThis
Object type = com.ibm.ws.webcontainer.filter.WebAppFilterChain
  _filters = class java.util.ArrayList@16a5aa4a
    serialVersionUID = 8683452581122892189
    DEFAULT_CAPACITY = 10
    EMPTY_ELEMENTDATA = class java.lang.Object[0]
    DEFAULTCAPACITY_EMPTY_ELEMENTDATA = class java.lang.Object[0]
    elementData = class java.lang.Object[5]
      Object[0] = class com.ibm.ws.webcontainer.filter.FilterInstanceWrapper@2817961d
      Object[1] = null
      Object[2] = null
      Object[3] = null
      Object[4] = null
    size = 1
    MAX_ARRAY_SIZE = 2147483639
    modCount = 1
    MAX_ARRAY_SIZE = 2147483639
  _currentFilterIndex = 1
  _numberOfFilters = 1
  requestProcessor = class com.ibm.ws.webcontainer.osgi.servlet.ServletWrapper@2b3f473d
    serialVersionUID = 1
    _mo = null
    serialVersionUID = -4479626085298397598
    notifyInvocationListeners = false
    UNINITIALIZED_STATE = -1
    AVAILABLE_STATE = 0
    UNAVAILABLE_STATE = 1
    UNAVAILABLE_PERMANENTLY_STATE = 2
    collabHelper = class com.ibm.ws.webcontainer.osgi.collaborator.CollaboratorHelperImpl@1e475cb6
      webAppInvCollabs = class java.util.Collections$UnmodifiableSet@7aa06308
      securityDomainForApp = null
      logger = class com.ibm.ws.logging.internal.WsLogger@371ad653
      staticDefaultSecurityCollaborator = class com.ibm.ws.webcontainer.collaborator.WebAppSecurityCollaborator@36e1b814
      logger = class com.ibm.ws.logging.internal.WsLogger@6a42ac2c
      CLASS_NAME = "com.ibm.wsspi.webcontainer.collaborator.CollaboratorHelper"
      webApp = class com.ibm.ws.webcontainer31.osgi.webapp.WebApp31@217e01e8
      securityCollaborator = class com.ibm.ws.webcontainer.security.WebAppSecurityCollaboratorImpl@b0b4779
      nameSpaceCollaborator = class com.ibm.ws.webcontainer.osgi.collaborator.WebAppNameSpaceCollaboratorImpl@4dff2bfe
      transactionCollaborator = class com.ibm.ws.transaction.services.WebAppTransactionCollaboratorImpl@3ff84d10
      connectionCollaborator = class com.ibm.ws.webcontainer.collaborator.ConnectionCollaborator@30916f14
      allCollabEnum = class java.util.RegularEnumSet@3a335c7c
      servlet_23_or_greater = true
      DEFER_SERVLET_REQUEST_LISTENER_DESTROY_ON_ERROR = false
    nServicing = class java.util.concurrent.atomic.AtomicInteger@14fe6554
      serialVersionUID = 6214790243416807050
      unsafe = class sun.misc.Unsafe@bd8c79a
      valueOffset = 12
      value = 0
      serialVersionUID = -8742448824652078965
    lastAccessTime = 1595697209307
    state = 0
    logger = class com.ibm.ws.logging.internal.WsLogger@739170a5
      tc = class com.ibm.websphere.ras.TraceComponent@3426c96c
      ivCachedResourceBundleName = "com.ibm.ws.webcontainer.resources.Messages"
      ivCachedResourceBundle = class com.ibm.ws.webcontainer.resources.Messages@178fa450
      ivComponent = null
      ivOrganization = null
      ivProduct = null
      ivMinimumLocalizationLevelIntValue = 625
      ivTC = class com.ibm.websphere.ras.TraceComponent@5c307663
      loggerRegistrationComponent = class java.lang.ThreadLocal@deae1f8
      emptyHandlers = class java.util.logging.Handler[0]
      offValue = 2147483647
      SYSTEM_LOGGER_RB_NAME = "sun.util.logging.resources.logging"
      SYSTEM_BUNDLE = class java.util.logging.Logger$LoggerBundle@49ecc101
      NO_RESOURCE_BUNDLE = class java.util.logging.Logger$LoggerBundle@35e8ecac
      manager = class com.ibm.ws.kernel.boot.logging.WsLogManager@6f573ec8
      name = "com.ibm.ws.webcontainer.servlet"
      handlers = class java.util.concurrent.CopyOnWriteArrayList@53e38c83
      loggerBundle = class java.util.logging.Logger$LoggerBundle@76ae014d
      useParentHandlers = true
      filter = null
      anonymous = false
      catalog = class com.ibm.ws.webcontainer.resources.Messages@178fa450
      catalogName = "com.ibm.ws.webcontainer.resources.Messages"
      catalogLocale = class java.util.Locale@207ec0b1
      treeLock = class java.lang.Object@62c73f79
      parent = class com.ibm.ws.logging.internal.WsLogger@78745b6c
      kids = null
      levelObject = class java.util.logging.Level@683f2abe
      levelValue = 800
      callersClassLoaderRef = class java.lang.ref.WeakReference@1233cd16
      isSystemLogger = false
      GLOBAL_LOGGER_NAME = "global"
      global = class java.util.logging.Logger@65f5c81c
      $assertionsDisabled = true
    CLASS_NAME = "com.ibm.ws.webcontainer.servlet.ServletWrapper"
    nls = class com.ibm.ejs.ras.TraceNLS@77cead4d
      resolver = class com.ibm.ws.logging.internal.TraceNLSResolver@745e8279
      finder = class com.ibm.ws.logging.internal.StackFinder@2424111
      ivBundleName = "com.ibm.ws.webcontainer.resources.Messages"
      caller = class java.lang.Class@15e14a3b
    servletConfig = class com.ibm.ws.webcontainer.servlet.ServletConfig@7d322ac6
      logger = class com.ibm.ws.logging.internal.WsLogger@739170a5
      CLASS_NAME = "com.ibm.ws.webcontainer.servlet.ServletConfig"
      nls = class com.ibm.ejs.ras.TraceNLS@1f99000b
      liberty_nls = class com.ibm.ejs.ras.TraceNLS@37e92a91
      enabled = true
      servletName = "cr.ac.tec.resources.RestAPI"
      className = null
      mappings = class java.util.ArrayList@49dd58e
      startUpWeight = null
      DEFAULT_STARTUP = -1
      isCachingEnabled = true
      isStatisticsEnabled = true
      isInternal = false
      metaData = class com.ibm.ws.webcontainer.osgi.metadata.WebComponentMetaDataImpl@72599ddb
      singleThreadModelServlet = false
      isJsp = false
      webAppConfig = class com.ibm.ws.webcontainer.osgi.webapp.WebAppConfiguration@7c7199e0
      servletWrapper = class com.ibm.ws.webcontainer.osgi.servlet.ServletWrapper@2b3f473d
      servletClass = class java.lang.Class@3376bdcf
      servlet = class com.ibm.websphere.jaxrs.server.IBMRestServlet@557c5d69
      addedToLoadOnStartup = true
      previousWeight = null
      multipartConfig = null
      multipartConfigBaseLocation = null
      runAsRole = null
      servletSecurityElement = null
      declareRolesAnnotation = null
      logger = class com.ibm.ws.logging.internal.WsLogger@739170a5
      CLASS_NAME = "com.ibm.ws.webcontainer.servlet.TargetConfig"
      initParams = null
      fileName = null
      displayName = null
      name = "cr.ac.tec.resources.RestAPI"
      description = null
      smallIcon = null
      largeIcon = null
      context = class com.ibm.ws.webcontainer31.facade.ServletContextFacade31@4f69f360
      className = null
      asyncSupported = true
      _id = "cr.ac.tec.resources.RestAPI"
      _attributes = null
      serialVersionUID = 7511545662945734886
      $$$tc$$$ = class com.ibm.websphere.ras.TraceComponent@da0d228
    context = class com.ibm.ws.webcontainer31.osgi.webapp.WebApp31@217e01e8
    target = class com.ibm.websphere.jaxrs.server.IBMRestServlet@557c5d69
      serialVersionUID = -6835560282014155024
      KNOWN_HTTP_VERBS = class java.util.Arrays$ArrayList@674541b
      HTML_CONTENT_TYPE = "text/html"
      endpoint = class com.ibm.ws.jaxrs20.server.JaxRsWebEndpointImpl@7d04f06
      collaborator = class com.ibm.ws.webcontainer.osgi.collaborator.WebAppNameSpaceCollaboratorImpl@4dff2bfe
      providerFactoryService = class com.ibm.ws.jaxrs20.component.JaxRsProviderFactory@63943e6
      $$$tc$$$ = class com.ibm.websphere.ras.TraceComponent@77f60c85
      METHOD_DELETE = "DELETE"
      METHOD_HEAD = "HEAD"
      METHOD_GET = "GET"
      METHOD_OPTIONS = "OPTIONS"
      METHOD_POST = "POST"
      METHOD_PUT = "PUT"
      METHOD_TRACE = "TRACE"
      HEADER_IFMODSINCE = "If-Modified-Since"
      HEADER_LASTMOD = "Last-Modified"
      LSTRING_FILE = "javax.servlet.http.LocalStrings"
      lStrings = class java.util.PropertyResourceBundle@16e3d0f9
      LSTRING_FILE = "javax.servlet.LocalStrings"
      lStrings = class java.util.PropertyResourceBundle@3adcc3db
      config = class com.ibm.ws.webcontainer.servlet.ServletConfig@7d322ac6
    cacheWrappers = class java.util.ArrayList@68e1811d
      serialVersionUID = 8683452581122892189
      DEFAULT_CAPACITY = 10
      EMPTY_ELEMENTDATA = class java.lang.Object[0]
      DEFAULTCAPACITY_EMPTY_ELEMENTDATA = class java.lang.Object[0]
      elementData = class java.lang.Object[10]
      size = 7
      MAX_ARRAY_SIZE = 2147483639
      modCount = 7
      MAX_ARRAY_SIZE = 2147483639
    targetLoader = null
    evtSource = class com.ibm.ws.webcontainer.webapp.WebAppEventSource@4ce7d25b
      _invocationListeners = class com.ibm.ws.webcontainer.util.EventListeners@5f776780
      _servletListeners = class com.ibm.ws.webcontainer.util.EventListeners@33ae1a37
      _errorListeners = class com.ibm.ws.webcontainer.util.EventListeners@530b2c3d
      _applicationListeners = class com.ibm.ws.webcontainer.util.EventListeners@70e21f61
      _filterInvocationListeners = class com.ibm.ws.webcontainer.util.EventListeners@144d3d9a
      _filterListeners = class com.ibm.ws.webcontainer.util.EventListeners@5771f286
      _filterErrorListeners = class com.ibm.ws.webcontainer.util.EventListeners@5d914691
    event = class com.ibm.websphere.servlet.event.ServletEvent@2b54ca56
      serialVersionUID = 3906650803920713522
      _servletName = "cr.ac.tec.resources.RestAPI"
      _servletClassName = "com.ibm.websphere.jaxrs.server.IBMRestServlet"
      $$$tc$$$ = class com.ibm.websphere.ras.TraceComponent@7886f080
      serialVersionUID = 3546927969739289392
      _context = class com.ibm.ws.webcontainer31.facade.ServletContextFacade31@4f69f360
      _servletNames = class com.ibm.ws.webcontainer.util.EmptyEnumeration@44c2867f
      $$$tc$$$ = class com.ibm.websphere.ras.TraceComponent@22c10913
      serialVersionUID = 5516075349620653480
      source = class com.ibm.ws.webcontainer.osgi.servlet.ServletWrapper@2b3f473d
    unavailableMessage = null
    unavailableUntil = -1
    isSTM = false
    internalServlet = false
    webAppInvocationCollaborators = null
    platformHelper = class com.ibm.ws.webcontainer.PlatformHelper@29f2aeb4
    webAppNameSpaceCollab = class com.ibm.ws.webcontainer.osgi.collaborator.WebAppNameSpaceCollaboratorImpl@4dff2bfe
      cmdai = class com.ibm.ws.threadContext.ComponentMetaDataAccessorImpl@1b6174e6
    txCollab = class com.ibm.ws.transaction.services.WebAppTransactionCollaboratorImpl@3ff84d10
      tc = class com.ibm.websphere.ras.TraceComponent@5269b47e
      ltCurrentRef = class com.ibm.wsspi.kernel.service.utils.AtomicServiceReference@3e1aba9e
      tranMgrRef = class com.ibm.wsspi.kernel.service.utils.AtomicServiceReference@381a37f1
      userTranRef = class com.ibm.wsspi.kernel.service.utils.AtomicServiceReference@4577273c
      uowCallbackRef = class com.ibm.wsspi.kernel.service.utils.AtomicServiceReference@6d9f04cd
      serialVersionUID = -8319003162899973281
    suppressServletExceptionLogging = false
    throwExceptionEnum = class java.util.RegularEnumSet@327326c3
      serialVersionUID = 3411599620347842686
      elements = 256
      elementType = class java.lang.Class@4f915f21
      universe = class com.ibm.wsspi.webcontainer.collaborator.CollaboratorInvocationEnum[9]
      ZERO_LENGTH_ENUM_ARRAY = class java.lang.Enum[0]
      MAX_ARRAY_SIZE = 2147483639
    discernUnavailableServlet = false
    reInitServletonInitUnavailableException = true
    destroyServletonServiceUnavailableException = false
    servlet23 = true
    PARAMS_HEAD_TRACE = class java.lang.Class[2]
      Class[0] = class java.lang.Class@35fa10cc
      Class[1] = class java.lang.Class@662767e
    defaultHeadMethodInUse = false
    defaultTraceMethodInUse = false
    checkedForDefaultMethods = null
    defaultTraceRequestBehavior = false
    defaultHeadRequestBehavior = false
    useOriginalRequestState = false
    warningStatusSet = false
    LSTRING_FILE = "javax.servlet.LocalStrings"
    lStrings = class java.util.PropertyResourceBundle@3adcc3db
      lookup = class java.util.HashMap@30f225cd
      INITIAL_CACHE_SIZE = 32
      NONEXISTENT_BUNDLE = class java.util.ResourceBundle$1@145172b9
      cacheList = class java.util.concurrent.ConcurrentHashMap@7e938e95
      referenceQueue = class java.lang.ref.ReferenceQueue@5f6e10c7
      parent = null
      locale = class java.util.Locale@22a602d4
      name = "javax.servlet.LocalStrings"
      expired = false
      cacheKey = class java.util.ResourceBundle$CacheKey@3dfd6883
      keySet = null
      providers = null
      $assertionsDisabled = true
    config = null
  _filtersDefined = true
  logger = class com.ibm.ws.logging.internal.WsLogger@49e8bdc4
    tc = class com.ibm.websphere.ras.TraceComponent@3426c96c
      strings[0] = "TraceComponent[com.ibm.ws.logging.internal.WsLogger,class com.ibm.ws.logging.internal.WsLogger,[logging],com.ibm.ws.logging.internal.resources.LoggingMessages,null]"
    ivCachedResourceBundleName = null
    ivCachedResourceBundle = null
    ivComponent = null
    ivOrganization = null
    ivProduct = null
    ivMinimumLocalizationLevelIntValue = 625
    ivTC = class com.ibm.websphere.ras.TraceComponent@4db5be08
      strings[0] = "TraceComponent[com.ibm.ws.webcontainer.filter,class com.ibm.wsspi.webcontainer.logging.LoggerFactory$1,[com.ibm.ws.webcontainer.filter],null,null]"
    loggerRegistrationComponent = class java.lang.ThreadLocal@deae1f8
      threadLocalHashCode = 1914802624
      nextHashCode = class java.util.concurrent.atomic.AtomicInteger@74a32863
      HASH_INCREMENT = 1640531527
    emptyHandlers = class java.util.logging.Handler[0]
    offValue = 2147483647
    SYSTEM_LOGGER_RB_NAME = "sun.util.logging.resources.logging"
    SYSTEM_BUNDLE = class java.util.logging.Logger$LoggerBundle@49ecc101
      resourceBundleName = "sun.util.logging.resources.logging"
      userBundle = null
    NO_RESOURCE_BUNDLE = class java.util.logging.Logger$LoggerBundle@35e8ecac
      resourceBundleName = null
      userBundle = null
    manager = class com.ibm.ws.kernel.boot.logging.WsLogManager@6f573ec8
      CLASS_NAME = "com.ibm.ws.kernel.boot.logging.WsLogManager"
      CONFIGURE_BY_SERVER_PROPERTY_NAME = "java.util.logging.configureByServer"
      CONFIGURE_BY_LOGGING_PROPERTIES_FILE = "java.util.logging.configureByLoggingPropertiesFile"
      configureByServer = true
      configureByLoggingProperties = false
      wsLogger = class java.lang.reflect.Constructor@25e70074
      resetEnabled = true
      svBinaryLoggingEnable = false
      manager = class com.ibm.ws.kernel.boot.logging.WsLogManager@6f573ec8
      props = class java.util.Properties@171a27ff
      defaultLevel = class java.util.logging.Level@683f2abe
      listenerMap = class java.util.HashMap@27b3ee96
      systemContext = class java.util.logging.LogManager$SystemLoggerContext@3acaaeb4
      userContext = class java.util.logging.LogManager$LoggerContext@4f28cd7d
      rootLogger = class java.util.logging.LogManager$RootLogger@9cb2eb8
      readPrimordialConfiguration = true
      initializedGlobalHandlers = true
      deathImminent = false
      initializedCalled = true
      initializationDone = true
      contextsMap = null
      loggerRefQueue = class java.lang.ref.ReferenceQueue@31b4b649
      MAX_ITERATIONS = 400
      controlPermission = class java.util.logging.LoggingPermission@5ee411c5
      loggingMXBean = null
      LOGGING_MXBEAN_NAME = "java.util.logging:type=Logging"
      $assertionsDisabled = true
    name = "com.ibm.ws.webcontainer.filter"
    handlers = class java.util.concurrent.CopyOnWriteArrayList@8fa6427
      serialVersionUID = 8673264195747942595
      lock = class java.util.concurrent.locks.ReentrantLock@20c0556
      array = class java.lang.Object[0]
      UNSAFE = class sun.misc.Unsafe@bd8c79a
      lockOffset = 12
    loggerBundle = class java.util.logging.Logger$LoggerBundle@439ed587
      resourceBundleName = "com.ibm.ws.webcontainer.resources.Messages"
      userBundle = null
    useParentHandlers = true
    filter = null
    anonymous = false
    catalog = class com.ibm.ws.webcontainer.resources.Messages@178fa450
      resources = class [Ljava.lang.Object;[338]
      lookup = class java.util.HashMap@3a678c20
      INITIAL_CACHE_SIZE = 32
      NONEXISTENT_BUNDLE = class java.util.ResourceBundle$1@145172b9
      cacheList = class java.util.concurrent.ConcurrentHashMap@7e938e95
      referenceQueue = class java.lang.ref.ReferenceQueue@5f6e10c7
      parent = null
      locale = class java.util.Locale@22a602d4
      name = "com.ibm.ws.webcontainer.resources.Messages"
      expired = false
      cacheKey = class java.util.ResourceBundle$CacheKey@2beacf49
      keySet = null
      providers = null
      $assertionsDisabled = true
    catalogName = "com.ibm.ws.webcontainer.resources.Messages"
    catalogLocale = class java.util.Locale@207ec0b1
      LOCALECACHE = class java.util.Locale$Cache@70bc1343
      ENGLISH = class java.util.Locale@18b8d02b
      FRENCH = class java.util.Locale@30be2d27
      GERMAN = class java.util.Locale@6644553b
      ITALIAN = class java.util.Locale@76f264bb
      JAPANESE = class java.util.Locale@2895dbc6
      KOREAN = class java.util.Locale@69831ce6
      CHINESE = class java.util.Locale@2daa6160
      SIMPLIFIED_CHINESE = class java.util.Locale@48980fd2
      TRADITIONAL_CHINESE = class java.util.Locale@4e55b6ec
      FRANCE = class java.util.Locale@3fc0f7ec
      GERMANY = class java.util.Locale@411f2015
      ITALY = class java.util.Locale@49f1417b
      JAPAN = class java.util.Locale@2af06c7f
      KOREA = class java.util.Locale@1237815a
      CHINA = class java.util.Locale@48980fd2
      PRC = class java.util.Locale@48980fd2
      TAIWAN = class java.util.Locale@4e55b6ec
      UK = class java.util.Locale@2a100481
      US = class java.util.Locale@207ec0b1
      CANADA = class java.util.Locale@69a97221
      CANADA_FRENCH = class java.util.Locale@409368ff
      ROOT = class java.util.Locale@22a602d4
      PRIVATE_USE_EXTENSION = x
      UNICODE_LOCALE_EXTENSION = u
      serialVersionUID = 9149081749638150636
      DISPLAY_LANGUAGE = 0
      DISPLAY_COUNTRY = 1
      DISPLAY_VARIANT = 2
      DISPLAY_SCRIPT = 3
      baseLocale = class sun.util.locale.BaseLocale@6e800ce6
      localeExtensions = null
      hashCodeValue = 96636889
      defaultLocale = class java.util.Locale@207ec0b1
      defaultDisplayLocale = null
      defaultFormatLocale = class java.util.Locale@207ec0b1
      languageTag = "en-US"
      serialPersistentFields = class java.io.ObjectStreamField[6]
      isoLanguages = null
      isoCountries = null
      $assertionsDisabled = true
    treeLock = class java.lang.Object@62c73f79
    parent = class com.ibm.ws.logging.internal.WsLogger@78745b6c
      tc = class com.ibm.websphere.ras.TraceComponent@3426c96c
      ivCachedResourceBundleName = "com.ibm.ws.webcontainer.resources.Messages"
      ivCachedResourceBundle = class com.ibm.ws.webcontainer.resources.Messages@178fa450
      ivComponent = null
      ivOrganization = null
      ivProduct = null
      ivMinimumLocalizationLevelIntValue = 625
      ivTC = class com.ibm.websphere.ras.TraceComponent@70e539cf
      loggerRegistrationComponent = class java.lang.ThreadLocal@deae1f8
      emptyHandlers = class java.util.logging.Handler[0]
      offValue = 2147483647
      SYSTEM_LOGGER_RB_NAME = "sun.util.logging.resources.logging"
      SYSTEM_BUNDLE = class java.util.logging.Logger$LoggerBundle@49ecc101
      NO_RESOURCE_BUNDLE = class java.util.logging.Logger$LoggerBundle@35e8ecac
      manager = class com.ibm.ws.kernel.boot.logging.WsLogManager@6f573ec8
      name = "com.ibm.ws.webcontainer"
      handlers = class java.util.concurrent.CopyOnWriteArrayList@397385de
      loggerBundle = class java.util.logging.Logger$LoggerBundle@5d1e3209
      useParentHandlers = true
      filter = null
      anonymous = false
      catalog = class com.ibm.ws.webcontainer.resources.Messages@178fa450
      catalogName = "com.ibm.ws.webcontainer.resources.Messages"
      catalogLocale = class java.util.Locale@207ec0b1
      treeLock = class java.lang.Object@62c73f79
      parent = class java.util.logging.Logger@56068609
      kids = class java.util.ArrayList@6fd07347
      levelObject = class java.util.logging.Level@683f2abe
      levelValue = 800
      callersClassLoaderRef = class java.lang.ref.WeakReference@5e5736ea
      isSystemLogger = false
      GLOBAL_LOGGER_NAME = "global"
      global = class java.util.logging.Logger@65f5c81c
      $assertionsDisabled = true
    kids = null
    levelObject = class java.util.logging.Level@683f2abe
      defaultBundle = "sun.util.logging.resources.logging"
      name = "INFO"
      value = 800
      resourceBundleName = "sun.util.logging.resources.logging"
      localizedLevelName = "INFO"
      cachedLocale = class java.util.Locale@207ec0b1
      OFF = class java.util.logging.Level@57dbf6dd
      SEVERE = class java.util.logging.Level@6ca99301
      WARNING = class java.util.logging.Level@7a5c1586
      INFO = class java.util.logging.Level@683f2abe
      CONFIG = class java.util.logging.Level@5b5668e2
      FINE = class java.util.logging.Level@53b3104b
      FINER = class java.util.logging.Level@7322a0a7
      FINEST = class java.util.logging.Level@69487b60
      ALL = class java.util.logging.Level@1b10fd3
      serialVersionUID = -8176160795706313070
    levelValue = 800
    callersClassLoaderRef = class java.lang.ref.WeakReference@78d2d044
      referent = class org.eclipse.osgi.internal.loader.EquinoxClassLoader@31949195
      queue = class java.lang.ref.ReferenceQueue$Null@14e59e58
      next = null
      discovered = null
      lock = class java.lang.ref.Reference$Lock@57d3224d
      pending = null
    isSystemLogger = false
    GLOBAL_LOGGER_NAME = "global"
    global = class java.util.logging.Logger@65f5c81c
      emptyHandlers = class java.util.logging.Handler[0]
      offValue = 2147483647
      SYSTEM_LOGGER_RB_NAME = "sun.util.logging.resources.logging"
      SYSTEM_BUNDLE = class java.util.logging.Logger$LoggerBundle@49ecc101
      NO_RESOURCE_BUNDLE = class java.util.logging.Logger$LoggerBundle@35e8ecac
      manager = class com.ibm.ws.kernel.boot.logging.WsLogManager@6f573ec8
      name = "global"
      handlers = class java.util.concurrent.CopyOnWriteArrayList@6ff68733
      loggerBundle = class java.util.logging.Logger$LoggerBundle@35e8ecac
      useParentHandlers = true
      filter = null
      anonymous = false
      catalog = null
      catalogName = null
      catalogLocale = null
      treeLock = class java.lang.Object@62c73f79
      parent = class java.util.logging.LogManager$RootLogger@9cb2eb8
      kids = null
      levelObject = null
      levelValue = 800
      callersClassLoaderRef = null
      isSystemLogger = true
      GLOBAL_LOGGER_NAME = "global"
      global = class java.util.logging.Logger@65f5c81c
      $assertionsDisabled = true
    $assertionsDisabled = true
  CLASS_NAME = "com.ibm.ws.webcontainer.filter.WebAppFilterChain"
  webapp = class com.ibm.ws.webcontainer31.osgi.webapp.WebApp31@217e01e8
    tc = class com.ibm.websphere.ras.TraceComponent@39ddc5e1
      strings[0] = "TraceComponent[com.ibm.ws.webcontainer31.osgi.webapp.WebApp31,class com.ibm.ws.webcontainer31.osgi.webapp.WebApp31,[webcontainer],com.ibm.ws.webcontainer31.resources.Messages,null]"
    CLASS_NAME = "com.ibm.ws.webcontainer31.osgi.webapp.WebApp31"
    servlet31NLS = class com.ibm.ejs.ras.TraceNLS@5fc35eed
      resolver = class com.ibm.ws.logging.internal.TraceNLSResolver@745e8279
      finder = class com.ibm.ws.logging.internal.StackFinder@2424111
      ivBundleName = "com.ibm.ws.webcontainer31.resources.Messages"
      caller = class java.lang.Class@2816dd22
    validListenerClasses = class java.lang.Class[7]
      Class[0] = class java.lang.Class@687fc515
      Class[1] = class java.lang.Class@83fef73
      Class[2] = class java.lang.Class@2308192
      Class[3] = class java.lang.Class@27d4449a
      Class[4] = class java.lang.Class@31156a18
      Class[5] = class java.lang.Class@46a65f3e
      Class[6] = class java.lang.Class@1be7d4ca
    wsocServHandler = class com.ibm.ws.wsoc.external.WsocHandlerImpl@5011bbc2
      tc = class com.ibm.websphere.ras.TraceComponent@7d386c94
      noMoreAddsCalled = true
      serialVersionUID = -2067291126638824067
    tc = class com.ibm.websphere.ras.TraceComponent@379666ae
      strings[0] = "TraceComponent[com.ibm.ws.webcontainer.osgi.webapp.WebApp,class com.ibm.ws.webcontainer.osgi.webapp.WebApp,[webcontainer],com.ibm.ws.webcontainer.resources.LShimMessages,null]"
    CLASS_NAME = "com.ibm.ws.webcontainer.osgi.webapp.WebApp"
    metaDataService = class com.ibm.ws.container.service.metadata.internal.MetaDataServiceImpl@b344cc5
      applicationMetaDataManager = class com.ibm.ws.container.service.metadata.internal.ApplicationMetaDataManager@482ee4d
      moduleMetaDataManager = class com.ibm.ws.container.service.metadata.internal.ModuleMetaDataManager@1353a0f4
      componentMetaDataManager = class com.ibm.ws.container.service.metadata.internal.ComponentMetaDataManager@15c46555
      methodMetaDataManager = class com.ibm.ws.container.service.metadata.internal.MethodMetaDataManager@52cfc8b2
      appModuleNameToModuleContainer = class java.util.concurrent.ConcurrentHashMap@2970f04f
      jeeNameToComponentMetaData = class java.util.concurrent.ConcurrentHashMap@3a9393aa
      deferredMetaDataFactories = class com.ibm.wsspi.kernel.service.utils.ConcurrentServiceReferenceSet@c4ba760
      deferredMetaDataInitializers = class com.ibm.wsspi.kernel.service.utils.ConcurrentServiceReferenceMap@206d6403
      serialVersionUID = -2494605732980966097
      $$$tc$$$ = class com.ibm.websphere.ras.TraceComponent@bcd73f4
    namespacePopulated = false
    referenceContext = class com.ibm.ws.injectionengine.osgi.internal.OSGiReferenceContextImpl@2d9469bd
      scopeData = class com.ibm.ws.injectionengine.osgi.internal.OSGiInjectionScopeData@302389ba
      serialVersionUID = 521511923892134915
      $$$tc$$$ = class com.ibm.websphere.ras.TraceComponent@549aca5
      CLASS_NAME = "com.ibm.ws.injectionengine.ReferenceContextImpl"
      tc = class com.ibm.websphere.ras.TraceComponent@44c73ae1
      ivInjectionEngine = class com.ibm.ws.injectionengine.osgi.internal.OSGiInjectionEngineImpl@50f88087
      ivProviders = class java.util.ArrayList@2532e068
      ivComponentJavaContext = null
      ivComponentNameSpace = null
      ivJavaColonCompEnvMap = class java.util.LinkedHashMap@3cc897ed
      ivEjbContext10 = class java.util.Properties@4fcb8f13
      ivResourceRefConfigList = class com.ibm.ws.resource.internal.ResourceRefConfigListImpl@76d01754
      isAlreadyProcessed = true
      ivProcessFailure = null
      ivInjectionTargetMap = class java.util.concurrent.ConcurrentHashMap@5b23c2d5
      svInjTarMapCacheSize = 256
      ivDeclaredInjectionTargets = class java.util.HashMap@69205879
      ivProcessedInjectionClasses = class java.util.HashSet@112fdd4f
      svInjClassMapCacheSize = 512
      ivProcessedInjectionBindings = class java.util.LinkedHashSet@28f7b6e
      ivAnyProcessDynamic = true
      ivCheckAppConfig = false
    j2eeNameFactory = class com.ibm.ws.container.service.metadata.internal.J2EENameFactoryImpl@b81983a
      serialVersionUID = 3486344295038028821
      $$$tc$$$ = class com.ibm.websphere.ras.TraceComponent@4dc11fb6
    moduleLoader = class com.ibm.ws.classloading.internal.AppClassLoader@608f3161
      tc = class com.ibm.websphere.ras.TraceComponent@901f02e
      disableSharedClassesCache = false
      PARENT_FIRST_SEARCH_ORDER = class java.util.Collections$UnmodifiableRandomAccessList@3237184a
      packagesDefined = class java.util.Collections$SetFromMap@72c1bbc6
      CLASS_LOADING_TRACE_PREFIX = "com.ibm.ws.class.load."
      DEFAULT_PACKAGE = "default.package"
      perPackageClassLoadingTraceComponents = class java.util.concurrent.ConcurrentHashMap@5a2ad88c
      config = class com.ibm.ws.classloading.internal.ClassLoaderConfigurationImpl@4edd4d3
      privateLibraries = null
      delegateLoaders = class com.ibm.ws.classloading.internal.util.CompositeIterable@e92694c
      nativeLibraryFiles = class java.util.ArrayList@71f2ecd3
      transformers = class java.util.ArrayList@7d90a4d9
      apiAccess = class com.ibm.ws.classloading.internal.GatewayClassLoader@2774a671
      generator = class com.ibm.ws.classloading.internal.ClassGeneratorManager@f4d5ef0
      protectionDomains = class java.util.concurrent.ConcurrentHashMap@17b1acf4
      parent = class com.ibm.ws.classloading.internal.GatewayClassLoader@2774a671
      hook = null
      serialVersionUID = 8734164900246230615
      tc = class com.ibm.websphere.ras.TraceComponent@762d606
      smartClassPath = class com.ibm.ws.classloading.internal.ContainerClassLoader$SmartClassPathImpl@a747f47
      nativeLibraryContainers = class java.util.ArrayList@6c869eae
      redefiner = class com.ibm.ws.classloading.internal.util.ClassRedefiner@2cbd3325
      jarProtocol = "wsjar:"
      mapCreationQueue = class java.util.concurrent.Executors$FinalizableDelegatedExecutorService@14c8498b
      serialVersionUID = 6399598832433768509
      serialVersionUID = 1837293532091806117
      $$$tc$$$ = class com.ibm.websphere.ras.TraceComponent@271017ca
      serialVersionUID = -4586727107834513475
      $$$tc$$$ = class com.ibm.websphere.ras.TraceComponent@7c04e41
      serialVersionUID = -7709588811276454856
      $$$tc$$$ = class com.ibm.websphere.ras.TraceComponent@6abfc895
      initialized = true
      pdcache = class java.util.HashMap@e8481ea
      debug = null
      parent = class com.ibm.ws.classloading.internal.GatewayClassLoader@2774a671
      parallelLockMap = class java.util.concurrent.ConcurrentHashMap@27a3493a
      package2certs = class java.util.concurrent.ConcurrentHashMap@7f88c08e
      nocerts = class java.security.cert.Certificate[0]
      classes = class java.util.Vector@29da4ae5
      defaultDomain = class java.security.ProtectionDomain@37b15e5
      packages = class java.util.HashMap@3e2c6629
      scl = class sun.misc.Launcher$AppClassLoader@18b4aac2
      sclSet = true
      loadedLibraryNames = class java.util.Vector@42d90a35
      systemNativeLibraries = class java.util.Vector@3bc015f1
      nativeLibraries = class java.util.Vector@7194dd2
      nativeLibraryContext = class java.util.Stack@55e271a
      usr_paths = class java.lang.String[42]
      sys_paths = class java.lang.String[1]
      assertionLock = class java.lang.Object@7c6fa2b6
      defaultAssertionStatus = false
      packageAssertionStatus = null
      classAssertionStatus = null
    webAppConfig = class com.ibm.ws.webcontainer.osgi.webapp.WebAppConfiguration@7c7199e0
      webModuleMetaData = class com.ibm.ws.webcontainer.osgi.metadata.WebModuleMetaDataImpl@67e3f28b
      webComponentMetaData = class com.ibm.ws.webcontainer.osgi.metadata.WebComponentMetaDataImpl@71999091
      dVirtualHost = class com.ibm.ws.webcontainer.osgi.DynamicVirtualHost@45aceaf8
      orderedLibPaths = class java.util.Collections$UnmodifiableRandomAccessList@33b636ac
      bundleHeaders = null
      cdiEnabled = false
      CLASS_NAME = "com.ibm.ws.webcontainer.webapp.WebAppConfiguration"
      logger = class com.ibm.ws.logging.internal.WsLogger@79bc23
      tc = class com.ibm.websphere.ras.TraceComponent@3acc1890
      nls = class com.ibm.ejs.ras.TraceNLS@3dd9b9a5
      version = 30
      contextRoot = "/CookTimeServer"
      isDefaultContextRootUsed = false
      sessionTimeout = 0
      moduleSessionTimeoutSet = false
      moduleSessionTrackingModeSet = false
      sessionCookieConfig = class com.ibm.ws.session.SessionCookieConfigImpl@3f58fbe4
      hasProgrammaticCookieConfig = false
      sessionDefaultTrackingModeSet = class java.util.RegularEnumSet@19d577bd
      sessionManagerConfig = class com.ibm.ws.session.SessionManagerConfig@54805800
      displayName = "CookTimeServer"
      description = null
      reloadInterval = 3
      distributable = false
      denyUncoveredHttpMethods = false
      reloadingEnabled = true
      serveServletsByClassnameEnabled = false
      defaultErrorPage = null
      additionalClassPath = null
      fileServingEnabled = true
      directoryBrowsingEnabled = false
      autoRequestEncoding = false
      autoResponseEncoding = false
      autoLoadFilters = false
      requestListeners = null
      requestAttributeListeners = null
      sessionListeners = null
      localeMap = null
      moduleName = "CookTimeServer"
      j2eeModuleName = "CookTimeServer.war"
      moduleId = null
      isSyncToThreadEnabled = false
      encodeDispatchedRequestURI = false
      isSystemApp = false
      ardEnabled = false
      ardDispatchType = null
      listeners = class java.util.ArrayList@24e4d7a4
      welcomeFileList = class java.util.ArrayList@5c9b8f07
      servletMappings = class java.util.HashMap@6ec163b6
      lastIndexBeforeDeclaredFilters = 1
      filterMappings = class java.util.ArrayList@38d76636
      servletInfo = class java.util.concurrent.ConcurrentHashMap@3a8cdf7f
      filterInfo = class java.util.HashMap@3a6f9c9e
      mimeMappings = class java.util.HashMap@5f5684b6
      mimeFilters = null
      isMimeFilteringEnabled = false
      theWebGroup = null
      jspAttributes = class java.util.HashMap@5cb3bfbc
      fileServingAttributes = class java.util.HashMap@18e472
      invokerAttributes = class java.util.HashMap@46551383
      contextParams = class java.util.HashMap@2dcd5ccb
      virtualHost = "default_host"
      exceptionErrorPages = class java.util.HashMap@6c425891
      codeErrorPages = class java.util.HashMap@2b3e1a1f
      tagLibList = null
      precompileJsps = false
      webApp = class com.ibm.ws.webcontainer31.osgi.webapp.WebApp31@217e01e8
      virtualHostList = class java.util.Collections$EmptyList@4519ddf0
      appStartupWeight = 0
      moduleStartupWeight = 0
      metaDataComplete = false
      classesToScan = class java.util.ArrayList@2f5ea9c
      uriFilterMappingInfos = class java.util.ArrayList@7c0dbc83
      servletFilterMappingInfos = null
      dynamicServletRegistrationMap = null
      applicationName = "CookTimeServer"
      libBinPathList = class java.util.ArrayList@2738bfff
      webXmlDefinedListeners = class java.util.HashSet@2cc500b5
      allRefs = class java.util.EnumMap@1c9bebb
      allRefBindings = class java.util.EnumMap@1031f3a5
      envEntryValues = class java.util.HashMap@7294711b
      resourceRefConfigList = class com.ibm.ws.resource.internal.ResourceRefConfigListImpl@76d01754
      disallowAllFileServingProp = "false"
      disallowServeServletsByClassnameProp = "true"
      disableStaticMappingCache = false
      jspCachedLocations = class java.util.HashMap@3aa05353
      primedSTSHeader = "NoValue"
      enablemultireadofpostdata = false
      requestEncoding = null
      responseEncoding = null
      NULLSERVLETNAME = "com.ibm.ws.webcontainer.NullServletName"
      _id = "WebAppGeneratedId2"
      _attributes = null
      serialVersionUID = 7511545662945734886
      $$$tc$$$ = class com.ibm.websphere.ras.TraceComponent@da0d228
    extensionProcessingDisabled = false
    managedObjectService = class com.ibm.ws.cdi.impl.managedobject.CDIManagedObjectService@75b154b4
      cdiServiceRef = class com.ibm.wsspi.kernel.service.utils.AtomicServiceReference@2fd8ddf7
      defaultMOSRef = class com.ibm.wsspi.kernel.service.utils.AtomicServiceReference@1a5f0766
      cdiRuntime = class com.ibm.ws.cdi.liberty.CDIRuntimeImpl@7461b499
      serialVersionUID = 6431825704414919683
      $$$tc$$$ = class com.ibm.websphere.ras.TraceComponent@747faf61
    internalServletMetaData = interface com.ibm.wsspi.webcontainer.metadata.WebComponentMetaData[2]
      WebComponentMetaData[0] = null
      WebComponentMetaData[1] = null
    loginProcessor = null
    logoutProcessor = null
    collabHelper = class com.ibm.ws.webcontainer.osgi.collaborator.CollaboratorHelperImpl@1e475cb6
    envObject = class com.ibm.ws.util.WSThreadLocal@14148aea
      tc = class com.ibm.ejs.ras.TraceComponent@2d412aa1
      count = 9
      index = 4
      SUSPECTED_MISUSAGE_THRESHOLD = 200
      threadLocalHashCode = 163211794
      nextHashCode = class java.util.concurrent.atomic.AtomicInteger@74a32863
      HASH_INCREMENT = 1640531527
    orderedLibPaths = class java.util.Collections$UnmodifiableRandomAccessList@33b636ac
      serialVersionUID = -2542308836966382001
      serialVersionUID = -283967356065247728
      list = class java.util.ArrayList@bebf9a1
      serialVersionUID = 1820017752578914078
      c = class java.util.ArrayList@bebf9a1
    perm = class com.ibm.websphere.security.WebSphereRuntimePermission@6c4b76c0
      serialVersionUID = -3306242789188168337
      $$$tc$$$ = class com.ibm.websphere.ras.TraceComponent@7ea232d6
      serialVersionUID = 6279438298436773498
      wildcard = false
      path = "accessServletContext"
      exitVM = false
      serialVersionUID = -5636570222231596674
      name = "accessServletContext"
    WELCOME_FILE_LIST = "com.ibm.ws.webcontainer.config.WelcomeFileList"
    DIR_BROWSING_MAPPING = "__dirBrowsing__1595696033137"
    FILTER_PROXY_MAPPING = "/__filterProxy__1595696033137"
    logger = class com.ibm.ws.logging.internal.WsLogger@79bc23
      tc = class com.ibm.websphere.ras.TraceComponent@3426c96c
      ivCachedResourceBundleName = null
      ivCachedResourceBundle = null
      ivComponent = null
      ivOrganization = null
      ivProduct = null
      ivMinimumLocalizationLevelIntValue = 625
      ivTC = class com.ibm.websphere.ras.TraceComponent@6c1219b8
      loggerRegistrationComponent = class java.lang.ThreadLocal@deae1f8
      emptyHandlers = class java.util.logging.Handler[0]
      offValue = 2147483647
      SYSTEM_LOGGER_RB_NAME = "sun.util.logging.resources.logging"
      SYSTEM_BUNDLE = class java.util.logging.Logger$LoggerBundle@49ecc101
      NO_RESOURCE_BUNDLE = class java.util.logging.Logger$LoggerBundle@35e8ecac
      manager = class com.ibm.ws.kernel.boot.logging.WsLogManager@6f573ec8
      name = "com.ibm.ws.webcontainer.webapp"
      handlers = class java.util.concurrent.CopyOnWriteArrayList@510473d8
      loggerBundle = class java.util.logging.Logger$LoggerBundle@20e070f9
      useParentHandlers = true
      filter = null
      anonymous = false
      catalog = class com.ibm.ws.webcontainer.resources.Messages@178fa450
      catalogName = "com.ibm.ws.webcontainer.resources.Messages"
      catalogLocale = class java.util.Locale@207ec0b1
      treeLock = class java.lang.Object@62c73f79
      parent = class com.ibm.ws.logging.internal.WsLogger@78745b6c
      kids = null
      levelObject = class java.util.logging.Level@683f2abe
      levelValue = 800
      callersClassLoaderRef = class java.lang.ref.WeakReference@407274d3
      isSystemLogger = false
      GLOBAL_LOGGER_NAME = "global"
      global = class java.util.logging.Logger@65f5c81c
      $assertionsDisabled = true
    CLASS_NAME = "com.ibm.ws.webcontainer.webapp.WebApp"
    loader = class com.ibm.ws.classloading.internal.ThreadContextClassLoader@52abcbf3
      tc = class com.ibm.websphere.ras.TraceComponent@7740f888
      bundle = class java.util.concurrent.atomic.AtomicReference@3a6f1396
      key = "WebModule:CookTimeServer#CookTimeServer.war"
      refCount = class java.util.concurrent.atomic.AtomicInteger@f44161
      appLoader = class com.ibm.ws.classloading.internal.AppClassLoader@608f3161
      clSvc = class com.ibm.ws.classloading.internal.ClassLoadingServiceImpl@4d66665f
      serialVersionUID = 846416563800781557
      tc = class com.ibm.websphere.ras.TraceComponent@4223a976
      followOnClassLoaders = class java.util.ArrayList@3cd357fc
      serialVersionUID = 8829649920524275888
      serialVersionUID = -4586727107834513475
      $$$tc$$$ = class com.ibm.websphere.ras.TraceComponent@7c04e41
      serialVersionUID = -7709588811276454856
      $$$tc$$$ = class com.ibm.websphere.ras.TraceComponent@6abfc895
      initialized = true
      pdcache = class java.util.HashMap@7ee20053
      debug = null
      parent = class com.ibm.ws.classloading.internal.GatewayClassLoader@286ff560
      parallelLockMap = class java.util.concurrent.ConcurrentHashMap@5c3fa9a7
      package2certs = class java.util.concurrent.ConcurrentHashMap@229578e1
      nocerts = class java.security.cert.Certificate[0]
      classes = class java.util.Vector@45fa7f8
      defaultDomain = class java.security.ProtectionDomain@6a51cfb8
      packages = class java.util.HashMap@4b0221c4
      scl = class sun.misc.Launcher$AppClassLoader@18b4aac2
      sclSet = true
      loadedLibraryNames = class java.util.Vector@42d90a35
      systemNativeLibraries = class java.util.Vector@3bc015f1
      nativeLibraries = class java.util.Vector@5f08213e
      nativeLibraryContext = class java.util.Stack@55e271a
      usr_paths = class java.lang.String[42]
      sys_paths = class java.lang.String[1]
      assertionLock = class java.lang.Object@2a1738df
      defaultAssertionStatus = false
      packageAssertionStatus = null
      classAssertionStatus = null
    facade = class com.ibm.ws.webcontainer31.facade.ServletContextFacade31@4f69f360
      context = class com.ibm.ws.webcontainer31.osgi.webapp.WebApp31@217e01e8
    features = class java.util.ArrayList@28e3ab4c
      serialVersionUID = 8683452581122892189
      DEFAULT_CAPACITY = 10
      EMPTY_ELEMENTDATA = class java.lang.Object[0]
      DEFAULTCAPACITY_EMPTY_ELEMENTDATA = class java.lang.Object[0]
      elementData = class java.lang.Object[0]
      size = 0
      MAX_ARRAY_SIZE = 2147483639
      modCount = 0
      MAX_ARRAY_SIZE = 2147483639
    applicationName = "CookTimeServer"
    config = class com.ibm.ws.webcontainer.osgi.webapp.WebAppConfiguration@7c7199e0
    securityEnabledForApp = true
    webExtensionProcessor = class com.ibm.ws.webcontainer.osgi.extension.WebExtensionProcessor@5e1aacc7
      webApp = class com.ibm.ws.webcontainer31.osgi.webapp.WebApp31@217e01e8
      extensionContext = class com.ibm.ws.webcontainer31.osgi.webapp.WebApp31@217e01e8
    production = true
    isServlet23 = true
    contextPath = "/CookTimeServer"
    internalServletList = class [Ljava.lang.String;[2]
      String[][0] = class java.lang.String[2]
      String[][1] = class java.lang.String[2]
    BY_NAME_ONLY = "/_1595697208477_/"
    filterManager = class com.ibm.ws.webcontainer.osgi.filter.WebAppFilterManagerImpl@5923a85f
      _filterWrappers = class java.util.Hashtable@64476423
      chainCache = class java.util.Collections$SynchronizedMap@2c014d2d
      forwardChainCache = class java.util.Collections$SynchronizedMap@7de5656c
      includeChainCache = class java.util.Collections$SynchronizedMap@3b4fa0c9
      errorChainCache = class java.util.Collections$SynchronizedMap@6476bdff
      _filtersDefined = true
      FMI_MAPPING_SINGLE_SLASH = 0
      FMI_MAPPING_PATH_MATCH = 1
      FMI_MAPPING_EXTENSION_MATCH = 2
      FMI_MAPPING_EXACT_MATCH = 3
      logger = class com.ibm.ws.logging.internal.WsLogger@49e8bdc4
      CLASS_NAME = "com.ibm.ws.webcontainer.filter.WebAppFilterManager"
      nls = class com.ibm.ejs.ras.TraceNLS@4238fc79
      webAppConfig = class com.ibm.ws.webcontainer.osgi.webapp.WebAppConfiguration@7c7199e0
      webApp = class com.ibm.ws.webcontainer31.osgi.webapp.WebApp31@217e01e8
      collabHelper = class com.ibm.ws.webcontainer.osgi.collaborator.CollaboratorHelperImpl@1e475cb6
      secCollab = class com.ibm.ws.webcontainer.security.WebAppSecurityCollaboratorImpl@b0b4779
      sessionSecurityIntegrationEnabled = true
      assumeFilterSuccessOnSecurityError = false
      useOriginalRequestState = false
      _evtSource = class com.ibm.ws.webcontainer.webapp.WebAppEventSource@4ce7d25b
      defaultComponentMetaData = class com.ibm.ws.webcontainer.osgi.metadata.WebComponentMetaDataImpl@71999091
      DEFER_SERVLET_REQUEST_LISTENER_DESTROY_ON_ERROR = false
    documentRoot = null
    SERVLET_API_VERSION = "Servlet 2.5"
    disableServletAuditLogging = -1
    serverInfo = "IBM WebSphere Liberty/20.0.0.6"
    sessionCtx = class com.ibm.ws.webcontainer31.session.impl.HttpSessionContext31Impl@6cafc1fc
      methodClassName = "HttpSessionContextImpl"
      _smc = class com.ibm.ws.session.SessionManagerConfig@54805800
      sessionStoreService = null
      _sap = class com.ibm.ws.session.SessionApplicationParameters@714de6cd
      _coreHttpSessionManager = class com.ibm.ws.session.SessionManager@651dd28
      _coreHttpAppSessionManager = null
      _sam = class com.ibm.ws.webcontainer.session.impl.SessionAffinityManagerImpl@300047ca
      isSIPApplication = false
      sessionAttributeListener = true
      sessionListener = true
      mHttpSessionAttributeListeners = class java.util.ArrayList@12d461c7
      mHttpSessionListeners = class java.util.ArrayList@c3186de
      mHttpSessionIdListeners = class java.util.ArrayList@401a2ed
      mHttpSessionAttributeListenersJ2eeNames = class java.util.ArrayList@360d9bb0
      mHttpSessionListenersJ2eeNames = class java.util.ArrayList@7e60eef
      mHttpSessionIdListenersJ2eeNames = class java.util.ArrayList@7616fbb
      mLocalHost = null
      _refCount = 1
      currentThreadSacHashtable = null
      methodClassName = "SessionContext"
      ANONYMOUS_USER = "anonymous"
      wasHttpSessionObserver = class com.ibm.ws.session.WasHttpSessionObserver@efeb370
      wasHttpSessionAttributeObserver = null
      _invalidator = class com.ibm.ws.session.SessionInvalidatorWithThreadPool@54f46904
      _storer = class com.ibm.ws.session.EOSSessionStorer@63d28403
      wasHttpAppSessionObserver = null
      mHttpAppSessionListeners = null
      cmvcInfo = "CMVC Version 1.9 6/24/07 11:12:24"
      _loggedVersion = true
      CREATE_CORE_SESSION_MANAGER = 0
      GET_REQUESTED_SESSION_ID = 1
      GET_IHTTP_SESSION = 2
      SESSION_PRE_INVOKE = 3
      SESSION_POST_INVOKE = 4
      STOP = 5
      STOP_LISTENERS = 6
      IS_VALID = 7
      ENCODE_URL = 8
      SHOULD_ENCODE_URL = 9
      IS_PROTOCOL_SWITCH = 10
      GET_LOCAL_HOST = 11
      ADD_HTTP_SESSION_ATTRIBUTE_LISTENER = 12
      ADD_HTTP_SESSION_LISTENER = 13
      GET_SESSION_AFFINITY_CONTEXT = 14
      CHECK_SECURITY = 15
      INVALIDATE = 16
      CHECK_SESSSIONID_IS_RIGHT_LENGTH = 17
      LOCK_SESSION = 18
      UNLOCK_SESSION = 19
      ADD_HTTP_SESSION_ID_LISTENER = 20
      methodNames = class java.lang.String[21]
    eventSource = class com.ibm.ws.webcontainer.webapp.WebAppEventSource@4ce7d25b
    nls = class com.ibm.ejs.ras.TraceNLS@6758343a
      resolver = class com.ibm.ws.logging.internal.TraceNLSResolver@745e8279
      finder = class com.ibm.ws.logging.internal.StackFinder@2424111
      ivBundleName = "com.ibm.ws.webcontainer.resources.Messages"
      caller = class java.lang.Class@4c675d1a
    liberty_nls = class com.ibm.ejs.ras.TraceNLS@40e7be7b
      resolver = class com.ibm.ws.logging.internal.TraceNLSResolver@745e8279
      finder = class com.ibm.ws.logging.internal.StackFinder@2424111
      ivBundleName = "com.ibm.ws.webcontainer.resources.LShimMessages"
      caller = class java.lang.Class@4c675d1a
    error_nls = class com.ibm.ejs.ras.TraceNLS@4429768
      resolver = class com.ibm.ws.logging.internal.TraceNLSResolver@745e8279
      finder = class com.ibm.ws.logging.internal.StackFinder@2424111
      ivBundleName = "com.ibm.ws.webcontainer.resources.ErrorPage"
      caller = class java.lang.Class@4c675d1a
    sessionListeners = class java.util.ArrayList@1670163d
      serialVersionUID = 8683452581122892189
      DEFAULT_CAPACITY = 10
      EMPTY_ELEMENTDATA = class java.lang.Object[0]
      DEFAULTCAPACITY_EMPTY_ELEMENTDATA = class java.lang.Object[0]
      elementData = class java.lang.Object[10]
      size = 2
      MAX_ARRAY_SIZE = 2147483639
      modCount = 3
      MAX_ARRAY_SIZE = 2147483639
    sessionIdListeners = class java.util.ArrayList@302f192d
      serialVersionUID = 8683452581122892189
      DEFAULT_CAPACITY = 10
      EMPTY_ELEMENTDATA = class java.lang.Object[0]
      DEFAULTCAPACITY_EMPTY_ELEMENTDATA = class java.lang.Object[0]
      elementData = class java.lang.Object[0]
      size = 0
      MAX_ARRAY_SIZE = 2147483639
      modCount = 0
      MAX_ARRAY_SIZE = 2147483639
    sessionAttrListeners = class java.util.ArrayList@4dc66d35
      serialVersionUID = 8683452581122892189
      DEFAULT_CAPACITY = 10
      EMPTY_ELEMENTDATA = class java.lang.Object[0]
      DEFAULTCAPACITY_EMPTY_ELEMENTDATA = class java.lang.Object[0]
      elementData = class java.lang.Object[10]
      size = 1
      MAX_ARRAY_SIZE = 2147483639
      modCount = 2
      MAX_ARRAY_SIZE = 2147483639
    addedSessionListeners = class java.util.ArrayList@5d2f5a32
      serialVersionUID = 8683452581122892189
      DEFAULT_CAPACITY = 10
      EMPTY_ELEMENTDATA = class java.lang.Object[0]
      DEFAULTCAPACITY_EMPTY_ELEMENTDATA = class java.lang.Object[0]
      elementData = class java.lang.Object[10]
      size = 1
      MAX_ARRAY_SIZE = 2147483639
      modCount = 1
      MAX_ARRAY_SIZE = 2147483639
    addedSessionAttrListeners = class java.util.ArrayList@4bf87e54
      serialVersionUID = 8683452581122892189
      DEFAULT_CAPACITY = 10
      EMPTY_ELEMENTDATA = class java.lang.Object[0]
      DEFAULTCAPACITY_EMPTY_ELEMENTDATA = class java.lang.Object[0]
      elementData = class java.lang.Object[10]
      size = 1
      MAX_ARRAY_SIZE = 2147483639
      modCount = 1
      MAX_ARRAY_SIZE = 2147483639
    servletContextListeners = class java.util.ArrayList@356f077
      serialVersionUID = 8683452581122892189
      DEFAULT_CAPACITY = 10
      EMPTY_ELEMENTDATA = class java.lang.Object[0]
      DEFAULTCAPACITY_EMPTY_ELEMENTDATA = class java.lang.Object[0]
      elementData = class java.lang.Object[10]
      size = 5
      MAX_ARRAY_SIZE = 2147483639
      modCount = 6
      MAX_ARRAY_SIZE = 2147483639
    servletContextLAttrListeners = class java.util.ArrayList@7d078aed
      serialVersionUID = 8683452581122892189
      DEFAULT_CAPACITY = 10
      EMPTY_ELEMENTDATA = class java.lang.Object[0]
      DEFAULTCAPACITY_EMPTY_ELEMENTDATA = class java.lang.Object[0]
      elementData = class java.lang.Object[10]
      size = 1
      MAX_ARRAY_SIZE = 2147483639
      modCount = 2
      MAX_ARRAY_SIZE = 2147483639
    servletRequestListeners = class java.util.ArrayList@5a5eb1b5
      serialVersionUID = 8683452581122892189
      DEFAULT_CAPACITY = 10
      EMPTY_ELEMENTDATA = class java.lang.Object[0]
      DEFAULTCAPACITY_EMPTY_ELEMENTDATA = class java.lang.Object[0]
      elementData = class java.lang.Object[10]
      size = 1
      MAX_ARRAY_SIZE = 2147483639
      modCount = 2
      MAX_ARRAY_SIZE = 2147483639
    servletRequestLAttrListeners = class java.util.ArrayList@525c7e74
      serialVersionUID = 8683452581122892189
      DEFAULT_CAPACITY = 10
      EMPTY_ELEMENTDATA = class java.lang.Object[0]
      DEFAULTCAPACITY_EMPTY_ELEMENTDATA = class java.lang.Object[0]
      elementData = class java.lang.Object[10]
      size = 1
      MAX_ARRAY_SIZE = 2147483639
      modCount = 2
      MAX_ARRAY_SIZE = 2147483639
    prependSlashToResource = false
    destroyed = false
    webAppNameSpaceCollab = class com.ibm.ws.webcontainer.osgi.collaborator.WebAppNameSpaceCollaboratorImpl@4dff2bfe
    txCollab = class com.ibm.ws.transaction.services.WebAppTransactionCollaboratorImpl@3ff84d10
    sessionActivationListeners = class java.util.ArrayList@66bdf900
      serialVersionUID = 8683452581122892189
      DEFAULT_CAPACITY = 10
      EMPTY_ELEMENTDATA = class java.lang.Object[0]
      DEFAULTCAPACITY_EMPTY_ELEMENTDATA = class java.lang.Object[0]
      elementData = class java.lang.Object[0]
      size = 0
      MAX_ARRAY_SIZE = 2147483639
      modCount = 1
      MAX_ARRAY_SIZE = 2147483639
    sessionBindingListeners = class java.util.ArrayList@27ac57d8
      serialVersionUID = 8683452581122892189
      DEFAULT_CAPACITY = 10
      EMPTY_ELEMENTDATA = class java.lang.Object[0]
      DEFAULTCAPACITY_EMPTY_ELEMENTDATA = class java.lang.Object[0]
      elementData = class java.lang.Object[0]
      size = 0
      MAX_ARRAY_SIZE = 2147483639
      modCount = 1
      MAX_ARRAY_SIZE = 2147483639
    scratchdir = null
    jspClassLoaderLimit = 0
    jspClassLoaderExclusionList = null
    jspClassLoadersMap = null
    jspClassLoaderLimitTrackIF = false
    defaultExtProc = null
    directoryBrowsingServlet = null
    cdiContexts = class java.util.concurrent.ConcurrentHashMap@8508981
      serialVersionUID = 7249069246763182397
      MAXIMUM_CAPACITY = 1073741824
      DEFAULT_CAPACITY = 16
      MAX_ARRAY_SIZE = 2147483639
      DEFAULT_CONCURRENCY_LEVEL = 16
      LOAD_FACTOR = 0.75
      TREEIFY_THRESHOLD = 8
      UNTREEIFY_THRESHOLD = 6
      MIN_TREEIFY_CAPACITY = 64
      MIN_TRANSFER_STRIDE = 16
      RESIZE_STAMP_BITS = 16
      MAX_RESIZERS = 65535
      RESIZE_STAMP_SHIFT = 16
      MOVED = -1
      TREEBIN = -2
      RESERVED = -3
      HASH_BITS = 2147483647
      NCPU = 8
      serialPersistentFields = class java.io.ObjectStreamField[3]
      table = null
      nextTable = null
      baseCount = 0
      sizeCtl = 0
      transferIndex = 0
      cellsBusy = 0
      counterCells = null
      keySet = null
      values = null
      entrySet = null
      U = class sun.misc.Unsafe@bd8c79a
      SIZECTL = 20
      TRANSFERINDEX = 32
      BASECOUNT = 24
      CELLSBUSY = 36
      CELLVALUE = 144
      ABASE = 16
      ASHIFT = 2
      keySet = null
      values = null
    moduleConfig = class com.ibm.ws.webcontainer.osgi.container.DeployedModule@39cee921
      tc = class com.ibm.websphere.ras.TraceComponent@65e66434
      loader = class com.ibm.ws.classloading.internal.ThreadContextClassLoader@52abcbf3
      webApp = class com.ibm.ws.webcontainer31.osgi.webapp.WebApp31@217e01e8
      webAppConfig = class com.ibm.ws.webcontainer.osgi.webapp.WebAppConfiguration@7c7199e0
      contextRootAdded = class com.ibm.ws.threading.internal.NonCancelableResultFuture@1ae7bc78
      properContextRoot = "/CookTimeServer"
      mappingContextRoot = "/CookTimeServer/*"
      initTaskCount = class java.util.concurrent.atomic.AtomicInteger@46d1ddbc
      initTasksDoneListener = class com.ibm.ws.webcontainer.osgi.WebContainer$2@3ab57c54
      serialVersionUID = -2104814060051592457
      $$$tc$$$ = class com.ibm.websphere.ras.TraceComponent@711deb10
    extensionFactories = class java.util.ArrayList@30b272e1
      serialVersionUID = 8683452581122892189
      DEFAULT_CAPACITY = 10
      EMPTY_ELEMENTDATA = class java.lang.Object[0]
      DEFAULTCAPACITY_EMPTY_ELEMENTDATA = class java.lang.Object[0]
      elementData = class java.lang.Object[10]
      size = 6
      MAX_ARRAY_SIZE = 2147483639
      modCount = 6
      MAX_ARRAY_SIZE = 2147483639
    initialized = true
    lock = class com.ibm.ws.webcontainer.webapp.WebApp$1@7565e1b8
      this$0 = class com.ibm.ws.webcontainer31.osgi.webapp.WebApp31@217e01e8
    afterServletContextCreated = false
    redirectContextRoot = false
    errorExceptionTypeFirst = false
    initFilterBeforeServletInit = false
    SET_400_SC_ON_TOO_MANY_PARENT_DIRS = false
    sortedServletConfigs = class java.util.ArrayList@79757214
      serialVersionUID = 8683452581122892189
      DEFAULT_CAPACITY = 10
      EMPTY_ELEMENTDATA = class java.lang.Object[0]
      DEFAULTCAPACITY_EMPTY_ELEMENTDATA = class java.lang.Object[0]
      elementData = class java.lang.Object[10]
      size = 2
      MAX_ARRAY_SIZE = 2147483639
      modCount = 2
      MAX_ARRAY_SIZE = 2147483639
    effectiveMajorVersion = 3
    effectiveMinorVersion = 0
    canAddServletContextListener = true
    withinContextInitOfProgAddListener = false
    lastProgAddListenerInitialized = "com.ibm.ws.cache.CacheServiceImpl"
    webInfLibClassloader = null
    metaInfCache = class com.ibm.ws.webcontainer.webapp.WebApp$2@373c1bfa
      this$0 = class com.ibm.ws.webcontainer31.osgi.webapp.WebApp31@217e01e8
      serialVersionUID = 3801124242820219131
      head = null
      tail = null
      accessOrder = true
      serialVersionUID = 362498820763181265
      DEFAULT_INITIAL_CAPACITY = 16
      MAXIMUM_CAPACITY = 1073741824
      DEFAULT_LOAD_FACTOR = 0.75
      TREEIFY_THRESHOLD = 8
      UNTREEIFY_THRESHOLD = 6
      MIN_TREEIFY_CAPACITY = 64
      table = null
      entrySet = null
      size = 0
      modCount = 0
      threshold = 32
      loadFactor = 1.0
      keySet = null
      values = null
    useMetaInfCache = true
    SUN_CONFIGURE_LISTENER_CLASSNAME = "com.sun.faces.config.ConfigureListener"
    MYFACES_LIFECYCLE_LISTENER_CLASSNAME = "org.apache.myfaces.webapp.StartupServletContextListener"
    JSF_IMPL_ENABLED_PARAM = "com.ibm.ws.jsf.JSF_IMPL_ENABLED"
    JSF_IMPL_ENABLED_CUSTOM = "Custom"
    JSF_IMPL_ENABLED_NONE = "None"
    staticDocRoot = class com.ibm.ws.webcontainer.util.DocumentRootUtils@143a5286
      logger = class com.ibm.ws.logging.internal.WsLogger@37d12df2
      CLASS_NAME = "com.ibm.ws.webcontainer.util.DocumentRootUtils"
      useContentLength = false
      matchedFile = null
      matchedZipFile = null
      matchedEntry = null
      matchedURL = null
      edrRoot = null
      pfedrRoot = null
      ctxt = class com.ibm.ws.webcontainer31.osgi.webapp.WebApp31@217e01e8
      baseDir = null
      edr = null
      pfedr = null
      metaInfRes = null
      searchpfEDR = false
      searchEDR = false
      searchMetaInfRes = true
      matchFromEDR = false
      matchFromMetaInfRes = false
      matchIsADirectory = false
      appConfig = class com.ibm.ws.webcontainer.osgi.webapp.WebAppConfiguration@7c7199e0
      attributeType = "staticFile"
      STATIC_FILE = "staticFile"
      JSP = "jsp"
      PFEDR = "preFragmentExtendedDocumentRoot"
      EDR = "extendedDocumentRoot"
    jspDocRoot = class com.ibm.ws.webcontainer.util.DocumentRootUtils@4e080998
      logger = class com.ibm.ws.logging.internal.WsLogger@37d12df2
      CLASS_NAME = "com.ibm.ws.webcontainer.util.DocumentRootUtils"
      useContentLength = false
      matchedFile = null
      matchedZipFile = null
      matchedEntry = null
      matchedURL = null
      edrRoot = null
      pfedrRoot = null
      ctxt = class com.ibm.ws.webcontainer31.osgi.webapp.WebApp31@217e01e8
      baseDir = null
      edr = null
      pfedr = null
      metaInfRes = null
      searchpfEDR = false
      searchEDR = false
      searchMetaInfRes = true
      matchFromEDR = false
      matchFromMetaInfRes = false
      matchIsADirectory = false
      appConfig = class com.ibm.ws.webcontainer.osgi.webapp.WebAppConfiguration@7c7199e0
      attributeType = "jsp"
      STATIC_FILE = "staticFile"
      JSP = "jsp"
      PFEDR = "preFragmentExtendedDocumentRoot"
      EDR = "extendedDocumentRoot"
    container = class com.ibm.ws.adaptable.module.internal.AdaptableContainerImpl@2a2ae146
      root = class com.ibm.ws.adaptable.module.internal.AdaptableContainerImpl@2a2ae146
      rootOverlay = class com.ibm.ws.artifact.overlay.internal.DirectoryBasedOverlayContainerImpl@2079a24e
      factoryHolder = class com.ibm.ws.adaptable.module.internal.AdaptableModuleFactoryImpl@12f29e25
      delegate = class com.ibm.ws.artifact.overlay.internal.DirectoryBasedOverlayContainerImpl@2079a24e
      notifier = class com.ibm.ws.adaptable.module.internal.NotifierImpl@62acde90
      serialVersionUID = -5950528200509051684
      $$$tc$$$ = class com.ibm.websphere.ras.TraceComponent@4174934c
    metaInfResourceFinder = class com.ibm.ws.webcontainer.util.MetaInfResourceFinder@1c3f279f
      jarResourceContainers = class java.util.ArrayList@5a310840
      container = class com.ibm.ws.adaptable.module.internal.AdaptableContainerImpl@2a2ae146
    postConstructMethods = class com.ibm.ws.webcontainer.webapp.WebApp$AnnotatedMethods@4b8b0c29
      annotationClass = class java.lang.Class@3865c072
      noOpClassNames = class java.util.HashSet@78a87728
      annotatedMethodNames = class java.util.concurrent.ConcurrentHashMap@2a891375
      EMPTY_METHODS = class java.lang.reflect.Method[0]
    preDestroyMethods = class com.ibm.ws.webcontainer.webapp.WebApp$AnnotatedMethods@d63c9bc
      annotationClass = class java.lang.Class@5d9238ed
      noOpClassNames = class java.util.HashSet@5e182764
      annotatedMethodNames = class java.util.concurrent.ConcurrentHashMap@5cfd62eb
      EMPTY_METHODS = class java.lang.reflect.Method[0]
    OBJ_EMPTY = class java.lang.Object[0]
    CLASS_EMPTY = class java.lang.Class[0]
    DEFAULT_JSP_EXTENSIONS = class java.util.ArrayList@3a94541
      serialVersionUID = 8683452581122892189
      DEFAULT_CAPACITY = 10
      EMPTY_ELEMENTDATA = class java.lang.Object[0]
      DEFAULTCAPACITY_EMPTY_ELEMENTDATA = class java.lang.Object[0]
      elementData = class java.lang.Object[10]
      size = 4
      MAX_ARRAY_SIZE = 2147483639
      modCount = 4
      MAX_ARRAY_SIZE = 2147483639
    DEFER_SERVLET_REQUEST_LISTENER_DESTROY_ON_ERROR = false
    DO_ACCEPT_PARTIAL = true
    DO_NOT_ACCEPT_PARTIAL = false
    DO_ACCEPT_EXCLUDED = true
    DO_NOT_ACCEPT_EXCLUDED = false
    commands = class java.util.ArrayList@664f8974
      serialVersionUID = 8683452581122892189
      DEFAULT_CAPACITY = 10
      EMPTY_ELEMENTDATA = class java.lang.Object[0]
      DEFAULTCAPACITY_EMPTY_ELEMENTDATA = class java.lang.Object[0]
      elementData = class java.lang.Object[3]
      size = 0
      MAX_ARRAY_SIZE = 2147483639
      modCount = 0
      MAX_ARRAY_SIZE = 2147483639
    requestMapper = class com.ibm.wsspi.webcontainer.util.URIMapper@75b62bd0
      matcher = class com.ibm.wsspi.webcontainer.util.URIMatcher@7681328c
    parent = class com.ibm.ws.webcontainer.osgi.webapp.WebGroup@668b22f3
      tc = class com.ibm.websphere.ras.TraceComponent@1f801327
      logger = class com.ibm.ws.logging.internal.WsLogger@79bc23
      CLASS_NAME = "com.ibm.ws.webcontainer.webapp.WebGroup"
      sessUrlRewritePrefix = ";jsessionid="
      qMark = "?"
      config = class com.ibm.ws.webcontainer.osgi.webapp.WebGroupConfiguration@323e2afa
      webApp = class com.ibm.ws.webcontainer31.osgi.webapp.WebApp31@217e01e8
      commands = class java.util.ArrayList@34df0926
      requestMapper = null
      parent = class com.ibm.ws.webcontainer.osgi.DynamicVirtualHost@45aceaf8
      name = "/CookTimeServer/*"
      isAlive = true
      subElements = class java.util.HashMap@521343ad
      attributes = null
      config = null
      serialVersionUID = -8271459000149267764
      $$$tc$$$ = class com.ibm.websphere.ras.TraceComponent@39e2710e
    name = "CookTimeServer"
    isAlive = true
    subElements = null
    attributes = class java.util.concurrent.ConcurrentHashMap@2fc1e02e
      serialVersionUID = 7249069246763182397
      MAXIMUM_CAPACITY = 1073741824
      DEFAULT_CAPACITY = 16
      MAX_ARRAY_SIZE = 2147483639
      DEFAULT_CONCURRENCY_LEVEL = 16
      LOAD_FACTOR = 0.75
      TREEIFY_THRESHOLD = 8
      UNTREEIFY_THRESHOLD = 6
      MIN_TREEIFY_CAPACITY = 64
      MIN_TRANSFER_STRIDE = 16
      RESIZE_STAMP_BITS = 16
      MAX_RESIZERS = 65535
      RESIZE_STAMP_SHIFT = 16
      MOVED = -1
      TREEBIN = -2
      RESERVED = -3
      HASH_BITS = 2147483647
      NCPU = 8
      serialPersistentFields = class java.io.ObjectStreamField[3]
      table = class java.util.concurrent.ConcurrentHashMap$Node[128]
      nextTable = null
      baseCount = 48
      sizeCtl = 96
      transferIndex = 0
      cellsBusy = 0
      counterCells = null
      keySet = null
      values = null
      entrySet = null
      U = class sun.misc.Unsafe@bd8c79a
      SIZECTL = 20
      TRANSFERINDEX = 32
      BASECOUNT = 24
      CELLSBUSY = 36
      CELLVALUE = 144
      ABASE = 16
      ASHIFT = 2
      keySet = null
      values = null
    config = null
    serialVersionUID = -8271459000149267764
    $$$tc$$$ = class com.ibm.websphere.ras.TraceComponent@39e2710e
      strings[0] = "TraceComponent[com.ibm.ws.container.AbstractContainer,class com.ibm.ws.container.AbstractContainer,[],null,null]"

