------Start of DE processing------ = [7/9/20 14:23:55:431 CST]
Exception = javax.servlet.ServletException
Source = com.ibm.ws.webcontainer.filter.WebAppFilterChain.doFilter
probeid = 82
Stack Dump = javax.servlet.ServletException: org.codehaus.jackson.map.exc.UnrecognizedPropertyException: Unrecognized field "lastName" (Class cr.ac.tec.userObjects.User), not marked as ignorable
 at [Source: org.apache.cxf.transport.http.AbstractHTTPDestination$1@1bb2e70b; line: 7, column: 18] (through reference chain: cr.ac.tec.userObjects.User["lastName"])
	at com.ibm.ws.jaxrs20.endpoint.AbstractJaxRsWebEndpoint.invoke(AbstractJaxRsWebEndpoint.java:143)
	at com.ibm.websphere.jaxrs.server.IBMRestServlet.handleRequest(IBMRestServlet.java:146)
	at com.ibm.websphere.jaxrs.server.IBMRestServlet.doPost(IBMRestServlet.java:104)
	at javax.servlet.http.HttpServlet.service(HttpServlet.java:707)
	at com.ibm.websphere.jaxrs.server.IBMRestServlet.service(IBMRestServlet.java:96)
	at com.ibm.ws.webcontainer.servlet.ServletWrapper.service(ServletWrapper.java:1230)
	at com.ibm.ws.webcontainer.servlet.ServletWrapper.handleRequest(ServletWrapper.java:729)
	at com.ibm.ws.webcontainer.servlet.ServletWrapper.handleRequest(ServletWrapper.java:426)
	at com.ibm.ws.webcontainer.filter.WebAppFilterChain.invokeTarget(WebAppFilterChain.java:182)
	at com.ibm.ws.webcontainer.filter.WebAppFilterChain.doFilter(WebAppFilterChain.java:93)
	at com.ibm.ws.security.jaspi.JaspiServletFilter.doFilter(JaspiServletFilter.java:56)
	at com.ibm.ws.webcontainer.filter.FilterInstanceWrapper.doFilter(FilterInstanceWrapper.java:201)
	at com.ibm.ws.webcontainer.filter.WebAppFilterChain.doFilter(WebAppFilterChain.java:90)
	at com.ibm.ws.webcontainer.filter.WebAppFilterManager.doFilter(WebAppFilterManager.java:1001)
	at com.ibm.ws.webcontainer.filter.WebAppFilterManager.invokeFilters(WebAppFilterManager.java:1139)
	at com.ibm.ws.webcontainer.filter.WebAppFilterManager.invokeFilters(WebAppFilterManager.java:1010)
	at com.ibm.ws.webcontainer.servlet.CacheServletWrapper.handleRequest(CacheServletWrapper.java:75)
	at com.ibm.ws.webcontainer.WebContainer.handleRequest(WebContainer.java:938)
	at com.ibm.ws.webcontainer.osgi.DynamicVirtualHost$2.run(DynamicVirtualHost.java:279)
	at com.ibm.ws.http.dispatcher.internal.channel.HttpDispatcherLink$TaskWrapper.run(HttpDispatcherLink.java:1134)
	at com.ibm.ws.http.dispatcher.internal.channel.HttpDispatcherLink.wrapHandlerAndExecute(HttpDispatcherLink.java:415)
	at com.ibm.ws.http.dispatcher.internal.channel.HttpDispatcherLink.ready(HttpDispatcherLink.java:374)
	at com.ibm.ws.http.channel.internal.inbound.HttpInboundLink.handleDiscrimination(HttpInboundLink.java:546)
	at com.ibm.ws.http.channel.internal.inbound.HttpInboundLink.handleNewRequest(HttpInboundLink.java:480)
	at com.ibm.ws.http.channel.internal.inbound.HttpInboundLink.processRequest(HttpInboundLink.java:345)
	at com.ibm.ws.http.channel.internal.inbound.HttpInboundLink.ready(HttpInboundLink.java:316)
	at com.ibm.ws.tcpchannel.internal.NewConnectionInitialReadCallback.sendToDiscriminators(NewConnectionInitialReadCallback.java:167)
	at com.ibm.ws.tcpchannel.internal.NewConnectionInitialReadCallback.complete(NewConnectionInitialReadCallback.java:75)
	at com.ibm.ws.tcpchannel.internal.WorkQueueManager.requestComplete(WorkQueueManager.java:504)
	at com.ibm.ws.tcpchannel.internal.WorkQueueManager.attemptIO(WorkQueueManager.java:574)
	at com.ibm.ws.tcpchannel.internal.WorkQueueManager.workerRun(WorkQueueManager.java:958)
	at com.ibm.ws.tcpchannel.internal.WorkQueueManager$Worker.run(WorkQueueManager.java:1047)
	at com.ibm.ws.threading.internal.ExecutorServiceImpl$RunnableWrapper.run(ExecutorServiceImpl.java:239)
	at java.util.concurrent.ThreadPoolExecutor.runWorker(Unknown Source)
	at java.util.concurrent.ThreadPoolExecutor$Worker.run(Unknown Source)
	at java.lang.Thread.run(Unknown Source)
Caused by: org.codehaus.jackson.map.exc.UnrecognizedPropertyException: Unrecognized field "lastName" (Class cr.ac.tec.userObjects.User), not marked as ignorable
 at [Source: org.apache.cxf.transport.http.AbstractHTTPDestination$1@1bb2e70b; line: 7, column: 18] (through reference chain: cr.ac.tec.userObjects.User["lastName"])
	at org.codehaus.jackson.map.exc.UnrecognizedPropertyException.from(UnrecognizedPropertyException.java:53)
	at org.codehaus.jackson.map.deser.StdDeserializationContext.unknownFieldException(StdDeserializationContext.java:267)
	at org.codehaus.jackson.map.deser.std.StdDeserializer.reportUnknownProperty(StdDeserializer.java:673)
	at org.codehaus.jackson.map.deser.std.StdDeserializer.handleUnknownProperty(StdDeserializer.java:659)
	at org.codehaus.jackson.map.deser.BeanDeserializer.handleUnknownProperty(BeanDeserializer.java:1365)
	at org.codehaus.jackson.map.deser.BeanDeserializer._handleUnknown(BeanDeserializer.java:725)
	at org.codehaus.jackson.map.deser.BeanDeserializer.deserializeFromObject(BeanDeserializer.java:703)
	at org.codehaus.jackson.map.deser.BeanDeserializer.deserialize(BeanDeserializer.java:580)
	at org.codehaus.jackson.map.ObjectMapper._readValue(ObjectMapper.java:2704)
	at org.codehaus.jackson.map.ObjectMapper.readValue(ObjectMapper.java:1315)
	at org.codehaus.jackson.jaxrs.JacksonJsonProvider.readFrom(JacksonJsonProvider.java:419)
	at org.apache.cxf.jaxrs.utils.JAXRSUtils$2.run(JAXRSUtils.java:1433)
	at java.security.AccessController.doPrivileged(Native Method)
	at org.apache.cxf.jaxrs.utils.JAXRSUtils.readFromMessageBodyReader(JAXRSUtils.java:1430)
	at org.apache.cxf.jaxrs.utils.JAXRSUtils.readFromMessageBody(JAXRSUtils.java:1379)
	at org.apache.cxf.jaxrs.utils.JAXRSUtils.processParameter(JAXRSUtils.java:904)
	at org.apache.cxf.jaxrs.utils.JAXRSUtils.processParameters(JAXRSUtils.java:851)
	at org.apache.cxf.jaxrs.interceptor.JAXRSInInterceptor.processRequest(JAXRSInInterceptor.java:288)
	at org.apache.cxf.jaxrs.interceptor.JAXRSInInterceptor.handleMessage(JAXRSInInterceptor.java:90)
	at org.apache.cxf.phase.PhaseInterceptorChain.doIntercept(PhaseInterceptorChain.java:309)
	at org.apache.cxf.transport.ChainInitiationObserver.onMessage(ChainInitiationObserver.java:124)
	at org.apache.cxf.transport.http.AbstractHTTPDestination.invoke(AbstractHTTPDestination.java:271)
	at com.ibm.ws.jaxrs20.endpoint.AbstractJaxRsWebEndpoint.invoke(AbstractJaxRsWebEndpoint.java:136)
	... 35 more

Dump of callerThis
Object type = com.ibm.ws.webcontainer.filter.WebAppFilterChain
  _filters = class java.util.ArrayList@233150e
    serialVersionUID = 8683452581122892189
    DEFAULT_CAPACITY = 10
    EMPTY_ELEMENTDATA = class java.lang.Object[0]
    DEFAULTCAPACITY_EMPTY_ELEMENTDATA = class java.lang.Object[0]
    elementData = class java.lang.Object[5]
      Object[0] = class com.ibm.ws.webcontainer.filter.FilterInstanceWrapper@14142cf8
      Object[1] = null
      Object[2] = null
      Object[3] = null
      Object[4] = null
    size = 1
    MAX_ARRAY_SIZE = 2147483639
    modCount = 1
    MAX_ARRAY_SIZE = 2147483639
  _currentFilterIndex = 1
  _numberOfFilters = 1
  requestProcessor = class com.ibm.ws.webcontainer.osgi.servlet.ServletWrapper@31f9e86f
    serialVersionUID = 1
    _mo = null
    serialVersionUID = -4479626085298397598
    notifyInvocationListeners = false
    UNINITIALIZED_STATE = -1
    AVAILABLE_STATE = 0
    UNAVAILABLE_STATE = 1
    UNAVAILABLE_PERMANENTLY_STATE = 2
    collabHelper = class com.ibm.ws.webcontainer.osgi.collaborator.CollaboratorHelperImpl@ec5c1a3
    nServicing = class java.util.concurrent.atomic.AtomicInteger@73639c13
      serialVersionUID = 6214790243416807050
      unsafe = class sun.misc.Unsafe@171eb122
      valueOffset = 12
      value = 0
      serialVersionUID = -8742448824652078965
    lastAccessTime = 1594326173647
    state = 0
    logger = class com.ibm.ws.logging.internal.WsLogger@39c96c55
      tc = class com.ibm.websphere.ras.TraceComponent@4dcb481b
      ivCachedResourceBundleName = "com.ibm.ws.webcontainer.resources.Messages"
      ivCachedResourceBundle = class com.ibm.ws.webcontainer.resources.Messages@3ace7584
      ivComponent = null
      ivOrganization = null
      ivProduct = null
      ivMinimumLocalizationLevelIntValue = 625
      ivTC = class com.ibm.websphere.ras.TraceComponent@54020abd
      loggerRegistrationComponent = class java.lang.ThreadLocal@55dd504a
      emptyHandlers = class java.util.logging.Handler[0]
      offValue = 2147483647
      SYSTEM_LOGGER_RB_NAME = "sun.util.logging.resources.logging"
      SYSTEM_BUNDLE = class java.util.logging.Logger$LoggerBundle@2cb3cd03
      NO_RESOURCE_BUNDLE = class java.util.logging.Logger$LoggerBundle@6598ff44
      manager = class com.ibm.ws.kernel.boot.logging.WsLogManager@5a78acbd
      name = "com.ibm.ws.webcontainer.servlet"
      handlers = class java.util.concurrent.CopyOnWriteArrayList@2dbadc78
      loggerBundle = class java.util.logging.Logger$LoggerBundle@1fd3c719
      useParentHandlers = true
      filter = null
      anonymous = false
      catalog = class com.ibm.ws.webcontainer.resources.Messages@3ace7584
      catalogName = "com.ibm.ws.webcontainer.resources.Messages"
      catalogLocale = class java.util.Locale@3d137978
      treeLock = class java.lang.Object@22113723
      parent = class com.ibm.ws.logging.internal.WsLogger@59336605
      kids = null
      levelObject = class java.util.logging.Level@58599935
      levelValue = 800
      callersClassLoaderRef = class java.lang.ref.WeakReference@7ea7f3ff
      isSystemLogger = false
      GLOBAL_LOGGER_NAME = "global"
      global = class java.util.logging.Logger@55247b27
      $assertionsDisabled = true
    CLASS_NAME = "com.ibm.ws.webcontainer.servlet.ServletWrapper"
    nls = class com.ibm.ejs.ras.TraceNLS@7e614660
      resolver = class com.ibm.ws.logging.internal.TraceNLSResolver@2a698c3
      finder = class com.ibm.ws.logging.internal.StackFinder@78215a20
      ivBundleName = "com.ibm.ws.webcontainer.resources.Messages"
      caller = class java.lang.Class@5a4dce75
    servletConfig = class com.ibm.ws.webcontainer.servlet.ServletConfig@8b303b9
      logger = class com.ibm.ws.logging.internal.WsLogger@39c96c55
      CLASS_NAME = "com.ibm.ws.webcontainer.servlet.ServletConfig"
      nls = class com.ibm.ejs.ras.TraceNLS@51cd4e47
      liberty_nls = class com.ibm.ejs.ras.TraceNLS@7c214f7b
      enabled = true
      servletName = "cr.ac.tec.resources.RestAPI"
      className = null
      mappings = class java.util.ArrayList@78245084
      startUpWeight = null
      DEFAULT_STARTUP = -1
      isCachingEnabled = true
      isStatisticsEnabled = true
      isInternal = false
      metaData = class com.ibm.ws.webcontainer.osgi.metadata.WebComponentMetaDataImpl@25159b8d
      singleThreadModelServlet = false
      isJsp = false
      webAppConfig = class com.ibm.ws.webcontainer.osgi.webapp.WebAppConfiguration@a7d2011
      servletWrapper = class com.ibm.ws.webcontainer.osgi.servlet.ServletWrapper@31f9e86f
      servletClass = class java.lang.Class@475523bc
      servlet = class com.ibm.websphere.jaxrs.server.IBMRestServlet@1d2feba2
      addedToLoadOnStartup = true
      previousWeight = null
      multipartConfig = null
      multipartConfigBaseLocation = null
      runAsRole = null
      servletSecurityElement = null
      declareRolesAnnotation = null
      logger = class com.ibm.ws.logging.internal.WsLogger@39c96c55
      CLASS_NAME = "com.ibm.ws.webcontainer.servlet.TargetConfig"
      initParams = null
      fileName = null
      displayName = null
      name = "cr.ac.tec.resources.RestAPI"
      description = null
      smallIcon = null
      largeIcon = null
      context = class com.ibm.ws.webcontainer31.facade.ServletContextFacade31@f50897
      className = null
      asyncSupported = true
      _id = "cr.ac.tec.resources.RestAPI"
      _attributes = null
      serialVersionUID = 7511545662945734886
      $$$tc$$$ = class com.ibm.websphere.ras.TraceComponent@1c7cc921
    context = class com.ibm.ws.webcontainer31.osgi.webapp.WebApp31@1d766ae3
    target = class com.ibm.websphere.jaxrs.server.IBMRestServlet@1d2feba2
      serialVersionUID = -6835560282014155024
      KNOWN_HTTP_VERBS = class java.util.Arrays$ArrayList@1ad463a7
      HTML_CONTENT_TYPE = "text/html"
      endpoint = class com.ibm.ws.jaxrs20.server.JaxRsWebEndpointImpl@7c193dbd
      collaborator = class com.ibm.ws.webcontainer.osgi.collaborator.WebAppNameSpaceCollaboratorImpl@7eca1003
      providerFactoryService = class com.ibm.ws.jaxrs20.component.JaxRsProviderFactory@489cef99
      $$$tc$$$ = class com.ibm.websphere.ras.TraceComponent@416af603
      METHOD_DELETE = "DELETE"
      METHOD_HEAD = "HEAD"
      METHOD_GET = "GET"
      METHOD_OPTIONS = "OPTIONS"
      METHOD_POST = "POST"
      METHOD_PUT = "PUT"
      METHOD_TRACE = "TRACE"
      HEADER_IFMODSINCE = "If-Modified-Since"
      HEADER_LASTMOD = "Last-Modified"
      LSTRING_FILE = "javax.servlet.http.LocalStrings"
      lStrings = class java.util.PropertyResourceBundle@36ed94f
      LSTRING_FILE = "javax.servlet.LocalStrings"
      lStrings = class java.util.PropertyResourceBundle@2454926
      config = class com.ibm.ws.webcontainer.servlet.ServletConfig@8b303b9
    cacheWrappers = class java.util.ArrayList@4a6b11bf
      serialVersionUID = 8683452581122892189
      DEFAULT_CAPACITY = 10
      EMPTY_ELEMENTDATA = class java.lang.Object[0]
      DEFAULTCAPACITY_EMPTY_ELEMENTDATA = class java.lang.Object[0]
      elementData = class java.lang.Object[10]
      size = 2
      MAX_ARRAY_SIZE = 2147483639
      modCount = 2
      MAX_ARRAY_SIZE = 2147483639
    targetLoader = null
    evtSource = class com.ibm.ws.webcontainer.webapp.WebAppEventSource@6a830988
    event = class com.ibm.websphere.servlet.event.ServletEvent@5ef83cf
      serialVersionUID = 3906650803920713522
      _servletName = "cr.ac.tec.resources.RestAPI"
      _servletClassName = "com.ibm.websphere.jaxrs.server.IBMRestServlet"
      $$$tc$$$ = class com.ibm.websphere.ras.TraceComponent@1cdae094
      serialVersionUID = 3546927969739289392
      _context = class com.ibm.ws.webcontainer31.facade.ServletContextFacade31@f50897
      _servletNames = class com.ibm.ws.webcontainer.util.EmptyEnumeration@16451658
      $$$tc$$$ = class com.ibm.websphere.ras.TraceComponent@1933a68e
      serialVersionUID = 5516075349620653480
      source = class com.ibm.ws.webcontainer.osgi.servlet.ServletWrapper@31f9e86f
    unavailableMessage = null
    unavailableUntil = -1
    isSTM = false
    internalServlet = false
    webAppInvocationCollaborators = null
    platformHelper = class com.ibm.ws.webcontainer.PlatformHelper@71c98754
    webAppNameSpaceCollab = class com.ibm.ws.webcontainer.osgi.collaborator.WebAppNameSpaceCollaboratorImpl@7eca1003
    txCollab = class com.ibm.ws.transaction.services.WebAppTransactionCollaboratorImpl@633d963b
    suppressServletExceptionLogging = false
    throwExceptionEnum = class java.util.RegularEnumSet@11800c9d
      serialVersionUID = 3411599620347842686
      elements = 256
      elementType = class java.lang.Class@3907f034
      universe = class com.ibm.wsspi.webcontainer.collaborator.CollaboratorInvocationEnum[9]
      ZERO_LENGTH_ENUM_ARRAY = class java.lang.Enum[0]
      MAX_ARRAY_SIZE = 2147483639
    discernUnavailableServlet = false
    reInitServletonInitUnavailableException = true
    destroyServletonServiceUnavailableException = false
    servlet23 = true
    PARAMS_HEAD_TRACE = class java.lang.Class[2]
      Class[0] = class java.lang.Class@74894d85
      Class[1] = class java.lang.Class@7b1e1d1b
    defaultHeadMethodInUse = false
    defaultTraceMethodInUse = false
    checkedForDefaultMethods = null
    defaultTraceRequestBehavior = false
    defaultHeadRequestBehavior = false
    useOriginalRequestState = false
    warningStatusSet = false
    LSTRING_FILE = "javax.servlet.LocalStrings"
    lStrings = class java.util.PropertyResourceBundle@2454926
      lookup = class java.util.HashMap@6ad63506
      INITIAL_CACHE_SIZE = 32
      NONEXISTENT_BUNDLE = class java.util.ResourceBundle$1@7be76b50
      cacheList = class java.util.concurrent.ConcurrentHashMap@3a9926db
      referenceQueue = class java.lang.ref.ReferenceQueue@263f626f
      parent = null
      locale = class java.util.Locale@3f934f90
      name = "javax.servlet.LocalStrings"
      expired = false
      cacheKey = class java.util.ResourceBundle$CacheKey@1f8a58c5
      keySet = null
      providers = null
      $assertionsDisabled = true
    config = null
  _filtersDefined = true
  logger = class com.ibm.ws.logging.internal.WsLogger@2fb7ad59
    tc = class com.ibm.websphere.ras.TraceComponent@4dcb481b
      strings[0] = "TraceComponent[com.ibm.ws.logging.internal.WsLogger,class com.ibm.ws.logging.internal.WsLogger,[logging],com.ibm.ws.logging.internal.resources.LoggingMessages,null]"
    ivCachedResourceBundleName = null
    ivCachedResourceBundle = null
    ivComponent = null
    ivOrganization = null
    ivProduct = null
    ivMinimumLocalizationLevelIntValue = 625
    ivTC = class com.ibm.websphere.ras.TraceComponent@74d9bf7f
      strings[0] = "TraceComponent[com.ibm.ws.webcontainer.filter,class com.ibm.wsspi.webcontainer.logging.LoggerFactory$1,[com.ibm.ws.webcontainer.filter],null,null]"
    loggerRegistrationComponent = class java.lang.ThreadLocal@55dd504a
      threadLocalHashCode = 1914802624
      nextHashCode = class java.util.concurrent.atomic.AtomicInteger@16573a69
      HASH_INCREMENT = 1640531527
    emptyHandlers = class java.util.logging.Handler[0]
    offValue = 2147483647
    SYSTEM_LOGGER_RB_NAME = "sun.util.logging.resources.logging"
    SYSTEM_BUNDLE = class java.util.logging.Logger$LoggerBundle@2cb3cd03
      resourceBundleName = "sun.util.logging.resources.logging"
      userBundle = null
    NO_RESOURCE_BUNDLE = class java.util.logging.Logger$LoggerBundle@6598ff44
      resourceBundleName = null
      userBundle = null
    manager = class com.ibm.ws.kernel.boot.logging.WsLogManager@5a78acbd
      CLASS_NAME = "com.ibm.ws.kernel.boot.logging.WsLogManager"
      CONFIGURE_BY_SERVER_PROPERTY_NAME = "java.util.logging.configureByServer"
      CONFIGURE_BY_LOGGING_PROPERTIES_FILE = "java.util.logging.configureByLoggingPropertiesFile"
      configureByServer = true
      configureByLoggingProperties = false
      wsLogger = class java.lang.reflect.Constructor@1a605a95
      resetEnabled = true
      svBinaryLoggingEnable = false
      manager = class com.ibm.ws.kernel.boot.logging.WsLogManager@5a78acbd
      props = class java.util.Properties@21439c52
      defaultLevel = class java.util.logging.Level@58599935
      listenerMap = class java.util.HashMap@3e9b9c57
      systemContext = class java.util.logging.LogManager$SystemLoggerContext@26b7cde3
      userContext = class java.util.logging.LogManager$LoggerContext@3e5ca0f7
      rootLogger = class java.util.logging.LogManager$RootLogger@bb9d5c3
      readPrimordialConfiguration = true
      initializedGlobalHandlers = true
      deathImminent = false
      initializedCalled = true
      initializationDone = true
      contextsMap = null
      loggerRefQueue = class java.lang.ref.ReferenceQueue@3400a62
      MAX_ITERATIONS = 400
      controlPermission = class java.util.logging.LoggingPermission@615b4779
      loggingMXBean = null
      LOGGING_MXBEAN_NAME = "java.util.logging:type=Logging"
      $assertionsDisabled = true
    name = "com.ibm.ws.webcontainer.filter"
    handlers = class java.util.concurrent.CopyOnWriteArrayList@5acdfc33
      serialVersionUID = 8673264195747942595
      lock = class java.util.concurrent.locks.ReentrantLock@686d2309
      array = class java.lang.Object[0]
      UNSAFE = class sun.misc.Unsafe@171eb122
      lockOffset = 12
    loggerBundle = class java.util.logging.Logger$LoggerBundle@40cc0901
      resourceBundleName = "com.ibm.ws.webcontainer.resources.Messages"
      userBundle = null
    useParentHandlers = true
    filter = null
    anonymous = false
    catalog = class com.ibm.ws.webcontainer.resources.Messages@3ace7584
      resources = class [Ljava.lang.Object;[338]
      lookup = class java.util.HashMap@21117dc9
      INITIAL_CACHE_SIZE = 32
      NONEXISTENT_BUNDLE = class java.util.ResourceBundle$1@7be76b50
      cacheList = class java.util.concurrent.ConcurrentHashMap@3a9926db
      referenceQueue = class java.lang.ref.ReferenceQueue@263f626f
      parent = null
      locale = class java.util.Locale@3f934f90
      name = "com.ibm.ws.webcontainer.resources.Messages"
      expired = false
      cacheKey = class java.util.ResourceBundle$CacheKey@5d0b5aab
      keySet = null
      providers = null
      $assertionsDisabled = true
    catalogName = "com.ibm.ws.webcontainer.resources.Messages"
    catalogLocale = class java.util.Locale@3d137978
      LOCALECACHE = class java.util.Locale$Cache@6edf83b0
      ENGLISH = class java.util.Locale@2f8af394
      FRENCH = class java.util.Locale@3308198d
      GERMAN = class java.util.Locale@7f72b3e9
      ITALIAN = class java.util.Locale@6d227db4
      JAPANESE = class java.util.Locale@15cc25d7
      KOREAN = class java.util.Locale@667b9292
      CHINESE = class java.util.Locale@c7c884f
      SIMPLIFIED_CHINESE = class java.util.Locale@724d8ba9
      TRADITIONAL_CHINESE = class java.util.Locale@6dbfaaa
      FRANCE = class java.util.Locale@3c8e17e1
      GERMANY = class java.util.Locale@54d8cecf
      ITALY = class java.util.Locale@4ad6073e
      JAPAN = class java.util.Locale@1301ba64
      KOREA = class java.util.Locale@5ffc96fa
      CHINA = class java.util.Locale@724d8ba9
      PRC = class java.util.Locale@724d8ba9
      TAIWAN = class java.util.Locale@6dbfaaa
      UK = class java.util.Locale@4d40957c
      US = class java.util.Locale@3d137978
      CANADA = class java.util.Locale@37d5941d
      CANADA_FRENCH = class java.util.Locale@2919ca19
      ROOT = class java.util.Locale@3f934f90
      PRIVATE_USE_EXTENSION = x
      UNICODE_LOCALE_EXTENSION = u
      serialVersionUID = 9149081749638150636
      DISPLAY_LANGUAGE = 0
      DISPLAY_COUNTRY = 1
      DISPLAY_VARIANT = 2
      DISPLAY_SCRIPT = 3
      baseLocale = class sun.util.locale.BaseLocale@1269d286
      localeExtensions = null
      hashCodeValue = 96636889
      defaultLocale = class java.util.Locale@3d137978
      defaultDisplayLocale = null
      defaultFormatLocale = class java.util.Locale@3d137978
      languageTag = "en-US"
      serialPersistentFields = class java.io.ObjectStreamField[6]
      isoLanguages = null
      isoCountries = null
      $assertionsDisabled = true
    treeLock = class java.lang.Object@22113723
    parent = class com.ibm.ws.logging.internal.WsLogger@59336605
      tc = class com.ibm.websphere.ras.TraceComponent@4dcb481b
      ivCachedResourceBundleName = "com.ibm.ws.webcontainer.resources.Messages"
      ivCachedResourceBundle = class com.ibm.ws.webcontainer.resources.Messages@3ace7584
      ivComponent = null
      ivOrganization = null
      ivProduct = null
      ivMinimumLocalizationLevelIntValue = 625
      ivTC = class com.ibm.websphere.ras.TraceComponent@7038d8a7
      loggerRegistrationComponent = class java.lang.ThreadLocal@55dd504a
      emptyHandlers = class java.util.logging.Handler[0]
      offValue = 2147483647
      SYSTEM_LOGGER_RB_NAME = "sun.util.logging.resources.logging"
      SYSTEM_BUNDLE = class java.util.logging.Logger$LoggerBundle@2cb3cd03
      NO_RESOURCE_BUNDLE = class java.util.logging.Logger$LoggerBundle@6598ff44
      manager = class com.ibm.ws.kernel.boot.logging.WsLogManager@5a78acbd
      name = "com.ibm.ws.webcontainer"
      handlers = class java.util.concurrent.CopyOnWriteArrayList@1f1d4fbd
      loggerBundle = class java.util.logging.Logger$LoggerBundle@52929d7a
      useParentHandlers = true
      filter = null
      anonymous = false
      catalog = class com.ibm.ws.webcontainer.resources.Messages@3ace7584
      catalogName = "com.ibm.ws.webcontainer.resources.Messages"
      catalogLocale = class java.util.Locale@3d137978
      treeLock = class java.lang.Object@22113723
      parent = class java.util.logging.Logger@a2ef3b9
      kids = class java.util.ArrayList@75eeaf18
      levelObject = class java.util.logging.Level@58599935
      levelValue = 800
      callersClassLoaderRef = class java.lang.ref.WeakReference@7e01cac9
      isSystemLogger = false
      GLOBAL_LOGGER_NAME = "global"
      global = class java.util.logging.Logger@55247b27
      $assertionsDisabled = true
    kids = null
    levelObject = class java.util.logging.Level@58599935
      defaultBundle = "sun.util.logging.resources.logging"
      name = "INFO"
      value = 800
      resourceBundleName = "sun.util.logging.resources.logging"
      localizedLevelName = "INFO"
      cachedLocale = class java.util.Locale@3d137978
      OFF = class java.util.logging.Level@7b2a0450
      SEVERE = class java.util.logging.Level@7a96e8b9
      WARNING = class java.util.logging.Level@103f382d
      INFO = class java.util.logging.Level@58599935
      CONFIG = class java.util.logging.Level@6fb56848
      FINE = class java.util.logging.Level@4416f96a
      FINER = class java.util.logging.Level@9880271
      FINEST = class java.util.logging.Level@601fad3d
      ALL = class java.util.logging.Level@24ac7e5e
      serialVersionUID = -8176160795706313070
    levelValue = 800
    callersClassLoaderRef = class java.lang.ref.WeakReference@5203a924
      referent = class org.eclipse.osgi.internal.loader.EquinoxClassLoader@18634230
      queue = class java.lang.ref.ReferenceQueue$Null@736fb044
      next = null
      discovered = null
      lock = class java.lang.ref.Reference$Lock@7fb31f94
      pending = null
    isSystemLogger = false
    GLOBAL_LOGGER_NAME = "global"
    global = class java.util.logging.Logger@55247b27
      emptyHandlers = class java.util.logging.Handler[0]
      offValue = 2147483647
      SYSTEM_LOGGER_RB_NAME = "sun.util.logging.resources.logging"
      SYSTEM_BUNDLE = class java.util.logging.Logger$LoggerBundle@2cb3cd03
      NO_RESOURCE_BUNDLE = class java.util.logging.Logger$LoggerBundle@6598ff44
      manager = class com.ibm.ws.kernel.boot.logging.WsLogManager@5a78acbd
      name = "global"
      handlers = class java.util.concurrent.CopyOnWriteArrayList@5312dbe0
      loggerBundle = class java.util.logging.Logger$LoggerBundle@6598ff44
      useParentHandlers = true
      filter = null
      anonymous = false
      catalog = null
      catalogName = null
      catalogLocale = null
      treeLock = class java.lang.Object@22113723
      parent = class java.util.logging.LogManager$RootLogger@bb9d5c3
      kids = null
      levelObject = null
      levelValue = 800
      callersClassLoaderRef = null
      isSystemLogger = true
      GLOBAL_LOGGER_NAME = "global"
      global = class java.util.logging.Logger@55247b27
      $assertionsDisabled = true
    $assertionsDisabled = true
  CLASS_NAME = "com.ibm.ws.webcontainer.filter.WebAppFilterChain"
  webapp = class com.ibm.ws.webcontainer31.osgi.webapp.WebApp31@1d766ae3
    tc = class com.ibm.websphere.ras.TraceComponent@3b637620
      strings[0] = "TraceComponent[com.ibm.ws.webcontainer31.osgi.webapp.WebApp31,class com.ibm.ws.webcontainer31.osgi.webapp.WebApp31,[webcontainer],com.ibm.ws.webcontainer31.resources.Messages,null]"
    CLASS_NAME = "com.ibm.ws.webcontainer31.osgi.webapp.WebApp31"
    servlet31NLS = class com.ibm.ejs.ras.TraceNLS@12b29c7e
      resolver = class com.ibm.ws.logging.internal.TraceNLSResolver@2a698c3
      finder = class com.ibm.ws.logging.internal.StackFinder@78215a20
      ivBundleName = "com.ibm.ws.webcontainer31.resources.Messages"
      caller = class java.lang.Class@33644573
    validListenerClasses = class java.lang.Class[7]
      Class[0] = class java.lang.Class@611600d0
      Class[1] = class java.lang.Class@703b61f9
      Class[2] = class java.lang.Class@21ff509e
      Class[3] = class java.lang.Class@38b20deb
      Class[4] = class java.lang.Class@69f38aad
      Class[5] = class java.lang.Class@426c0ac3
      Class[6] = class java.lang.Class@6c7ea557
    wsocServHandler = class com.ibm.ws.wsoc.external.WsocHandlerImpl@584bd070
      tc = class com.ibm.websphere.ras.TraceComponent@27b35c22
      noMoreAddsCalled = true
      serialVersionUID = -2067291126638824067
    tc = class com.ibm.websphere.ras.TraceComponent@634a6bf2
      strings[0] = "TraceComponent[com.ibm.ws.webcontainer.osgi.webapp.WebApp,class com.ibm.ws.webcontainer.osgi.webapp.WebApp,[webcontainer],com.ibm.ws.webcontainer.resources.LShimMessages,null]"
    CLASS_NAME = "com.ibm.ws.webcontainer.osgi.webapp.WebApp"
    metaDataService = class com.ibm.ws.container.service.metadata.internal.MetaDataServiceImpl@26c57de8
      applicationMetaDataManager = class com.ibm.ws.container.service.metadata.internal.ApplicationMetaDataManager@7fc28340
      moduleMetaDataManager = class com.ibm.ws.container.service.metadata.internal.ModuleMetaDataManager@5547e48d
      componentMetaDataManager = class com.ibm.ws.container.service.metadata.internal.ComponentMetaDataManager@4701fc0e
      methodMetaDataManager = class com.ibm.ws.container.service.metadata.internal.MethodMetaDataManager@380fdc63
      appModuleNameToModuleContainer = class java.util.concurrent.ConcurrentHashMap@639cdb02
      jeeNameToComponentMetaData = class java.util.concurrent.ConcurrentHashMap@8af9cb2
      deferredMetaDataFactories = class com.ibm.wsspi.kernel.service.utils.ConcurrentServiceReferenceSet@4006f025
      deferredMetaDataInitializers = class com.ibm.wsspi.kernel.service.utils.ConcurrentServiceReferenceMap@6acd082
      serialVersionUID = -2494605732980966097
      $$$tc$$$ = class com.ibm.websphere.ras.TraceComponent@6a8cb21e
    namespacePopulated = false
    referenceContext = class com.ibm.ws.injectionengine.osgi.internal.OSGiReferenceContextImpl@cbd02c5
      scopeData = class com.ibm.ws.injectionengine.osgi.internal.OSGiInjectionScopeData@5fb73eb4
      serialVersionUID = 521511923892134915
      $$$tc$$$ = class com.ibm.websphere.ras.TraceComponent@7f802ca0
      CLASS_NAME = "com.ibm.ws.injectionengine.ReferenceContextImpl"
      tc = class com.ibm.websphere.ras.TraceComponent@441c0915
      ivInjectionEngine = class com.ibm.ws.injectionengine.osgi.internal.OSGiInjectionEngineImpl@5373bf7c
      ivProviders = class java.util.ArrayList@31927630
      ivComponentJavaContext = null
      ivComponentNameSpace = null
      ivJavaColonCompEnvMap = class java.util.LinkedHashMap@2e28f10a
      ivEjbContext10 = class java.util.Properties@346da458
      ivResourceRefConfigList = class com.ibm.ws.resource.internal.ResourceRefConfigListImpl@5e2d39cf
      isAlreadyProcessed = true
      ivProcessFailure = null
      ivInjectionTargetMap = class java.util.concurrent.ConcurrentHashMap@7a2b65f6
      svInjTarMapCacheSize = 256
      ivDeclaredInjectionTargets = class java.util.HashMap@58aabf75
      ivProcessedInjectionClasses = class java.util.HashSet@31e3a5cb
      svInjClassMapCacheSize = 512
      ivProcessedInjectionBindings = class java.util.LinkedHashSet@687588cb
      ivAnyProcessDynamic = true
      ivCheckAppConfig = false
    j2eeNameFactory = class com.ibm.ws.container.service.metadata.internal.J2EENameFactoryImpl@4f426df7
      serialVersionUID = 3486344295038028821
      $$$tc$$$ = class com.ibm.websphere.ras.TraceComponent@bb7e6a8
    moduleLoader = class com.ibm.ws.classloading.internal.AppClassLoader@563e349b
      tc = class com.ibm.websphere.ras.TraceComponent@4b72f6f7
      disableSharedClassesCache = false
      PARENT_FIRST_SEARCH_ORDER = class java.util.Collections$UnmodifiableRandomAccessList@22363b8b
      packagesDefined = class java.util.Collections$SetFromMap@63e733f1
      CLASS_LOADING_TRACE_PREFIX = "com.ibm.ws.class.load."
      DEFAULT_PACKAGE = "default.package"
      perPackageClassLoadingTraceComponents = class java.util.concurrent.ConcurrentHashMap@6d8baff3
      config = class com.ibm.ws.classloading.internal.ClassLoaderConfigurationImpl@22676ce
      privateLibraries = null
      delegateLoaders = class com.ibm.ws.classloading.internal.util.CompositeIterable@11dfff62
      nativeLibraryFiles = class java.util.ArrayList@4b7d3e13
      transformers = class java.util.ArrayList@7b39e4b8
      apiAccess = class com.ibm.ws.classloading.internal.GatewayClassLoader@5a251ed7
      generator = class com.ibm.ws.classloading.internal.ClassGeneratorManager@302a5d63
      protectionDomains = class java.util.concurrent.ConcurrentHashMap@4a987d17
      parent = class com.ibm.ws.classloading.internal.GatewayClassLoader@5a251ed7
      hook = null
      serialVersionUID = 8734164900246230615
      tc = class com.ibm.websphere.ras.TraceComponent@4b315fd0
      smartClassPath = class com.ibm.ws.classloading.internal.ContainerClassLoader$SmartClassPathImpl@2452bfc9
      nativeLibraryContainers = class java.util.ArrayList@6fd80f6
      redefiner = class com.ibm.ws.classloading.internal.util.ClassRedefiner@7952367f
      jarProtocol = "wsjar:"
      mapCreationQueue = class java.util.concurrent.Executors$FinalizableDelegatedExecutorService@3255a8b5
      serialVersionUID = 6399598832433768509
      serialVersionUID = 1837293532091806117
      $$$tc$$$ = class com.ibm.websphere.ras.TraceComponent@74115471
      serialVersionUID = -4586727107834513475
      $$$tc$$$ = class com.ibm.websphere.ras.TraceComponent@3541276a
      serialVersionUID = -7709588811276454856
      $$$tc$$$ = class com.ibm.websphere.ras.TraceComponent@46bf9310
      initialized = true
      pdcache = class java.util.HashMap@3bac1b2d
      debug = null
      parent = class com.ibm.ws.classloading.internal.GatewayClassLoader@5a251ed7
      parallelLockMap = class java.util.concurrent.ConcurrentHashMap@a315766
      package2certs = class java.util.concurrent.ConcurrentHashMap@60a18ce6
      nocerts = class java.security.cert.Certificate[0]
      classes = class java.util.Vector@7f2e8047
      defaultDomain = class java.security.ProtectionDomain@248089fc
      packages = class java.util.HashMap@240a706d
      scl = class sun.misc.Launcher$AppClassLoader@18b4aac2
      sclSet = true
      loadedLibraryNames = class java.util.Vector@22fe4e98
      systemNativeLibraries = class java.util.Vector@5cccdedb
      nativeLibraries = class java.util.Vector@48201eb6
      nativeLibraryContext = class java.util.Stack@17b4d1c0
      usr_paths = class java.lang.String[42]
      sys_paths = class java.lang.String[1]
      assertionLock = class java.lang.Object@4307834d
      defaultAssertionStatus = false
      packageAssertionStatus = null
      classAssertionStatus = null
    webAppConfig = class com.ibm.ws.webcontainer.osgi.webapp.WebAppConfiguration@a7d2011
      webModuleMetaData = class com.ibm.ws.webcontainer.osgi.metadata.WebModuleMetaDataImpl@782fd95a
      webComponentMetaData = class com.ibm.ws.webcontainer.osgi.metadata.WebComponentMetaDataImpl@10f1791d
      dVirtualHost = class com.ibm.ws.webcontainer.osgi.DynamicVirtualHost@41194189
      orderedLibPaths = class java.util.Collections$UnmodifiableRandomAccessList@142d8bf5
      bundleHeaders = null
      cdiEnabled = false
      CLASS_NAME = "com.ibm.ws.webcontainer.webapp.WebAppConfiguration"
      logger = class com.ibm.ws.logging.internal.WsLogger@45643e33
      tc = class com.ibm.websphere.ras.TraceComponent@42a0d65b
      nls = class com.ibm.ejs.ras.TraceNLS@5ec69e13
      version = 30
      contextRoot = "/CookTimeServer"
      isDefaultContextRootUsed = false
      sessionTimeout = 0
      moduleSessionTimeoutSet = false
      moduleSessionTrackingModeSet = false
      sessionCookieConfig = class com.ibm.ws.session.SessionCookieConfigImpl@26ccd41d
      hasProgrammaticCookieConfig = false
      sessionDefaultTrackingModeSet = class java.util.RegularEnumSet@65b8693a
      sessionManagerConfig = class com.ibm.ws.session.SessionManagerConfig@1495618
      displayName = "CookTimeServer"
      description = null
      reloadInterval = 3
      distributable = false
      denyUncoveredHttpMethods = false
      reloadingEnabled = true
      serveServletsByClassnameEnabled = false
      defaultErrorPage = null
      additionalClassPath = null
      fileServingEnabled = true
      directoryBrowsingEnabled = false
      autoRequestEncoding = false
      autoResponseEncoding = false
      autoLoadFilters = false
      requestListeners = null
      requestAttributeListeners = null
      sessionListeners = null
      localeMap = null
      moduleName = "CookTimeServer"
      j2eeModuleName = "CookTimeServer.war"
      moduleId = null
      isSyncToThreadEnabled = false
      encodeDispatchedRequestURI = false
      isSystemApp = false
      ardEnabled = false
      ardDispatchType = null
      listeners = class java.util.ArrayList@6b956624
      welcomeFileList = class java.util.ArrayList@2b392b77
      servletMappings = class java.util.HashMap@d6e6693
      lastIndexBeforeDeclaredFilters = 1
      filterMappings = class java.util.ArrayList@46dc18b0
      servletInfo = class java.util.concurrent.ConcurrentHashMap@638e209
      filterInfo = class java.util.HashMap@64b8032a
      mimeMappings = class java.util.HashMap@1a1cabd0
      mimeFilters = null
      isMimeFilteringEnabled = false
      theWebGroup = null
      jspAttributes = class java.util.HashMap@3c2339bb
      fileServingAttributes = class java.util.HashMap@7d4aac9c
      invokerAttributes = class java.util.HashMap@594f414c
      contextParams = class java.util.HashMap@2672239e
      virtualHost = "default_host"
      exceptionErrorPages = class java.util.HashMap@339280a
      codeErrorPages = class java.util.HashMap@2bbf5abd
      tagLibList = null
      precompileJsps = false
      webApp = class com.ibm.ws.webcontainer31.osgi.webapp.WebApp31@1d766ae3
      virtualHostList = class java.util.Collections$EmptyList@8d93ba7
      appStartupWeight = 0
      moduleStartupWeight = 0
      metaDataComplete = false
      classesToScan = class java.util.ArrayList@3f0087f1
      uriFilterMappingInfos = class java.util.ArrayList@75339163
      servletFilterMappingInfos = null
      dynamicServletRegistrationMap = null
      applicationName = "CookTimeServer"
      libBinPathList = class java.util.ArrayList@248857ca
      webXmlDefinedListeners = class java.util.HashSet@654d54ff
      allRefs = class java.util.EnumMap@5ec978a8
      allRefBindings = class java.util.EnumMap@3718429b
      envEntryValues = class java.util.HashMap@514875b5
      resourceRefConfigList = class com.ibm.ws.resource.internal.ResourceRefConfigListImpl@5e2d39cf
      disallowAllFileServingProp = "false"
      disallowServeServletsByClassnameProp = "true"
      disableStaticMappingCache = false
      jspCachedLocations = class java.util.HashMap@4b34169a
      primedSTSHeader = "NoValue"
      enablemultireadofpostdata = false
      requestEncoding = null
      responseEncoding = null
      NULLSERVLETNAME = "com.ibm.ws.webcontainer.NullServletName"
      _id = "WebAppGeneratedId1"
      _attributes = null
      serialVersionUID = 7511545662945734886
      $$$tc$$$ = class com.ibm.websphere.ras.TraceComponent@1c7cc921
    extensionProcessingDisabled = false
    managedObjectService = class com.ibm.ws.cdi.impl.managedobject.CDIManagedObjectService@2680476b
      cdiServiceRef = class com.ibm.wsspi.kernel.service.utils.AtomicServiceReference@5feea90d
      defaultMOSRef = class com.ibm.wsspi.kernel.service.utils.AtomicServiceReference@288a0aab
      cdiRuntime = class com.ibm.ws.cdi.liberty.CDIRuntimeImpl@341c45d2
      serialVersionUID = 6431825704414919683
      $$$tc$$$ = class com.ibm.websphere.ras.TraceComponent@6600c9a
    internalServletMetaData = interface com.ibm.wsspi.webcontainer.metadata.WebComponentMetaData[2]
      WebComponentMetaData[0] = null
      WebComponentMetaData[1] = null
    loginProcessor = null
    logoutProcessor = null
    collabHelper = class com.ibm.ws.webcontainer.osgi.collaborator.CollaboratorHelperImpl@ec5c1a3
      webAppInvCollabs = class java.util.Collections$UnmodifiableSet@690fc851
      securityDomainForApp = null
      logger = class com.ibm.ws.logging.internal.WsLogger@5b426da9
      staticDefaultSecurityCollaborator = class com.ibm.ws.webcontainer.collaborator.WebAppSecurityCollaborator@2da4f480
      logger = class com.ibm.ws.logging.internal.WsLogger@6bbb4eed
      CLASS_NAME = "com.ibm.wsspi.webcontainer.collaborator.CollaboratorHelper"
      webApp = class com.ibm.ws.webcontainer31.osgi.webapp.WebApp31@1d766ae3
      securityCollaborator = class com.ibm.ws.webcontainer.security.WebAppSecurityCollaboratorImpl@235c5916
      nameSpaceCollaborator = class com.ibm.ws.webcontainer.osgi.collaborator.WebAppNameSpaceCollaboratorImpl@7eca1003
      transactionCollaborator = class com.ibm.ws.transaction.services.WebAppTransactionCollaboratorImpl@633d963b
      connectionCollaborator = class com.ibm.ws.webcontainer.collaborator.ConnectionCollaborator@2956a909
      allCollabEnum = class java.util.RegularEnumSet@5f22629f
      servlet_23_or_greater = true
      DEFER_SERVLET_REQUEST_LISTENER_DESTROY_ON_ERROR = false
    envObject = class com.ibm.ws.util.WSThreadLocal@3efcc95e
      tc = class com.ibm.ejs.ras.TraceComponent@45676794
      count = 9
      index = 4
      SUSPECTED_MISUSAGE_THRESHOLD = 200
      threadLocalHashCode = 1803743321
      nextHashCode = class java.util.concurrent.atomic.AtomicInteger@16573a69
      HASH_INCREMENT = 1640531527
    orderedLibPaths = class java.util.Collections$UnmodifiableRandomAccessList@142d8bf5
      serialVersionUID = -2542308836966382001
      serialVersionUID = -283967356065247728
      list = class java.util.ArrayList@4d2234b9
      serialVersionUID = 1820017752578914078
      c = class java.util.ArrayList@4d2234b9
    perm = class com.ibm.websphere.security.WebSphereRuntimePermission@440d972f
      serialVersionUID = -3306242789188168337
      $$$tc$$$ = class com.ibm.websphere.ras.TraceComponent@42fee94
      serialVersionUID = 6279438298436773498
      wildcard = false
      path = "accessServletContext"
      exitVM = false
      serialVersionUID = -5636570222231596674
      name = "accessServletContext"
    WELCOME_FILE_LIST = "com.ibm.ws.webcontainer.config.WelcomeFileList"
    DIR_BROWSING_MAPPING = "__dirBrowsing__1594326172942"
    FILTER_PROXY_MAPPING = "/__filterProxy__1594326172942"
    logger = class com.ibm.ws.logging.internal.WsLogger@45643e33
      tc = class com.ibm.websphere.ras.TraceComponent@4dcb481b
      ivCachedResourceBundleName = null
      ivCachedResourceBundle = null
      ivComponent = null
      ivOrganization = null
      ivProduct = null
      ivMinimumLocalizationLevelIntValue = 625
      ivTC = class com.ibm.websphere.ras.TraceComponent@1ee6a16
      loggerRegistrationComponent = class java.lang.ThreadLocal@55dd504a
      emptyHandlers = class java.util.logging.Handler[0]
      offValue = 2147483647
      SYSTEM_LOGGER_RB_NAME = "sun.util.logging.resources.logging"
      SYSTEM_BUNDLE = class java.util.logging.Logger$LoggerBundle@2cb3cd03
      NO_RESOURCE_BUNDLE = class java.util.logging.Logger$LoggerBundle@6598ff44
      manager = class com.ibm.ws.kernel.boot.logging.WsLogManager@5a78acbd
      name = "com.ibm.ws.webcontainer.webapp"
      handlers = class java.util.concurrent.CopyOnWriteArrayList@1257d3f2
      loggerBundle = class java.util.logging.Logger$LoggerBundle@599ba20c
      useParentHandlers = true
      filter = null
      anonymous = false
      catalog = class com.ibm.ws.webcontainer.resources.Messages@3ace7584
      catalogName = "com.ibm.ws.webcontainer.resources.Messages"
      catalogLocale = class java.util.Locale@3d137978
      treeLock = class java.lang.Object@22113723
      parent = class com.ibm.ws.logging.internal.WsLogger@59336605
      kids = null
      levelObject = class java.util.logging.Level@58599935
      levelValue = 800
      callersClassLoaderRef = class java.lang.ref.WeakReference@258f83da
      isSystemLogger = false
      GLOBAL_LOGGER_NAME = "global"
      global = class java.util.logging.Logger@55247b27
      $assertionsDisabled = true
    CLASS_NAME = "com.ibm.ws.webcontainer.webapp.WebApp"
    loader = class com.ibm.ws.classloading.internal.ThreadContextClassLoader@3dc3e53
      tc = class com.ibm.websphere.ras.TraceComponent@4c4b277a
      bundle = class java.util.concurrent.atomic.AtomicReference@72092914
      key = "WebModule:CookTimeServer#CookTimeServer.war"
      refCount = class java.util.concurrent.atomic.AtomicInteger@559a91f8
      appLoader = class com.ibm.ws.classloading.internal.AppClassLoader@563e349b
      clSvc = class com.ibm.ws.classloading.internal.ClassLoadingServiceImpl@2544bfc2
      serialVersionUID = 846416563800781557
      tc = class com.ibm.websphere.ras.TraceComponent@5599a372
      followOnClassLoaders = class java.util.ArrayList@2582ed83
      serialVersionUID = 8829649920524275888
      serialVersionUID = -4586727107834513475
      $$$tc$$$ = class com.ibm.websphere.ras.TraceComponent@3541276a
      serialVersionUID = -7709588811276454856
      $$$tc$$$ = class com.ibm.websphere.ras.TraceComponent@46bf9310
      initialized = true
      pdcache = class java.util.HashMap@1e7831ae
      debug = null
      parent = class com.ibm.ws.classloading.internal.GatewayClassLoader@e900450
      parallelLockMap = class java.util.concurrent.ConcurrentHashMap@1f6c76c8
      package2certs = class java.util.concurrent.ConcurrentHashMap@1f566048
      nocerts = class java.security.cert.Certificate[0]
      classes = class java.util.Vector@2d0a68d4
      defaultDomain = class java.security.ProtectionDomain@7220d99a
      packages = class java.util.HashMap@e862b20
      scl = class sun.misc.Launcher$AppClassLoader@18b4aac2
      sclSet = true
      loadedLibraryNames = class java.util.Vector@22fe4e98
      systemNativeLibraries = class java.util.Vector@5cccdedb
      nativeLibraries = class java.util.Vector@28d420d1
      nativeLibraryContext = class java.util.Stack@17b4d1c0
      usr_paths = class java.lang.String[42]
      sys_paths = class java.lang.String[1]
      assertionLock = class java.lang.Object@74b596d4
      defaultAssertionStatus = false
      packageAssertionStatus = null
      classAssertionStatus = null
    facade = class com.ibm.ws.webcontainer31.facade.ServletContextFacade31@f50897
      context = class com.ibm.ws.webcontainer31.osgi.webapp.WebApp31@1d766ae3
    features = class java.util.ArrayList@48f9eb25
      serialVersionUID = 8683452581122892189
      DEFAULT_CAPACITY = 10
      EMPTY_ELEMENTDATA = class java.lang.Object[0]
      DEFAULTCAPACITY_EMPTY_ELEMENTDATA = class java.lang.Object[0]
      elementData = class java.lang.Object[0]
      size = 0
      MAX_ARRAY_SIZE = 2147483639
      modCount = 0
      MAX_ARRAY_SIZE = 2147483639
    applicationName = "CookTimeServer"
    config = class com.ibm.ws.webcontainer.osgi.webapp.WebAppConfiguration@a7d2011
    securityEnabledForApp = true
    webExtensionProcessor = class com.ibm.ws.webcontainer.osgi.extension.WebExtensionProcessor@6c9060b8
      webApp = class com.ibm.ws.webcontainer31.osgi.webapp.WebApp31@1d766ae3
      extensionContext = class com.ibm.ws.webcontainer31.osgi.webapp.WebApp31@1d766ae3
    production = true
    isServlet23 = true
    contextPath = "/CookTimeServer"
    internalServletList = class [Ljava.lang.String;[2]
      String[][0] = class java.lang.String[2]
      String[][1] = class java.lang.String[2]
    BY_NAME_ONLY = "/_1594326172942_/"
    filterManager = class com.ibm.ws.webcontainer.osgi.filter.WebAppFilterManagerImpl@1c62af12
      _filterWrappers = class java.util.Hashtable@10db3c4c
      chainCache = class java.util.Collections$SynchronizedMap@251db143
      forwardChainCache = class java.util.Collections$SynchronizedMap@593419af
      includeChainCache = class java.util.Collections$SynchronizedMap@612f02b6
      errorChainCache = class java.util.Collections$SynchronizedMap@285f7b83
      _filtersDefined = true
      FMI_MAPPING_SINGLE_SLASH = 0
      FMI_MAPPING_PATH_MATCH = 1
      FMI_MAPPING_EXTENSION_MATCH = 2
      FMI_MAPPING_EXACT_MATCH = 3
      logger = class com.ibm.ws.logging.internal.WsLogger@2fb7ad59
      CLASS_NAME = "com.ibm.ws.webcontainer.filter.WebAppFilterManager"
      nls = class com.ibm.ejs.ras.TraceNLS@60005062
      webAppConfig = class com.ibm.ws.webcontainer.osgi.webapp.WebAppConfiguration@a7d2011
      webApp = class com.ibm.ws.webcontainer31.osgi.webapp.WebApp31@1d766ae3
      collabHelper = class com.ibm.ws.webcontainer.osgi.collaborator.CollaboratorHelperImpl@ec5c1a3
      secCollab = class com.ibm.ws.webcontainer.security.WebAppSecurityCollaboratorImpl@235c5916
      sessionSecurityIntegrationEnabled = true
      assumeFilterSuccessOnSecurityError = false
      useOriginalRequestState = false
      _evtSource = class com.ibm.ws.webcontainer.webapp.WebAppEventSource@6a830988
      defaultComponentMetaData = class com.ibm.ws.webcontainer.osgi.metadata.WebComponentMetaDataImpl@10f1791d
      DEFER_SERVLET_REQUEST_LISTENER_DESTROY_ON_ERROR = false
    documentRoot = null
    SERVLET_API_VERSION = "Servlet 2.5"
    disableServletAuditLogging = -1
    serverInfo = "IBM WebSphere Liberty/20.0.0.6"
    sessionCtx = class com.ibm.ws.webcontainer31.session.impl.HttpSessionContext31Impl@1bc5cf78
      methodClassName = "HttpSessionContextImpl"
      _smc = class com.ibm.ws.session.SessionManagerConfig@1495618
      sessionStoreService = null
      _sap = class com.ibm.ws.session.SessionApplicationParameters@8d7a1e7
      _coreHttpSessionManager = class com.ibm.ws.session.SessionManager@fcea871
      _coreHttpAppSessionManager = null
      _sam = class com.ibm.ws.webcontainer.session.impl.SessionAffinityManagerImpl@185ee845
      isSIPApplication = false
      sessionAttributeListener = true
      sessionListener = true
      mHttpSessionAttributeListeners = class java.util.ArrayList@87044f1
      mHttpSessionListeners = class java.util.ArrayList@3d1d1481
      mHttpSessionIdListeners = class java.util.ArrayList@47eabe73
      mHttpSessionAttributeListenersJ2eeNames = class java.util.ArrayList@28196a0b
      mHttpSessionListenersJ2eeNames = class java.util.ArrayList@2244e435
      mHttpSessionIdListenersJ2eeNames = class java.util.ArrayList@772855e0
      mLocalHost = null
      _refCount = 1
      currentThreadSacHashtable = null
      methodClassName = "SessionContext"
      ANONYMOUS_USER = "anonymous"
      wasHttpSessionObserver = class com.ibm.ws.session.WasHttpSessionObserver@65236450
      wasHttpSessionAttributeObserver = null
      _invalidator = class com.ibm.ws.session.SessionInvalidatorWithThreadPool@60913cd
      _storer = class com.ibm.ws.session.EOSSessionStorer@3e93a75
      wasHttpAppSessionObserver = null
      mHttpAppSessionListeners = null
      cmvcInfo = "CMVC Version 1.9 6/24/07 11:12:24"
      _loggedVersion = true
      CREATE_CORE_SESSION_MANAGER = 0
      GET_REQUESTED_SESSION_ID = 1
      GET_IHTTP_SESSION = 2
      SESSION_PRE_INVOKE = 3
      SESSION_POST_INVOKE = 4
      STOP = 5
      STOP_LISTENERS = 6
      IS_VALID = 7
      ENCODE_URL = 8
      SHOULD_ENCODE_URL = 9
      IS_PROTOCOL_SWITCH = 10
      GET_LOCAL_HOST = 11
      ADD_HTTP_SESSION_ATTRIBUTE_LISTENER = 12
      ADD_HTTP_SESSION_LISTENER = 13
      GET_SESSION_AFFINITY_CONTEXT = 14
      CHECK_SECURITY = 15
      INVALIDATE = 16
      CHECK_SESSSIONID_IS_RIGHT_LENGTH = 17
      LOCK_SESSION = 18
      UNLOCK_SESSION = 19
      ADD_HTTP_SESSION_ID_LISTENER = 20
      methodNames = class java.lang.String[21]
    eventSource = class com.ibm.ws.webcontainer.webapp.WebAppEventSource@6a830988
      _invocationListeners = class com.ibm.ws.webcontainer.util.EventListeners@7a5f8472
      _servletListeners = class com.ibm.ws.webcontainer.util.EventListeners@53760634
      _errorListeners = class com.ibm.ws.webcontainer.util.EventListeners@7034b2aa
      _applicationListeners = class com.ibm.ws.webcontainer.util.EventListeners@69dd0f09
      _filterInvocationListeners = class com.ibm.ws.webcontainer.util.EventListeners@6fa76a54
      _filterListeners = class com.ibm.ws.webcontainer.util.EventListeners@c838632
      _filterErrorListeners = class com.ibm.ws.webcontainer.util.EventListeners@5977c4ea
    nls = class com.ibm.ejs.ras.TraceNLS@743ff918
      resolver = class com.ibm.ws.logging.internal.TraceNLSResolver@2a698c3
      finder = class com.ibm.ws.logging.internal.StackFinder@78215a20
      ivBundleName = "com.ibm.ws.webcontainer.resources.Messages"
      caller = class java.lang.Class@1df7375d
    liberty_nls = class com.ibm.ejs.ras.TraceNLS@37900148
      resolver = class com.ibm.ws.logging.internal.TraceNLSResolver@2a698c3
      finder = class com.ibm.ws.logging.internal.StackFinder@78215a20
      ivBundleName = "com.ibm.ws.webcontainer.resources.LShimMessages"
      caller = class java.lang.Class@1df7375d
    error_nls = class com.ibm.ejs.ras.TraceNLS@3e833297
      resolver = class com.ibm.ws.logging.internal.TraceNLSResolver@2a698c3
      finder = class com.ibm.ws.logging.internal.StackFinder@78215a20
      ivBundleName = "com.ibm.ws.webcontainer.resources.ErrorPage"
      caller = class java.lang.Class@1df7375d
    sessionListeners = class java.util.ArrayList@b089430
      serialVersionUID = 8683452581122892189
      DEFAULT_CAPACITY = 10
      EMPTY_ELEMENTDATA = class java.lang.Object[0]
      DEFAULTCAPACITY_EMPTY_ELEMENTDATA = class java.lang.Object[0]
      elementData = class java.lang.Object[10]
      size = 2
      MAX_ARRAY_SIZE = 2147483639
      modCount = 3
      MAX_ARRAY_SIZE = 2147483639
    sessionIdListeners = class java.util.ArrayList@744b70
      serialVersionUID = 8683452581122892189
      DEFAULT_CAPACITY = 10
      EMPTY_ELEMENTDATA = class java.lang.Object[0]
      DEFAULTCAPACITY_EMPTY_ELEMENTDATA = class java.lang.Object[0]
      elementData = class java.lang.Object[0]
      size = 0
      MAX_ARRAY_SIZE = 2147483639
      modCount = 0
      MAX_ARRAY_SIZE = 2147483639
    sessionAttrListeners = class java.util.ArrayList@37d99077
      serialVersionUID = 8683452581122892189
      DEFAULT_CAPACITY = 10
      EMPTY_ELEMENTDATA = class java.lang.Object[0]
      DEFAULTCAPACITY_EMPTY_ELEMENTDATA = class java.lang.Object[0]
      elementData = class java.lang.Object[10]
      size = 1
      MAX_ARRAY_SIZE = 2147483639
      modCount = 2
      MAX_ARRAY_SIZE = 2147483639
    addedSessionListeners = class java.util.ArrayList@10690b91
      serialVersionUID = 8683452581122892189
      DEFAULT_CAPACITY = 10
      EMPTY_ELEMENTDATA = class java.lang.Object[0]
      DEFAULTCAPACITY_EMPTY_ELEMENTDATA = class java.lang.Object[0]
      elementData = class java.lang.Object[10]
      size = 1
      MAX_ARRAY_SIZE = 2147483639
      modCount = 1
      MAX_ARRAY_SIZE = 2147483639
    addedSessionAttrListeners = class java.util.ArrayList@5f0fa4b8
      serialVersionUID = 8683452581122892189
      DEFAULT_CAPACITY = 10
      EMPTY_ELEMENTDATA = class java.lang.Object[0]
      DEFAULTCAPACITY_EMPTY_ELEMENTDATA = class java.lang.Object[0]
      elementData = class java.lang.Object[10]
      size = 1
      MAX_ARRAY_SIZE = 2147483639
      modCount = 1
      MAX_ARRAY_SIZE = 2147483639
    servletContextListeners = class java.util.ArrayList@7d824be2
      serialVersionUID = 8683452581122892189
      DEFAULT_CAPACITY = 10
      EMPTY_ELEMENTDATA = class java.lang.Object[0]
      DEFAULTCAPACITY_EMPTY_ELEMENTDATA = class java.lang.Object[0]
      elementData = class java.lang.Object[10]
      size = 5
      MAX_ARRAY_SIZE = 2147483639
      modCount = 6
      MAX_ARRAY_SIZE = 2147483639
    servletContextLAttrListeners = class java.util.ArrayList@623260d
      serialVersionUID = 8683452581122892189
      DEFAULT_CAPACITY = 10
      EMPTY_ELEMENTDATA = class java.lang.Object[0]
      DEFAULTCAPACITY_EMPTY_ELEMENTDATA = class java.lang.Object[0]
      elementData = class java.lang.Object[10]
      size = 1
      MAX_ARRAY_SIZE = 2147483639
      modCount = 2
      MAX_ARRAY_SIZE = 2147483639
    servletRequestListeners = class java.util.ArrayList@5ece90db
      serialVersionUID = 8683452581122892189
      DEFAULT_CAPACITY = 10
      EMPTY_ELEMENTDATA = class java.lang.Object[0]
      DEFAULTCAPACITY_EMPTY_ELEMENTDATA = class java.lang.Object[0]
      elementData = class java.lang.Object[10]
      size = 1
      MAX_ARRAY_SIZE = 2147483639
      modCount = 2
      MAX_ARRAY_SIZE = 2147483639
    servletRequestLAttrListeners = class java.util.ArrayList@7cc6c5de
      serialVersionUID = 8683452581122892189
      DEFAULT_CAPACITY = 10
      EMPTY_ELEMENTDATA = class java.lang.Object[0]
      DEFAULTCAPACITY_EMPTY_ELEMENTDATA = class java.lang.Object[0]
      elementData = class java.lang.Object[10]
      size = 1
      MAX_ARRAY_SIZE = 2147483639
      modCount = 2
      MAX_ARRAY_SIZE = 2147483639
    prependSlashToResource = false
    destroyed = false
    webAppNameSpaceCollab = class com.ibm.ws.webcontainer.osgi.collaborator.WebAppNameSpaceCollaboratorImpl@7eca1003
      cmdai = class com.ibm.ws.threadContext.ComponentMetaDataAccessorImpl@229b1aa8
    txCollab = class com.ibm.ws.transaction.services.WebAppTransactionCollaboratorImpl@633d963b
      tc = class com.ibm.websphere.ras.TraceComponent@5b36e6b5
      ltCurrentRef = class com.ibm.wsspi.kernel.service.utils.AtomicServiceReference@4c0d93c9
      tranMgrRef = class com.ibm.wsspi.kernel.service.utils.AtomicServiceReference@311123ba
      userTranRef = class com.ibm.wsspi.kernel.service.utils.AtomicServiceReference@49ec1d90
      uowCallbackRef = class com.ibm.wsspi.kernel.service.utils.AtomicServiceReference@62d8373f
      serialVersionUID = -8319003162899973281
    sessionActivationListeners = class java.util.ArrayList@13f45cff
      serialVersionUID = 8683452581122892189
      DEFAULT_CAPACITY = 10
      EMPTY_ELEMENTDATA = class java.lang.Object[0]
      DEFAULTCAPACITY_EMPTY_ELEMENTDATA = class java.lang.Object[0]
      elementData = class java.lang.Object[0]
      size = 0
      MAX_ARRAY_SIZE = 2147483639
      modCount = 1
      MAX_ARRAY_SIZE = 2147483639
    sessionBindingListeners = class java.util.ArrayList@cf803c2
      serialVersionUID = 8683452581122892189
      DEFAULT_CAPACITY = 10
      EMPTY_ELEMENTDATA = class java.lang.Object[0]
      DEFAULTCAPACITY_EMPTY_ELEMENTDATA = class java.lang.Object[0]
      elementData = class java.lang.Object[0]
      size = 0
      MAX_ARRAY_SIZE = 2147483639
      modCount = 1
      MAX_ARRAY_SIZE = 2147483639
    scratchdir = null
    jspClassLoaderLimit = 0
    jspClassLoaderExclusionList = null
    jspClassLoadersMap = null
    jspClassLoaderLimitTrackIF = false
    defaultExtProc = null
    directoryBrowsingServlet = null
    cdiContexts = class java.util.concurrent.ConcurrentHashMap@261a02ce
      serialVersionUID = 7249069246763182397
      MAXIMUM_CAPACITY = 1073741824
      DEFAULT_CAPACITY = 16
      MAX_ARRAY_SIZE = 2147483639
      DEFAULT_CONCURRENCY_LEVEL = 16
      LOAD_FACTOR = 0.75
      TREEIFY_THRESHOLD = 8
      UNTREEIFY_THRESHOLD = 6
      MIN_TREEIFY_CAPACITY = 64
      MIN_TRANSFER_STRIDE = 16
      RESIZE_STAMP_BITS = 16
      MAX_RESIZERS = 65535
      RESIZE_STAMP_SHIFT = 16
      MOVED = -1
      TREEBIN = -2
      RESERVED = -3
      HASH_BITS = 2147483647
      NCPU = 8
      serialPersistentFields = class java.io.ObjectStreamField[3]
      table = null
      nextTable = null
      baseCount = 0
      sizeCtl = 0
      transferIndex = 0
      cellsBusy = 0
      counterCells = null
      keySet = null
      values = null
      entrySet = null
      U = class sun.misc.Unsafe@171eb122
      SIZECTL = 20
      TRANSFERINDEX = 32
      BASECOUNT = 24
      CELLSBUSY = 36
      CELLVALUE = 144
      ABASE = 16
      ASHIFT = 2
      keySet = null
      values = null
    moduleConfig = class com.ibm.ws.webcontainer.osgi.container.DeployedModule@6c38cbe6
      tc = class com.ibm.websphere.ras.TraceComponent@35799d6e
      loader = class com.ibm.ws.classloading.internal.ThreadContextClassLoader@3dc3e53
      webApp = class com.ibm.ws.webcontainer31.osgi.webapp.WebApp31@1d766ae3
      webAppConfig = class com.ibm.ws.webcontainer.osgi.webapp.WebAppConfiguration@a7d2011
      contextRootAdded = class com.ibm.ws.threading.internal.NonCancelableResultFuture@240fcda1
      properContextRoot = "/CookTimeServer"
      mappingContextRoot = "/CookTimeServer/*"
      initTaskCount = class java.util.concurrent.atomic.AtomicInteger@216e06e
      initTasksDoneListener = class com.ibm.ws.webcontainer.osgi.WebContainer$2@7114e0a9
      serialVersionUID = -2104814060051592457
      $$$tc$$$ = class com.ibm.websphere.ras.TraceComponent@4f244164
    extensionFactories = class java.util.ArrayList@5d9a713a
      serialVersionUID = 8683452581122892189
      DEFAULT_CAPACITY = 10
      EMPTY_ELEMENTDATA = class java.lang.Object[0]
      DEFAULTCAPACITY_EMPTY_ELEMENTDATA = class java.lang.Object[0]
      elementData = class java.lang.Object[10]
      size = 6
      MAX_ARRAY_SIZE = 2147483639
      modCount = 6
      MAX_ARRAY_SIZE = 2147483639
    initialized = true
    lock = class com.ibm.ws.webcontainer.webapp.WebApp$1@11b09f58
      this$0 = class com.ibm.ws.webcontainer31.osgi.webapp.WebApp31@1d766ae3
    afterServletContextCreated = false
    redirectContextRoot = false
    errorExceptionTypeFirst = false
    initFilterBeforeServletInit = false
    SET_400_SC_ON_TOO_MANY_PARENT_DIRS = false
    sortedServletConfigs = class java.util.ArrayList@67cae3d2
      serialVersionUID = 8683452581122892189
      DEFAULT_CAPACITY = 10
      EMPTY_ELEMENTDATA = class java.lang.Object[0]
      DEFAULTCAPACITY_EMPTY_ELEMENTDATA = class java.lang.Object[0]
      elementData = class java.lang.Object[10]
      size = 2
      MAX_ARRAY_SIZE = 2147483639
      modCount = 2
      MAX_ARRAY_SIZE = 2147483639
    effectiveMajorVersion = 3
    effectiveMinorVersion = 0
    canAddServletContextListener = true
    withinContextInitOfProgAddListener = false
    lastProgAddListenerInitialized = "com.ibm.ws.cache.CacheServiceImpl"
    webInfLibClassloader = null
    metaInfCache = class com.ibm.ws.webcontainer.webapp.WebApp$2@4d077336
      this$0 = class com.ibm.ws.webcontainer31.osgi.webapp.WebApp31@1d766ae3
      serialVersionUID = 3801124242820219131
      head = null
      tail = null
      accessOrder = true
      serialVersionUID = 362498820763181265
      DEFAULT_INITIAL_CAPACITY = 16
      MAXIMUM_CAPACITY = 1073741824
      DEFAULT_LOAD_FACTOR = 0.75
      TREEIFY_THRESHOLD = 8
      UNTREEIFY_THRESHOLD = 6
      MIN_TREEIFY_CAPACITY = 64
      table = null
      entrySet = null
      size = 0
      modCount = 0
      threshold = 32
      loadFactor = 1.0
      keySet = null
      values = null
    useMetaInfCache = true
    SUN_CONFIGURE_LISTENER_CLASSNAME = "com.sun.faces.config.ConfigureListener"
    MYFACES_LIFECYCLE_LISTENER_CLASSNAME = "org.apache.myfaces.webapp.StartupServletContextListener"
    JSF_IMPL_ENABLED_PARAM = "com.ibm.ws.jsf.JSF_IMPL_ENABLED"
    JSF_IMPL_ENABLED_CUSTOM = "Custom"
    JSF_IMPL_ENABLED_NONE = "None"
    staticDocRoot = class com.ibm.ws.webcontainer.util.DocumentRootUtils@431ad80d
      logger = class com.ibm.ws.logging.internal.WsLogger@110fbca9
      CLASS_NAME = "com.ibm.ws.webcontainer.util.DocumentRootUtils"
      useContentLength = false
      matchedFile = null
      matchedZipFile = null
      matchedEntry = null
      matchedURL = null
      edrRoot = null
      pfedrRoot = null
      ctxt = class com.ibm.ws.webcontainer31.osgi.webapp.WebApp31@1d766ae3
      baseDir = null
      edr = null
      pfedr = null
      metaInfRes = null
      searchpfEDR = false
      searchEDR = false
      searchMetaInfRes = true
      matchFromEDR = false
      matchFromMetaInfRes = false
      matchIsADirectory = false
      appConfig = class com.ibm.ws.webcontainer.osgi.webapp.WebAppConfiguration@a7d2011
      attributeType = "staticFile"
      STATIC_FILE = "staticFile"
      JSP = "jsp"
      PFEDR = "preFragmentExtendedDocumentRoot"
      EDR = "extendedDocumentRoot"
    jspDocRoot = class com.ibm.ws.webcontainer.util.DocumentRootUtils@56c5d569
      logger = class com.ibm.ws.logging.internal.WsLogger@110fbca9
      CLASS_NAME = "com.ibm.ws.webcontainer.util.DocumentRootUtils"
      useContentLength = false
      matchedFile = null
      matchedZipFile = null
      matchedEntry = null
      matchedURL = null
      edrRoot = null
      pfedrRoot = null
      ctxt = class com.ibm.ws.webcontainer31.osgi.webapp.WebApp31@1d766ae3
      baseDir = null
      edr = null
      pfedr = null
      metaInfRes = null
      searchpfEDR = false
      searchEDR = false
      searchMetaInfRes = true
      matchFromEDR = false
      matchFromMetaInfRes = false
      matchIsADirectory = false
      appConfig = class com.ibm.ws.webcontainer.osgi.webapp.WebAppConfiguration@a7d2011
      attributeType = "jsp"
      STATIC_FILE = "staticFile"
      JSP = "jsp"
      PFEDR = "preFragmentExtendedDocumentRoot"
      EDR = "extendedDocumentRoot"
    container = class com.ibm.ws.adaptable.module.internal.AdaptableContainerImpl@62779e8a
      root = class com.ibm.ws.adaptable.module.internal.AdaptableContainerImpl@62779e8a
      rootOverlay = class com.ibm.ws.artifact.overlay.internal.DirectoryBasedOverlayContainerImpl@6fba0c9e
      factoryHolder = class com.ibm.ws.adaptable.module.internal.AdaptableModuleFactoryImpl@78a74c12
      delegate = class com.ibm.ws.artifact.overlay.internal.DirectoryBasedOverlayContainerImpl@6fba0c9e
      notifier = class com.ibm.ws.adaptable.module.internal.NotifierImpl@32eddef9
      serialVersionUID = -5950528200509051684
      $$$tc$$$ = class com.ibm.websphere.ras.TraceComponent@70302ce2
    metaInfResourceFinder = class com.ibm.ws.webcontainer.util.MetaInfResourceFinder@66217810
      jarResourceContainers = class java.util.ArrayList@66e5fbae
      container = class com.ibm.ws.adaptable.module.internal.AdaptableContainerImpl@62779e8a
    postConstructMethods = class com.ibm.ws.webcontainer.webapp.WebApp$AnnotatedMethods@10492921
      annotationClass = class java.lang.Class@332afa79
      noOpClassNames = class java.util.HashSet@408b9038
      annotatedMethodNames = class java.util.concurrent.ConcurrentHashMap@199737ee
      EMPTY_METHODS = class java.lang.reflect.Method[0]
    preDestroyMethods = class com.ibm.ws.webcontainer.webapp.WebApp$AnnotatedMethods@5865195
      annotationClass = class java.lang.Class@66b708c9
      noOpClassNames = class java.util.HashSet@49440819
      annotatedMethodNames = class java.util.concurrent.ConcurrentHashMap@69609431
      EMPTY_METHODS = class java.lang.reflect.Method[0]
    OBJ_EMPTY = class java.lang.Object[0]
    CLASS_EMPTY = class java.lang.Class[0]
    DEFAULT_JSP_EXTENSIONS = class java.util.ArrayList@7d90b2d1
      serialVersionUID = 8683452581122892189
      DEFAULT_CAPACITY = 10
      EMPTY_ELEMENTDATA = class java.lang.Object[0]
      DEFAULTCAPACITY_EMPTY_ELEMENTDATA = class java.lang.Object[0]
      elementData = class java.lang.Object[10]
      size = 4
      MAX_ARRAY_SIZE = 2147483639
      modCount = 4
      MAX_ARRAY_SIZE = 2147483639
    DEFER_SERVLET_REQUEST_LISTENER_DESTROY_ON_ERROR = false
    DO_ACCEPT_PARTIAL = true
    DO_NOT_ACCEPT_PARTIAL = false
    DO_ACCEPT_EXCLUDED = true
    DO_NOT_ACCEPT_EXCLUDED = false
    commands = class java.util.ArrayList@101cb48b
      serialVersionUID = 8683452581122892189
      DEFAULT_CAPACITY = 10
      EMPTY_ELEMENTDATA = class java.lang.Object[0]
      DEFAULTCAPACITY_EMPTY_ELEMENTDATA = class java.lang.Object[0]
      elementData = class java.lang.Object[3]
      size = 0
      MAX_ARRAY_SIZE = 2147483639
      modCount = 0
      MAX_ARRAY_SIZE = 2147483639
    requestMapper = class com.ibm.wsspi.webcontainer.util.URIMapper@49c58788
      matcher = class com.ibm.wsspi.webcontainer.util.URIMatcher@25fac164
    parent = class com.ibm.ws.webcontainer.osgi.webapp.WebGroup@7e787ddc
      tc = class com.ibm.websphere.ras.TraceComponent@2c44ddf
      logger = class com.ibm.ws.logging.internal.WsLogger@45643e33
      CLASS_NAME = "com.ibm.ws.webcontainer.webapp.WebGroup"
      sessUrlRewritePrefix = ";jsessionid="
      qMark = "?"
      config = class com.ibm.ws.webcontainer.osgi.webapp.WebGroupConfiguration@6e1ca9cc
      webApp = class com.ibm.ws.webcontainer31.osgi.webapp.WebApp31@1d766ae3
      commands = class java.util.ArrayList@12403caf
      requestMapper = null
      parent = class com.ibm.ws.webcontainer.osgi.DynamicVirtualHost@41194189
      name = "/CookTimeServer/*"
      isAlive = true
      subElements = class java.util.HashMap@58968637
      attributes = null
      config = null
      serialVersionUID = -8271459000149267764
      $$$tc$$$ = class com.ibm.websphere.ras.TraceComponent@96daa70
    name = "CookTimeServer"
    isAlive = true
    subElements = null
    attributes = class java.util.concurrent.ConcurrentHashMap@6065ef8
      serialVersionUID = 7249069246763182397
      MAXIMUM_CAPACITY = 1073741824
      DEFAULT_CAPACITY = 16
      MAX_ARRAY_SIZE = 2147483639
      DEFAULT_CONCURRENCY_LEVEL = 16
      LOAD_FACTOR = 0.75
      TREEIFY_THRESHOLD = 8
      UNTREEIFY_THRESHOLD = 6
      MIN_TREEIFY_CAPACITY = 64
      MIN_TRANSFER_STRIDE = 16
      RESIZE_STAMP_BITS = 16
      MAX_RESIZERS = 65535
      RESIZE_STAMP_SHIFT = 16
      MOVED = -1
      TREEBIN = -2
      RESERVED = -3
      HASH_BITS = 2147483647
      NCPU = 8
      serialPersistentFields = class java.io.ObjectStreamField[3]
      table = class java.util.concurrent.ConcurrentHashMap$Node[128]
      nextTable = null
      baseCount = 48
      sizeCtl = 96
      transferIndex = 0
      cellsBusy = 0
      counterCells = null
      keySet = null
      values = null
      entrySet = null
      U = class sun.misc.Unsafe@171eb122
      SIZECTL = 20
      TRANSFERINDEX = 32
      BASECOUNT = 24
      CELLSBUSY = 36
      CELLVALUE = 144
      ABASE = 16
      ASHIFT = 2
      keySet = null
      values = null
    config = null
    serialVersionUID = -8271459000149267764
    $$$tc$$$ = class com.ibm.websphere.ras.TraceComponent@96daa70
      strings[0] = "TraceComponent[com.ibm.ws.container.AbstractContainer,class com.ibm.ws.container.AbstractContainer,[],null,null]"

