------Start of DE processing------ = [7/21/20 16:59:56:756 CST]
Exception = javax.servlet.ServletException
Source = com.ibm.ws.webcontainer.filter.FilterInstanceWrapper.doFilter
probeid = 144
Stack Dump = javax.servlet.ServletException: org.codehaus.jackson.map.exc.UnrecognizedPropertyException: Unrecognized field "portionSize" (Class cr.ac.tec.userObjects.Recipe), not marked as ignorable
 at [Source: org.apache.cxf.transport.http.AbstractHTTPDestination$1@33ad00b4; line: 1, column: 177053] (through reference chain: cr.ac.tec.userObjects.Recipe["portionSize"])
	at com.ibm.ws.jaxrs20.endpoint.AbstractJaxRsWebEndpoint.invoke(AbstractJaxRsWebEndpoint.java:143)
	at com.ibm.websphere.jaxrs.server.IBMRestServlet.handleRequest(IBMRestServlet.java:146)
	at com.ibm.websphere.jaxrs.server.IBMRestServlet.doPost(IBMRestServlet.java:104)
	at javax.servlet.http.HttpServlet.service(HttpServlet.java:707)
	at com.ibm.websphere.jaxrs.server.IBMRestServlet.service(IBMRestServlet.java:96)
	at com.ibm.ws.webcontainer.servlet.ServletWrapper.service(ServletWrapper.java:1230)
	at com.ibm.ws.webcontainer.servlet.ServletWrapper.handleRequest(ServletWrapper.java:729)
	at com.ibm.ws.webcontainer.servlet.ServletWrapper.handleRequest(ServletWrapper.java:426)
	at com.ibm.ws.webcontainer.filter.WebAppFilterChain.invokeTarget(WebAppFilterChain.java:182)
	at com.ibm.ws.webcontainer.filter.WebAppFilterChain.doFilter(WebAppFilterChain.java:93)
	at com.ibm.ws.security.jaspi.JaspiServletFilter.doFilter(JaspiServletFilter.java:56)
	at com.ibm.ws.webcontainer.filter.FilterInstanceWrapper.doFilter(FilterInstanceWrapper.java:201)
	at com.ibm.ws.webcontainer.filter.WebAppFilterChain.doFilter(WebAppFilterChain.java:90)
	at com.ibm.ws.webcontainer.filter.WebAppFilterManager.doFilter(WebAppFilterManager.java:1001)
	at com.ibm.ws.webcontainer.filter.WebAppFilterManager.invokeFilters(WebAppFilterManager.java:1139)
	at com.ibm.ws.webcontainer.webapp.WebApp.handleRequest(WebApp.java:5037)
	at com.ibm.ws.webcontainer.osgi.DynamicVirtualHost$2.handleRequest(DynamicVirtualHost.java:314)
	at com.ibm.ws.webcontainer.WebContainer.handleRequest(WebContainer.java:1007)
	at com.ibm.ws.webcontainer.osgi.DynamicVirtualHost$2.run(DynamicVirtualHost.java:279)
	at com.ibm.ws.http.dispatcher.internal.channel.HttpDispatcherLink$TaskWrapper.run(HttpDispatcherLink.java:1134)
	at com.ibm.ws.http.dispatcher.internal.channel.HttpDispatcherLink.wrapHandlerAndExecute(HttpDispatcherLink.java:415)
	at com.ibm.ws.http.dispatcher.internal.channel.HttpDispatcherLink.ready(HttpDispatcherLink.java:374)
	at com.ibm.ws.http.channel.internal.inbound.HttpInboundLink.handleDiscrimination(HttpInboundLink.java:546)
	at com.ibm.ws.http.channel.internal.inbound.HttpInboundLink.handleNewRequest(HttpInboundLink.java:480)
	at com.ibm.ws.http.channel.internal.inbound.HttpInboundLink.processRequest(HttpInboundLink.java:345)
	at com.ibm.ws.http.channel.internal.inbound.HttpInboundLink.ready(HttpInboundLink.java:316)
	at com.ibm.ws.tcpchannel.internal.NewConnectionInitialReadCallback.sendToDiscriminators(NewConnectionInitialReadCallback.java:167)
	at com.ibm.ws.tcpchannel.internal.NewConnectionInitialReadCallback.complete(NewConnectionInitialReadCallback.java:75)
	at com.ibm.ws.tcpchannel.internal.WorkQueueManager.requestComplete(WorkQueueManager.java:504)
	at com.ibm.ws.tcpchannel.internal.WorkQueueManager.attemptIO(WorkQueueManager.java:574)
	at com.ibm.ws.tcpchannel.internal.WorkQueueManager.workerRun(WorkQueueManager.java:958)
	at com.ibm.ws.tcpchannel.internal.WorkQueueManager$Worker.run(WorkQueueManager.java:1047)
	at com.ibm.ws.threading.internal.ExecutorServiceImpl$RunnableWrapper.run(ExecutorServiceImpl.java:239)
	at java.util.concurrent.ThreadPoolExecutor.runWorker(Unknown Source)
	at java.util.concurrent.ThreadPoolExecutor$Worker.run(Unknown Source)
	at java.lang.Thread.run(Unknown Source)
Caused by: org.codehaus.jackson.map.exc.UnrecognizedPropertyException: Unrecognized field "portionSize" (Class cr.ac.tec.userObjects.Recipe), not marked as ignorable
 at [Source: org.apache.cxf.transport.http.AbstractHTTPDestination$1@33ad00b4; line: 1, column: 177053] (through reference chain: cr.ac.tec.userObjects.Recipe["portionSize"])
	at org.codehaus.jackson.map.exc.UnrecognizedPropertyException.from(UnrecognizedPropertyException.java:53)
	at org.codehaus.jackson.map.deser.StdDeserializationContext.unknownFieldException(StdDeserializationContext.java:267)
	at org.codehaus.jackson.map.deser.std.StdDeserializer.reportUnknownProperty(StdDeserializer.java:673)
	at org.codehaus.jackson.map.deser.std.StdDeserializer.handleUnknownProperty(StdDeserializer.java:659)
	at org.codehaus.jackson.map.deser.BeanDeserializer.handleUnknownProperty(BeanDeserializer.java:1365)
	at org.codehaus.jackson.map.deser.BeanDeserializer._handleUnknown(BeanDeserializer.java:725)
	at org.codehaus.jackson.map.deser.BeanDeserializer.deserializeFromObject(BeanDeserializer.java:703)
	at org.codehaus.jackson.map.deser.BeanDeserializer.deserialize(BeanDeserializer.java:580)
	at org.codehaus.jackson.map.ObjectMapper._readValue(ObjectMapper.java:2704)
	at org.codehaus.jackson.map.ObjectMapper.readValue(ObjectMapper.java:1315)
	at org.codehaus.jackson.jaxrs.JacksonJsonProvider.readFrom(JacksonJsonProvider.java:419)
	at org.apache.cxf.jaxrs.utils.JAXRSUtils$2.run(JAXRSUtils.java:1433)
	at java.security.AccessController.doPrivileged(Native Method)
	at org.apache.cxf.jaxrs.utils.JAXRSUtils.readFromMessageBodyReader(JAXRSUtils.java:1430)
	at org.apache.cxf.jaxrs.utils.JAXRSUtils.readFromMessageBody(JAXRSUtils.java:1379)
	at org.apache.cxf.jaxrs.utils.JAXRSUtils.processParameter(JAXRSUtils.java:904)
	at org.apache.cxf.jaxrs.utils.JAXRSUtils.processParameters(JAXRSUtils.java:851)
	at org.apache.cxf.jaxrs.interceptor.JAXRSInInterceptor.processRequest(JAXRSInInterceptor.java:288)
	at org.apache.cxf.jaxrs.interceptor.JAXRSInInterceptor.handleMessage(JAXRSInInterceptor.java:90)
	at org.apache.cxf.phase.PhaseInterceptorChain.doIntercept(PhaseInterceptorChain.java:309)
	at org.apache.cxf.transport.ChainInitiationObserver.onMessage(ChainInitiationObserver.java:124)
	at org.apache.cxf.transport.http.AbstractHTTPDestination.invoke(AbstractHTTPDestination.java:271)
	at com.ibm.ws.jaxrs20.endpoint.AbstractJaxRsWebEndpoint.invoke(AbstractJaxRsWebEndpoint.java:136)
	... 35 more

Dump of callerThis
Object type = com.ibm.ws.webcontainer.filter.FilterInstanceWrapper
  FILTER_STATE_UNINITIALIZED = 0
  FILTER_STATE_INITIALIZING = 1
  FILTER_STATE_AVAILABLE = 2
  FILTER_STATE_DESTROYING = 3
  FILTER_STATE_DESTROYED = 4
  FILTER_STATE_UNAVAILABLE = 5
  _filterName = "com.ibm.ws.security.jaspi.servlet.filter"
  _filterInstance = class com.ibm.ws.security.jaspi.JaspiServletFilter@578e081
    serialVersionUID = -1292833612206940252
    $$$tc$$$ = class com.ibm.websphere.ras.TraceComponent@47c204c6
      strings[0] = "TraceComponent[com.ibm.ws.security.jaspi.JaspiServletFilter,class com.ibm.ws.security.jaspi.JaspiServletFilter,[security],com.ibm.ws.security.jaspi.internal.resources.JaspiMessages,null]"
  _filterState = 2
  nServicing = class java.util.concurrent.atomic.AtomicInteger@5bdd907
    serialVersionUID = 6214790243416807050
    unsafe = class sun.misc.Unsafe@70a273fa
      theUnsafe = class sun.misc.Unsafe@70a273fa
      INVALID_FIELD_OFFSET = -1
      ARRAY_BOOLEAN_BASE_OFFSET = 16
      ARRAY_BYTE_BASE_OFFSET = 16
      ARRAY_SHORT_BASE_OFFSET = 16
      ARRAY_CHAR_BASE_OFFSET = 16
      ARRAY_INT_BASE_OFFSET = 16
      ARRAY_LONG_BASE_OFFSET = 16
      ARRAY_FLOAT_BASE_OFFSET = 16
      ARRAY_DOUBLE_BASE_OFFSET = 16
      ARRAY_OBJECT_BASE_OFFSET = 16
      ARRAY_BOOLEAN_INDEX_SCALE = 1
      ARRAY_BYTE_INDEX_SCALE = 1
      ARRAY_SHORT_INDEX_SCALE = 2
      ARRAY_CHAR_INDEX_SCALE = 2
      ARRAY_INT_INDEX_SCALE = 4
      ARRAY_LONG_INDEX_SCALE = 8
      ARRAY_FLOAT_INDEX_SCALE = 4
      ARRAY_DOUBLE_INDEX_SCALE = 8
      ARRAY_OBJECT_INDEX_SCALE = 4
      ADDRESS_SIZE = 8
    valueOffset = 12
    value = 0
    serialVersionUID = -8742448824652078965
  logger = class com.ibm.ws.logging.internal.WsLogger@4587eae0
    tc = class com.ibm.websphere.ras.TraceComponent@5622f77a
      strings[0] = "TraceComponent[com.ibm.ws.logging.internal.WsLogger,class com.ibm.ws.logging.internal.WsLogger,[logging],com.ibm.ws.logging.internal.resources.LoggingMessages,null]"
    ivCachedResourceBundleName = null
    ivCachedResourceBundle = null
    ivComponent = null
    ivOrganization = null
    ivProduct = null
    ivMinimumLocalizationLevelIntValue = 625
    ivTC = class com.ibm.websphere.ras.TraceComponent@27a5a5af
      strings[0] = "TraceComponent[com.ibm.ws.webcontainer.filter,class com.ibm.wsspi.webcontainer.logging.LoggerFactory$1,[com.ibm.ws.webcontainer.filter],null,null]"
    loggerRegistrationComponent = class java.lang.ThreadLocal@36c7e165
      threadLocalHashCode = 1914802624
      nextHashCode = class java.util.concurrent.atomic.AtomicInteger@3e0468dc
      HASH_INCREMENT = 1640531527
    emptyHandlers = class java.util.logging.Handler[0]
    offValue = 2147483647
    SYSTEM_LOGGER_RB_NAME = "sun.util.logging.resources.logging"
    SYSTEM_BUNDLE = class java.util.logging.Logger$LoggerBundle@9373c21
      resourceBundleName = "sun.util.logging.resources.logging"
      userBundle = null
    NO_RESOURCE_BUNDLE = class java.util.logging.Logger$LoggerBundle@72e8cd23
      resourceBundleName = null
      userBundle = null
    manager = class com.ibm.ws.kernel.boot.logging.WsLogManager@7badd6d2
      CLASS_NAME = "com.ibm.ws.kernel.boot.logging.WsLogManager"
      CONFIGURE_BY_SERVER_PROPERTY_NAME = "java.util.logging.configureByServer"
      CONFIGURE_BY_LOGGING_PROPERTIES_FILE = "java.util.logging.configureByLoggingPropertiesFile"
      configureByServer = true
      configureByLoggingProperties = false
      wsLogger = class java.lang.reflect.Constructor@568df8e9
      resetEnabled = true
      svBinaryLoggingEnable = false
      manager = class com.ibm.ws.kernel.boot.logging.WsLogManager@7badd6d2
      props = class java.util.Properties@776aeaa3
      defaultLevel = class java.util.logging.Level@2a1e68d7
      listenerMap = class java.util.HashMap@36f3a3d5
      systemContext = class java.util.logging.LogManager$SystemLoggerContext@f805f52
      userContext = class java.util.logging.LogManager$LoggerContext@36eb8fbd
      rootLogger = class java.util.logging.LogManager$RootLogger@16f45431
      readPrimordialConfiguration = true
      initializedGlobalHandlers = true
      deathImminent = false
      initializedCalled = true
      initializationDone = true
      contextsMap = null
      loggerRefQueue = class java.lang.ref.ReferenceQueue@3db2a031
      MAX_ITERATIONS = 400
      controlPermission = class java.util.logging.LoggingPermission@30c5121a
      loggingMXBean = null
      LOGGING_MXBEAN_NAME = "java.util.logging:type=Logging"
      $assertionsDisabled = true
    name = "com.ibm.ws.webcontainer.filter"
    handlers = class java.util.concurrent.CopyOnWriteArrayList@3c01b33f
      serialVersionUID = 8673264195747942595
      lock = class java.util.concurrent.locks.ReentrantLock@7002c00c
      array = class java.lang.Object[0]
      UNSAFE = class sun.misc.Unsafe@70a273fa
      lockOffset = 12
    loggerBundle = class java.util.logging.Logger$LoggerBundle@3494f75a
      resourceBundleName = "com.ibm.ws.webcontainer.resources.Messages"
      userBundle = null
    useParentHandlers = true
    filter = null
    anonymous = false
    catalog = class com.ibm.ws.webcontainer.resources.Messages@41874460
      resources = class [Ljava.lang.Object;[338]
      lookup = class java.util.HashMap@528e027c
      INITIAL_CACHE_SIZE = 32
      NONEXISTENT_BUNDLE = class java.util.ResourceBundle$1@7c95333d
      cacheList = class java.util.concurrent.ConcurrentHashMap@4f0205c5
      referenceQueue = class java.lang.ref.ReferenceQueue@33ef1081
      parent = null
      locale = class java.util.Locale@f820d3d
      name = "com.ibm.ws.webcontainer.resources.Messages"
      expired = false
      cacheKey = class java.util.ResourceBundle$CacheKey@415b054f
      keySet = null
      providers = null
      $assertionsDisabled = true
    catalogName = "com.ibm.ws.webcontainer.resources.Messages"
    catalogLocale = class java.util.Locale@38dda415
      LOCALECACHE = class java.util.Locale$Cache@5a439762
      ENGLISH = class java.util.Locale@25e4a707
      FRENCH = class java.util.Locale@790bb713
      GERMAN = class java.util.Locale@7819f693
      ITALIAN = class java.util.Locale@3e278675
      JAPANESE = class java.util.Locale@3e7bd229
      KOREAN = class java.util.Locale@1a6c49da
      CHINESE = class java.util.Locale@2d76996a
      SIMPLIFIED_CHINESE = class java.util.Locale@2fe0a69f
      TRADITIONAL_CHINESE = class java.util.Locale@4feac3d0
      FRANCE = class java.util.Locale@3730716e
      GERMANY = class java.util.Locale@2e14132b
      ITALY = class java.util.Locale@46a9c28
      JAPAN = class java.util.Locale@1d873b36
      KOREA = class java.util.Locale@290892e9
      CHINA = class java.util.Locale@2fe0a69f
      PRC = class java.util.Locale@2fe0a69f
      TAIWAN = class java.util.Locale@4feac3d0
      UK = class java.util.Locale@270b41a8
      US = class java.util.Locale@38dda415
      CANADA = class java.util.Locale@775012bd
      CANADA_FRENCH = class java.util.Locale@53aad9ea
      ROOT = class java.util.Locale@f820d3d
      PRIVATE_USE_EXTENSION = x
      UNICODE_LOCALE_EXTENSION = u
      serialVersionUID = 9149081749638150636
      DISPLAY_LANGUAGE = 0
      DISPLAY_COUNTRY = 1
      DISPLAY_VARIANT = 2
      DISPLAY_SCRIPT = 3
      baseLocale = class sun.util.locale.BaseLocale@3ed896ac
      localeExtensions = null
      hashCodeValue = 96636889
      defaultLocale = class java.util.Locale@38dda415
      defaultDisplayLocale = null
      defaultFormatLocale = class java.util.Locale@38dda415
      languageTag = "en-US"
      serialPersistentFields = class java.io.ObjectStreamField[6]
      isoLanguages = null
      isoCountries = null
      $assertionsDisabled = true
    treeLock = class java.lang.Object@2dd3ee9a
    parent = class com.ibm.ws.logging.internal.WsLogger@6136168e
      tc = class com.ibm.websphere.ras.TraceComponent@5622f77a
      ivCachedResourceBundleName = "com.ibm.ws.webcontainer.resources.Messages"
      ivCachedResourceBundle = class com.ibm.ws.webcontainer.resources.Messages@41874460
      ivComponent = null
      ivOrganization = null
      ivProduct = null
      ivMinimumLocalizationLevelIntValue = 625
      ivTC = class com.ibm.websphere.ras.TraceComponent@64aa4471
      loggerRegistrationComponent = class java.lang.ThreadLocal@36c7e165
      emptyHandlers = class java.util.logging.Handler[0]
      offValue = 2147483647
      SYSTEM_LOGGER_RB_NAME = "sun.util.logging.resources.logging"
      SYSTEM_BUNDLE = class java.util.logging.Logger$LoggerBundle@9373c21
      NO_RESOURCE_BUNDLE = class java.util.logging.Logger$LoggerBundle@72e8cd23
      manager = class com.ibm.ws.kernel.boot.logging.WsLogManager@7badd6d2
      name = "com.ibm.ws.webcontainer"
      handlers = class java.util.concurrent.CopyOnWriteArrayList@68095335
      loggerBundle = class java.util.logging.Logger$LoggerBundle@61567b65
      useParentHandlers = true
      filter = null
      anonymous = false
      catalog = class com.ibm.ws.webcontainer.resources.Messages@41874460
      catalogName = "com.ibm.ws.webcontainer.resources.Messages"
      catalogLocale = class java.util.Locale@38dda415
      treeLock = class java.lang.Object@2dd3ee9a
      parent = class java.util.logging.Logger@344b5d00
      kids = class java.util.ArrayList@6cbdf50b
      levelObject = class java.util.logging.Level@2a1e68d7
      levelValue = 800
      callersClassLoaderRef = class java.lang.ref.WeakReference@1d02c3d5
      isSystemLogger = false
      GLOBAL_LOGGER_NAME = "global"
      global = class java.util.logging.Logger@4d230adf
      $assertionsDisabled = true
    kids = null
    levelObject = class java.util.logging.Level@2a1e68d7
      defaultBundle = "sun.util.logging.resources.logging"
      name = "INFO"
      value = 800
      resourceBundleName = "sun.util.logging.resources.logging"
      localizedLevelName = "INFO"
      cachedLocale = class java.util.Locale@38dda415
      OFF = class java.util.logging.Level@31715b0c
      SEVERE = class java.util.logging.Level@4b66d678
      WARNING = class java.util.logging.Level@142c2cbc
      INFO = class java.util.logging.Level@2a1e68d7
      CONFIG = class java.util.logging.Level@2d0bf91d
      FINE = class java.util.logging.Level@16996e8b
      FINER = class java.util.logging.Level@6bb1af36
      FINEST = class java.util.logging.Level@1e8d3730
      ALL = class java.util.logging.Level@6c3cf6ed
      serialVersionUID = -8176160795706313070
    levelValue = 800
    callersClassLoaderRef = class java.lang.ref.WeakReference@4ebedbc2
      referent = class org.eclipse.osgi.internal.loader.EquinoxClassLoader@18634230
      queue = class java.lang.ref.ReferenceQueue$Null@3e8c2c05
      next = null
      discovered = null
      lock = class java.lang.ref.Reference$Lock@7b4ef26b
      pending = null
    isSystemLogger = false
    GLOBAL_LOGGER_NAME = "global"
    global = class java.util.logging.Logger@4d230adf
      emptyHandlers = class java.util.logging.Handler[0]
      offValue = 2147483647
      SYSTEM_LOGGER_RB_NAME = "sun.util.logging.resources.logging"
      SYSTEM_BUNDLE = class java.util.logging.Logger$LoggerBundle@9373c21
      NO_RESOURCE_BUNDLE = class java.util.logging.Logger$LoggerBundle@72e8cd23
      manager = class com.ibm.ws.kernel.boot.logging.WsLogManager@7badd6d2
      name = "global"
      handlers = class java.util.concurrent.CopyOnWriteArrayList@343e6f97
      loggerBundle = class java.util.logging.Logger$LoggerBundle@72e8cd23
      useParentHandlers = true
      filter = null
      anonymous = false
      catalog = null
      catalogName = null
      catalogLocale = null
      treeLock = class java.lang.Object@2dd3ee9a
      parent = class java.util.logging.LogManager$RootLogger@16f45431
      kids = null
      levelObject = null
      levelValue = 800
      callersClassLoaderRef = null
      isSystemLogger = true
      GLOBAL_LOGGER_NAME = "global"
      global = class java.util.logging.Logger@4d230adf
      $assertionsDisabled = true
    $assertionsDisabled = true
  CLASS_NAME = "com.ibm.ws.webcontainer.filter.FilterInstanceWrapper"
  _filterEvent = null
  _filterConfig = class com.ibm.ws.webcontainer.filter.FilterConfig@54ae90b0
    tc = class com.ibm.websphere.ras.TraceComponent@3a8c723a
      strings[0] = "TraceComponent[com.ibm.ws.webcontainer.filter.FilterConfig,class com.ibm.ws.webcontainer.filter.FilterConfig,[webcontainer],com.ibm.ws.webcontainer.resources.LShimMessages,null]"
    dispatchMode = null
    filterClassLoader = null
    isInternal = false
    webAppConfig = class com.ibm.ws.webcontainer.osgi.webapp.WebAppConfiguration@57f2a9b
      webModuleMetaData = class com.ibm.ws.webcontainer.osgi.metadata.WebModuleMetaDataImpl@a05a709
      webComponentMetaData = class com.ibm.ws.webcontainer.osgi.metadata.WebComponentMetaDataImpl@6ed99d44
      dVirtualHost = class com.ibm.ws.webcontainer.osgi.DynamicVirtualHost@1ac2533
      orderedLibPaths = class java.util.Collections$UnmodifiableRandomAccessList@6e3b871a
      bundleHeaders = null
      cdiEnabled = false
      CLASS_NAME = "com.ibm.ws.webcontainer.webapp.WebAppConfiguration"
      logger = class com.ibm.ws.logging.internal.WsLogger@f4e5712
      tc = class com.ibm.websphere.ras.TraceComponent@55918fe6
      nls = class com.ibm.ejs.ras.TraceNLS@2d5fc802
      version = 30
      contextRoot = "/CookTimeServer"
      isDefaultContextRootUsed = false
      sessionTimeout = 0
      moduleSessionTimeoutSet = false
      moduleSessionTrackingModeSet = false
      sessionCookieConfig = class com.ibm.ws.session.SessionCookieConfigImpl@1f6e89e4
      hasProgrammaticCookieConfig = false
      sessionDefaultTrackingModeSet = class java.util.RegularEnumSet@4f2d8c33
      sessionManagerConfig = class com.ibm.ws.session.SessionManagerConfig@3226b403
      displayName = "CookTimeServer"
      description = null
      reloadInterval = 3
      distributable = false
      denyUncoveredHttpMethods = false
      reloadingEnabled = true
      serveServletsByClassnameEnabled = false
      defaultErrorPage = null
      additionalClassPath = null
      fileServingEnabled = true
      directoryBrowsingEnabled = false
      autoRequestEncoding = false
      autoResponseEncoding = false
      autoLoadFilters = false
      requestListeners = null
      requestAttributeListeners = null
      sessionListeners = null
      localeMap = null
      moduleName = "CookTimeServer"
      j2eeModuleName = "CookTimeServer.war"
      moduleId = null
      isSyncToThreadEnabled = false
      encodeDispatchedRequestURI = false
      isSystemApp = false
      ardEnabled = false
      ardDispatchType = null
      listeners = class java.util.ArrayList@616a659d
      welcomeFileList = class java.util.ArrayList@aa0f1fd
      servletMappings = class java.util.HashMap@29cfa88e
      lastIndexBeforeDeclaredFilters = 1
      filterMappings = class java.util.ArrayList@2ece8718
      servletInfo = class java.util.concurrent.ConcurrentHashMap@1c3a59d1
      filterInfo = class java.util.HashMap@11186cb2
      mimeMappings = class java.util.HashMap@45c73dc7
      mimeFilters = null
      isMimeFilteringEnabled = false
      theWebGroup = null
      jspAttributes = class java.util.HashMap@1feb8420
      fileServingAttributes = class java.util.HashMap@51d1b2dd
      invokerAttributes = class java.util.HashMap@37e39a9
      contextParams = class java.util.HashMap@7f2b0504
      virtualHost = "default_host"
      exceptionErrorPages = class java.util.HashMap@3c225445
      codeErrorPages = class java.util.HashMap@60b94e46
      tagLibList = null
      precompileJsps = false
      webApp = class com.ibm.ws.webcontainer31.osgi.webapp.WebApp31@50315618
      virtualHostList = class java.util.Collections$EmptyList@12789089
      appStartupWeight = 0
      moduleStartupWeight = 0
      metaDataComplete = false
      classesToScan = class java.util.ArrayList@35dca4e7
      uriFilterMappingInfos = class java.util.ArrayList@1b725e65
      servletFilterMappingInfos = null
      dynamicServletRegistrationMap = null
      applicationName = "CookTimeServer"
      libBinPathList = class java.util.ArrayList@3193e833
      webXmlDefinedListeners = class java.util.HashSet@6739ca50
      allRefs = class java.util.EnumMap@3712a1cc
      allRefBindings = class java.util.EnumMap@3e1a403d
      envEntryValues = class java.util.HashMap@1066e5bd
      resourceRefConfigList = class com.ibm.ws.resource.internal.ResourceRefConfigListImpl@39a4d6ab
      disallowAllFileServingProp = "false"
      disallowServeServletsByClassnameProp = "true"
      disableStaticMappingCache = false
      jspCachedLocations = class java.util.HashMap@1b9a0c92
      primedSTSHeader = "NoValue"
      enablemultireadofpostdata = false
      requestEncoding = null
      responseEncoding = null
      NULLSERVLETNAME = "com.ibm.ws.webcontainer.NullServletName"
      _id = "WebAppGeneratedId1"
      _attributes = null
      serialVersionUID = 7511545662945734886
      $$$tc$$$ = class com.ibm.websphere.ras.TraceComponent@52b0a2bf
    filter = null
    filterClass = class java.lang.Class@5235b8ec
      ANNOTATION = 8192
      ENUM = 16384
      SYNTHETIC = 4096
      cachedConstructor = null
      newInstanceCallerCache = null
      name = "com.ibm.ws.security.jaspi.JaspiServletFilter"
      allPermDomain = class java.security.ProtectionDomain@3a39c79a
      useCaches = true
      reflectionData = class java.lang.ref.SoftReference@3594c064
      classRedefinedCount = 0
      genericInfo = null
      serialVersionUID = 3206093459760846163
      serialPersistentFields = class java.io.ObjectStreamField[0]
      reflectionFactory = class sun.reflect.ReflectionFactory@4f8f711c
      initted = true
      enumConstants = null
      enumConstantDirectory = null
      annotationData = class java.lang.Class$AnnotationData@7987008b
      annotationType = null
      classValueMap = null
    urlPatternMappings = class java.util.ArrayList@451129d4
      serialVersionUID = 8683452581122892189
      DEFAULT_CAPACITY = 10
      EMPTY_ELEMENTDATA = class java.lang.Object[0]
      DEFAULTCAPACITY_EMPTY_ELEMENTDATA = class java.lang.Object[0]
      elementData = class java.lang.Object[10]
      size = 1
      MAX_ARRAY_SIZE = 2147483639
      modCount = 1
      MAX_ARRAY_SIZE = 2147483639
    servletNameMappings = null
    nls = class com.ibm.ejs.ras.TraceNLS@3a354088
      resolver = class com.ibm.ws.logging.internal.TraceNLSResolver@47aa8394
      finder = class com.ibm.ws.logging.internal.StackFinder@53cd0865
      ivBundleName = "com.ibm.ws.webcontainer.resources.Messages"
      caller = class java.lang.Class@9831f80
    logger = class com.ibm.ws.logging.internal.WsLogger@31f35d66
      tc = class com.ibm.websphere.ras.TraceComponent@5622f77a
      ivCachedResourceBundleName = "com.ibm.ws.webcontainer.resources.Messages"
      ivCachedResourceBundle = class com.ibm.ws.webcontainer.resources.Messages@41874460
      ivComponent = null
      ivOrganization = null
      ivProduct = null
      ivMinimumLocalizationLevelIntValue = 625
      ivTC = class com.ibm.websphere.ras.TraceComponent@4b992472
      loggerRegistrationComponent = class java.lang.ThreadLocal@36c7e165
      emptyHandlers = class java.util.logging.Handler[0]
      offValue = 2147483647
      SYSTEM_LOGGER_RB_NAME = "sun.util.logging.resources.logging"
      SYSTEM_BUNDLE = class java.util.logging.Logger$LoggerBundle@9373c21
      NO_RESOURCE_BUNDLE = class java.util.logging.Logger$LoggerBundle@72e8cd23
      manager = class com.ibm.ws.kernel.boot.logging.WsLogManager@7badd6d2
      name = "com.ibm.ws.webcontainer.servlet"
      handlers = class java.util.concurrent.CopyOnWriteArrayList@3c0e14ea
      loggerBundle = class java.util.logging.Logger$LoggerBundle@ce8f17e
      useParentHandlers = true
      filter = null
      anonymous = false
      catalog = class com.ibm.ws.webcontainer.resources.Messages@41874460
      catalogName = "com.ibm.ws.webcontainer.resources.Messages"
      catalogLocale = class java.util.Locale@38dda415
      treeLock = class java.lang.Object@2dd3ee9a
      parent = class com.ibm.ws.logging.internal.WsLogger@6136168e
      kids = null
      levelObject = class java.util.logging.Level@2a1e68d7
      levelValue = 800
      callersClassLoaderRef = class java.lang.ref.WeakReference@7fb68c8d
      isSystemLogger = false
      GLOBAL_LOGGER_NAME = "global"
      global = class java.util.logging.Logger@4d230adf
      $assertionsDisabled = true
    CLASS_NAME = "com.ibm.ws.webcontainer.servlet.TargetConfig"
    initParams = null
    fileName = null
    displayName = "com.ibm.ws.security.jaspi.servlet.filter"
    name = "com.ibm.ws.security.jaspi.servlet.filter"
    description = null
    smallIcon = null
    largeIcon = null
    context = class com.ibm.ws.webcontainer31.facade.ServletContextFacade31@321aa4f0
      context = class com.ibm.ws.webcontainer31.osgi.webapp.WebApp31@50315618
    className = null
    asyncSupported = true
    _id = "com.ibm.ws.security.jaspi.servlet.filter"
    _attributes = null
    serialVersionUID = 7511545662945734886
    $$$tc$$$ = class com.ibm.websphere.ras.TraceComponent@52b0a2bf
      strings[0] = "TraceComponent[com.ibm.ws.container.BaseConfiguration,class com.ibm.ws.container.BaseConfiguration,[],null,null]"
  _eventSource = class com.ibm.ws.webcontainer.webapp.WebAppEventSource@6cc3ad2d
    _invocationListeners = class com.ibm.ws.webcontainer.util.EventListeners@c1b4ed8
      EMPTY_LISTENERS = interface java.util.EventListener[0]
      logger = class com.ibm.ws.logging.internal.WsLogger@7272add8
      CLASS_NAME = "com.ibm.ws.webcontainer.util.EventListeners"
      listeners = interface java.util.EventListener[0]
    _servletListeners = class com.ibm.ws.webcontainer.util.EventListeners@7b59fb1e
      EMPTY_LISTENERS = interface java.util.EventListener[0]
      logger = class com.ibm.ws.logging.internal.WsLogger@7272add8
      CLASS_NAME = "com.ibm.ws.webcontainer.util.EventListeners"
      listeners = interface java.util.EventListener[0]
    _errorListeners = class com.ibm.ws.webcontainer.util.EventListeners@ef8cc98
      EMPTY_LISTENERS = interface java.util.EventListener[0]
      logger = class com.ibm.ws.logging.internal.WsLogger@7272add8
      CLASS_NAME = "com.ibm.ws.webcontainer.util.EventListeners"
      listeners = interface java.util.EventListener[0]
    _applicationListeners = class com.ibm.ws.webcontainer.util.EventListeners@228b0e5f
      EMPTY_LISTENERS = interface java.util.EventListener[0]
      logger = class com.ibm.ws.logging.internal.WsLogger@7272add8
      CLASS_NAME = "com.ibm.ws.webcontainer.util.EventListeners"
      listeners = interface java.util.EventListener[0]
    _filterInvocationListeners = class com.ibm.ws.webcontainer.util.EventListeners@74b0f958
      EMPTY_LISTENERS = interface java.util.EventListener[0]
      logger = class com.ibm.ws.logging.internal.WsLogger@7272add8
      CLASS_NAME = "com.ibm.ws.webcontainer.util.EventListeners"
      listeners = interface java.util.EventListener[0]
    _filterListeners = class com.ibm.ws.webcontainer.util.EventListeners@40056ddb
      EMPTY_LISTENERS = interface java.util.EventListener[0]
      logger = class com.ibm.ws.logging.internal.WsLogger@7272add8
      CLASS_NAME = "com.ibm.ws.webcontainer.util.EventListeners"
      listeners = interface java.util.EventListener[0]
    _filterErrorListeners = class com.ibm.ws.webcontainer.util.EventListeners@851e54f
      EMPTY_LISTENERS = interface java.util.EventListener[0]
      logger = class com.ibm.ws.logging.internal.WsLogger@7272add8
      CLASS_NAME = "com.ibm.ws.webcontainer.util.EventListeners"
      listeners = interface java.util.EventListener[0]
  _managedObject = class com.ibm.ws.managedobject.internal.ManagedObjectImpl@1de53e49
    object = "<sensitive com.ibm.ws.security.jaspi.JaspiServletFilter@578e081>"
    serialVersionUID = 316670419635262281
    $$$tc$$$ = class com.ibm.websphere.ras.TraceComponent@5d82d74f
      strings[0] = "TraceComponent[com.ibm.ws.managedobject.internal.ManagedObjectImpl,class com.ibm.ws.managedobject.internal.ManagedObjectImpl,[],null,null]"

