------Start of DE processing------ = [7/9/20 15:07:07:754 CST]
Exception = com.ibm.websphere.servlet.error.ServletErrorReport
Source = com.ibm.ws.webcontainer.filter.WebAppFilterChain.doFilter
probeid = 82
Stack Dump = com.ibm.websphere.servlet.error.ServletErrorReport: java.lang.Error: Unresolved compilation problem: 
	The method print&#40;boolean&#41; in the type PrintStream is not applicable for the arguments &#40;&#41;

	at com.ibm.ws.webcontainer.servlet.ServletWrapper.service(ServletWrapper.java:1328)
	at com.ibm.ws.webcontainer.servlet.ServletWrapper.handleRequest(ServletWrapper.java:729)
	at com.ibm.ws.webcontainer.servlet.ServletWrapper.handleRequest(ServletWrapper.java:426)
	at com.ibm.ws.webcontainer.filter.WebAppFilterChain.invokeTarget(WebAppFilterChain.java:182)
	at com.ibm.ws.webcontainer.filter.WebAppFilterChain.doFilter(WebAppFilterChain.java:93)
	at com.ibm.ws.security.jaspi.JaspiServletFilter.doFilter(JaspiServletFilter.java:56)
	at com.ibm.ws.webcontainer.filter.FilterInstanceWrapper.doFilter(FilterInstanceWrapper.java:201)
	at com.ibm.ws.webcontainer.filter.WebAppFilterChain.doFilter(WebAppFilterChain.java:90)
	at com.ibm.ws.webcontainer.filter.WebAppFilterManager.doFilter(WebAppFilterManager.java:1001)
	at com.ibm.ws.webcontainer.filter.WebAppFilterManager.invokeFilters(WebAppFilterManager.java:1139)
	at com.ibm.ws.webcontainer.webapp.WebApp.handleRequest(WebApp.java:5037)
	at com.ibm.ws.webcontainer.osgi.DynamicVirtualHost$2.handleRequest(DynamicVirtualHost.java:314)
	at com.ibm.ws.webcontainer.WebContainer.handleRequest(WebContainer.java:1007)
	at com.ibm.ws.webcontainer.osgi.DynamicVirtualHost$2.run(DynamicVirtualHost.java:279)
	at com.ibm.ws.http.dispatcher.internal.channel.HttpDispatcherLink$TaskWrapper.run(HttpDispatcherLink.java:1134)
	at com.ibm.ws.http.dispatcher.internal.channel.HttpDispatcherLink.wrapHandlerAndExecute(HttpDispatcherLink.java:415)
	at com.ibm.ws.http.dispatcher.internal.channel.HttpDispatcherLink.ready(HttpDispatcherLink.java:374)
	at com.ibm.ws.http.channel.internal.inbound.HttpInboundLink.handleDiscrimination(HttpInboundLink.java:546)
	at com.ibm.ws.http.channel.internal.inbound.HttpInboundLink.handleNewRequest(HttpInboundLink.java:480)
	at com.ibm.ws.http.channel.internal.inbound.HttpInboundLink.processRequest(HttpInboundLink.java:345)
	at com.ibm.ws.http.channel.internal.inbound.HttpInboundLink.ready(HttpInboundLink.java:316)
	at com.ibm.ws.tcpchannel.internal.NewConnectionInitialReadCallback.sendToDiscriminators(NewConnectionInitialReadCallback.java:167)
	at com.ibm.ws.tcpchannel.internal.NewConnectionInitialReadCallback.complete(NewConnectionInitialReadCallback.java:75)
	at com.ibm.ws.tcpchannel.internal.WorkQueueManager.requestComplete(WorkQueueManager.java:504)
	at com.ibm.ws.tcpchannel.internal.WorkQueueManager.attemptIO(WorkQueueManager.java:574)
	at com.ibm.ws.tcpchannel.internal.WorkQueueManager.workerRun(WorkQueueManager.java:958)
	at com.ibm.ws.tcpchannel.internal.WorkQueueManager$Worker.run(WorkQueueManager.java:1047)
	at com.ibm.ws.threading.internal.ExecutorServiceImpl$RunnableWrapper.run(ExecutorServiceImpl.java:239)
	at java.util.concurrent.ThreadPoolExecutor.runWorker(Unknown Source)
	at java.util.concurrent.ThreadPoolExecutor$Worker.run(Unknown Source)
	at java.lang.Thread.run(Unknown Source)
Caused by: java.lang.Error: Unresolved compilation problem: 
	The method print(boolean) in the type PrintStream is not applicable for the arguments ()

	at cr.ac.tec.resources.Trees.justOnce(Trees.java:53)
	at cr.ac.tec.resources.Trees.<init>(Trees.java:15)
	at cr.ac.tec.resources.Trees.getTrees(Trees.java:31)
	at cr.ac.tec.resources.Authorization.validateAuthorization(Authorization.java:39)
	at cr.ac.tec.resources.Authorization.filter(Authorization.java:69)
	at org.apache.cxf.jaxrs.utils.JAXRSUtils.runContainerRequestFilters(JAXRSUtils.java:1768)
	at org.apache.cxf.jaxrs.interceptor.JAXRSInInterceptor.processRequest(JAXRSInInterceptor.java:123)
	at org.apache.cxf.jaxrs.interceptor.JAXRSInInterceptor.handleMessage(JAXRSInInterceptor.java:90)
	at org.apache.cxf.phase.PhaseInterceptorChain.doIntercept(PhaseInterceptorChain.java:309)
	at org.apache.cxf.transport.ChainInitiationObserver.onMessage(ChainInitiationObserver.java:124)
	at org.apache.cxf.transport.http.AbstractHTTPDestination.invoke(AbstractHTTPDestination.java:271)
	at com.ibm.ws.jaxrs20.endpoint.AbstractJaxRsWebEndpoint.invoke(AbstractJaxRsWebEndpoint.java:136)
	at com.ibm.websphere.jaxrs.server.IBMRestServlet.handleRequest(IBMRestServlet.java:146)
	at com.ibm.websphere.jaxrs.server.IBMRestServlet.doGet(IBMRestServlet.java:112)
	at javax.servlet.http.HttpServlet.service(HttpServlet.java:687)
	at com.ibm.websphere.jaxrs.server.IBMRestServlet.service(IBMRestServlet.java:96)
	at com.ibm.ws.webcontainer.servlet.ServletWrapper.service(ServletWrapper.java:1230)
	... 30 more

Dump of callerThis
Object type = com.ibm.ws.webcontainer.filter.WebAppFilterChain
  _filters = class java.util.ArrayList@4c649157
    serialVersionUID = 8683452581122892189
    DEFAULT_CAPACITY = 10
    EMPTY_ELEMENTDATA = class java.lang.Object[0]
    DEFAULTCAPACITY_EMPTY_ELEMENTDATA = class java.lang.Object[0]
    elementData = class java.lang.Object[5]
      Object[0] = class com.ibm.ws.webcontainer.filter.FilterInstanceWrapper@6e331f0d
      Object[1] = null
      Object[2] = null
      Object[3] = null
      Object[4] = null
    size = 1
    MAX_ARRAY_SIZE = 2147483639
    modCount = 1
    MAX_ARRAY_SIZE = 2147483639
  _currentFilterIndex = 1
  _numberOfFilters = 1
  requestProcessor = class com.ibm.ws.webcontainer.osgi.servlet.ServletWrapper@be420ed
    serialVersionUID = 1
    _mo = null
    serialVersionUID = -4479626085298397598
    notifyInvocationListeners = false
    UNINITIALIZED_STATE = -1
    AVAILABLE_STATE = 0
    UNAVAILABLE_STATE = 1
    UNAVAILABLE_PERMANENTLY_STATE = 2
    collabHelper = class com.ibm.ws.webcontainer.osgi.collaborator.CollaboratorHelperImpl@6bdbaed6
    nServicing = class java.util.concurrent.atomic.AtomicInteger@8e55bbe
      serialVersionUID = 6214790243416807050
      unsafe = class sun.misc.Unsafe@6d5040a9
      valueOffset = 12
      value = 0
      serialVersionUID = -8742448824652078965
    lastAccessTime = 1594328820189
    state = 0
    logger = class com.ibm.ws.logging.internal.WsLogger@10ec095b
      tc = class com.ibm.websphere.ras.TraceComponent@38ad5aab
      ivCachedResourceBundleName = "com.ibm.ws.webcontainer.resources.Messages"
      ivCachedResourceBundle = class com.ibm.ws.webcontainer.resources.Messages@661f2d24
      ivComponent = null
      ivOrganization = null
      ivProduct = null
      ivMinimumLocalizationLevelIntValue = 625
      ivTC = class com.ibm.websphere.ras.TraceComponent@68b4486e
      loggerRegistrationComponent = class java.lang.ThreadLocal@61b89e3a
      emptyHandlers = class java.util.logging.Handler[0]
      offValue = 2147483647
      SYSTEM_LOGGER_RB_NAME = "sun.util.logging.resources.logging"
      SYSTEM_BUNDLE = class java.util.logging.Logger$LoggerBundle@26d9d5c4
      NO_RESOURCE_BUNDLE = class java.util.logging.Logger$LoggerBundle@6713e218
      manager = class com.ibm.ws.kernel.boot.logging.WsLogManager@42fff98e
      name = "com.ibm.ws.webcontainer.servlet"
      handlers = class java.util.concurrent.CopyOnWriteArrayList@2aae5cd5
      loggerBundle = class java.util.logging.Logger$LoggerBundle@38540f70
      useParentHandlers = true
      filter = null
      anonymous = false
      catalog = class com.ibm.ws.webcontainer.resources.Messages@661f2d24
      catalogName = "com.ibm.ws.webcontainer.resources.Messages"
      catalogLocale = class java.util.Locale@5b919be0
      treeLock = class java.lang.Object@71d991dd
      parent = class com.ibm.ws.logging.internal.WsLogger@4ffd0aab
      kids = null
      levelObject = class java.util.logging.Level@5014687d
      levelValue = 800
      callersClassLoaderRef = class java.lang.ref.WeakReference@6383ed47
      isSystemLogger = false
      GLOBAL_LOGGER_NAME = "global"
      global = class java.util.logging.Logger@1de864f4
      $assertionsDisabled = true
    CLASS_NAME = "com.ibm.ws.webcontainer.servlet.ServletWrapper"
    nls = class com.ibm.ejs.ras.TraceNLS@78abf461
      resolver = class com.ibm.ws.logging.internal.TraceNLSResolver@36ad450f
      finder = class com.ibm.ws.logging.internal.StackFinder@42fb2b0c
      ivBundleName = "com.ibm.ws.webcontainer.resources.Messages"
      caller = class java.lang.Class@467f6d0f
    servletConfig = class com.ibm.ws.webcontainer.servlet.ServletConfig@4581f96e
      logger = class com.ibm.ws.logging.internal.WsLogger@10ec095b
      CLASS_NAME = "com.ibm.ws.webcontainer.servlet.ServletConfig"
      nls = class com.ibm.ejs.ras.TraceNLS@31615f11
      liberty_nls = class com.ibm.ejs.ras.TraceNLS@3303ccbf
      enabled = true
      servletName = "cr.ac.tec.resources.RestAPI"
      className = null
      mappings = class java.util.ArrayList@3ceb7766
      startUpWeight = null
      DEFAULT_STARTUP = -1
      isCachingEnabled = true
      isStatisticsEnabled = true
      isInternal = false
      metaData = class com.ibm.ws.webcontainer.osgi.metadata.WebComponentMetaDataImpl@6b89af7d
      singleThreadModelServlet = false
      isJsp = false
      webAppConfig = class com.ibm.ws.webcontainer.osgi.webapp.WebAppConfiguration@1d55ece5
      servletWrapper = class com.ibm.ws.webcontainer.osgi.servlet.ServletWrapper@be420ed
      servletClass = class java.lang.Class@61d51f8f
      servlet = class com.ibm.websphere.jaxrs.server.IBMRestServlet@679b62cb
      addedToLoadOnStartup = true
      previousWeight = null
      multipartConfig = null
      multipartConfigBaseLocation = null
      runAsRole = null
      servletSecurityElement = null
      declareRolesAnnotation = null
      logger = class com.ibm.ws.logging.internal.WsLogger@10ec095b
      CLASS_NAME = "com.ibm.ws.webcontainer.servlet.TargetConfig"
      initParams = null
      fileName = null
      displayName = null
      name = "cr.ac.tec.resources.RestAPI"
      description = null
      smallIcon = null
      largeIcon = null
      context = class com.ibm.ws.webcontainer31.facade.ServletContextFacade31@354d9279
      className = null
      asyncSupported = true
      _id = "cr.ac.tec.resources.RestAPI"
      _attributes = null
      serialVersionUID = 7511545662945734886
      $$$tc$$$ = class com.ibm.websphere.ras.TraceComponent@58c81847
    context = class com.ibm.ws.webcontainer31.osgi.webapp.WebApp31@2c3dfc98
    target = class com.ibm.websphere.jaxrs.server.IBMRestServlet@679b62cb
      serialVersionUID = -6835560282014155024
      KNOWN_HTTP_VERBS = class java.util.Arrays$ArrayList@514bf404
      HTML_CONTENT_TYPE = "text/html"
      endpoint = class com.ibm.ws.jaxrs20.server.JaxRsWebEndpointImpl@1c9c6132
      collaborator = class com.ibm.ws.webcontainer.osgi.collaborator.WebAppNameSpaceCollaboratorImpl@6bc4555f
      providerFactoryService = class com.ibm.ws.jaxrs20.component.JaxRsProviderFactory@4aa5f3c1
      $$$tc$$$ = class com.ibm.websphere.ras.TraceComponent@530e245c
      METHOD_DELETE = "DELETE"
      METHOD_HEAD = "HEAD"
      METHOD_GET = "GET"
      METHOD_OPTIONS = "OPTIONS"
      METHOD_POST = "POST"
      METHOD_PUT = "PUT"
      METHOD_TRACE = "TRACE"
      HEADER_IFMODSINCE = "If-Modified-Since"
      HEADER_LASTMOD = "Last-Modified"
      LSTRING_FILE = "javax.servlet.http.LocalStrings"
      lStrings = class java.util.PropertyResourceBundle@2073f582
      LSTRING_FILE = "javax.servlet.LocalStrings"
      lStrings = class java.util.PropertyResourceBundle@46d38280
      config = class com.ibm.ws.webcontainer.servlet.ServletConfig@4581f96e
    cacheWrappers = null
    targetLoader = null
    evtSource = class com.ibm.ws.webcontainer.webapp.WebAppEventSource@8b52caf
    event = class com.ibm.websphere.servlet.event.ServletEvent@17cd19b2
      serialVersionUID = 3906650803920713522
      _servletName = "cr.ac.tec.resources.RestAPI"
      _servletClassName = "com.ibm.websphere.jaxrs.server.IBMRestServlet"
      $$$tc$$$ = class com.ibm.websphere.ras.TraceComponent@487eef45
      serialVersionUID = 3546927969739289392
      _context = class com.ibm.ws.webcontainer31.facade.ServletContextFacade31@354d9279
      _servletNames = class com.ibm.ws.webcontainer.util.EmptyEnumeration@74a018be
      $$$tc$$$ = class com.ibm.websphere.ras.TraceComponent@4e60441
      serialVersionUID = 5516075349620653480
      source = class com.ibm.ws.webcontainer.osgi.servlet.ServletWrapper@be420ed
    unavailableMessage = null
    unavailableUntil = -1
    isSTM = false
    internalServlet = false
    webAppInvocationCollaborators = null
    platformHelper = class com.ibm.ws.webcontainer.PlatformHelper@5e19e6f7
    webAppNameSpaceCollab = class com.ibm.ws.webcontainer.osgi.collaborator.WebAppNameSpaceCollaboratorImpl@6bc4555f
    txCollab = class com.ibm.ws.transaction.services.WebAppTransactionCollaboratorImpl@c34b448
    suppressServletExceptionLogging = false
    throwExceptionEnum = class java.util.RegularEnumSet@30e2ffd6
      serialVersionUID = 3411599620347842686
      elements = 256
      elementType = class java.lang.Class@62a6a60d
      universe = class com.ibm.wsspi.webcontainer.collaborator.CollaboratorInvocationEnum[9]
      ZERO_LENGTH_ENUM_ARRAY = class java.lang.Enum[0]
      MAX_ARRAY_SIZE = 2147483639
    discernUnavailableServlet = false
    reInitServletonInitUnavailableException = true
    destroyServletonServiceUnavailableException = false
    servlet23 = true
    PARAMS_HEAD_TRACE = class java.lang.Class[2]
      Class[0] = class java.lang.Class@2a9f8e1e
      Class[1] = class java.lang.Class@46258334
    defaultHeadMethodInUse = false
    defaultTraceMethodInUse = false
    checkedForDefaultMethods = null
    defaultTraceRequestBehavior = false
    defaultHeadRequestBehavior = false
    useOriginalRequestState = false
    warningStatusSet = false
    LSTRING_FILE = "javax.servlet.LocalStrings"
    lStrings = class java.util.PropertyResourceBundle@46d38280
      lookup = class java.util.HashMap@34227548
      INITIAL_CACHE_SIZE = 32
      NONEXISTENT_BUNDLE = class java.util.ResourceBundle$1@58c2460e
      cacheList = class java.util.concurrent.ConcurrentHashMap@1af67dc5
      referenceQueue = class java.lang.ref.ReferenceQueue@4e775c4
      parent = null
      locale = class java.util.Locale@72c1878b
      name = "javax.servlet.LocalStrings"
      expired = false
      cacheKey = class java.util.ResourceBundle$CacheKey@b4249ab
      keySet = null
      providers = null
      $assertionsDisabled = true
    config = null
  _filtersDefined = true
  logger = class com.ibm.ws.logging.internal.WsLogger@21a3c7c8
    tc = class com.ibm.websphere.ras.TraceComponent@38ad5aab
      strings[0] = "TraceComponent[com.ibm.ws.logging.internal.WsLogger,class com.ibm.ws.logging.internal.WsLogger,[logging],com.ibm.ws.logging.internal.resources.LoggingMessages,null]"
    ivCachedResourceBundleName = null
    ivCachedResourceBundle = null
    ivComponent = null
    ivOrganization = null
    ivProduct = null
    ivMinimumLocalizationLevelIntValue = 625
    ivTC = class com.ibm.websphere.ras.TraceComponent@66df4ba
      strings[0] = "TraceComponent[com.ibm.ws.webcontainer.filter,class com.ibm.wsspi.webcontainer.logging.LoggerFactory$1,[com.ibm.ws.webcontainer.filter],null,null]"
    loggerRegistrationComponent = class java.lang.ThreadLocal@61b89e3a
      threadLocalHashCode = 1914802624
      nextHashCode = class java.util.concurrent.atomic.AtomicInteger@59160f31
      HASH_INCREMENT = 1640531527
    emptyHandlers = class java.util.logging.Handler[0]
    offValue = 2147483647
    SYSTEM_LOGGER_RB_NAME = "sun.util.logging.resources.logging"
    SYSTEM_BUNDLE = class java.util.logging.Logger$LoggerBundle@26d9d5c4
      resourceBundleName = "sun.util.logging.resources.logging"
      userBundle = null
    NO_RESOURCE_BUNDLE = class java.util.logging.Logger$LoggerBundle@6713e218
      resourceBundleName = null
      userBundle = null
    manager = class com.ibm.ws.kernel.boot.logging.WsLogManager@42fff98e
      CLASS_NAME = "com.ibm.ws.kernel.boot.logging.WsLogManager"
      CONFIGURE_BY_SERVER_PROPERTY_NAME = "java.util.logging.configureByServer"
      CONFIGURE_BY_LOGGING_PROPERTIES_FILE = "java.util.logging.configureByLoggingPropertiesFile"
      configureByServer = true
      configureByLoggingProperties = false
      wsLogger = class java.lang.reflect.Constructor@d3c311f
      resetEnabled = true
      svBinaryLoggingEnable = false
      manager = class com.ibm.ws.kernel.boot.logging.WsLogManager@42fff98e
      props = class java.util.Properties@2e27dc6
      defaultLevel = class java.util.logging.Level@5014687d
      listenerMap = class java.util.HashMap@12613af8
      systemContext = class java.util.logging.LogManager$SystemLoggerContext@7eb95562
      userContext = class java.util.logging.LogManager$LoggerContext@6949b08e
      rootLogger = class java.util.logging.LogManager$RootLogger@7fe507c
      readPrimordialConfiguration = true
      initializedGlobalHandlers = true
      deathImminent = false
      initializedCalled = true
      initializationDone = true
      contextsMap = null
      loggerRefQueue = class java.lang.ref.ReferenceQueue@78d4ec2c
      MAX_ITERATIONS = 400
      controlPermission = class java.util.logging.LoggingPermission@63f9af34
      loggingMXBean = null
      LOGGING_MXBEAN_NAME = "java.util.logging:type=Logging"
      $assertionsDisabled = true
    name = "com.ibm.ws.webcontainer.filter"
    handlers = class java.util.concurrent.CopyOnWriteArrayList@76fb933c
      serialVersionUID = 8673264195747942595
      lock = class java.util.concurrent.locks.ReentrantLock@79510919
      array = class java.lang.Object[0]
      UNSAFE = class sun.misc.Unsafe@6d5040a9
      lockOffset = 12
    loggerBundle = class java.util.logging.Logger$LoggerBundle@1e640fd2
      resourceBundleName = "com.ibm.ws.webcontainer.resources.Messages"
      userBundle = null
    useParentHandlers = true
    filter = null
    anonymous = false
    catalog = class com.ibm.ws.webcontainer.resources.Messages@661f2d24
      resources = class [Ljava.lang.Object;[338]
      lookup = class java.util.HashMap@50e9cccb
      INITIAL_CACHE_SIZE = 32
      NONEXISTENT_BUNDLE = class java.util.ResourceBundle$1@58c2460e
      cacheList = class java.util.concurrent.ConcurrentHashMap@1af67dc5
      referenceQueue = class java.lang.ref.ReferenceQueue@4e775c4
      parent = null
      locale = class java.util.Locale@72c1878b
      name = "com.ibm.ws.webcontainer.resources.Messages"
      expired = false
      cacheKey = class java.util.ResourceBundle$CacheKey@38795deb
      keySet = null
      providers = null
      $assertionsDisabled = true
    catalogName = "com.ibm.ws.webcontainer.resources.Messages"
    catalogLocale = class java.util.Locale@5b919be0
      LOCALECACHE = class java.util.Locale$Cache@57dfe46c
      ENGLISH = class java.util.Locale@73b6f3d9
      FRENCH = class java.util.Locale@2cdcc40f
      GERMAN = class java.util.Locale@2725eaf
      ITALIAN = class java.util.Locale@2aa63609
      JAPANESE = class java.util.Locale@6e4a30bf
      KOREAN = class java.util.Locale@24fc7dc5
      CHINESE = class java.util.Locale@346bd8d3
      SIMPLIFIED_CHINESE = class java.util.Locale@2fe6b629
      TRADITIONAL_CHINESE = class java.util.Locale@1016a4a2
      FRANCE = class java.util.Locale@57c3f130
      GERMANY = class java.util.Locale@3d04165b
      ITALY = class java.util.Locale@27c9b82c
      JAPAN = class java.util.Locale@2df2bc3
      KOREA = class java.util.Locale@4add00d9
      CHINA = class java.util.Locale@2fe6b629
      PRC = class java.util.Locale@2fe6b629
      TAIWAN = class java.util.Locale@1016a4a2
      UK = class java.util.Locale@57766117
      US = class java.util.Locale@5b919be0
      CANADA = class java.util.Locale@3d94ab0d
      CANADA_FRENCH = class java.util.Locale@466e1e4f
      ROOT = class java.util.Locale@72c1878b
      PRIVATE_USE_EXTENSION = x
      UNICODE_LOCALE_EXTENSION = u
      serialVersionUID = 9149081749638150636
      DISPLAY_LANGUAGE = 0
      DISPLAY_COUNTRY = 1
      DISPLAY_VARIANT = 2
      DISPLAY_SCRIPT = 3
      baseLocale = class sun.util.locale.BaseLocale@64970593
      localeExtensions = null
      hashCodeValue = 96636889
      defaultLocale = class java.util.Locale@5b919be0
      defaultDisplayLocale = null
      defaultFormatLocale = class java.util.Locale@5b919be0
      languageTag = "en-US"
      serialPersistentFields = class java.io.ObjectStreamField[6]
      isoLanguages = null
      isoCountries = null
      $assertionsDisabled = true
    treeLock = class java.lang.Object@71d991dd
    parent = class com.ibm.ws.logging.internal.WsLogger@4ffd0aab
      tc = class com.ibm.websphere.ras.TraceComponent@38ad5aab
      ivCachedResourceBundleName = "com.ibm.ws.webcontainer.resources.Messages"
      ivCachedResourceBundle = class com.ibm.ws.webcontainer.resources.Messages@661f2d24
      ivComponent = null
      ivOrganization = null
      ivProduct = null
      ivMinimumLocalizationLevelIntValue = 625
      ivTC = class com.ibm.websphere.ras.TraceComponent@587fc96d
      loggerRegistrationComponent = class java.lang.ThreadLocal@61b89e3a
      emptyHandlers = class java.util.logging.Handler[0]
      offValue = 2147483647
      SYSTEM_LOGGER_RB_NAME = "sun.util.logging.resources.logging"
      SYSTEM_BUNDLE = class java.util.logging.Logger$LoggerBundle@26d9d5c4
      NO_RESOURCE_BUNDLE = class java.util.logging.Logger$LoggerBundle@6713e218
      manager = class com.ibm.ws.kernel.boot.logging.WsLogManager@42fff98e
      name = "com.ibm.ws.webcontainer"
      handlers = class java.util.concurrent.CopyOnWriteArrayList@2c318719
      loggerBundle = class java.util.logging.Logger$LoggerBundle@65e61d97
      useParentHandlers = true
      filter = null
      anonymous = false
      catalog = class com.ibm.ws.webcontainer.resources.Messages@661f2d24
      catalogName = "com.ibm.ws.webcontainer.resources.Messages"
      catalogLocale = class java.util.Locale@5b919be0
      treeLock = class java.lang.Object@71d991dd
      parent = class java.util.logging.Logger@1c2280ae
      kids = class java.util.ArrayList@225336f5
      levelObject = class java.util.logging.Level@5014687d
      levelValue = 800
      callersClassLoaderRef = class java.lang.ref.WeakReference@27a64e9
      isSystemLogger = false
      GLOBAL_LOGGER_NAME = "global"
      global = class java.util.logging.Logger@1de864f4
      $assertionsDisabled = true
    kids = null
    levelObject = class java.util.logging.Level@5014687d
      defaultBundle = "sun.util.logging.resources.logging"
      name = "INFO"
      value = 800
      resourceBundleName = "sun.util.logging.resources.logging"
      localizedLevelName = "INFO"
      cachedLocale = class java.util.Locale@5b919be0
      OFF = class java.util.logging.Level@4a9f95f5
      SEVERE = class java.util.logging.Level@1cc3080d
      WARNING = class java.util.logging.Level@3e109513
      INFO = class java.util.logging.Level@5014687d
      CONFIG = class java.util.logging.Level@596a077
      FINE = class java.util.logging.Level@3310bd0d
      FINER = class java.util.logging.Level@37175802
      FINEST = class java.util.logging.Level@d95fbfe
      ALL = class java.util.logging.Level@3d306723
      serialVersionUID = -8176160795706313070
    levelValue = 800
    callersClassLoaderRef = class java.lang.ref.WeakReference@70db704
      referent = class org.eclipse.osgi.internal.loader.EquinoxClassLoader@31949195
      queue = class java.lang.ref.ReferenceQueue$Null@7e24e654
      next = null
      discovered = null
      lock = class java.lang.ref.Reference$Lock@517de14b
      pending = null
    isSystemLogger = false
    GLOBAL_LOGGER_NAME = "global"
    global = class java.util.logging.Logger@1de864f4
      emptyHandlers = class java.util.logging.Handler[0]
      offValue = 2147483647
      SYSTEM_LOGGER_RB_NAME = "sun.util.logging.resources.logging"
      SYSTEM_BUNDLE = class java.util.logging.Logger$LoggerBundle@26d9d5c4
      NO_RESOURCE_BUNDLE = class java.util.logging.Logger$LoggerBundle@6713e218
      manager = class com.ibm.ws.kernel.boot.logging.WsLogManager@42fff98e
      name = "global"
      handlers = class java.util.concurrent.CopyOnWriteArrayList@5813cef3
      loggerBundle = class java.util.logging.Logger$LoggerBundle@6713e218
      useParentHandlers = true
      filter = null
      anonymous = false
      catalog = null
      catalogName = null
      catalogLocale = null
      treeLock = class java.lang.Object@71d991dd
      parent = class java.util.logging.LogManager$RootLogger@7fe507c
      kids = null
      levelObject = null
      levelValue = 800
      callersClassLoaderRef = null
      isSystemLogger = true
      GLOBAL_LOGGER_NAME = "global"
      global = class java.util.logging.Logger@1de864f4
      $assertionsDisabled = true
    $assertionsDisabled = true
  CLASS_NAME = "com.ibm.ws.webcontainer.filter.WebAppFilterChain"
  webapp = class com.ibm.ws.webcontainer31.osgi.webapp.WebApp31@2c3dfc98
    tc = class com.ibm.websphere.ras.TraceComponent@66fabb0b
      strings[0] = "TraceComponent[com.ibm.ws.webcontainer31.osgi.webapp.WebApp31,class com.ibm.ws.webcontainer31.osgi.webapp.WebApp31,[webcontainer],com.ibm.ws.webcontainer31.resources.Messages,null]"
    CLASS_NAME = "com.ibm.ws.webcontainer31.osgi.webapp.WebApp31"
    servlet31NLS = class com.ibm.ejs.ras.TraceNLS@6c4384f9
      resolver = class com.ibm.ws.logging.internal.TraceNLSResolver@36ad450f
      finder = class com.ibm.ws.logging.internal.StackFinder@42fb2b0c
      ivBundleName = "com.ibm.ws.webcontainer31.resources.Messages"
      caller = class java.lang.Class@73ace44c
    validListenerClasses = class java.lang.Class[7]
      Class[0] = class java.lang.Class@6d1c1c67
      Class[1] = class java.lang.Class@57f0705a
      Class[2] = class java.lang.Class@6eaa7c82
      Class[3] = class java.lang.Class@685a8846
      Class[4] = class java.lang.Class@65a84e0e
      Class[5] = class java.lang.Class@318e8041
      Class[6] = class java.lang.Class@558a7f9e
    wsocServHandler = class com.ibm.ws.wsoc.external.WsocHandlerImpl@75d32521
      tc = class com.ibm.websphere.ras.TraceComponent@7781b0fc
      noMoreAddsCalled = true
      serialVersionUID = -2067291126638824067
    tc = class com.ibm.websphere.ras.TraceComponent@5022486b
      strings[0] = "TraceComponent[com.ibm.ws.webcontainer.osgi.webapp.WebApp,class com.ibm.ws.webcontainer.osgi.webapp.WebApp,[webcontainer],com.ibm.ws.webcontainer.resources.LShimMessages,null]"
    CLASS_NAME = "com.ibm.ws.webcontainer.osgi.webapp.WebApp"
    metaDataService = class com.ibm.ws.container.service.metadata.internal.MetaDataServiceImpl@7d26d816
      applicationMetaDataManager = class com.ibm.ws.container.service.metadata.internal.ApplicationMetaDataManager@138c57f6
      moduleMetaDataManager = class com.ibm.ws.container.service.metadata.internal.ModuleMetaDataManager@24b82443
      componentMetaDataManager = class com.ibm.ws.container.service.metadata.internal.ComponentMetaDataManager@7673f41
      methodMetaDataManager = class com.ibm.ws.container.service.metadata.internal.MethodMetaDataManager@d6c31f3
      appModuleNameToModuleContainer = class java.util.concurrent.ConcurrentHashMap@7c2ee44f
      jeeNameToComponentMetaData = class java.util.concurrent.ConcurrentHashMap@19d14db5
      deferredMetaDataFactories = class com.ibm.wsspi.kernel.service.utils.ConcurrentServiceReferenceSet@27f2e4f9
      deferredMetaDataInitializers = class com.ibm.wsspi.kernel.service.utils.ConcurrentServiceReferenceMap@4b7dba5d
      serialVersionUID = -2494605732980966097
      $$$tc$$$ = class com.ibm.websphere.ras.TraceComponent@51b09d1f
    namespacePopulated = false
    referenceContext = class com.ibm.ws.injectionengine.osgi.internal.OSGiReferenceContextImpl@455c81a1
      scopeData = class com.ibm.ws.injectionengine.osgi.internal.OSGiInjectionScopeData@2e5f53dd
      serialVersionUID = 521511923892134915
      $$$tc$$$ = class com.ibm.websphere.ras.TraceComponent@3918be81
      CLASS_NAME = "com.ibm.ws.injectionengine.ReferenceContextImpl"
      tc = class com.ibm.websphere.ras.TraceComponent@6ba94af9
      ivInjectionEngine = class com.ibm.ws.injectionengine.osgi.internal.OSGiInjectionEngineImpl@5882ca9b
      ivProviders = class java.util.ArrayList@6d21fcee
      ivComponentJavaContext = null
      ivComponentNameSpace = null
      ivJavaColonCompEnvMap = class java.util.LinkedHashMap@7ca4afb3
      ivEjbContext10 = class java.util.Properties@1a16b73c
      ivResourceRefConfigList = class com.ibm.ws.resource.internal.ResourceRefConfigListImpl@14c1cc91
      isAlreadyProcessed = true
      ivProcessFailure = null
      ivInjectionTargetMap = class java.util.concurrent.ConcurrentHashMap@23c7ce5c
      svInjTarMapCacheSize = 256
      ivDeclaredInjectionTargets = class java.util.HashMap@41639046
      ivProcessedInjectionClasses = class java.util.HashSet@186366ee
      svInjClassMapCacheSize = 512
      ivProcessedInjectionBindings = class java.util.LinkedHashSet@37e39d89
      ivAnyProcessDynamic = true
      ivCheckAppConfig = false
    j2eeNameFactory = class com.ibm.ws.container.service.metadata.internal.J2EENameFactoryImpl@57c1558b
      serialVersionUID = 3486344295038028821
      $$$tc$$$ = class com.ibm.websphere.ras.TraceComponent@6f4cf719
    moduleLoader = class com.ibm.ws.classloading.internal.AppClassLoader@67609f5a
      tc = class com.ibm.websphere.ras.TraceComponent@72e316ac
      disableSharedClassesCache = false
      PARENT_FIRST_SEARCH_ORDER = class java.util.Collections$UnmodifiableRandomAccessList@6c5d59cf
      packagesDefined = class java.util.Collections$SetFromMap@2281c796
      CLASS_LOADING_TRACE_PREFIX = "com.ibm.ws.class.load."
      DEFAULT_PACKAGE = "default.package"
      perPackageClassLoadingTraceComponents = class java.util.concurrent.ConcurrentHashMap@7a116fe7
      config = class com.ibm.ws.classloading.internal.ClassLoaderConfigurationImpl@6226c05a
      privateLibraries = null
      delegateLoaders = class com.ibm.ws.classloading.internal.util.CompositeIterable@1e33f08c
      nativeLibraryFiles = class java.util.ArrayList@322229ab
      transformers = class java.util.ArrayList@43bd165f
      apiAccess = class com.ibm.ws.classloading.internal.GatewayClassLoader@40b44dfb
      generator = class com.ibm.ws.classloading.internal.ClassGeneratorManager@7667545e
      protectionDomains = class java.util.concurrent.ConcurrentHashMap@17cd3a62
      parent = class com.ibm.ws.classloading.internal.GatewayClassLoader@40b44dfb
      hook = null
      serialVersionUID = 8734164900246230615
      tc = class com.ibm.websphere.ras.TraceComponent@42e2ce4f
      smartClassPath = class com.ibm.ws.classloading.internal.ContainerClassLoader$SmartClassPathImpl@167b0f87
      nativeLibraryContainers = class java.util.ArrayList@35370392
      redefiner = class com.ibm.ws.classloading.internal.util.ClassRedefiner@2b9acfbe
      jarProtocol = "wsjar:"
      mapCreationQueue = class java.util.concurrent.Executors$FinalizableDelegatedExecutorService@2a3d3f93
      serialVersionUID = 6399598832433768509
      serialVersionUID = 1837293532091806117
      $$$tc$$$ = class com.ibm.websphere.ras.TraceComponent@50c1294f
      serialVersionUID = -4586727107834513475
      $$$tc$$$ = class com.ibm.websphere.ras.TraceComponent@6abfc895
      serialVersionUID = -7709588811276454856
      $$$tc$$$ = class com.ibm.websphere.ras.TraceComponent@e67d02d
      initialized = true
      pdcache = class java.util.HashMap@1e13f485
      debug = null
      parent = class com.ibm.ws.classloading.internal.GatewayClassLoader@40b44dfb
      parallelLockMap = class java.util.concurrent.ConcurrentHashMap@60f3d30f
      package2certs = class java.util.concurrent.ConcurrentHashMap@2ebaefa1
      nocerts = class java.security.cert.Certificate[0]
      classes = class java.util.Vector@239c5277
      defaultDomain = class java.security.ProtectionDomain@222a3d5d
      packages = class java.util.HashMap@5cbff9bc
      scl = class sun.misc.Launcher$AppClassLoader@18b4aac2
      sclSet = true
      loadedLibraryNames = class java.util.Vector@5b5d9eb5
      systemNativeLibraries = class java.util.Vector@5d5dc6d6
      nativeLibraries = class java.util.Vector@2581c26d
      nativeLibraryContext = class java.util.Stack@1390eb5b
      usr_paths = class java.lang.String[42]
      sys_paths = class java.lang.String[1]
      assertionLock = class java.lang.Object@644f2340
      defaultAssertionStatus = false
      packageAssertionStatus = null
      classAssertionStatus = null
    webAppConfig = class com.ibm.ws.webcontainer.osgi.webapp.WebAppConfiguration@1d55ece5
      webModuleMetaData = class com.ibm.ws.webcontainer.osgi.metadata.WebModuleMetaDataImpl@7ac6d503
      webComponentMetaData = class com.ibm.ws.webcontainer.osgi.metadata.WebComponentMetaDataImpl@71285b21
      dVirtualHost = class com.ibm.ws.webcontainer.osgi.DynamicVirtualHost@3f03a1c1
      orderedLibPaths = class java.util.Collections$UnmodifiableRandomAccessList@7cd64a1
      bundleHeaders = null
      cdiEnabled = false
      CLASS_NAME = "com.ibm.ws.webcontainer.webapp.WebAppConfiguration"
      logger = class com.ibm.ws.logging.internal.WsLogger@496e8a8c
      tc = class com.ibm.websphere.ras.TraceComponent@6f39a879
      nls = class com.ibm.ejs.ras.TraceNLS@6e402325
      version = 30
      contextRoot = "/CookTimeServer"
      isDefaultContextRootUsed = false
      sessionTimeout = 0
      moduleSessionTimeoutSet = false
      moduleSessionTrackingModeSet = false
      sessionCookieConfig = class com.ibm.ws.session.SessionCookieConfigImpl@7dc3b4df
      hasProgrammaticCookieConfig = false
      sessionDefaultTrackingModeSet = class java.util.RegularEnumSet@5496b927
      sessionManagerConfig = class com.ibm.ws.session.SessionManagerConfig@67d401c7
      displayName = "CookTimeServer"
      description = null
      reloadInterval = 3
      distributable = false
      denyUncoveredHttpMethods = false
      reloadingEnabled = true
      serveServletsByClassnameEnabled = false
      defaultErrorPage = null
      additionalClassPath = null
      fileServingEnabled = true
      directoryBrowsingEnabled = false
      autoRequestEncoding = false
      autoResponseEncoding = false
      autoLoadFilters = false
      requestListeners = null
      requestAttributeListeners = null
      sessionListeners = null
      localeMap = null
      moduleName = "CookTimeServer"
      j2eeModuleName = "CookTimeServer.war"
      moduleId = null
      isSyncToThreadEnabled = false
      encodeDispatchedRequestURI = false
      isSystemApp = false
      ardEnabled = false
      ardDispatchType = null
      listeners = class java.util.ArrayList@2b76aef3
      welcomeFileList = class java.util.ArrayList@4b73920e
      servletMappings = class java.util.HashMap@2a4d55c6
      lastIndexBeforeDeclaredFilters = 1
      filterMappings = class java.util.ArrayList@6d50a371
      servletInfo = class java.util.concurrent.ConcurrentHashMap@734f991e
      filterInfo = class java.util.HashMap@24fb969b
      mimeMappings = class java.util.HashMap@64d814a7
      mimeFilters = null
      isMimeFilteringEnabled = false
      theWebGroup = null
      jspAttributes = class java.util.HashMap@c7b6866
      fileServingAttributes = class java.util.HashMap@3f3879e
      invokerAttributes = class java.util.HashMap@7b448635
      contextParams = class java.util.HashMap@5f1dc8d6
      virtualHost = "default_host"
      exceptionErrorPages = class java.util.HashMap@8f2b30b
      codeErrorPages = class java.util.HashMap@17a20afc
      tagLibList = null
      precompileJsps = false
      webApp = class com.ibm.ws.webcontainer31.osgi.webapp.WebApp31@2c3dfc98
      virtualHostList = class java.util.Collections$EmptyList@35e38269
      appStartupWeight = 0
      moduleStartupWeight = 0
      metaDataComplete = false
      classesToScan = class java.util.ArrayList@48084313
      uriFilterMappingInfos = class java.util.ArrayList@796269bc
      servletFilterMappingInfos = null
      dynamicServletRegistrationMap = null
      applicationName = "CookTimeServer"
      libBinPathList = class java.util.ArrayList@6495e770
      webXmlDefinedListeners = class java.util.HashSet@63e7e4f4
      allRefs = class java.util.EnumMap@69fd2340
      allRefBindings = class java.util.EnumMap@3b8884a
      envEntryValues = class java.util.HashMap@485d412a
      resourceRefConfigList = class com.ibm.ws.resource.internal.ResourceRefConfigListImpl@14c1cc91
      disallowAllFileServingProp = "false"
      disallowServeServletsByClassnameProp = "true"
      disableStaticMappingCache = false
      jspCachedLocations = class java.util.HashMap@14a60a6a
      primedSTSHeader = "NoValue"
      enablemultireadofpostdata = false
      requestEncoding = null
      responseEncoding = null
      NULLSERVLETNAME = "com.ibm.ws.webcontainer.NullServletName"
      _id = "WebAppGeneratedId9"
      _attributes = null
      serialVersionUID = 7511545662945734886
      $$$tc$$$ = class com.ibm.websphere.ras.TraceComponent@58c81847
    extensionProcessingDisabled = false
    managedObjectService = class com.ibm.ws.cdi.impl.managedobject.CDIManagedObjectService@9f08833
      cdiServiceRef = class com.ibm.wsspi.kernel.service.utils.AtomicServiceReference@1dbd707e
      defaultMOSRef = class com.ibm.wsspi.kernel.service.utils.AtomicServiceReference@bb094a8
      cdiRuntime = class com.ibm.ws.cdi.liberty.CDIRuntimeImpl@3809319e
      serialVersionUID = 6431825704414919683
      $$$tc$$$ = class com.ibm.websphere.ras.TraceComponent@7c54f528
    internalServletMetaData = interface com.ibm.wsspi.webcontainer.metadata.WebComponentMetaData[2]
      WebComponentMetaData[0] = null
      WebComponentMetaData[1] = null
    loginProcessor = null
    logoutProcessor = null
    collabHelper = class com.ibm.ws.webcontainer.osgi.collaborator.CollaboratorHelperImpl@6bdbaed6
      webAppInvCollabs = class java.util.Collections$UnmodifiableSet@1e9747dd
      securityDomainForApp = null
      logger = class com.ibm.ws.logging.internal.WsLogger@55b7d125
      staticDefaultSecurityCollaborator = class com.ibm.ws.webcontainer.collaborator.WebAppSecurityCollaborator@5c31c15f
      logger = class com.ibm.ws.logging.internal.WsLogger@25d8d1e8
      CLASS_NAME = "com.ibm.wsspi.webcontainer.collaborator.CollaboratorHelper"
      webApp = class com.ibm.ws.webcontainer31.osgi.webapp.WebApp31@2c3dfc98
      securityCollaborator = class com.ibm.ws.webcontainer.security.WebAppSecurityCollaboratorImpl@1459f586
      nameSpaceCollaborator = class com.ibm.ws.webcontainer.osgi.collaborator.WebAppNameSpaceCollaboratorImpl@6bc4555f
      transactionCollaborator = class com.ibm.ws.transaction.services.WebAppTransactionCollaboratorImpl@c34b448
      connectionCollaborator = class com.ibm.ws.webcontainer.collaborator.ConnectionCollaborator@75cfb560
      allCollabEnum = class java.util.RegularEnumSet@1c640928
      servlet_23_or_greater = true
      DEFER_SERVLET_REQUEST_LISTENER_DESTROY_ON_ERROR = false
    envObject = class com.ibm.ws.util.WSThreadLocal@46d580ae
      tc = class com.ibm.ejs.ras.TraceComponent@6bf60250
      count = 9
      index = 4
      SUSPECTED_MISUSAGE_THRESHOLD = 200
      threadLocalHashCode = 163211794
      nextHashCode = class java.util.concurrent.atomic.AtomicInteger@59160f31
      HASH_INCREMENT = 1640531527
    orderedLibPaths = class java.util.Collections$UnmodifiableRandomAccessList@7cd64a1
      serialVersionUID = -2542308836966382001
      serialVersionUID = -283967356065247728
      list = class java.util.ArrayList@261a721f
      serialVersionUID = 1820017752578914078
      c = class java.util.ArrayList@261a721f
    perm = class com.ibm.websphere.security.WebSphereRuntimePermission@4743933e
      serialVersionUID = -3306242789188168337
      $$$tc$$$ = class com.ibm.websphere.ras.TraceComponent@7ea232d6
      serialVersionUID = 6279438298436773498
      wildcard = false
      path = "accessServletContext"
      exitVM = false
      serialVersionUID = -5636570222231596674
      name = "accessServletContext"
    WELCOME_FILE_LIST = "com.ibm.ws.webcontainer.config.WelcomeFileList"
    DIR_BROWSING_MAPPING = "__dirBrowsing__1594327724635"
    FILTER_PROXY_MAPPING = "/__filterProxy__1594327724635"
    logger = class com.ibm.ws.logging.internal.WsLogger@496e8a8c
      tc = class com.ibm.websphere.ras.TraceComponent@38ad5aab
      ivCachedResourceBundleName = "com.ibm.ws.webcontainer.resources.Messages"
      ivCachedResourceBundle = class com.ibm.ws.webcontainer.resources.Messages@661f2d24
      ivComponent = null
      ivOrganization = null
      ivProduct = null
      ivMinimumLocalizationLevelIntValue = 625
      ivTC = class com.ibm.websphere.ras.TraceComponent@55e6bcbb
      loggerRegistrationComponent = class java.lang.ThreadLocal@61b89e3a
      emptyHandlers = class java.util.logging.Handler[0]
      offValue = 2147483647
      SYSTEM_LOGGER_RB_NAME = "sun.util.logging.resources.logging"
      SYSTEM_BUNDLE = class java.util.logging.Logger$LoggerBundle@26d9d5c4
      NO_RESOURCE_BUNDLE = class java.util.logging.Logger$LoggerBundle@6713e218
      manager = class com.ibm.ws.kernel.boot.logging.WsLogManager@42fff98e
      name = "com.ibm.ws.webcontainer.webapp"
      handlers = class java.util.concurrent.CopyOnWriteArrayList@7105d9cc
      loggerBundle = class java.util.logging.Logger$LoggerBundle@da0d936
      useParentHandlers = true
      filter = null
      anonymous = false
      catalog = class com.ibm.ws.webcontainer.resources.Messages@661f2d24
      catalogName = "com.ibm.ws.webcontainer.resources.Messages"
      catalogLocale = class java.util.Locale@5b919be0
      treeLock = class java.lang.Object@71d991dd
      parent = class com.ibm.ws.logging.internal.WsLogger@4ffd0aab
      kids = null
      levelObject = class java.util.logging.Level@5014687d
      levelValue = 800
      callersClassLoaderRef = class java.lang.ref.WeakReference@2797a885
      isSystemLogger = false
      GLOBAL_LOGGER_NAME = "global"
      global = class java.util.logging.Logger@1de864f4
      $assertionsDisabled = true
    CLASS_NAME = "com.ibm.ws.webcontainer.webapp.WebApp"
    loader = class com.ibm.ws.classloading.internal.ThreadContextClassLoader@22fa16b7
      tc = class com.ibm.websphere.ras.TraceComponent@4223a976
      bundle = class java.util.concurrent.atomic.AtomicReference@2dc18c8
      key = "WebModule:CookTimeServer#CookTimeServer.war"
      refCount = class java.util.concurrent.atomic.AtomicInteger@740494f0
      appLoader = class com.ibm.ws.classloading.internal.AppClassLoader@67609f5a
      clSvc = class com.ibm.ws.classloading.internal.ClassLoadingServiceImpl@58ffe0b8
      serialVersionUID = 846416563800781557
      tc = class com.ibm.websphere.ras.TraceComponent@51ec210e
      followOnClassLoaders = class java.util.ArrayList@2aef24e0
      serialVersionUID = 8829649920524275888
      serialVersionUID = -4586727107834513475
      $$$tc$$$ = class com.ibm.websphere.ras.TraceComponent@6abfc895
      serialVersionUID = -7709588811276454856
      $$$tc$$$ = class com.ibm.websphere.ras.TraceComponent@e67d02d
      initialized = true
      pdcache = class java.util.HashMap@162dfac1
      debug = null
      parent = class com.ibm.ws.classloading.internal.GatewayClassLoader@28188618
      parallelLockMap = class java.util.concurrent.ConcurrentHashMap@74d5aa94
      package2certs = class java.util.concurrent.ConcurrentHashMap@242613ea
      nocerts = class java.security.cert.Certificate[0]
      classes = class java.util.Vector@773dfbaa
      defaultDomain = class java.security.ProtectionDomain@e3fec7e
      packages = class java.util.HashMap@57676627
      scl = class sun.misc.Launcher$AppClassLoader@18b4aac2
      sclSet = true
      loadedLibraryNames = class java.util.Vector@5b5d9eb5
      systemNativeLibraries = class java.util.Vector@5d5dc6d6
      nativeLibraries = class java.util.Vector@43ca8662
      nativeLibraryContext = class java.util.Stack@1390eb5b
      usr_paths = class java.lang.String[42]
      sys_paths = class java.lang.String[1]
      assertionLock = class java.lang.Object@5b32d51a
      defaultAssertionStatus = false
      packageAssertionStatus = null
      classAssertionStatus = null
    facade = class com.ibm.ws.webcontainer31.facade.ServletContextFacade31@354d9279
      context = class com.ibm.ws.webcontainer31.osgi.webapp.WebApp31@2c3dfc98
    features = class java.util.ArrayList@60232b2e
      serialVersionUID = 8683452581122892189
      DEFAULT_CAPACITY = 10
      EMPTY_ELEMENTDATA = class java.lang.Object[0]
      DEFAULTCAPACITY_EMPTY_ELEMENTDATA = class java.lang.Object[0]
      elementData = class java.lang.Object[0]
      size = 0
      MAX_ARRAY_SIZE = 2147483639
      modCount = 0
      MAX_ARRAY_SIZE = 2147483639
    applicationName = "CookTimeServer"
    config = class com.ibm.ws.webcontainer.osgi.webapp.WebAppConfiguration@1d55ece5
    securityEnabledForApp = true
    webExtensionProcessor = class com.ibm.ws.webcontainer.osgi.extension.WebExtensionProcessor@56b894e2
      webApp = class com.ibm.ws.webcontainer31.osgi.webapp.WebApp31@2c3dfc98
      extensionContext = class com.ibm.ws.webcontainer31.osgi.webapp.WebApp31@2c3dfc98
    production = true
    isServlet23 = true
    contextPath = "/CookTimeServer"
    internalServletList = class [Ljava.lang.String;[2]
      String[][0] = class java.lang.String[2]
      String[][1] = class java.lang.String[2]
    BY_NAME_ONLY = "/_1594328819950_/"
    filterManager = class com.ibm.ws.webcontainer.osgi.filter.WebAppFilterManagerImpl@633b999c
      _filterWrappers = class java.util.Hashtable@7922d4ae
      chainCache = class java.util.Collections$SynchronizedMap@af34856
      forwardChainCache = class java.util.Collections$SynchronizedMap@7ccee572
      includeChainCache = class java.util.Collections$SynchronizedMap@e613c78
      errorChainCache = class java.util.Collections$SynchronizedMap@61890ebe
      _filtersDefined = true
      FMI_MAPPING_SINGLE_SLASH = 0
      FMI_MAPPING_PATH_MATCH = 1
      FMI_MAPPING_EXTENSION_MATCH = 2
      FMI_MAPPING_EXACT_MATCH = 3
      logger = class com.ibm.ws.logging.internal.WsLogger@21a3c7c8
      CLASS_NAME = "com.ibm.ws.webcontainer.filter.WebAppFilterManager"
      nls = class com.ibm.ejs.ras.TraceNLS@61429382
      webAppConfig = class com.ibm.ws.webcontainer.osgi.webapp.WebAppConfiguration@1d55ece5
      webApp = class com.ibm.ws.webcontainer31.osgi.webapp.WebApp31@2c3dfc98
      collabHelper = class com.ibm.ws.webcontainer.osgi.collaborator.CollaboratorHelperImpl@6bdbaed6
      secCollab = class com.ibm.ws.webcontainer.security.WebAppSecurityCollaboratorImpl@1459f586
      sessionSecurityIntegrationEnabled = true
      assumeFilterSuccessOnSecurityError = false
      useOriginalRequestState = false
      _evtSource = class com.ibm.ws.webcontainer.webapp.WebAppEventSource@8b52caf
      defaultComponentMetaData = class com.ibm.ws.webcontainer.osgi.metadata.WebComponentMetaDataImpl@71285b21
      DEFER_SERVLET_REQUEST_LISTENER_DESTROY_ON_ERROR = false
    documentRoot = null
    SERVLET_API_VERSION = "Servlet 2.5"
    disableServletAuditLogging = -1
    serverInfo = "IBM WebSphere Liberty/20.0.0.6"
    sessionCtx = class com.ibm.ws.webcontainer31.session.impl.HttpSessionContext31Impl@1a38a48e
      methodClassName = "HttpSessionContextImpl"
      _smc = class com.ibm.ws.session.SessionManagerConfig@67d401c7
      sessionStoreService = null
      _sap = class com.ibm.ws.session.SessionApplicationParameters@6bd28adc
      _coreHttpSessionManager = class com.ibm.ws.session.SessionManager@4f833896
      _coreHttpAppSessionManager = null
      _sam = class com.ibm.ws.webcontainer.session.impl.SessionAffinityManagerImpl@45412350
      isSIPApplication = false
      sessionAttributeListener = true
      sessionListener = true
      mHttpSessionAttributeListeners = class java.util.ArrayList@5f1faa89
      mHttpSessionListeners = class java.util.ArrayList@20e44fdc
      mHttpSessionIdListeners = class java.util.ArrayList@76f584de
      mHttpSessionAttributeListenersJ2eeNames = class java.util.ArrayList@3a6272f3
      mHttpSessionListenersJ2eeNames = class java.util.ArrayList@188bccd4
      mHttpSessionIdListenersJ2eeNames = class java.util.ArrayList@1a13fab6
      mLocalHost = null
      _refCount = 1
      currentThreadSacHashtable = null
      methodClassName = "SessionContext"
      ANONYMOUS_USER = "anonymous"
      wasHttpSessionObserver = class com.ibm.ws.session.WasHttpSessionObserver@401a5e5e
      wasHttpSessionAttributeObserver = null
      _invalidator = class com.ibm.ws.session.SessionInvalidatorWithThreadPool@69465944
      _storer = class com.ibm.ws.session.EOSSessionStorer@2fedd5d4
      wasHttpAppSessionObserver = null
      mHttpAppSessionListeners = null
      cmvcInfo = "CMVC Version 1.9 6/24/07 11:12:24"
      _loggedVersion = true
      CREATE_CORE_SESSION_MANAGER = 0
      GET_REQUESTED_SESSION_ID = 1
      GET_IHTTP_SESSION = 2
      SESSION_PRE_INVOKE = 3
      SESSION_POST_INVOKE = 4
      STOP = 5
      STOP_LISTENERS = 6
      IS_VALID = 7
      ENCODE_URL = 8
      SHOULD_ENCODE_URL = 9
      IS_PROTOCOL_SWITCH = 10
      GET_LOCAL_HOST = 11
      ADD_HTTP_SESSION_ATTRIBUTE_LISTENER = 12
      ADD_HTTP_SESSION_LISTENER = 13
      GET_SESSION_AFFINITY_CONTEXT = 14
      CHECK_SECURITY = 15
      INVALIDATE = 16
      CHECK_SESSSIONID_IS_RIGHT_LENGTH = 17
      LOCK_SESSION = 18
      UNLOCK_SESSION = 19
      ADD_HTTP_SESSION_ID_LISTENER = 20
      methodNames = class java.lang.String[21]
    eventSource = class com.ibm.ws.webcontainer.webapp.WebAppEventSource@8b52caf
      _invocationListeners = class com.ibm.ws.webcontainer.util.EventListeners@62c19ddb
      _servletListeners = class com.ibm.ws.webcontainer.util.EventListeners@72579847
      _errorListeners = class com.ibm.ws.webcontainer.util.EventListeners@2ec5e7cc
      _applicationListeners = class com.ibm.ws.webcontainer.util.EventListeners@1c89f005
      _filterInvocationListeners = class com.ibm.ws.webcontainer.util.EventListeners@72c8890a
      _filterListeners = class com.ibm.ws.webcontainer.util.EventListeners@3c93a2b4
      _filterErrorListeners = class com.ibm.ws.webcontainer.util.EventListeners@3de9d96d
    nls = class com.ibm.ejs.ras.TraceNLS@7e366d61
      resolver = class com.ibm.ws.logging.internal.TraceNLSResolver@36ad450f
      finder = class com.ibm.ws.logging.internal.StackFinder@42fb2b0c
      ivBundleName = "com.ibm.ws.webcontainer.resources.Messages"
      caller = class java.lang.Class@2f9b5f7c
    liberty_nls = class com.ibm.ejs.ras.TraceNLS@32a4e36b
      resolver = class com.ibm.ws.logging.internal.TraceNLSResolver@36ad450f
      finder = class com.ibm.ws.logging.internal.StackFinder@42fb2b0c
      ivBundleName = "com.ibm.ws.webcontainer.resources.LShimMessages"
      caller = class java.lang.Class@2f9b5f7c
    error_nls = class com.ibm.ejs.ras.TraceNLS@28d56f4c
      resolver = class com.ibm.ws.logging.internal.TraceNLSResolver@36ad450f
      finder = class com.ibm.ws.logging.internal.StackFinder@42fb2b0c
      ivBundleName = "com.ibm.ws.webcontainer.resources.ErrorPage"
      caller = class java.lang.Class@2f9b5f7c
    sessionListeners = class java.util.ArrayList@52841c9b
      serialVersionUID = 8683452581122892189
      DEFAULT_CAPACITY = 10
      EMPTY_ELEMENTDATA = class java.lang.Object[0]
      DEFAULTCAPACITY_EMPTY_ELEMENTDATA = class java.lang.Object[0]
      elementData = class java.lang.Object[10]
      size = 2
      MAX_ARRAY_SIZE = 2147483639
      modCount = 3
      MAX_ARRAY_SIZE = 2147483639
    sessionIdListeners = class java.util.ArrayList@6d4c882e
      serialVersionUID = 8683452581122892189
      DEFAULT_CAPACITY = 10
      EMPTY_ELEMENTDATA = class java.lang.Object[0]
      DEFAULTCAPACITY_EMPTY_ELEMENTDATA = class java.lang.Object[0]
      elementData = class java.lang.Object[0]
      size = 0
      MAX_ARRAY_SIZE = 2147483639
      modCount = 0
      MAX_ARRAY_SIZE = 2147483639
    sessionAttrListeners = class java.util.ArrayList@320f5ddd
      serialVersionUID = 8683452581122892189
      DEFAULT_CAPACITY = 10
      EMPTY_ELEMENTDATA = class java.lang.Object[0]
      DEFAULTCAPACITY_EMPTY_ELEMENTDATA = class java.lang.Object[0]
      elementData = class java.lang.Object[10]
      size = 1
      MAX_ARRAY_SIZE = 2147483639
      modCount = 2
      MAX_ARRAY_SIZE = 2147483639
    addedSessionListeners = class java.util.ArrayList@137ecf67
      serialVersionUID = 8683452581122892189
      DEFAULT_CAPACITY = 10
      EMPTY_ELEMENTDATA = class java.lang.Object[0]
      DEFAULTCAPACITY_EMPTY_ELEMENTDATA = class java.lang.Object[0]
      elementData = class java.lang.Object[10]
      size = 1
      MAX_ARRAY_SIZE = 2147483639
      modCount = 1
      MAX_ARRAY_SIZE = 2147483639
    addedSessionAttrListeners = class java.util.ArrayList@61ec6957
      serialVersionUID = 8683452581122892189
      DEFAULT_CAPACITY = 10
      EMPTY_ELEMENTDATA = class java.lang.Object[0]
      DEFAULTCAPACITY_EMPTY_ELEMENTDATA = class java.lang.Object[0]
      elementData = class java.lang.Object[10]
      size = 1
      MAX_ARRAY_SIZE = 2147483639
      modCount = 1
      MAX_ARRAY_SIZE = 2147483639
    servletContextListeners = class java.util.ArrayList@686880bc
      serialVersionUID = 8683452581122892189
      DEFAULT_CAPACITY = 10
      EMPTY_ELEMENTDATA = class java.lang.Object[0]
      DEFAULTCAPACITY_EMPTY_ELEMENTDATA = class java.lang.Object[0]
      elementData = class java.lang.Object[10]
      size = 5
      MAX_ARRAY_SIZE = 2147483639
      modCount = 6
      MAX_ARRAY_SIZE = 2147483639
    servletContextLAttrListeners = class java.util.ArrayList@2041d9d9
      serialVersionUID = 8683452581122892189
      DEFAULT_CAPACITY = 10
      EMPTY_ELEMENTDATA = class java.lang.Object[0]
      DEFAULTCAPACITY_EMPTY_ELEMENTDATA = class java.lang.Object[0]
      elementData = class java.lang.Object[10]
      size = 1
      MAX_ARRAY_SIZE = 2147483639
      modCount = 2
      MAX_ARRAY_SIZE = 2147483639
    servletRequestListeners = class java.util.ArrayList@45a13f41
      serialVersionUID = 8683452581122892189
      DEFAULT_CAPACITY = 10
      EMPTY_ELEMENTDATA = class java.lang.Object[0]
      DEFAULTCAPACITY_EMPTY_ELEMENTDATA = class java.lang.Object[0]
      elementData = class java.lang.Object[10]
      size = 1
      MAX_ARRAY_SIZE = 2147483639
      modCount = 2
      MAX_ARRAY_SIZE = 2147483639
    servletRequestLAttrListeners = class java.util.ArrayList@47854073
      serialVersionUID = 8683452581122892189
      DEFAULT_CAPACITY = 10
      EMPTY_ELEMENTDATA = class java.lang.Object[0]
      DEFAULTCAPACITY_EMPTY_ELEMENTDATA = class java.lang.Object[0]
      elementData = class java.lang.Object[10]
      size = 1
      MAX_ARRAY_SIZE = 2147483639
      modCount = 2
      MAX_ARRAY_SIZE = 2147483639
    prependSlashToResource = false
    destroyed = false
    webAppNameSpaceCollab = class com.ibm.ws.webcontainer.osgi.collaborator.WebAppNameSpaceCollaboratorImpl@6bc4555f
      cmdai = class com.ibm.ws.threadContext.ComponentMetaDataAccessorImpl@6f323521
    txCollab = class com.ibm.ws.transaction.services.WebAppTransactionCollaboratorImpl@c34b448
      tc = class com.ibm.websphere.ras.TraceComponent@35630884
      ltCurrentRef = class com.ibm.wsspi.kernel.service.utils.AtomicServiceReference@7e4fc77f
      tranMgrRef = class com.ibm.wsspi.kernel.service.utils.AtomicServiceReference@3748d169
      userTranRef = class com.ibm.wsspi.kernel.service.utils.AtomicServiceReference@52d0dc4a
      uowCallbackRef = class com.ibm.wsspi.kernel.service.utils.AtomicServiceReference@3bd63ea6
      serialVersionUID = -8319003162899973281
    sessionActivationListeners = class java.util.ArrayList@45e5d6ef
      serialVersionUID = 8683452581122892189
      DEFAULT_CAPACITY = 10
      EMPTY_ELEMENTDATA = class java.lang.Object[0]
      DEFAULTCAPACITY_EMPTY_ELEMENTDATA = class java.lang.Object[0]
      elementData = class java.lang.Object[0]
      size = 0
      MAX_ARRAY_SIZE = 2147483639
      modCount = 1
      MAX_ARRAY_SIZE = 2147483639
    sessionBindingListeners = class java.util.ArrayList@9f2b225
      serialVersionUID = 8683452581122892189
      DEFAULT_CAPACITY = 10
      EMPTY_ELEMENTDATA = class java.lang.Object[0]
      DEFAULTCAPACITY_EMPTY_ELEMENTDATA = class java.lang.Object[0]
      elementData = class java.lang.Object[0]
      size = 0
      MAX_ARRAY_SIZE = 2147483639
      modCount = 1
      MAX_ARRAY_SIZE = 2147483639
    scratchdir = null
    jspClassLoaderLimit = 0
    jspClassLoaderExclusionList = null
    jspClassLoadersMap = null
    jspClassLoaderLimitTrackIF = false
    defaultExtProc = null
    directoryBrowsingServlet = null
    cdiContexts = class java.util.concurrent.ConcurrentHashMap@6499edb0
      serialVersionUID = 7249069246763182397
      MAXIMUM_CAPACITY = 1073741824
      DEFAULT_CAPACITY = 16
      MAX_ARRAY_SIZE = 2147483639
      DEFAULT_CONCURRENCY_LEVEL = 16
      LOAD_FACTOR = 0.75
      TREEIFY_THRESHOLD = 8
      UNTREEIFY_THRESHOLD = 6
      MIN_TREEIFY_CAPACITY = 64
      MIN_TRANSFER_STRIDE = 16
      RESIZE_STAMP_BITS = 16
      MAX_RESIZERS = 65535
      RESIZE_STAMP_SHIFT = 16
      MOVED = -1
      TREEBIN = -2
      RESERVED = -3
      HASH_BITS = 2147483647
      NCPU = 8
      serialPersistentFields = class java.io.ObjectStreamField[3]
      table = null
      nextTable = null
      baseCount = 0
      sizeCtl = 0
      transferIndex = 0
      cellsBusy = 0
      counterCells = null
      keySet = null
      values = null
      entrySet = null
      U = class sun.misc.Unsafe@6d5040a9
      SIZECTL = 20
      TRANSFERINDEX = 32
      BASECOUNT = 24
      CELLSBUSY = 36
      CELLVALUE = 144
      ABASE = 16
      ASHIFT = 2
      keySet = null
      values = null
    moduleConfig = class com.ibm.ws.webcontainer.osgi.container.DeployedModule@2d3e32d1
      tc = class com.ibm.websphere.ras.TraceComponent@b0c6018
      loader = class com.ibm.ws.classloading.internal.ThreadContextClassLoader@22fa16b7
      webApp = class com.ibm.ws.webcontainer31.osgi.webapp.WebApp31@2c3dfc98
      webAppConfig = class com.ibm.ws.webcontainer.osgi.webapp.WebAppConfiguration@1d55ece5
      contextRootAdded = class com.ibm.ws.threading.internal.NonCancelableResultFuture@49ddb120
      properContextRoot = "/CookTimeServer"
      mappingContextRoot = "/CookTimeServer/*"
      initTaskCount = class java.util.concurrent.atomic.AtomicInteger@7c8fcdf7
      initTasksDoneListener = class com.ibm.ws.webcontainer.osgi.WebContainer$2@970d2f3
      serialVersionUID = -2104814060051592457
      $$$tc$$$ = class com.ibm.websphere.ras.TraceComponent@7bb7bb84
    extensionFactories = class java.util.ArrayList@4e065c25
      serialVersionUID = 8683452581122892189
      DEFAULT_CAPACITY = 10
      EMPTY_ELEMENTDATA = class java.lang.Object[0]
      DEFAULTCAPACITY_EMPTY_ELEMENTDATA = class java.lang.Object[0]
      elementData = class java.lang.Object[10]
      size = 6
      MAX_ARRAY_SIZE = 2147483639
      modCount = 6
      MAX_ARRAY_SIZE = 2147483639
    initialized = true
    lock = class com.ibm.ws.webcontainer.webapp.WebApp$1@4607cb37
      this$0 = class com.ibm.ws.webcontainer31.osgi.webapp.WebApp31@2c3dfc98
    afterServletContextCreated = false
    redirectContextRoot = false
    errorExceptionTypeFirst = false
    initFilterBeforeServletInit = false
    SET_400_SC_ON_TOO_MANY_PARENT_DIRS = false
    sortedServletConfigs = class java.util.ArrayList@5af83a48
      serialVersionUID = 8683452581122892189
      DEFAULT_CAPACITY = 10
      EMPTY_ELEMENTDATA = class java.lang.Object[0]
      DEFAULTCAPACITY_EMPTY_ELEMENTDATA = class java.lang.Object[0]
      elementData = class java.lang.Object[10]
      size = 2
      MAX_ARRAY_SIZE = 2147483639
      modCount = 2
      MAX_ARRAY_SIZE = 2147483639
    effectiveMajorVersion = 3
    effectiveMinorVersion = 0
    canAddServletContextListener = true
    withinContextInitOfProgAddListener = false
    lastProgAddListenerInitialized = "com.ibm.ws.cache.CacheServiceImpl"
    webInfLibClassloader = null
    metaInfCache = class com.ibm.ws.webcontainer.webapp.WebApp$2@7127b8ca
      this$0 = class com.ibm.ws.webcontainer31.osgi.webapp.WebApp31@2c3dfc98
      serialVersionUID = 3801124242820219131
      head = null
      tail = null
      accessOrder = true
      serialVersionUID = 362498820763181265
      DEFAULT_INITIAL_CAPACITY = 16
      MAXIMUM_CAPACITY = 1073741824
      DEFAULT_LOAD_FACTOR = 0.75
      TREEIFY_THRESHOLD = 8
      UNTREEIFY_THRESHOLD = 6
      MIN_TREEIFY_CAPACITY = 64
      table = null
      entrySet = null
      size = 0
      modCount = 0
      threshold = 32
      loadFactor = 1.0
      keySet = null
      values = null
    useMetaInfCache = true
    SUN_CONFIGURE_LISTENER_CLASSNAME = "com.sun.faces.config.ConfigureListener"
    MYFACES_LIFECYCLE_LISTENER_CLASSNAME = "org.apache.myfaces.webapp.StartupServletContextListener"
    JSF_IMPL_ENABLED_PARAM = "com.ibm.ws.jsf.JSF_IMPL_ENABLED"
    JSF_IMPL_ENABLED_CUSTOM = "Custom"
    JSF_IMPL_ENABLED_NONE = "None"
    staticDocRoot = class com.ibm.ws.webcontainer.util.DocumentRootUtils@2d53b485
      logger = class com.ibm.ws.logging.internal.WsLogger@601d7456
      CLASS_NAME = "com.ibm.ws.webcontainer.util.DocumentRootUtils"
      useContentLength = false
      matchedFile = null
      matchedZipFile = null
      matchedEntry = null
      matchedURL = null
      edrRoot = null
      pfedrRoot = null
      ctxt = class com.ibm.ws.webcontainer31.osgi.webapp.WebApp31@2c3dfc98
      baseDir = null
      edr = null
      pfedr = null
      metaInfRes = null
      searchpfEDR = false
      searchEDR = false
      searchMetaInfRes = true
      matchFromEDR = false
      matchFromMetaInfRes = false
      matchIsADirectory = false
      appConfig = class com.ibm.ws.webcontainer.osgi.webapp.WebAppConfiguration@1d55ece5
      attributeType = "staticFile"
      STATIC_FILE = "staticFile"
      JSP = "jsp"
      PFEDR = "preFragmentExtendedDocumentRoot"
      EDR = "extendedDocumentRoot"
    jspDocRoot = class com.ibm.ws.webcontainer.util.DocumentRootUtils@55759c6b
      logger = class com.ibm.ws.logging.internal.WsLogger@601d7456
      CLASS_NAME = "com.ibm.ws.webcontainer.util.DocumentRootUtils"
      useContentLength = false
      matchedFile = null
      matchedZipFile = null
      matchedEntry = null
      matchedURL = null
      edrRoot = null
      pfedrRoot = null
      ctxt = class com.ibm.ws.webcontainer31.osgi.webapp.WebApp31@2c3dfc98
      baseDir = null
      edr = null
      pfedr = null
      metaInfRes = null
      searchpfEDR = false
      searchEDR = false
      searchMetaInfRes = true
      matchFromEDR = false
      matchFromMetaInfRes = false
      matchIsADirectory = false
      appConfig = class com.ibm.ws.webcontainer.osgi.webapp.WebAppConfiguration@1d55ece5
      attributeType = "jsp"
      STATIC_FILE = "staticFile"
      JSP = "jsp"
      PFEDR = "preFragmentExtendedDocumentRoot"
      EDR = "extendedDocumentRoot"
    container = class com.ibm.ws.adaptable.module.internal.AdaptableContainerImpl@575b32d3
      root = class com.ibm.ws.adaptable.module.internal.AdaptableContainerImpl@575b32d3
      rootOverlay = class com.ibm.ws.artifact.overlay.internal.DirectoryBasedOverlayContainerImpl@1ecc4b39
      factoryHolder = class com.ibm.ws.adaptable.module.internal.AdaptableModuleFactoryImpl@58066a48
      delegate = class com.ibm.ws.artifact.overlay.internal.DirectoryBasedOverlayContainerImpl@1ecc4b39
      notifier = class com.ibm.ws.adaptable.module.internal.NotifierImpl@392c0361
      serialVersionUID = -5950528200509051684
      $$$tc$$$ = class com.ibm.websphere.ras.TraceComponent@46522bad
    metaInfResourceFinder = class com.ibm.ws.webcontainer.util.MetaInfResourceFinder@4e44c6f7
      jarResourceContainers = class java.util.ArrayList@716d7524
      container = class com.ibm.ws.adaptable.module.internal.AdaptableContainerImpl@575b32d3
    postConstructMethods = class com.ibm.ws.webcontainer.webapp.WebApp$AnnotatedMethods@269c61d
      annotationClass = class java.lang.Class@7afda633
      noOpClassNames = class java.util.HashSet@1f81d2b3
      annotatedMethodNames = class java.util.concurrent.ConcurrentHashMap@324a93c8
      EMPTY_METHODS = class java.lang.reflect.Method[0]
    preDestroyMethods = class com.ibm.ws.webcontainer.webapp.WebApp$AnnotatedMethods@322ebd49
      annotationClass = class java.lang.Class@362cc74d
      noOpClassNames = class java.util.HashSet@24c0668e
      annotatedMethodNames = class java.util.concurrent.ConcurrentHashMap@16f4627e
      EMPTY_METHODS = class java.lang.reflect.Method[0]
    OBJ_EMPTY = class java.lang.Object[0]
    CLASS_EMPTY = class java.lang.Class[0]
    DEFAULT_JSP_EXTENSIONS = class java.util.ArrayList@33595417
      serialVersionUID = 8683452581122892189
      DEFAULT_CAPACITY = 10
      EMPTY_ELEMENTDATA = class java.lang.Object[0]
      DEFAULTCAPACITY_EMPTY_ELEMENTDATA = class java.lang.Object[0]
      elementData = class java.lang.Object[10]
      size = 4
      MAX_ARRAY_SIZE = 2147483639
      modCount = 4
      MAX_ARRAY_SIZE = 2147483639
    DEFER_SERVLET_REQUEST_LISTENER_DESTROY_ON_ERROR = false
    DO_ACCEPT_PARTIAL = true
    DO_NOT_ACCEPT_PARTIAL = false
    DO_ACCEPT_EXCLUDED = true
    DO_NOT_ACCEPT_EXCLUDED = false
    commands = class java.util.ArrayList@4b41e9a3
      serialVersionUID = 8683452581122892189
      DEFAULT_CAPACITY = 10
      EMPTY_ELEMENTDATA = class java.lang.Object[0]
      DEFAULTCAPACITY_EMPTY_ELEMENTDATA = class java.lang.Object[0]
      elementData = class java.lang.Object[3]
      size = 0
      MAX_ARRAY_SIZE = 2147483639
      modCount = 0
      MAX_ARRAY_SIZE = 2147483639
    requestMapper = class com.ibm.wsspi.webcontainer.util.URIMapper@235afd42
      matcher = class com.ibm.wsspi.webcontainer.util.URIMatcher@5231cffe
    parent = class com.ibm.ws.webcontainer.osgi.webapp.WebGroup@6fcf9e1a
      tc = class com.ibm.websphere.ras.TraceComponent@7550303c
      logger = class com.ibm.ws.logging.internal.WsLogger@496e8a8c
      CLASS_NAME = "com.ibm.ws.webcontainer.webapp.WebGroup"
      sessUrlRewritePrefix = ";jsessionid="
      qMark = "?"
      config = class com.ibm.ws.webcontainer.osgi.webapp.WebGroupConfiguration@278cd15c
      webApp = class com.ibm.ws.webcontainer31.osgi.webapp.WebApp31@2c3dfc98
      commands = class java.util.ArrayList@2368d0
      requestMapper = null
      parent = class com.ibm.ws.webcontainer.osgi.DynamicVirtualHost@3f03a1c1
      name = "/CookTimeServer/*"
      isAlive = true
      subElements = class java.util.HashMap@19b5766e
      attributes = null
      config = null
      serialVersionUID = -8271459000149267764
      $$$tc$$$ = class com.ibm.websphere.ras.TraceComponent@58f9e76d
    name = "CookTimeServer"
    isAlive = true
    subElements = null
    attributes = class java.util.concurrent.ConcurrentHashMap@284ca25f
      serialVersionUID = 7249069246763182397
      MAXIMUM_CAPACITY = 1073741824
      DEFAULT_CAPACITY = 16
      MAX_ARRAY_SIZE = 2147483639
      DEFAULT_CONCURRENCY_LEVEL = 16
      LOAD_FACTOR = 0.75
      TREEIFY_THRESHOLD = 8
      UNTREEIFY_THRESHOLD = 6
      MIN_TREEIFY_CAPACITY = 64
      MIN_TRANSFER_STRIDE = 16
      RESIZE_STAMP_BITS = 16
      MAX_RESIZERS = 65535
      RESIZE_STAMP_SHIFT = 16
      MOVED = -1
      TREEBIN = -2
      RESERVED = -3
      HASH_BITS = 2147483647
      NCPU = 8
      serialPersistentFields = class java.io.ObjectStreamField[3]
      table = class java.util.concurrent.ConcurrentHashMap$Node[128]
      nextTable = null
      baseCount = 48
      sizeCtl = 96
      transferIndex = 0
      cellsBusy = 0
      counterCells = null
      keySet = null
      values = null
      entrySet = null
      U = class sun.misc.Unsafe@6d5040a9
      SIZECTL = 20
      TRANSFERINDEX = 32
      BASECOUNT = 24
      CELLSBUSY = 36
      CELLVALUE = 144
      ABASE = 16
      ASHIFT = 2
      keySet = null
      values = null
    config = null
    serialVersionUID = -8271459000149267764
    $$$tc$$$ = class com.ibm.websphere.ras.TraceComponent@58f9e76d
      strings[0] = "TraceComponent[com.ibm.ws.container.AbstractContainer,class com.ibm.ws.container.AbstractContainer,[],null,null]"

