------Start of DE processing------ = [7/9/20 16:29:47:899 CST]
Exception = com.ibm.websphere.servlet.error.ServletErrorReport
Source = com.ibm.ws.webcontainer.filter.WebAppFilterChain.doFilter
probeid = 82
Stack Dump = com.ibm.websphere.servlet.error.ServletErrorReport: java.lang.Error: Unresolved compilation problem: 
	The method setPortionSize&#40;int&#41; is undefined for the type Recipe

	at com.ibm.ws.webcontainer.servlet.ServletWrapper.service(ServletWrapper.java:1328)
	at com.ibm.ws.webcontainer.servlet.ServletWrapper.handleRequest(ServletWrapper.java:729)
	at com.ibm.ws.webcontainer.servlet.ServletWrapper.handleRequest(ServletWrapper.java:426)
	at com.ibm.ws.webcontainer.filter.WebAppFilterChain.invokeTarget(WebAppFilterChain.java:182)
	at com.ibm.ws.webcontainer.filter.WebAppFilterChain.doFilter(WebAppFilterChain.java:93)
	at com.ibm.ws.security.jaspi.JaspiServletFilter.doFilter(JaspiServletFilter.java:56)
	at com.ibm.ws.webcontainer.filter.FilterInstanceWrapper.doFilter(FilterInstanceWrapper.java:201)
	at com.ibm.ws.webcontainer.filter.WebAppFilterChain.doFilter(WebAppFilterChain.java:90)
	at com.ibm.ws.webcontainer.filter.WebAppFilterManager.doFilter(WebAppFilterManager.java:1001)
	at com.ibm.ws.webcontainer.filter.WebAppFilterManager.invokeFilters(WebAppFilterManager.java:1139)
	at com.ibm.ws.webcontainer.webapp.WebApp.handleRequest(WebApp.java:5037)
	at com.ibm.ws.webcontainer.osgi.DynamicVirtualHost$2.handleRequest(DynamicVirtualHost.java:314)
	at com.ibm.ws.webcontainer.WebContainer.handleRequest(WebContainer.java:1007)
	at com.ibm.ws.webcontainer.osgi.DynamicVirtualHost$2.run(DynamicVirtualHost.java:279)
	at com.ibm.ws.http.dispatcher.internal.channel.HttpDispatcherLink$TaskWrapper.run(HttpDispatcherLink.java:1134)
	at com.ibm.ws.http.dispatcher.internal.channel.HttpDispatcherLink.wrapHandlerAndExecute(HttpDispatcherLink.java:415)
	at com.ibm.ws.http.dispatcher.internal.channel.HttpDispatcherLink.ready(HttpDispatcherLink.java:374)
	at com.ibm.ws.http.channel.internal.inbound.HttpInboundLink.handleDiscrimination(HttpInboundLink.java:546)
	at com.ibm.ws.http.channel.internal.inbound.HttpInboundLink.handleNewRequest(HttpInboundLink.java:480)
	at com.ibm.ws.http.channel.internal.inbound.HttpInboundLink.processRequest(HttpInboundLink.java:345)
	at com.ibm.ws.http.channel.internal.inbound.HttpInboundLink.ready(HttpInboundLink.java:316)
	at com.ibm.ws.tcpchannel.internal.NewConnectionInitialReadCallback.sendToDiscriminators(NewConnectionInitialReadCallback.java:167)
	at com.ibm.ws.tcpchannel.internal.NewConnectionInitialReadCallback.complete(NewConnectionInitialReadCallback.java:75)
	at com.ibm.ws.tcpchannel.internal.WorkQueueManager.requestComplete(WorkQueueManager.java:504)
	at com.ibm.ws.tcpchannel.internal.WorkQueueManager.attemptIO(WorkQueueManager.java:574)
	at com.ibm.ws.tcpchannel.internal.WorkQueueManager.workerRun(WorkQueueManager.java:958)
	at com.ibm.ws.tcpchannel.internal.WorkQueueManager$Worker.run(WorkQueueManager.java:1047)
	at com.ibm.ws.threading.internal.ExecutorServiceImpl$RunnableWrapper.run(ExecutorServiceImpl.java:239)
	at java.util.concurrent.ThreadPoolExecutor.runWorker(Unknown Source)
	at java.util.concurrent.ThreadPoolExecutor$Worker.run(Unknown Source)
	at java.lang.Thread.run(Unknown Source)
Caused by: java.lang.Error: Unresolved compilation problem: 
	The method setPortionSize(int) is undefined for the type Recipe

	at cr.ac.tec.resources.Trees.justOnce(Trees.java:59)
	at cr.ac.tec.resources.Trees.<init>(Trees.java:16)
	at cr.ac.tec.resources.Trees.getTrees(Trees.java:32)
	at cr.ac.tec.resources.Authorization.validateAuthorization(Authorization.java:39)
	at cr.ac.tec.resources.Authorization.filter(Authorization.java:69)
	at org.apache.cxf.jaxrs.utils.JAXRSUtils.runContainerRequestFilters(JAXRSUtils.java:1768)
	at org.apache.cxf.jaxrs.interceptor.JAXRSInInterceptor.processRequest(JAXRSInInterceptor.java:123)
	at org.apache.cxf.jaxrs.interceptor.JAXRSInInterceptor.handleMessage(JAXRSInInterceptor.java:90)
	at org.apache.cxf.phase.PhaseInterceptorChain.doIntercept(PhaseInterceptorChain.java:309)
	at org.apache.cxf.transport.ChainInitiationObserver.onMessage(ChainInitiationObserver.java:124)
	at org.apache.cxf.transport.http.AbstractHTTPDestination.invoke(AbstractHTTPDestination.java:271)
	at com.ibm.ws.jaxrs20.endpoint.AbstractJaxRsWebEndpoint.invoke(AbstractJaxRsWebEndpoint.java:136)
	at com.ibm.websphere.jaxrs.server.IBMRestServlet.handleRequest(IBMRestServlet.java:146)
	at com.ibm.websphere.jaxrs.server.IBMRestServlet.doGet(IBMRestServlet.java:112)
	at javax.servlet.http.HttpServlet.service(HttpServlet.java:687)
	at com.ibm.websphere.jaxrs.server.IBMRestServlet.service(IBMRestServlet.java:96)
	at com.ibm.ws.webcontainer.servlet.ServletWrapper.service(ServletWrapper.java:1230)
	... 30 more

Dump of callerThis
Object type = com.ibm.ws.webcontainer.filter.WebAppFilterChain
  _filters = class java.util.ArrayList@4b3d13cb
    serialVersionUID = 8683452581122892189
    DEFAULT_CAPACITY = 10
    EMPTY_ELEMENTDATA = class java.lang.Object[0]
    DEFAULTCAPACITY_EMPTY_ELEMENTDATA = class java.lang.Object[0]
    elementData = class java.lang.Object[5]
      Object[0] = class com.ibm.ws.webcontainer.filter.FilterInstanceWrapper@627a0da5
      Object[1] = null
      Object[2] = null
      Object[3] = null
      Object[4] = null
    size = 1
    MAX_ARRAY_SIZE = 2147483639
    modCount = 1
    MAX_ARRAY_SIZE = 2147483639
  _currentFilterIndex = 1
  _numberOfFilters = 1
  requestProcessor = class com.ibm.ws.webcontainer.osgi.servlet.ServletWrapper@45085d99
    serialVersionUID = 1
    _mo = null
    serialVersionUID = -4479626085298397598
    notifyInvocationListeners = false
    UNINITIALIZED_STATE = -1
    AVAILABLE_STATE = 0
    UNAVAILABLE_STATE = 1
    UNAVAILABLE_PERMANENTLY_STATE = 2
    collabHelper = class com.ibm.ws.webcontainer.osgi.collaborator.CollaboratorHelperImpl@6f328ba
      webAppInvCollabs = class java.util.Collections$UnmodifiableSet@35cbcd56
      securityDomainForApp = null
      logger = class com.ibm.ws.logging.internal.WsLogger@7ca5f8f1
      staticDefaultSecurityCollaborator = class com.ibm.ws.webcontainer.collaborator.WebAppSecurityCollaborator@3f2988bf
      logger = class com.ibm.ws.logging.internal.WsLogger@778caa92
      CLASS_NAME = "com.ibm.wsspi.webcontainer.collaborator.CollaboratorHelper"
      webApp = class com.ibm.ws.webcontainer31.osgi.webapp.WebApp31@31d1329b
      securityCollaborator = class com.ibm.ws.webcontainer.security.WebAppSecurityCollaboratorImpl@216800a8
      nameSpaceCollaborator = class com.ibm.ws.webcontainer.osgi.collaborator.WebAppNameSpaceCollaboratorImpl@727fa697
      transactionCollaborator = class com.ibm.ws.transaction.services.WebAppTransactionCollaboratorImpl@86ddf04
      connectionCollaborator = class com.ibm.ws.webcontainer.collaborator.ConnectionCollaborator@564a70af
      allCollabEnum = class java.util.RegularEnumSet@57a2aeba
      servlet_23_or_greater = true
      DEFER_SERVLET_REQUEST_LISTENER_DESTROY_ON_ERROR = false
    nServicing = class java.util.concurrent.atomic.AtomicInteger@509f1b44
      serialVersionUID = 6214790243416807050
      unsafe = class sun.misc.Unsafe@2e7b5997
      valueOffset = 12
      value = 0
      serialVersionUID = -8742448824652078965
    lastAccessTime = 1594333781802
    state = 0
    logger = class com.ibm.ws.logging.internal.WsLogger@227fcfa4
      tc = class com.ibm.websphere.ras.TraceComponent@5622f77a
      ivCachedResourceBundleName = "com.ibm.ws.webcontainer.resources.Messages"
      ivCachedResourceBundle = class com.ibm.ws.webcontainer.resources.Messages@6ee2fd2b
      ivComponent = null
      ivOrganization = null
      ivProduct = null
      ivMinimumLocalizationLevelIntValue = 625
      ivTC = class com.ibm.websphere.ras.TraceComponent@56116c1e
      loggerRegistrationComponent = class java.lang.ThreadLocal@7d8a7116
      emptyHandlers = class java.util.logging.Handler[0]
      offValue = 2147483647
      SYSTEM_LOGGER_RB_NAME = "sun.util.logging.resources.logging"
      SYSTEM_BUNDLE = class java.util.logging.Logger$LoggerBundle@765cedbe
      NO_RESOURCE_BUNDLE = class java.util.logging.Logger$LoggerBundle@1d05ff8d
      manager = class com.ibm.ws.kernel.boot.logging.WsLogManager@33293ffa
      name = "com.ibm.ws.webcontainer.servlet"
      handlers = class java.util.concurrent.CopyOnWriteArrayList@36deb3cb
      loggerBundle = class java.util.logging.Logger$LoggerBundle@5e598e72
      useParentHandlers = true
      filter = null
      anonymous = false
      catalog = class com.ibm.ws.webcontainer.resources.Messages@6ee2fd2b
      catalogName = "com.ibm.ws.webcontainer.resources.Messages"
      catalogLocale = class java.util.Locale@144ec9e2
      treeLock = class java.lang.Object@14aa22d0
      parent = class com.ibm.ws.logging.internal.WsLogger@456f4c9
      kids = null
      levelObject = class java.util.logging.Level@7d245acd
      levelValue = 800
      callersClassLoaderRef = class java.lang.ref.WeakReference@65e1e621
      isSystemLogger = false
      GLOBAL_LOGGER_NAME = "global"
      global = class java.util.logging.Logger@5abe90c8
      $assertionsDisabled = true
    CLASS_NAME = "com.ibm.ws.webcontainer.servlet.ServletWrapper"
    nls = class com.ibm.ejs.ras.TraceNLS@4c2789ca
      resolver = class com.ibm.ws.logging.internal.TraceNLSResolver@aba48e9
      finder = class com.ibm.ws.logging.internal.StackFinder@6ee52645
      ivBundleName = "com.ibm.ws.webcontainer.resources.Messages"
      caller = class java.lang.Class@48d4dc55
    servletConfig = class com.ibm.ws.webcontainer.servlet.ServletConfig@538ece0c
      logger = class com.ibm.ws.logging.internal.WsLogger@227fcfa4
      CLASS_NAME = "com.ibm.ws.webcontainer.servlet.ServletConfig"
      nls = class com.ibm.ejs.ras.TraceNLS@6fda0486
      liberty_nls = class com.ibm.ejs.ras.TraceNLS@28aaf21c
      enabled = true
      servletName = "cr.ac.tec.resources.RestAPI"
      className = null
      mappings = class java.util.ArrayList@7b557163
      startUpWeight = null
      DEFAULT_STARTUP = -1
      isCachingEnabled = true
      isStatisticsEnabled = true
      isInternal = false
      metaData = class com.ibm.ws.webcontainer.osgi.metadata.WebComponentMetaDataImpl@22b3dd5
      singleThreadModelServlet = false
      isJsp = false
      webAppConfig = class com.ibm.ws.webcontainer.osgi.webapp.WebAppConfiguration@67eb0368
      servletWrapper = class com.ibm.ws.webcontainer.osgi.servlet.ServletWrapper@45085d99
      servletClass = class java.lang.Class@2b16d756
      servlet = class com.ibm.websphere.jaxrs.server.IBMRestServlet@7b63ba02
      addedToLoadOnStartup = true
      previousWeight = null
      multipartConfig = null
      multipartConfigBaseLocation = null
      runAsRole = null
      servletSecurityElement = null
      declareRolesAnnotation = null
      logger = class com.ibm.ws.logging.internal.WsLogger@227fcfa4
      CLASS_NAME = "com.ibm.ws.webcontainer.servlet.TargetConfig"
      initParams = null
      fileName = null
      displayName = null
      name = "cr.ac.tec.resources.RestAPI"
      description = null
      smallIcon = null
      largeIcon = null
      context = class com.ibm.ws.webcontainer31.facade.ServletContextFacade31@4733a86f
      className = null
      asyncSupported = true
      _id = "cr.ac.tec.resources.RestAPI"
      _attributes = null
      serialVersionUID = 7511545662945734886
      $$$tc$$$ = class com.ibm.websphere.ras.TraceComponent@70bd27c9
    context = class com.ibm.ws.webcontainer31.osgi.webapp.WebApp31@31d1329b
    target = class com.ibm.websphere.jaxrs.server.IBMRestServlet@7b63ba02
      serialVersionUID = -6835560282014155024
      KNOWN_HTTP_VERBS = class java.util.Arrays$ArrayList@7c68c7cf
      HTML_CONTENT_TYPE = "text/html"
      endpoint = class com.ibm.ws.jaxrs20.server.JaxRsWebEndpointImpl@3f6b7362
      collaborator = class com.ibm.ws.webcontainer.osgi.collaborator.WebAppNameSpaceCollaboratorImpl@727fa697
      providerFactoryService = class com.ibm.ws.jaxrs20.component.JaxRsProviderFactory@2dd350e3
      $$$tc$$$ = class com.ibm.websphere.ras.TraceComponent@5353a065
      METHOD_DELETE = "DELETE"
      METHOD_HEAD = "HEAD"
      METHOD_GET = "GET"
      METHOD_OPTIONS = "OPTIONS"
      METHOD_POST = "POST"
      METHOD_PUT = "PUT"
      METHOD_TRACE = "TRACE"
      HEADER_IFMODSINCE = "If-Modified-Since"
      HEADER_LASTMOD = "Last-Modified"
      LSTRING_FILE = "javax.servlet.http.LocalStrings"
      lStrings = class java.util.PropertyResourceBundle@47e96b96
      LSTRING_FILE = "javax.servlet.LocalStrings"
      lStrings = class java.util.PropertyResourceBundle@292982a6
      config = class com.ibm.ws.webcontainer.servlet.ServletConfig@538ece0c
    cacheWrappers = null
    targetLoader = null
    evtSource = class com.ibm.ws.webcontainer.webapp.WebAppEventSource@27bd4825
      _invocationListeners = class com.ibm.ws.webcontainer.util.EventListeners@5cd38cec
      _servletListeners = class com.ibm.ws.webcontainer.util.EventListeners@1f79f5cc
      _errorListeners = class com.ibm.ws.webcontainer.util.EventListeners@6de18ab9
      _applicationListeners = class com.ibm.ws.webcontainer.util.EventListeners@74785538
      _filterInvocationListeners = class com.ibm.ws.webcontainer.util.EventListeners@340c03b7
      _filterListeners = class com.ibm.ws.webcontainer.util.EventListeners@648b576f
      _filterErrorListeners = class com.ibm.ws.webcontainer.util.EventListeners@55ebd05
    event = class com.ibm.websphere.servlet.event.ServletEvent@57a4fcc1
      serialVersionUID = 3906650803920713522
      _servletName = "cr.ac.tec.resources.RestAPI"
      _servletClassName = "com.ibm.websphere.jaxrs.server.IBMRestServlet"
      $$$tc$$$ = class com.ibm.websphere.ras.TraceComponent@448aa831
      serialVersionUID = 3546927969739289392
      _context = class com.ibm.ws.webcontainer31.facade.ServletContextFacade31@4733a86f
      _servletNames = class com.ibm.ws.webcontainer.util.EmptyEnumeration@22cb62a0
      $$$tc$$$ = class com.ibm.websphere.ras.TraceComponent@14553eab
      serialVersionUID = 5516075349620653480
      source = class com.ibm.ws.webcontainer.osgi.servlet.ServletWrapper@45085d99
    unavailableMessage = null
    unavailableUntil = -1
    isSTM = false
    internalServlet = false
    webAppInvocationCollaborators = null
    platformHelper = class com.ibm.ws.webcontainer.PlatformHelper@3a58d463
    webAppNameSpaceCollab = class com.ibm.ws.webcontainer.osgi.collaborator.WebAppNameSpaceCollaboratorImpl@727fa697
      cmdai = class com.ibm.ws.threadContext.ComponentMetaDataAccessorImpl@f451ce4
    txCollab = class com.ibm.ws.transaction.services.WebAppTransactionCollaboratorImpl@86ddf04
      tc = class com.ibm.websphere.ras.TraceComponent@3cfe5c7f
      ltCurrentRef = class com.ibm.wsspi.kernel.service.utils.AtomicServiceReference@6fb58ab5
      tranMgrRef = class com.ibm.wsspi.kernel.service.utils.AtomicServiceReference@1efff212
      userTranRef = class com.ibm.wsspi.kernel.service.utils.AtomicServiceReference@58419b11
      uowCallbackRef = class com.ibm.wsspi.kernel.service.utils.AtomicServiceReference@7342dbbe
      serialVersionUID = -8319003162899973281
    suppressServletExceptionLogging = false
    throwExceptionEnum = class java.util.RegularEnumSet@142ab170
      serialVersionUID = 3411599620347842686
      elements = 256
      elementType = class java.lang.Class@104018cb
      universe = class com.ibm.wsspi.webcontainer.collaborator.CollaboratorInvocationEnum[9]
      ZERO_LENGTH_ENUM_ARRAY = class java.lang.Enum[0]
      MAX_ARRAY_SIZE = 2147483639
    discernUnavailableServlet = false
    reInitServletonInitUnavailableException = true
    destroyServletonServiceUnavailableException = false
    servlet23 = true
    PARAMS_HEAD_TRACE = class java.lang.Class[2]
      Class[0] = class java.lang.Class@2214f85
      Class[1] = class java.lang.Class@5135a720
    defaultHeadMethodInUse = false
    defaultTraceMethodInUse = false
    checkedForDefaultMethods = null
    defaultTraceRequestBehavior = false
    defaultHeadRequestBehavior = false
    useOriginalRequestState = false
    warningStatusSet = false
    LSTRING_FILE = "javax.servlet.LocalStrings"
    lStrings = class java.util.PropertyResourceBundle@292982a6
      lookup = class java.util.HashMap@63f413a1
      INITIAL_CACHE_SIZE = 32
      NONEXISTENT_BUNDLE = class java.util.ResourceBundle$1@7f486754
      cacheList = class java.util.concurrent.ConcurrentHashMap@400a41d2
      referenceQueue = class java.lang.ref.ReferenceQueue@6e109ae1
      parent = null
      locale = class java.util.Locale@78267f68
      name = "javax.servlet.LocalStrings"
      expired = false
      cacheKey = class java.util.ResourceBundle$CacheKey@55ee69c
      keySet = null
      providers = null
      $assertionsDisabled = true
    config = null
  _filtersDefined = true
  logger = class com.ibm.ws.logging.internal.WsLogger@29f348b
    tc = class com.ibm.websphere.ras.TraceComponent@5622f77a
      strings[0] = "TraceComponent[com.ibm.ws.logging.internal.WsLogger,class com.ibm.ws.logging.internal.WsLogger,[logging],com.ibm.ws.logging.internal.resources.LoggingMessages,null]"
    ivCachedResourceBundleName = null
    ivCachedResourceBundle = null
    ivComponent = null
    ivOrganization = null
    ivProduct = null
    ivMinimumLocalizationLevelIntValue = 625
    ivTC = class com.ibm.websphere.ras.TraceComponent@4277548
      strings[0] = "TraceComponent[com.ibm.ws.webcontainer.filter,class com.ibm.wsspi.webcontainer.logging.LoggerFactory$1,[com.ibm.ws.webcontainer.filter],null,null]"
    loggerRegistrationComponent = class java.lang.ThreadLocal@7d8a7116
      threadLocalHashCode = 1914802624
      nextHashCode = class java.util.concurrent.atomic.AtomicInteger@2093e1e1
      HASH_INCREMENT = 1640531527
    emptyHandlers = class java.util.logging.Handler[0]
    offValue = 2147483647
    SYSTEM_LOGGER_RB_NAME = "sun.util.logging.resources.logging"
    SYSTEM_BUNDLE = class java.util.logging.Logger$LoggerBundle@765cedbe
      resourceBundleName = "sun.util.logging.resources.logging"
      userBundle = null
    NO_RESOURCE_BUNDLE = class java.util.logging.Logger$LoggerBundle@1d05ff8d
      resourceBundleName = null
      userBundle = null
    manager = class com.ibm.ws.kernel.boot.logging.WsLogManager@33293ffa
      CLASS_NAME = "com.ibm.ws.kernel.boot.logging.WsLogManager"
      CONFIGURE_BY_SERVER_PROPERTY_NAME = "java.util.logging.configureByServer"
      CONFIGURE_BY_LOGGING_PROPERTIES_FILE = "java.util.logging.configureByLoggingPropertiesFile"
      configureByServer = true
      configureByLoggingProperties = false
      wsLogger = class java.lang.reflect.Constructor@71658e65
      resetEnabled = true
      svBinaryLoggingEnable = false
      manager = class com.ibm.ws.kernel.boot.logging.WsLogManager@33293ffa
      props = class java.util.Properties@37fc0ab9
      defaultLevel = class java.util.logging.Level@7d245acd
      listenerMap = class java.util.HashMap@2bc25de0
      systemContext = class java.util.logging.LogManager$SystemLoggerContext@7609e85b
      userContext = class java.util.logging.LogManager$LoggerContext@1727cfd8
      rootLogger = class java.util.logging.LogManager$RootLogger@44ab7b2
      readPrimordialConfiguration = true
      initializedGlobalHandlers = true
      deathImminent = false
      initializedCalled = true
      initializationDone = true
      contextsMap = null
      loggerRefQueue = class java.lang.ref.ReferenceQueue@4059b647
      MAX_ITERATIONS = 400
      controlPermission = class java.util.logging.LoggingPermission@794dcef1
      loggingMXBean = null
      LOGGING_MXBEAN_NAME = "java.util.logging:type=Logging"
      $assertionsDisabled = true
    name = "com.ibm.ws.webcontainer.filter"
    handlers = class java.util.concurrent.CopyOnWriteArrayList@4d09bdb6
      serialVersionUID = 8673264195747942595
      lock = class java.util.concurrent.locks.ReentrantLock@3c6c3af2
      array = class java.lang.Object[0]
      UNSAFE = class sun.misc.Unsafe@2e7b5997
      lockOffset = 12
    loggerBundle = class java.util.logging.Logger$LoggerBundle@5c2998b4
      resourceBundleName = "com.ibm.ws.webcontainer.resources.Messages"
      userBundle = null
    useParentHandlers = true
    filter = null
    anonymous = false
    catalog = class com.ibm.ws.webcontainer.resources.Messages@6ee2fd2b
      resources = class [Ljava.lang.Object;[338]
      lookup = class java.util.HashMap@5c4e5f45
      INITIAL_CACHE_SIZE = 32
      NONEXISTENT_BUNDLE = class java.util.ResourceBundle$1@7f486754
      cacheList = class java.util.concurrent.ConcurrentHashMap@400a41d2
      referenceQueue = class java.lang.ref.ReferenceQueue@6e109ae1
      parent = null
      locale = class java.util.Locale@78267f68
      name = "com.ibm.ws.webcontainer.resources.Messages"
      expired = false
      cacheKey = class java.util.ResourceBundle$CacheKey@770a98b2
      keySet = null
      providers = null
      $assertionsDisabled = true
    catalogName = "com.ibm.ws.webcontainer.resources.Messages"
    catalogLocale = class java.util.Locale@144ec9e2
      LOCALECACHE = class java.util.Locale$Cache@3f7198ad
      ENGLISH = class java.util.Locale@710a1ce0
      FRENCH = class java.util.Locale@2e24de63
      GERMAN = class java.util.Locale@36e514bc
      ITALIAN = class java.util.Locale@562563d
      JAPANESE = class java.util.Locale@242ea76d
      KOREAN = class java.util.Locale@2c71a24d
      CHINESE = class java.util.Locale@322f138b
      SIMPLIFIED_CHINESE = class java.util.Locale@25eb784d
      TRADITIONAL_CHINESE = class java.util.Locale@742fa652
      FRANCE = class java.util.Locale@55ed1150
      GERMANY = class java.util.Locale@1f14e32d
      ITALY = class java.util.Locale@6143d992
      JAPAN = class java.util.Locale@68d7fede
      KOREA = class java.util.Locale@558d1505
      CHINA = class java.util.Locale@25eb784d
      PRC = class java.util.Locale@25eb784d
      TAIWAN = class java.util.Locale@742fa652
      UK = class java.util.Locale@6d388912
      US = class java.util.Locale@144ec9e2
      CANADA = class java.util.Locale@12c8426e
      CANADA_FRENCH = class java.util.Locale@45be6fe7
      ROOT = class java.util.Locale@78267f68
      PRIVATE_USE_EXTENSION = x
      UNICODE_LOCALE_EXTENSION = u
      serialVersionUID = 9149081749638150636
      DISPLAY_LANGUAGE = 0
      DISPLAY_COUNTRY = 1
      DISPLAY_VARIANT = 2
      DISPLAY_SCRIPT = 3
      baseLocale = class sun.util.locale.BaseLocale@51ff0967
      localeExtensions = null
      hashCodeValue = 96636889
      defaultLocale = class java.util.Locale@144ec9e2
      defaultDisplayLocale = null
      defaultFormatLocale = class java.util.Locale@144ec9e2
      languageTag = "en-US"
      serialPersistentFields = class java.io.ObjectStreamField[6]
      isoLanguages = null
      isoCountries = null
      $assertionsDisabled = true
    treeLock = class java.lang.Object@14aa22d0
    parent = class com.ibm.ws.logging.internal.WsLogger@456f4c9
      tc = class com.ibm.websphere.ras.TraceComponent@5622f77a
      ivCachedResourceBundleName = "com.ibm.ws.webcontainer.resources.Messages"
      ivCachedResourceBundle = class com.ibm.ws.webcontainer.resources.Messages@6ee2fd2b
      ivComponent = null
      ivOrganization = null
      ivProduct = null
      ivMinimumLocalizationLevelIntValue = 625
      ivTC = class com.ibm.websphere.ras.TraceComponent@2816b0df
      loggerRegistrationComponent = class java.lang.ThreadLocal@7d8a7116
      emptyHandlers = class java.util.logging.Handler[0]
      offValue = 2147483647
      SYSTEM_LOGGER_RB_NAME = "sun.util.logging.resources.logging"
      SYSTEM_BUNDLE = class java.util.logging.Logger$LoggerBundle@765cedbe
      NO_RESOURCE_BUNDLE = class java.util.logging.Logger$LoggerBundle@1d05ff8d
      manager = class com.ibm.ws.kernel.boot.logging.WsLogManager@33293ffa
      name = "com.ibm.ws.webcontainer"
      handlers = class java.util.concurrent.CopyOnWriteArrayList@6bb4100c
      loggerBundle = class java.util.logging.Logger$LoggerBundle@5521f154
      useParentHandlers = true
      filter = null
      anonymous = false
      catalog = class com.ibm.ws.webcontainer.resources.Messages@6ee2fd2b
      catalogName = "com.ibm.ws.webcontainer.resources.Messages"
      catalogLocale = class java.util.Locale@144ec9e2
      treeLock = class java.lang.Object@14aa22d0
      parent = class java.util.logging.Logger@20b71fef
      kids = class java.util.ArrayList@1f147ef1
      levelObject = class java.util.logging.Level@7d245acd
      levelValue = 800
      callersClassLoaderRef = class java.lang.ref.WeakReference@54eb296f
      isSystemLogger = false
      GLOBAL_LOGGER_NAME = "global"
      global = class java.util.logging.Logger@5abe90c8
      $assertionsDisabled = true
    kids = null
    levelObject = class java.util.logging.Level@7d245acd
      defaultBundle = "sun.util.logging.resources.logging"
      name = "INFO"
      value = 800
      resourceBundleName = "sun.util.logging.resources.logging"
      localizedLevelName = "INFO"
      cachedLocale = class java.util.Locale@144ec9e2
      OFF = class java.util.logging.Level@6c1a2096
      SEVERE = class java.util.logging.Level@1f2bb672
      WARNING = class java.util.logging.Level@1c5b2cfc
      INFO = class java.util.logging.Level@7d245acd
      CONFIG = class java.util.logging.Level@b475623
      FINE = class java.util.logging.Level@3664d94d
      FINER = class java.util.logging.Level@74be61d5
      FINEST = class java.util.logging.Level@31479f72
      ALL = class java.util.logging.Level@803137
      serialVersionUID = -8176160795706313070
    levelValue = 800
    callersClassLoaderRef = class java.lang.ref.WeakReference@1f478d52
      referent = class org.eclipse.osgi.internal.loader.EquinoxClassLoader@18634230
      queue = class java.lang.ref.ReferenceQueue$Null@2dbe9914
      next = null
      discovered = null
      lock = class java.lang.ref.Reference$Lock@7957cc23
      pending = null
    isSystemLogger = false
    GLOBAL_LOGGER_NAME = "global"
    global = class java.util.logging.Logger@5abe90c8
      emptyHandlers = class java.util.logging.Handler[0]
      offValue = 2147483647
      SYSTEM_LOGGER_RB_NAME = "sun.util.logging.resources.logging"
      SYSTEM_BUNDLE = class java.util.logging.Logger$LoggerBundle@765cedbe
      NO_RESOURCE_BUNDLE = class java.util.logging.Logger$LoggerBundle@1d05ff8d
      manager = class com.ibm.ws.kernel.boot.logging.WsLogManager@33293ffa
      name = "global"
      handlers = class java.util.concurrent.CopyOnWriteArrayList@15f2685f
      loggerBundle = class java.util.logging.Logger$LoggerBundle@1d05ff8d
      useParentHandlers = true
      filter = null
      anonymous = false
      catalog = null
      catalogName = null
      catalogLocale = null
      treeLock = class java.lang.Object@14aa22d0
      parent = class java.util.logging.LogManager$RootLogger@44ab7b2
      kids = null
      levelObject = null
      levelValue = 800
      callersClassLoaderRef = null
      isSystemLogger = true
      GLOBAL_LOGGER_NAME = "global"
      global = class java.util.logging.Logger@5abe90c8
      $assertionsDisabled = true
    $assertionsDisabled = true
  CLASS_NAME = "com.ibm.ws.webcontainer.filter.WebAppFilterChain"
  webapp = class com.ibm.ws.webcontainer31.osgi.webapp.WebApp31@31d1329b
    tc = class com.ibm.websphere.ras.TraceComponent@7d1ce12c
      strings[0] = "TraceComponent[com.ibm.ws.webcontainer31.osgi.webapp.WebApp31,class com.ibm.ws.webcontainer31.osgi.webapp.WebApp31,[webcontainer],com.ibm.ws.webcontainer31.resources.Messages,null]"
    CLASS_NAME = "com.ibm.ws.webcontainer31.osgi.webapp.WebApp31"
    servlet31NLS = class com.ibm.ejs.ras.TraceNLS@6cf3af56
      resolver = class com.ibm.ws.logging.internal.TraceNLSResolver@aba48e9
      finder = class com.ibm.ws.logging.internal.StackFinder@6ee52645
      ivBundleName = "com.ibm.ws.webcontainer31.resources.Messages"
      caller = class java.lang.Class@1c914886
    validListenerClasses = class java.lang.Class[7]
      Class[0] = class java.lang.Class@7e874125
      Class[1] = class java.lang.Class@53c17332
      Class[2] = class java.lang.Class@645287c0
      Class[3] = class java.lang.Class@a3ab9db
      Class[4] = class java.lang.Class@4ef05fd0
      Class[5] = class java.lang.Class@1670eddf
      Class[6] = class java.lang.Class@56e70c35
    wsocServHandler = class com.ibm.ws.wsoc.external.WsocHandlerImpl@678d5696
      tc = class com.ibm.websphere.ras.TraceComponent@7c915198
      noMoreAddsCalled = true
      serialVersionUID = -2067291126638824067
    tc = class com.ibm.websphere.ras.TraceComponent@41eb4e51
      strings[0] = "TraceComponent[com.ibm.ws.webcontainer.osgi.webapp.WebApp,class com.ibm.ws.webcontainer.osgi.webapp.WebApp,[webcontainer],com.ibm.ws.webcontainer.resources.LShimMessages,null]"
    CLASS_NAME = "com.ibm.ws.webcontainer.osgi.webapp.WebApp"
    metaDataService = class com.ibm.ws.container.service.metadata.internal.MetaDataServiceImpl@a0cc0d4
      applicationMetaDataManager = class com.ibm.ws.container.service.metadata.internal.ApplicationMetaDataManager@694ff473
      moduleMetaDataManager = class com.ibm.ws.container.service.metadata.internal.ModuleMetaDataManager@64299c93
      componentMetaDataManager = class com.ibm.ws.container.service.metadata.internal.ComponentMetaDataManager@7304fca1
      methodMetaDataManager = class com.ibm.ws.container.service.metadata.internal.MethodMetaDataManager@4e53aa50
      appModuleNameToModuleContainer = class java.util.concurrent.ConcurrentHashMap@58a93385
      jeeNameToComponentMetaData = class java.util.concurrent.ConcurrentHashMap@70cce107
      deferredMetaDataFactories = class com.ibm.wsspi.kernel.service.utils.ConcurrentServiceReferenceSet@24f9fa4b
      deferredMetaDataInitializers = class com.ibm.wsspi.kernel.service.utils.ConcurrentServiceReferenceMap@77abc5ae
      serialVersionUID = -2494605732980966097
      $$$tc$$$ = class com.ibm.websphere.ras.TraceComponent@3bda6b9
    namespacePopulated = false
    referenceContext = class com.ibm.ws.injectionengine.osgi.internal.OSGiReferenceContextImpl@5dbc544f
      scopeData = class com.ibm.ws.injectionengine.osgi.internal.OSGiInjectionScopeData@40f38041
      serialVersionUID = 521511923892134915
      $$$tc$$$ = class com.ibm.websphere.ras.TraceComponent@62568138
      CLASS_NAME = "com.ibm.ws.injectionengine.ReferenceContextImpl"
      tc = class com.ibm.websphere.ras.TraceComponent@397ffc3e
      ivInjectionEngine = class com.ibm.ws.injectionengine.osgi.internal.OSGiInjectionEngineImpl@68afafa6
      ivProviders = class java.util.ArrayList@afdeaeb
      ivComponentJavaContext = null
      ivComponentNameSpace = null
      ivJavaColonCompEnvMap = class java.util.LinkedHashMap@57e6e36d
      ivEjbContext10 = class java.util.Properties@61edfe04
      ivResourceRefConfigList = class com.ibm.ws.resource.internal.ResourceRefConfigListImpl@6f5cbfca
      isAlreadyProcessed = true
      ivProcessFailure = null
      ivInjectionTargetMap = class java.util.concurrent.ConcurrentHashMap@ff15f11
      svInjTarMapCacheSize = 256
      ivDeclaredInjectionTargets = class java.util.HashMap@6abe56b6
      ivProcessedInjectionClasses = class java.util.HashSet@aa32d07
      svInjClassMapCacheSize = 512
      ivProcessedInjectionBindings = class java.util.LinkedHashSet@430ff89
      ivAnyProcessDynamic = true
      ivCheckAppConfig = false
    j2eeNameFactory = class com.ibm.ws.container.service.metadata.internal.J2EENameFactoryImpl@5550631e
      serialVersionUID = 3486344295038028821
      $$$tc$$$ = class com.ibm.websphere.ras.TraceComponent@7722bfe5
    moduleLoader = class com.ibm.ws.classloading.internal.AppClassLoader@3c006305
      tc = class com.ibm.websphere.ras.TraceComponent@3c2985d6
      disableSharedClassesCache = false
      PARENT_FIRST_SEARCH_ORDER = class java.util.Collections$UnmodifiableRandomAccessList@73618ba3
      packagesDefined = class java.util.Collections$SetFromMap@2618b9f
      CLASS_LOADING_TRACE_PREFIX = "com.ibm.ws.class.load."
      DEFAULT_PACKAGE = "default.package"
      perPackageClassLoadingTraceComponents = class java.util.concurrent.ConcurrentHashMap@8c9c6f6
      config = class com.ibm.ws.classloading.internal.ClassLoaderConfigurationImpl@5662dc77
      privateLibraries = null
      delegateLoaders = class com.ibm.ws.classloading.internal.util.CompositeIterable@568e86b4
      nativeLibraryFiles = class java.util.ArrayList@58bdc289
      transformers = class java.util.ArrayList@1e05411e
      apiAccess = class com.ibm.ws.classloading.internal.GatewayClassLoader@6b107fce
      generator = class com.ibm.ws.classloading.internal.ClassGeneratorManager@4ebb0aee
      protectionDomains = class java.util.concurrent.ConcurrentHashMap@5ec4a7cd
      parent = class com.ibm.ws.classloading.internal.GatewayClassLoader@6b107fce
      hook = null
      serialVersionUID = 8734164900246230615
      tc = class com.ibm.websphere.ras.TraceComponent@7cc3d62b
      smartClassPath = class com.ibm.ws.classloading.internal.ContainerClassLoader$SmartClassPathImpl@7c5d3187
      nativeLibraryContainers = class java.util.ArrayList@4a421d0f
      redefiner = class com.ibm.ws.classloading.internal.util.ClassRedefiner@3c5c5981
      jarProtocol = "wsjar:"
      mapCreationQueue = class java.util.concurrent.Executors$FinalizableDelegatedExecutorService@36b5b625
      serialVersionUID = 6399598832433768509
      serialVersionUID = 1837293532091806117
      $$$tc$$$ = class com.ibm.websphere.ras.TraceComponent@78c1b99b
      serialVersionUID = -4586727107834513475
      $$$tc$$$ = class com.ibm.websphere.ras.TraceComponent@46bf9310
      serialVersionUID = -7709588811276454856
      $$$tc$$$ = class com.ibm.websphere.ras.TraceComponent@27369cba
      initialized = true
      pdcache = class java.util.HashMap@7e7bb8e8
      debug = null
      parent = class com.ibm.ws.classloading.internal.GatewayClassLoader@6b107fce
      parallelLockMap = class java.util.concurrent.ConcurrentHashMap@5fa9225
      package2certs = class java.util.concurrent.ConcurrentHashMap@10be5a14
      nocerts = class java.security.cert.Certificate[0]
      classes = class java.util.Vector@4ace9769
      defaultDomain = class java.security.ProtectionDomain@6951ca20
      packages = class java.util.HashMap@386b0695
      scl = class sun.misc.Launcher$AppClassLoader@18b4aac2
      sclSet = true
      loadedLibraryNames = class java.util.Vector@6501a3e
      systemNativeLibraries = class java.util.Vector@63ec8689
      nativeLibraries = class java.util.Vector@5ae78576
      nativeLibraryContext = class java.util.Stack@52162c22
      usr_paths = class java.lang.String[42]
      sys_paths = class java.lang.String[1]
      assertionLock = class java.lang.Object@642c249c
      defaultAssertionStatus = false
      packageAssertionStatus = null
      classAssertionStatus = null
    webAppConfig = class com.ibm.ws.webcontainer.osgi.webapp.WebAppConfiguration@67eb0368
      webModuleMetaData = class com.ibm.ws.webcontainer.osgi.metadata.WebModuleMetaDataImpl@3221061
      webComponentMetaData = class com.ibm.ws.webcontainer.osgi.metadata.WebComponentMetaDataImpl@532ca70f
      dVirtualHost = class com.ibm.ws.webcontainer.osgi.DynamicVirtualHost@340eb96d
      orderedLibPaths = class java.util.Collections$UnmodifiableRandomAccessList@4a077e5f
      bundleHeaders = null
      cdiEnabled = false
      CLASS_NAME = "com.ibm.ws.webcontainer.webapp.WebAppConfiguration"
      logger = class com.ibm.ws.logging.internal.WsLogger@2cbf0f25
      tc = class com.ibm.websphere.ras.TraceComponent@1e23ec4f
      nls = class com.ibm.ejs.ras.TraceNLS@55f3ef8f
      version = 30
      contextRoot = "/CookTimeServer"
      isDefaultContextRootUsed = false
      sessionTimeout = 0
      moduleSessionTimeoutSet = false
      moduleSessionTrackingModeSet = false
      sessionCookieConfig = class com.ibm.ws.session.SessionCookieConfigImpl@27d77f12
      hasProgrammaticCookieConfig = false
      sessionDefaultTrackingModeSet = class java.util.RegularEnumSet@62ca0ca4
      sessionManagerConfig = class com.ibm.ws.session.SessionManagerConfig@7178b984
      displayName = "CookTimeServer"
      description = null
      reloadInterval = 3
      distributable = false
      denyUncoveredHttpMethods = false
      reloadingEnabled = true
      serveServletsByClassnameEnabled = false
      defaultErrorPage = null
      additionalClassPath = null
      fileServingEnabled = true
      directoryBrowsingEnabled = false
      autoRequestEncoding = false
      autoResponseEncoding = false
      autoLoadFilters = false
      requestListeners = null
      requestAttributeListeners = null
      sessionListeners = null
      localeMap = null
      moduleName = "CookTimeServer"
      j2eeModuleName = "CookTimeServer.war"
      moduleId = null
      isSyncToThreadEnabled = false
      encodeDispatchedRequestURI = false
      isSystemApp = false
      ardEnabled = false
      ardDispatchType = null
      listeners = class java.util.ArrayList@47da7c7b
      welcomeFileList = class java.util.ArrayList@5be9a47d
      servletMappings = class java.util.HashMap@69743c88
      lastIndexBeforeDeclaredFilters = 1
      filterMappings = class java.util.ArrayList@5d740cbb
      servletInfo = class java.util.concurrent.ConcurrentHashMap@49599aca
      filterInfo = class java.util.HashMap@5f0515d0
      mimeMappings = class java.util.HashMap@17dde2c4
      mimeFilters = null
      isMimeFilteringEnabled = false
      theWebGroup = null
      jspAttributes = class java.util.HashMap@6a313550
      fileServingAttributes = class java.util.HashMap@6f3b7d16
      invokerAttributes = class java.util.HashMap@18675eb4
      contextParams = class java.util.HashMap@60d454be
      virtualHost = "default_host"
      exceptionErrorPages = class java.util.HashMap@3ac7641
      codeErrorPages = class java.util.HashMap@374b78ef
      tagLibList = null
      precompileJsps = false
      webApp = class com.ibm.ws.webcontainer31.osgi.webapp.WebApp31@31d1329b
      virtualHostList = class java.util.Collections$EmptyList@2e23fcb0
      appStartupWeight = 0
      moduleStartupWeight = 0
      metaDataComplete = false
      classesToScan = class java.util.ArrayList@15fb024c
      uriFilterMappingInfos = class java.util.ArrayList@5748c5e9
      servletFilterMappingInfos = null
      dynamicServletRegistrationMap = null
      applicationName = "CookTimeServer"
      libBinPathList = class java.util.ArrayList@37b6af3f
      webXmlDefinedListeners = class java.util.HashSet@5bd63526
      allRefs = class java.util.EnumMap@1672b572
      allRefBindings = class java.util.EnumMap@7045dd8
      envEntryValues = class java.util.HashMap@5c9c550
      resourceRefConfigList = class com.ibm.ws.resource.internal.ResourceRefConfigListImpl@6f5cbfca
      disallowAllFileServingProp = "false"
      disallowServeServletsByClassnameProp = "true"
      disableStaticMappingCache = false
      jspCachedLocations = class java.util.HashMap@6c065e76
      primedSTSHeader = "NoValue"
      enablemultireadofpostdata = false
      requestEncoding = null
      responseEncoding = null
      NULLSERVLETNAME = "com.ibm.ws.webcontainer.NullServletName"
      _id = "WebAppGeneratedId9"
      _attributes = null
      serialVersionUID = 7511545662945734886
      $$$tc$$$ = class com.ibm.websphere.ras.TraceComponent@70bd27c9
    extensionProcessingDisabled = false
    managedObjectService = class com.ibm.ws.cdi.impl.managedobject.CDIManagedObjectService@778322e
      cdiServiceRef = class com.ibm.wsspi.kernel.service.utils.AtomicServiceReference@1cc1be8e
      defaultMOSRef = class com.ibm.wsspi.kernel.service.utils.AtomicServiceReference@3db7381d
      cdiRuntime = class com.ibm.ws.cdi.liberty.CDIRuntimeImpl@659cfb41
      serialVersionUID = 6431825704414919683
      $$$tc$$$ = class com.ibm.websphere.ras.TraceComponent@75e91131
    internalServletMetaData = interface com.ibm.wsspi.webcontainer.metadata.WebComponentMetaData[2]
      WebComponentMetaData[0] = null
      WebComponentMetaData[1] = null
    loginProcessor = null
    logoutProcessor = null
    collabHelper = class com.ibm.ws.webcontainer.osgi.collaborator.CollaboratorHelperImpl@6f328ba
    envObject = class com.ibm.ws.util.WSThreadLocal@ac86d3f
      tc = class com.ibm.ejs.ras.TraceComponent@29657fe4
      count = 9
      index = 4
      SUSPECTED_MISUSAGE_THRESHOLD = 200
      threadLocalHashCode = 1803743321
      nextHashCode = class java.util.concurrent.atomic.AtomicInteger@2093e1e1
      HASH_INCREMENT = 1640531527
    orderedLibPaths = class java.util.Collections$UnmodifiableRandomAccessList@4a077e5f
      serialVersionUID = -2542308836966382001
      serialVersionUID = -283967356065247728
      list = class java.util.ArrayList@633f55ff
      serialVersionUID = 1820017752578914078
      c = class java.util.ArrayList@633f55ff
    perm = class com.ibm.websphere.security.WebSphereRuntimePermission@2a76330f
      serialVersionUID = -3306242789188168337
      $$$tc$$$ = class com.ibm.websphere.ras.TraceComponent@42fee94
      serialVersionUID = 6279438298436773498
      wildcard = false
      path = "accessServletContext"
      exitVM = false
      serialVersionUID = -5636570222231596674
      name = "accessServletContext"
    WELCOME_FILE_LIST = "com.ibm.ws.webcontainer.config.WelcomeFileList"
    DIR_BROWSING_MAPPING = "__dirBrowsing__1594329931043"
    FILTER_PROXY_MAPPING = "/__filterProxy__1594329931043"
    logger = class com.ibm.ws.logging.internal.WsLogger@2cbf0f25
      tc = class com.ibm.websphere.ras.TraceComponent@5622f77a
      ivCachedResourceBundleName = "com.ibm.ws.webcontainer.resources.Messages"
      ivCachedResourceBundle = class com.ibm.ws.webcontainer.resources.Messages@6ee2fd2b
      ivComponent = null
      ivOrganization = null
      ivProduct = null
      ivMinimumLocalizationLevelIntValue = 625
      ivTC = class com.ibm.websphere.ras.TraceComponent@7fa4f5b3
      loggerRegistrationComponent = class java.lang.ThreadLocal@7d8a7116
      emptyHandlers = class java.util.logging.Handler[0]
      offValue = 2147483647
      SYSTEM_LOGGER_RB_NAME = "sun.util.logging.resources.logging"
      SYSTEM_BUNDLE = class java.util.logging.Logger$LoggerBundle@765cedbe
      NO_RESOURCE_BUNDLE = class java.util.logging.Logger$LoggerBundle@1d05ff8d
      manager = class com.ibm.ws.kernel.boot.logging.WsLogManager@33293ffa
      name = "com.ibm.ws.webcontainer.webapp"
      handlers = class java.util.concurrent.CopyOnWriteArrayList@24c17456
      loggerBundle = class java.util.logging.Logger$LoggerBundle@5623b9f6
      useParentHandlers = true
      filter = null
      anonymous = false
      catalog = class com.ibm.ws.webcontainer.resources.Messages@6ee2fd2b
      catalogName = "com.ibm.ws.webcontainer.resources.Messages"
      catalogLocale = class java.util.Locale@144ec9e2
      treeLock = class java.lang.Object@14aa22d0
      parent = class com.ibm.ws.logging.internal.WsLogger@456f4c9
      kids = null
      levelObject = class java.util.logging.Level@7d245acd
      levelValue = 800
      callersClassLoaderRef = class java.lang.ref.WeakReference@3ed00f69
      isSystemLogger = false
      GLOBAL_LOGGER_NAME = "global"
      global = class java.util.logging.Logger@5abe90c8
      $assertionsDisabled = true
    CLASS_NAME = "com.ibm.ws.webcontainer.webapp.WebApp"
    loader = class com.ibm.ws.classloading.internal.ThreadContextClassLoader@3f16cb09
      tc = class com.ibm.websphere.ras.TraceComponent@5599a372
      bundle = class java.util.concurrent.atomic.AtomicReference@50eb2367
      key = "WebModule:CookTimeServer#CookTimeServer.war"
      refCount = class java.util.concurrent.atomic.AtomicInteger@1b648353
      appLoader = class com.ibm.ws.classloading.internal.AppClassLoader@3c006305
      clSvc = class com.ibm.ws.classloading.internal.ClassLoadingServiceImpl@74367b7c
      serialVersionUID = 846416563800781557
      tc = class com.ibm.websphere.ras.TraceComponent@44cc2fa2
      followOnClassLoaders = class java.util.ArrayList@11296170
      serialVersionUID = 8829649920524275888
      serialVersionUID = -4586727107834513475
      $$$tc$$$ = class com.ibm.websphere.ras.TraceComponent@46bf9310
      serialVersionUID = -7709588811276454856
      $$$tc$$$ = class com.ibm.websphere.ras.TraceComponent@27369cba
      initialized = true
      pdcache = class java.util.HashMap@b57947b
      debug = null
      parent = class com.ibm.ws.classloading.internal.GatewayClassLoader@53bf1a72
      parallelLockMap = class java.util.concurrent.ConcurrentHashMap@22e6e6d
      package2certs = class java.util.concurrent.ConcurrentHashMap@3d6f0b60
      nocerts = class java.security.cert.Certificate[0]
      classes = class java.util.Vector@6797cf5c
      defaultDomain = class java.security.ProtectionDomain@50546b99
      packages = class java.util.HashMap@21782af8
      scl = class sun.misc.Launcher$AppClassLoader@18b4aac2
      sclSet = true
      loadedLibraryNames = class java.util.Vector@6501a3e
      systemNativeLibraries = class java.util.Vector@63ec8689
      nativeLibraries = class java.util.Vector@640901bc
      nativeLibraryContext = class java.util.Stack@52162c22
      usr_paths = class java.lang.String[42]
      sys_paths = class java.lang.String[1]
      assertionLock = class java.lang.Object@3dbddf4e
      defaultAssertionStatus = false
      packageAssertionStatus = null
      classAssertionStatus = null
    facade = class com.ibm.ws.webcontainer31.facade.ServletContextFacade31@4733a86f
      context = class com.ibm.ws.webcontainer31.osgi.webapp.WebApp31@31d1329b
    features = class java.util.ArrayList@787c13a2
      serialVersionUID = 8683452581122892189
      DEFAULT_CAPACITY = 10
      EMPTY_ELEMENTDATA = class java.lang.Object[0]
      DEFAULTCAPACITY_EMPTY_ELEMENTDATA = class java.lang.Object[0]
      elementData = class java.lang.Object[0]
      size = 0
      MAX_ARRAY_SIZE = 2147483639
      modCount = 0
      MAX_ARRAY_SIZE = 2147483639
    applicationName = "CookTimeServer"
    config = class com.ibm.ws.webcontainer.osgi.webapp.WebAppConfiguration@67eb0368
    securityEnabledForApp = true
    webExtensionProcessor = class com.ibm.ws.webcontainer.osgi.extension.WebExtensionProcessor@6e54abb5
      webApp = class com.ibm.ws.webcontainer31.osgi.webapp.WebApp31@31d1329b
      extensionContext = class com.ibm.ws.webcontainer31.osgi.webapp.WebApp31@31d1329b
    production = true
    isServlet23 = true
    contextPath = "/CookTimeServer"
    internalServletList = class [Ljava.lang.String;[2]
      String[][0] = class java.lang.String[2]
      String[][1] = class java.lang.String[2]
    BY_NAME_ONLY = "/_1594333781596_/"
    filterManager = class com.ibm.ws.webcontainer.osgi.filter.WebAppFilterManagerImpl@457a76e3
      _filterWrappers = class java.util.Hashtable@3339e903
      chainCache = class java.util.Collections$SynchronizedMap@67fc4568
      forwardChainCache = class java.util.Collections$SynchronizedMap@597246d7
      includeChainCache = class java.util.Collections$SynchronizedMap@29b46e69
      errorChainCache = class java.util.Collections$SynchronizedMap@5539ebad
      _filtersDefined = true
      FMI_MAPPING_SINGLE_SLASH = 0
      FMI_MAPPING_PATH_MATCH = 1
      FMI_MAPPING_EXTENSION_MATCH = 2
      FMI_MAPPING_EXACT_MATCH = 3
      logger = class com.ibm.ws.logging.internal.WsLogger@29f348b
      CLASS_NAME = "com.ibm.ws.webcontainer.filter.WebAppFilterManager"
      nls = class com.ibm.ejs.ras.TraceNLS@2ef724cb
      webAppConfig = class com.ibm.ws.webcontainer.osgi.webapp.WebAppConfiguration@67eb0368
      webApp = class com.ibm.ws.webcontainer31.osgi.webapp.WebApp31@31d1329b
      collabHelper = class com.ibm.ws.webcontainer.osgi.collaborator.CollaboratorHelperImpl@6f328ba
      secCollab = class com.ibm.ws.webcontainer.security.WebAppSecurityCollaboratorImpl@216800a8
      sessionSecurityIntegrationEnabled = true
      assumeFilterSuccessOnSecurityError = false
      useOriginalRequestState = false
      _evtSource = class com.ibm.ws.webcontainer.webapp.WebAppEventSource@27bd4825
      defaultComponentMetaData = class com.ibm.ws.webcontainer.osgi.metadata.WebComponentMetaDataImpl@532ca70f
      DEFER_SERVLET_REQUEST_LISTENER_DESTROY_ON_ERROR = false
    documentRoot = null
    SERVLET_API_VERSION = "Servlet 2.5"
    disableServletAuditLogging = -1
    serverInfo = "IBM WebSphere Liberty/20.0.0.6"
    sessionCtx = class com.ibm.ws.webcontainer31.session.impl.HttpSessionContext31Impl@5d839ced
      methodClassName = "HttpSessionContextImpl"
      _smc = class com.ibm.ws.session.SessionManagerConfig@7178b984
      sessionStoreService = null
      _sap = class com.ibm.ws.session.SessionApplicationParameters@1bb30c5d
      _coreHttpSessionManager = class com.ibm.ws.session.SessionManager@3eb3d118
      _coreHttpAppSessionManager = null
      _sam = class com.ibm.ws.webcontainer.session.impl.SessionAffinityManagerImpl@5fea5a6f
      isSIPApplication = false
      sessionAttributeListener = true
      sessionListener = true
      mHttpSessionAttributeListeners = class java.util.ArrayList@473b4b3e
      mHttpSessionListeners = class java.util.ArrayList@44697660
      mHttpSessionIdListeners = class java.util.ArrayList@647244e4
      mHttpSessionAttributeListenersJ2eeNames = class java.util.ArrayList@69c64327
      mHttpSessionListenersJ2eeNames = class java.util.ArrayList@7439979a
      mHttpSessionIdListenersJ2eeNames = class java.util.ArrayList@7b6c250b
      mLocalHost = null
      _refCount = 1
      currentThreadSacHashtable = null
      methodClassName = "SessionContext"
      ANONYMOUS_USER = "anonymous"
      wasHttpSessionObserver = class com.ibm.ws.session.WasHttpSessionObserver@d4f1be6
      wasHttpSessionAttributeObserver = null
      _invalidator = class com.ibm.ws.session.SessionInvalidatorWithThreadPool@56cbbe13
      _storer = class com.ibm.ws.session.EOSSessionStorer@6e767617
      wasHttpAppSessionObserver = null
      mHttpAppSessionListeners = null
      cmvcInfo = "CMVC Version 1.9 6/24/07 11:12:24"
      _loggedVersion = true
      CREATE_CORE_SESSION_MANAGER = 0
      GET_REQUESTED_SESSION_ID = 1
      GET_IHTTP_SESSION = 2
      SESSION_PRE_INVOKE = 3
      SESSION_POST_INVOKE = 4
      STOP = 5
      STOP_LISTENERS = 6
      IS_VALID = 7
      ENCODE_URL = 8
      SHOULD_ENCODE_URL = 9
      IS_PROTOCOL_SWITCH = 10
      GET_LOCAL_HOST = 11
      ADD_HTTP_SESSION_ATTRIBUTE_LISTENER = 12
      ADD_HTTP_SESSION_LISTENER = 13
      GET_SESSION_AFFINITY_CONTEXT = 14
      CHECK_SECURITY = 15
      INVALIDATE = 16
      CHECK_SESSSIONID_IS_RIGHT_LENGTH = 17
      LOCK_SESSION = 18
      UNLOCK_SESSION = 19
      ADD_HTTP_SESSION_ID_LISTENER = 20
      methodNames = class java.lang.String[21]
    eventSource = class com.ibm.ws.webcontainer.webapp.WebAppEventSource@27bd4825
    nls = class com.ibm.ejs.ras.TraceNLS@4109fdb9
      resolver = class com.ibm.ws.logging.internal.TraceNLSResolver@aba48e9
      finder = class com.ibm.ws.logging.internal.StackFinder@6ee52645
      ivBundleName = "com.ibm.ws.webcontainer.resources.Messages"
      caller = class java.lang.Class@7dff7602
    liberty_nls = class com.ibm.ejs.ras.TraceNLS@206a124c
      resolver = class com.ibm.ws.logging.internal.TraceNLSResolver@aba48e9
      finder = class com.ibm.ws.logging.internal.StackFinder@6ee52645
      ivBundleName = "com.ibm.ws.webcontainer.resources.LShimMessages"
      caller = class java.lang.Class@7dff7602
    error_nls = class com.ibm.ejs.ras.TraceNLS@2ce6f40
      resolver = class com.ibm.ws.logging.internal.TraceNLSResolver@aba48e9
      finder = class com.ibm.ws.logging.internal.StackFinder@6ee52645
      ivBundleName = "com.ibm.ws.webcontainer.resources.ErrorPage"
      caller = class java.lang.Class@7dff7602
    sessionListeners = class java.util.ArrayList@16c19deb
      serialVersionUID = 8683452581122892189
      DEFAULT_CAPACITY = 10
      EMPTY_ELEMENTDATA = class java.lang.Object[0]
      DEFAULTCAPACITY_EMPTY_ELEMENTDATA = class java.lang.Object[0]
      elementData = class java.lang.Object[10]
      size = 2
      MAX_ARRAY_SIZE = 2147483639
      modCount = 3
      MAX_ARRAY_SIZE = 2147483639
    sessionIdListeners = class java.util.ArrayList@f259760
      serialVersionUID = 8683452581122892189
      DEFAULT_CAPACITY = 10
      EMPTY_ELEMENTDATA = class java.lang.Object[0]
      DEFAULTCAPACITY_EMPTY_ELEMENTDATA = class java.lang.Object[0]
      elementData = class java.lang.Object[0]
      size = 0
      MAX_ARRAY_SIZE = 2147483639
      modCount = 0
      MAX_ARRAY_SIZE = 2147483639
    sessionAttrListeners = class java.util.ArrayList@197e3509
      serialVersionUID = 8683452581122892189
      DEFAULT_CAPACITY = 10
      EMPTY_ELEMENTDATA = class java.lang.Object[0]
      DEFAULTCAPACITY_EMPTY_ELEMENTDATA = class java.lang.Object[0]
      elementData = class java.lang.Object[10]
      size = 1
      MAX_ARRAY_SIZE = 2147483639
      modCount = 2
      MAX_ARRAY_SIZE = 2147483639
    addedSessionListeners = class java.util.ArrayList@585bb63f
      serialVersionUID = 8683452581122892189
      DEFAULT_CAPACITY = 10
      EMPTY_ELEMENTDATA = class java.lang.Object[0]
      DEFAULTCAPACITY_EMPTY_ELEMENTDATA = class java.lang.Object[0]
      elementData = class java.lang.Object[10]
      size = 1
      MAX_ARRAY_SIZE = 2147483639
      modCount = 1
      MAX_ARRAY_SIZE = 2147483639
    addedSessionAttrListeners = class java.util.ArrayList@426f461a
      serialVersionUID = 8683452581122892189
      DEFAULT_CAPACITY = 10
      EMPTY_ELEMENTDATA = class java.lang.Object[0]
      DEFAULTCAPACITY_EMPTY_ELEMENTDATA = class java.lang.Object[0]
      elementData = class java.lang.Object[10]
      size = 1
      MAX_ARRAY_SIZE = 2147483639
      modCount = 1
      MAX_ARRAY_SIZE = 2147483639
    servletContextListeners = class java.util.ArrayList@61d257a0
      serialVersionUID = 8683452581122892189
      DEFAULT_CAPACITY = 10
      EMPTY_ELEMENTDATA = class java.lang.Object[0]
      DEFAULTCAPACITY_EMPTY_ELEMENTDATA = class java.lang.Object[0]
      elementData = class java.lang.Object[10]
      size = 5
      MAX_ARRAY_SIZE = 2147483639
      modCount = 6
      MAX_ARRAY_SIZE = 2147483639
    servletContextLAttrListeners = class java.util.ArrayList@96ce0ee
      serialVersionUID = 8683452581122892189
      DEFAULT_CAPACITY = 10
      EMPTY_ELEMENTDATA = class java.lang.Object[0]
      DEFAULTCAPACITY_EMPTY_ELEMENTDATA = class java.lang.Object[0]
      elementData = class java.lang.Object[10]
      size = 1
      MAX_ARRAY_SIZE = 2147483639
      modCount = 2
      MAX_ARRAY_SIZE = 2147483639
    servletRequestListeners = class java.util.ArrayList@c8355b2
      serialVersionUID = 8683452581122892189
      DEFAULT_CAPACITY = 10
      EMPTY_ELEMENTDATA = class java.lang.Object[0]
      DEFAULTCAPACITY_EMPTY_ELEMENTDATA = class java.lang.Object[0]
      elementData = class java.lang.Object[10]
      size = 1
      MAX_ARRAY_SIZE = 2147483639
      modCount = 2
      MAX_ARRAY_SIZE = 2147483639
    servletRequestLAttrListeners = class java.util.ArrayList@34648dae
      serialVersionUID = 8683452581122892189
      DEFAULT_CAPACITY = 10
      EMPTY_ELEMENTDATA = class java.lang.Object[0]
      DEFAULTCAPACITY_EMPTY_ELEMENTDATA = class java.lang.Object[0]
      elementData = class java.lang.Object[10]
      size = 1
      MAX_ARRAY_SIZE = 2147483639
      modCount = 2
      MAX_ARRAY_SIZE = 2147483639
    prependSlashToResource = false
    destroyed = false
    webAppNameSpaceCollab = class com.ibm.ws.webcontainer.osgi.collaborator.WebAppNameSpaceCollaboratorImpl@727fa697
    txCollab = class com.ibm.ws.transaction.services.WebAppTransactionCollaboratorImpl@86ddf04
    sessionActivationListeners = class java.util.ArrayList@4778b3d5
      serialVersionUID = 8683452581122892189
      DEFAULT_CAPACITY = 10
      EMPTY_ELEMENTDATA = class java.lang.Object[0]
      DEFAULTCAPACITY_EMPTY_ELEMENTDATA = class java.lang.Object[0]
      elementData = class java.lang.Object[0]
      size = 0
      MAX_ARRAY_SIZE = 2147483639
      modCount = 1
      MAX_ARRAY_SIZE = 2147483639
    sessionBindingListeners = class java.util.ArrayList@29fd4044
      serialVersionUID = 8683452581122892189
      DEFAULT_CAPACITY = 10
      EMPTY_ELEMENTDATA = class java.lang.Object[0]
      DEFAULTCAPACITY_EMPTY_ELEMENTDATA = class java.lang.Object[0]
      elementData = class java.lang.Object[0]
      size = 0
      MAX_ARRAY_SIZE = 2147483639
      modCount = 1
      MAX_ARRAY_SIZE = 2147483639
    scratchdir = null
    jspClassLoaderLimit = 0
    jspClassLoaderExclusionList = null
    jspClassLoadersMap = null
    jspClassLoaderLimitTrackIF = false
    defaultExtProc = null
    directoryBrowsingServlet = null
    cdiContexts = class java.util.concurrent.ConcurrentHashMap@3f45be0c
      serialVersionUID = 7249069246763182397
      MAXIMUM_CAPACITY = 1073741824
      DEFAULT_CAPACITY = 16
      MAX_ARRAY_SIZE = 2147483639
      DEFAULT_CONCURRENCY_LEVEL = 16
      LOAD_FACTOR = 0.75
      TREEIFY_THRESHOLD = 8
      UNTREEIFY_THRESHOLD = 6
      MIN_TREEIFY_CAPACITY = 64
      MIN_TRANSFER_STRIDE = 16
      RESIZE_STAMP_BITS = 16
      MAX_RESIZERS = 65535
      RESIZE_STAMP_SHIFT = 16
      MOVED = -1
      TREEBIN = -2
      RESERVED = -3
      HASH_BITS = 2147483647
      NCPU = 8
      serialPersistentFields = class java.io.ObjectStreamField[3]
      table = null
      nextTable = null
      baseCount = 0
      sizeCtl = 0
      transferIndex = 0
      cellsBusy = 0
      counterCells = null
      keySet = null
      values = null
      entrySet = null
      U = class sun.misc.Unsafe@2e7b5997
      SIZECTL = 20
      TRANSFERINDEX = 32
      BASECOUNT = 24
      CELLSBUSY = 36
      CELLVALUE = 144
      ABASE = 16
      ASHIFT = 2
      keySet = null
      values = null
    moduleConfig = class com.ibm.ws.webcontainer.osgi.container.DeployedModule@2f5c4db7
      tc = class com.ibm.websphere.ras.TraceComponent@50450cd7
      loader = class com.ibm.ws.classloading.internal.ThreadContextClassLoader@3f16cb09
      webApp = class com.ibm.ws.webcontainer31.osgi.webapp.WebApp31@31d1329b
      webAppConfig = class com.ibm.ws.webcontainer.osgi.webapp.WebAppConfiguration@67eb0368
      contextRootAdded = class com.ibm.ws.threading.internal.NonCancelableResultFuture@5c7f3b48
      properContextRoot = "/CookTimeServer"
      mappingContextRoot = "/CookTimeServer/*"
      initTaskCount = class java.util.concurrent.atomic.AtomicInteger@25588c05
      initTasksDoneListener = class com.ibm.ws.webcontainer.osgi.WebContainer$2@29963bef
      serialVersionUID = -2104814060051592457
      $$$tc$$$ = class com.ibm.websphere.ras.TraceComponent@4eab3154
    extensionFactories = class java.util.ArrayList@434bb07
      serialVersionUID = 8683452581122892189
      DEFAULT_CAPACITY = 10
      EMPTY_ELEMENTDATA = class java.lang.Object[0]
      DEFAULTCAPACITY_EMPTY_ELEMENTDATA = class java.lang.Object[0]
      elementData = class java.lang.Object[10]
      size = 6
      MAX_ARRAY_SIZE = 2147483639
      modCount = 6
      MAX_ARRAY_SIZE = 2147483639
    initialized = true
    lock = class com.ibm.ws.webcontainer.webapp.WebApp$1@2d38b592
      this$0 = class com.ibm.ws.webcontainer31.osgi.webapp.WebApp31@31d1329b
    afterServletContextCreated = false
    redirectContextRoot = false
    errorExceptionTypeFirst = false
    initFilterBeforeServletInit = false
    SET_400_SC_ON_TOO_MANY_PARENT_DIRS = false
    sortedServletConfigs = class java.util.ArrayList@6e843f11
      serialVersionUID = 8683452581122892189
      DEFAULT_CAPACITY = 10
      EMPTY_ELEMENTDATA = class java.lang.Object[0]
      DEFAULTCAPACITY_EMPTY_ELEMENTDATA = class java.lang.Object[0]
      elementData = class java.lang.Object[10]
      size = 2
      MAX_ARRAY_SIZE = 2147483639
      modCount = 2
      MAX_ARRAY_SIZE = 2147483639
    effectiveMajorVersion = 3
    effectiveMinorVersion = 0
    canAddServletContextListener = true
    withinContextInitOfProgAddListener = false
    lastProgAddListenerInitialized = "com.ibm.ws.cache.CacheServiceImpl"
    webInfLibClassloader = null
    metaInfCache = class com.ibm.ws.webcontainer.webapp.WebApp$2@7c234913
      this$0 = class com.ibm.ws.webcontainer31.osgi.webapp.WebApp31@31d1329b
      serialVersionUID = 3801124242820219131
      head = null
      tail = null
      accessOrder = true
      serialVersionUID = 362498820763181265
      DEFAULT_INITIAL_CAPACITY = 16
      MAXIMUM_CAPACITY = 1073741824
      DEFAULT_LOAD_FACTOR = 0.75
      TREEIFY_THRESHOLD = 8
      UNTREEIFY_THRESHOLD = 6
      MIN_TREEIFY_CAPACITY = 64
      table = null
      entrySet = null
      size = 0
      modCount = 0
      threshold = 32
      loadFactor = 1.0
      keySet = null
      values = null
    useMetaInfCache = true
    SUN_CONFIGURE_LISTENER_CLASSNAME = "com.sun.faces.config.ConfigureListener"
    MYFACES_LIFECYCLE_LISTENER_CLASSNAME = "org.apache.myfaces.webapp.StartupServletContextListener"
    JSF_IMPL_ENABLED_PARAM = "com.ibm.ws.jsf.JSF_IMPL_ENABLED"
    JSF_IMPL_ENABLED_CUSTOM = "Custom"
    JSF_IMPL_ENABLED_NONE = "None"
    staticDocRoot = class com.ibm.ws.webcontainer.util.DocumentRootUtils@31df92d5
      logger = class com.ibm.ws.logging.internal.WsLogger@1abf9172
      CLASS_NAME = "com.ibm.ws.webcontainer.util.DocumentRootUtils"
      useContentLength = false
      matchedFile = null
      matchedZipFile = null
      matchedEntry = null
      matchedURL = null
      edrRoot = null
      pfedrRoot = null
      ctxt = class com.ibm.ws.webcontainer31.osgi.webapp.WebApp31@31d1329b
      baseDir = null
      edr = null
      pfedr = null
      metaInfRes = null
      searchpfEDR = false
      searchEDR = false
      searchMetaInfRes = true
      matchFromEDR = false
      matchFromMetaInfRes = false
      matchIsADirectory = false
      appConfig = class com.ibm.ws.webcontainer.osgi.webapp.WebAppConfiguration@67eb0368
      attributeType = "staticFile"
      STATIC_FILE = "staticFile"
      JSP = "jsp"
      PFEDR = "preFragmentExtendedDocumentRoot"
      EDR = "extendedDocumentRoot"
    jspDocRoot = class com.ibm.ws.webcontainer.util.DocumentRootUtils@59232559
      logger = class com.ibm.ws.logging.internal.WsLogger@1abf9172
      CLASS_NAME = "com.ibm.ws.webcontainer.util.DocumentRootUtils"
      useContentLength = false
      matchedFile = null
      matchedZipFile = null
      matchedEntry = null
      matchedURL = null
      edrRoot = null
      pfedrRoot = null
      ctxt = class com.ibm.ws.webcontainer31.osgi.webapp.WebApp31@31d1329b
      baseDir = null
      edr = null
      pfedr = null
      metaInfRes = null
      searchpfEDR = false
      searchEDR = false
      searchMetaInfRes = true
      matchFromEDR = false
      matchFromMetaInfRes = false
      matchIsADirectory = false
      appConfig = class com.ibm.ws.webcontainer.osgi.webapp.WebAppConfiguration@67eb0368
      attributeType = "jsp"
      STATIC_FILE = "staticFile"
      JSP = "jsp"
      PFEDR = "preFragmentExtendedDocumentRoot"
      EDR = "extendedDocumentRoot"
    container = class com.ibm.ws.adaptable.module.internal.AdaptableContainerImpl@362a2bd0
      root = class com.ibm.ws.adaptable.module.internal.AdaptableContainerImpl@362a2bd0
      rootOverlay = class com.ibm.ws.artifact.overlay.internal.DirectoryBasedOverlayContainerImpl@5e5710f3
      factoryHolder = class com.ibm.ws.adaptable.module.internal.AdaptableModuleFactoryImpl@550802f9
      delegate = class com.ibm.ws.artifact.overlay.internal.DirectoryBasedOverlayContainerImpl@5e5710f3
      notifier = class com.ibm.ws.adaptable.module.internal.NotifierImpl@696a316e
      serialVersionUID = -5950528200509051684
      $$$tc$$$ = class com.ibm.websphere.ras.TraceComponent@1aeedda1
    metaInfResourceFinder = class com.ibm.ws.webcontainer.util.MetaInfResourceFinder@1690e5db
      jarResourceContainers = class java.util.ArrayList@7084a61d
      container = class com.ibm.ws.adaptable.module.internal.AdaptableContainerImpl@362a2bd0
    postConstructMethods = class com.ibm.ws.webcontainer.webapp.WebApp$AnnotatedMethods@701d4dcb
      annotationClass = class java.lang.Class@3a8cb661
      noOpClassNames = class java.util.HashSet@1bce7426
      annotatedMethodNames = class java.util.concurrent.ConcurrentHashMap@1e04a0f8
      EMPTY_METHODS = class java.lang.reflect.Method[0]
    preDestroyMethods = class com.ibm.ws.webcontainer.webapp.WebApp$AnnotatedMethods@3d993027
      annotationClass = class java.lang.Class@2b646ff2
      noOpClassNames = class java.util.HashSet@4c59722b
      annotatedMethodNames = class java.util.concurrent.ConcurrentHashMap@3602e45e
      EMPTY_METHODS = class java.lang.reflect.Method[0]
    OBJ_EMPTY = class java.lang.Object[0]
    CLASS_EMPTY = class java.lang.Class[0]
    DEFAULT_JSP_EXTENSIONS = class java.util.ArrayList@b9fcc21
      serialVersionUID = 8683452581122892189
      DEFAULT_CAPACITY = 10
      EMPTY_ELEMENTDATA = class java.lang.Object[0]
      DEFAULTCAPACITY_EMPTY_ELEMENTDATA = class java.lang.Object[0]
      elementData = class java.lang.Object[10]
      size = 4
      MAX_ARRAY_SIZE = 2147483639
      modCount = 4
      MAX_ARRAY_SIZE = 2147483639
    DEFER_SERVLET_REQUEST_LISTENER_DESTROY_ON_ERROR = false
    DO_ACCEPT_PARTIAL = true
    DO_NOT_ACCEPT_PARTIAL = false
    DO_ACCEPT_EXCLUDED = true
    DO_NOT_ACCEPT_EXCLUDED = false
    commands = class java.util.ArrayList@7dd0c320
      serialVersionUID = 8683452581122892189
      DEFAULT_CAPACITY = 10
      EMPTY_ELEMENTDATA = class java.lang.Object[0]
      DEFAULTCAPACITY_EMPTY_ELEMENTDATA = class java.lang.Object[0]
      elementData = class java.lang.Object[3]
      size = 0
      MAX_ARRAY_SIZE = 2147483639
      modCount = 0
      MAX_ARRAY_SIZE = 2147483639
    requestMapper = class com.ibm.wsspi.webcontainer.util.URIMapper@6c7f5f7c
      matcher = class com.ibm.wsspi.webcontainer.util.URIMatcher@49c924b3
    parent = class com.ibm.ws.webcontainer.osgi.webapp.WebGroup@7696242d
      tc = class com.ibm.websphere.ras.TraceComponent@623bca12
      logger = class com.ibm.ws.logging.internal.WsLogger@2cbf0f25
      CLASS_NAME = "com.ibm.ws.webcontainer.webapp.WebGroup"
      sessUrlRewritePrefix = ";jsessionid="
      qMark = "?"
      config = class com.ibm.ws.webcontainer.osgi.webapp.WebGroupConfiguration@47d7aed0
      webApp = class com.ibm.ws.webcontainer31.osgi.webapp.WebApp31@31d1329b
      commands = class java.util.ArrayList@3b270dad
      requestMapper = null
      parent = class com.ibm.ws.webcontainer.osgi.DynamicVirtualHost@340eb96d
      name = "/CookTimeServer/*"
      isAlive = true
      subElements = class java.util.HashMap@176e8189
      attributes = null
      config = null
      serialVersionUID = -8271459000149267764
      $$$tc$$$ = class com.ibm.websphere.ras.TraceComponent@4c436975
    name = "CookTimeServer"
    isAlive = true
    subElements = null
    attributes = class java.util.concurrent.ConcurrentHashMap@2fa3ad0
      serialVersionUID = 7249069246763182397
      MAXIMUM_CAPACITY = 1073741824
      DEFAULT_CAPACITY = 16
      MAX_ARRAY_SIZE = 2147483639
      DEFAULT_CONCURRENCY_LEVEL = 16
      LOAD_FACTOR = 0.75
      TREEIFY_THRESHOLD = 8
      UNTREEIFY_THRESHOLD = 6
      MIN_TREEIFY_CAPACITY = 64
      MIN_TRANSFER_STRIDE = 16
      RESIZE_STAMP_BITS = 16
      MAX_RESIZERS = 65535
      RESIZE_STAMP_SHIFT = 16
      MOVED = -1
      TREEBIN = -2
      RESERVED = -3
      HASH_BITS = 2147483647
      NCPU = 8
      serialPersistentFields = class java.io.ObjectStreamField[3]
      table = class java.util.concurrent.ConcurrentHashMap$Node[128]
      nextTable = null
      baseCount = 48
      sizeCtl = 96
      transferIndex = 0
      cellsBusy = 0
      counterCells = null
      keySet = null
      values = null
      entrySet = null
      U = class sun.misc.Unsafe@2e7b5997
      SIZECTL = 20
      TRANSFERINDEX = 32
      BASECOUNT = 24
      CELLSBUSY = 36
      CELLVALUE = 144
      ABASE = 16
      ASHIFT = 2
      keySet = null
      values = null
    config = null
    serialVersionUID = -8271459000149267764
    $$$tc$$$ = class com.ibm.websphere.ras.TraceComponent@4c436975
      strings[0] = "TraceComponent[com.ibm.ws.container.AbstractContainer,class com.ibm.ws.container.AbstractContainer,[],null,null]"

