********************************************************************************
product = WebSphere Application Server 20.0.0.6 (wlp-1.0.41.cl200620200528-0414)
wlp.install.dir = C:/Users/pachopaco70/Documents/GitHub/CookTimeServer/Liberty/
java.home = C:\Program Files\Java\jre1.8.0_241
java.version = 1.8.0_241
java.runtime = Java(TM) SE Runtime Environment (1.8.0_241-b07)
os = Windows 10 (10.0; amd64) (en_US)
process = 6448@LAPTOP-RVGN66JT
********************************************************************************
[7/23/20 21:30:14:109 CST] 00000001 com.ibm.ws.kernel.launch.internal.FrameworkManager           A CWWKE0001I: The server defaultServer has been launched.
[7/23/20 21:30:14:135 CST] 00000001 com.ibm.ws.kernel.launch.internal.FrameworkManager           A CWWKE0100I: This product is licensed for development, and limited production use. The full license terms can be viewed here: https://public.dhe.ibm.com/ibmdl/export/pub/software/websphere/wasdev/license/base_ilan/ilan/20.0.0.6/lafiles/en.html
[7/23/20 21:30:14:837 CST] 00000015 com.ibm.ws.config.xml.internal.XMLConfigParser               A CWWKG0028A: Processing included configuration resource: C:\Users\pachopaco70\Documents\GitHub\CookTimeServer\Liberty\usr\servers\defaultServer\GeneratedSSLInclude.xml
[7/23/20 21:30:14:971 CST] 00000001 com.ibm.ws.kernel.launch.internal.FrameworkManager           I CWWKE0002I: The kernel started after 1.061 seconds
[7/23/20 21:30:15:035 CST] 00000020 com.ibm.ws.kernel.feature.internal.FeatureManager            I CWWKF0007I: Feature update started.
[7/23/20 21:30:15:173 CST] 00000020 com.ibm.ws.config.xml.internal.ConfigValidator               A CWWKG0102I: Found conflicting settings for defaultKeyStore instance of keyStore configuration.
  Property password has conflicting values:
    Secure value is set in file:/C:/Users/pachopaco70/Documents/GitHub/CookTimeServer/Liberty/usr/servers/defaultServer/server.xml.
    Secure value is set in file:/C:/Users/pachopaco70/Documents/GitHub/CookTimeServer/Liberty/usr/servers/defaultServer/GeneratedSSLInclude.xml.
  Property password will be set to the value defined in file:/C:/Users/pachopaco70/Documents/GitHub/CookTimeServer/Liberty/usr/servers/defaultServer/server.xml.

[7/23/20 21:30:15:273 CST] 00000014 com.ibm.ws.security.registry.basic.internal.BasicRegistry    W CWWKS3103W: There are no users defined for the BasicRegistry configuration of ID com.ibm.ws.security.registry.basic.config[basic].
[7/23/20 21:30:15:293 CST] 00000014 com.ibm.ws.security.ready.internal.SecurityReadyServiceImpl  I CWWKS0007I: The security service is starting...
[7/23/20 21:30:15:479 CST] 00000017 com.ibm.ws.app.manager.internal.monitor.DropinMonitor        A CWWKZ0058I: Monitoring dropins for applications.
[7/23/20 21:30:15:886 CST] 00000018 com.ibm.ws.cache.ServerCache                                 I DYNA1001I: WebSphere Dynamic Cache instance named baseCache initialized successfully.
[7/23/20 21:30:15:889 CST] 00000018 com.ibm.ws.cache.ServerCache                                 I DYNA1071I: The cache provider default is being used.
[7/23/20 21:30:15:889 CST] 00000018 com.ibm.ws.cache.CacheServiceImpl                            I DYNA1056I: Dynamic Cache (object cache) initialized successfully.
[7/23/20 21:30:16:415 CST] 00000014 ibm.ws.security.authentication.internal.jaas.JAASServiceImpl I CWWKS1123I: The collective authentication plugin with class name NullCollectiveAuthenticationPlugin has been activated. 
[7/23/20 21:30:16:432 CST] 0000002a com.ibm.ws.security.ready.internal.SecurityReadyServiceImpl  I CWWKS0008I: The security service is ready.
[7/23/20 21:30:16:433 CST] 0000002a com.ibm.ws.security.token.ltpa.internal.LTPAKeyCreateTask    I CWWKS4105I: LTPA configuration is ready after 0.049 seconds.
[7/23/20 21:30:16:666 CST] 0000001c com.ibm.ws.ssl.config.WSKeyStore                             I Successfully loaded default keystore: C:/Users/pachopaco70/Documents/GitHub/CookTimeServer/Liberty/usr/servers/defaultServer/resources/security/key.p12 of type: PKCS12
[7/23/20 21:30:17:517 CST] 00000014 com.ibm.ws.sib.utils.ras.SibMessage                          I  CWSID0108I: JMS server has started.  
[7/23/20 21:30:17:566 CST] 00000014 com.ibm.ws.security.jaspi.AuthConfigFactoryWrapper           I CWWKS1655I: The default Java Authentication SPI for Containers (JASPIC) AuthConfigFactory class com.ibm.ws.security.jaspi.ProviderRegistry is being used because the Java security property authconfigprovider.factory is not set. 
[7/23/20 21:30:17:946 CST] 00000014 org.apache.cxf.bus.osgi.CXFActivator                         I Adding the extensions from bundle com.ibm.ws.org.apache.cxf.cxf.rt.ws.addr.2.6.2 (185) [org.apache.cxf.ws.addressing.policy.AddressingAssertionBuilder, org.apache.cxf.ws.addressing.policy.UsingAddressingAssertionBuilder, org.apache.cxf.ws.addressing.policy.AddressingPolicyInterceptorProvider, org.apache.cxf.ws.addressing.impl.AddressingWSDLExtensionLoader, org.apache.cxf.ws.addressing.WSAddressingFeature$WSAddressingFeatureApplier, org.apache.cxf.ws.addressing.MAPAggregator$MAPAggregatorLoader]
[7/23/20 21:30:17:950 CST] 00000014 org.apache.cxf.bus.osgi.CXFActivator                         I Adding the extensions from bundle com.ibm.ws.org.apache.cxf.cxf.rt.bindings.soap.2.6.2 (188) [org.apache.cxf.binding.soap.SoapBindingFactory, org.apache.cxf.binding.soap.SoapTransportFactory]
[7/23/20 21:30:17:952 CST] 00000014 org.apache.cxf.bus.osgi.CXFActivator                         I Adding the extensions from bundle com.ibm.ws.org.apache.cxf.cxf.rt.bindings.xml.2.6.2 (194) [org.apache.cxf.binding.xml.XMLBindingFactory, org.apache.cxf.binding.xml.wsdl11.XMLWSDLExtensionLoader]
[7/23/20 21:30:17:953 CST] 00000014 org.apache.cxf.bus.osgi.CXFActivator                         I Adding the extensions from bundle com.ibm.ws.org.apache.cxf.cxf.rt.frontend.jaxws.2.6.2 (196) [org.apache.cxf.jaxws.context.WebServiceContextResourceResolver]
[7/23/20 21:30:17:955 CST] 00000014 org.apache.cxf.bus.osgi.CXFActivator                         I Adding the extensions from bundle com.ibm.ws.org.apache.cxf.cxf.rt.management.2.6.2 (198) [org.apache.cxf.management.InstrumentationManager]
[7/23/20 21:30:17:956 CST] 00000014 org.apache.cxf.bus.osgi.CXFActivator                         I Adding the extensions from bundle com.ibm.ws.org.apache.cxf.cxf.rt.transports.http.2.6.2 (202) [org.apache.cxf.transport.http.HTTPTransportFactory, org.apache.cxf.transport.http.HTTPWSDLExtensionLoader, org.apache.cxf.transport.http.policy.HTTPClientAssertionBuilder, org.apache.cxf.transport.http.policy.HTTPServerAssertionBuilder, org.apache.cxf.transport.http.policy.NoOpPolicyInterceptorProvider]
[7/23/20 21:30:17:957 CST] 00000014 org.apache.cxf.bus.osgi.CXFActivator                         I Adding the extensions from bundle com.ibm.ws.org.apache.cxf.cxf.rt.ws.policy.2.6.2 (204) [org.apache.cxf.ws.policy.PolicyEngine, org.apache.cxf.policy.PolicyDataEngine, org.apache.cxf.ws.policy.AssertionBuilderRegistry, org.apache.cxf.ws.policy.PolicyInterceptorProviderRegistry, org.apache.cxf.ws.policy.PolicyBuilder, org.apache.cxf.ws.policy.PolicyAnnotationListener, org.apache.cxf.ws.policy.attachment.ServiceModelPolicyProvider, org.apache.cxf.ws.policy.attachment.external.DomainExpressionBuilderRegistry, org.apache.cxf.ws.policy.attachment.external.EndpointReferenceDomainExpressionBuilder, org.apache.cxf.ws.policy.attachment.wsdl11.Wsdl11AttachmentPolicyProvider, org.apache.cxf.ws.policy.mtom.MTOMAssertionBuilder, org.apache.cxf.ws.policy.mtom.MTOMPolicyInterceptorProvider]
[7/23/20 21:30:18:560 CST] 00000015 com.ibm.ws.transport.iiop.internal.ORBWrapperInternal        A CWWKI0001I: The CORBA name server is now available at corbaloc:iiop:localhost:2809/NameService.
[7/23/20 21:30:19:283 CST] 00000030 com.ibm.ws.app.manager.AppMessageHelper                      I CWWKZ0018I: Starting application CookTimeServer.
[7/23/20 21:30:19:284 CST] 00000030 bm.ws.app.manager.war.internal.WARDeployedAppInfoFactoryImpl I CWWKZ0134I: The CookTimeServer application is using the loose application definition at the C:\Users\pachopaco70\Documents\GitHub\CookTimeServer\Liberty\usr\servers\defaultServer\apps\CookTimeServer.war.xml location.
[7/23/20 21:30:20:031 CST] 00000030 org.jboss.weld.Version                                       I WELD-000900: 2.4.8 (Final)
[7/23/20 21:30:20:359 CST] 00000030 com.ibm.ws.session.WASSessionCore                            I SESN8501I: The session manager did not find a persistent storage location; HttpSession objects will be stored in the local application server's memory.
[7/23/20 21:30:20:376 CST] 00000030 com.ibm.ws.webcontainer.osgi.webapp.WebGroup                 I SRVE0169I: Loading Web Module: CookTimeServer.
[7/23/20 21:30:20:378 CST] 00000030 com.ibm.ws.webcontainer                                      I SRVE0250I: Web Module CookTimeServer has been bound to default_host.
[7/23/20 21:30:20:379 CST] 00000030 com.ibm.ws.http.internal.VirtualHostImpl                     A CWWKT0016I: Web application available (default_host): http://localhost:9080/CookTimeServer/
[7/23/20 21:30:20:418 CST] 00000031 com.ibm.ws.webcontainer.osgi.mbeans.PluginGenerator          I SRVE9103I: A configuration file for a web server plugin was automatically generated for this server at C:\Users\pachopaco70\Documents\GitHub\CookTimeServer\Liberty\usr\servers\defaultServer\logs\state\plugin-cfg.xml.
[7/23/20 21:30:20:502 CST] 0000002d com.ibm.ws.session.WASSessionCore                            I SESN0176I: A new session context will be created for application key default_host/CookTimeServer
[7/23/20 21:30:20:517 CST] 0000002d com.ibm.ws.util                                              I SESN0172I: The session manager is using the Java default SecureRandom implementation for session ID generation.
[7/23/20 21:30:20:687 CST] 0000002d com.ibm.ws.cache.CacheServiceImpl                            I DYNA1056I: Dynamic Cache (object cache) initialized successfully.
[7/23/20 21:30:20:841 CST] 0000002d org.apache.myfaces.config.DefaultFacesConfigurationProvider  I Reading standard config META-INF/standard-faces-config.xml
[7/23/20 21:30:21:004 CST] 0000002d org.apache.myfaces.config.DefaultFacesConfigurationProvider  I Reading config /WEB-INF/faces-config.xml
[7/23/20 21:30:21:117 CST] 0000002d org.apache.myfaces.spi.impl.DefaultInjectionProviderFactory  I Using InjectionProvider com.ibm.ws.jsf.spi.impl.WASCDIAnnotationDelegateInjectionProvider
[7/23/20 21:30:21:153 CST] 0000002d org.apache.myfaces.util.ExternalSpecifications               I MyFaces CDI support enabled
[7/23/20 21:30:21:171 CST] 0000002d org.apache.myfaces.util.ExternalSpecifications               I MyFaces Bean Validation support enabled
[7/23/20 21:30:21:227 CST] 0000002d org.apache.myfaces.application.ApplicationImpl               I Couldn't discover the current project stage, using Production
[7/23/20 21:30:21:228 CST] 0000002d org.apache.myfaces.config.FacesConfigurator                  I Serialization provider : class org.apache.myfaces.shared_impl.util.serial.DefaultSerialFactory
[7/23/20 21:30:21:241 CST] 0000002d org.apache.myfaces.webapp.AbstractFacesInitializer           I ServletContext initialized.
[7/23/20 21:30:21:248 CST] 0000002d org.apache.myfaces.webapp.WebConfigParamsLogger              I Tomahawk jar not available. Autoscrolling, DetectJavascript, AddResourceClass and CheckExtensionsFilter are disabled now.
[7/23/20 21:30:21:248 CST] 0000002d org.apache.myfaces.webapp.WebConfigParamsLogger              I Scanning for context init parameters not defined. It is not necessary to define them all into your web.xml, they are just provided here for informative purposes. To disable this messages set org.apache.myfaces.LOG_WEB_CONTEXT_PARAMS config param to 'false'
[7/23/20 21:30:21:248 CST] 0000002d org.apache.myfaces.webapp.WebConfigParamsLogger              I No context init parameter 'javax.faces.RESOURCE_EXCLUDES' found, using default value '.class .jsp .jspx .properties .xhtml .groovy'.
[7/23/20 21:30:21:248 CST] 0000002d org.apache.myfaces.webapp.WebConfigParamsLogger              I No context init parameter 'javax.faces.STATE_SAVING_METHOD' found, using default value 'server'.
[7/23/20 21:30:21:249 CST] 0000002d org.apache.myfaces.webapp.WebConfigParamsLogger              I No context init parameter 'javax.faces.FULL_STATE_SAVING_VIEW_IDS' found.
[7/23/20 21:30:21:249 CST] 0000002d org.apache.myfaces.webapp.WebConfigParamsLogger              I No context init parameter 'javax.faces.PARTIAL_STATE_SAVING' found, using default value 'true (false with 1.2 webapps)'.
[7/23/20 21:30:21:249 CST] 0000002d org.apache.myfaces.webapp.WebConfigParamsLogger              I No context init parameter 'javax.faces.SERIALIZE_SERVER_STATE' found, using default value 'false'.
[7/23/20 21:30:21:249 CST] 0000002d org.apache.myfaces.webapp.WebConfigParamsLogger              I No context init parameter 'javax.faces.DEFAULT_SUFFIX' found, using default value '.xhtml .view.xml .jsp'.
[7/23/20 21:30:21:249 CST] 0000002d org.apache.myfaces.webapp.WebConfigParamsLogger              I No context init parameter 'javax.faces.FACELETS_SUFFIX' found, using default value '.xhtml'.
[7/23/20 21:30:21:249 CST] 0000002d org.apache.myfaces.webapp.WebConfigParamsLogger              I No context init parameter 'javax.faces.FACELETS_VIEW_MAPPINGS' found.
[7/23/20 21:30:21:249 CST] 0000002d org.apache.myfaces.webapp.WebConfigParamsLogger              I No context init parameter 'DISABLE_FACELET_JSF_VIEWHANDLER' found.
[7/23/20 21:30:21:250 CST] 0000002d org.apache.myfaces.webapp.WebConfigParamsLogger              I No context init parameter 'javax.faces.FACELETS_BUFFER_SIZE' found, using default value '1024'.
[7/23/20 21:30:21:250 CST] 0000002d org.apache.myfaces.webapp.WebConfigParamsLogger              I No context init parameter 'javax.faces.FACELETS_DECORATORS' found.
[7/23/20 21:30:21:250 CST] 0000002d org.apache.myfaces.webapp.WebConfigParamsLogger              I No context init parameter 'javax.faces.FACELETS_LIBRARIES' found.
[7/23/20 21:30:21:250 CST] 0000002d org.apache.myfaces.webapp.WebConfigParamsLogger              I No context init parameter 'javax.faces.FACELETS_REFRESH_PERIOD' found, using default value '-1'.
[7/23/20 21:30:21:250 CST] 0000002d org.apache.myfaces.webapp.WebConfigParamsLogger              I No context init parameter 'javax.faces.FACELETS_SKIP_COMMENTS' found.
[7/23/20 21:30:21:250 CST] 0000002d org.apache.myfaces.webapp.WebConfigParamsLogger              I No context init parameter 'javax.faces.HONOR_CURRENT_COMPONENT_ATTRIBUTES' found, using default value 'false'.
[7/23/20 21:30:21:250 CST] 0000002d org.apache.myfaces.webapp.WebConfigParamsLogger              I No context init parameter 'javax.faces.VALIDATE_EMPTY_FIELDS' found, using default value 'auto'.
[7/23/20 21:30:21:251 CST] 0000002d org.apache.myfaces.webapp.WebConfigParamsLogger              I No context init parameter 'javax.faces.INTERPRET_EMPTY_STRING_SUBMITTED_VALUES_AS_NULL' found, using default value 'false'.
[7/23/20 21:30:21:251 CST] 0000002d org.apache.myfaces.webapp.WebConfigParamsLogger              I No context init parameter 'javax.faces.DATETIMECONVERTER_DEFAULT_TIMEZONE_IS_SYSTEM_TIMEZONE' found, using default value 'false'.
[7/23/20 21:30:21:251 CST] 0000002d org.apache.myfaces.webapp.WebConfigParamsLogger              I No context init parameter 'org.apache.myfaces.ENUM_CONVERTER_ALLOW_STRING_PASSTROUGH' found, using default value 'false'.
[7/23/20 21:30:21:251 CST] 0000002d org.apache.myfaces.webapp.WebConfigParamsLogger              I No context init parameter 'javax.faces.validator.DISABLE_DEFAULT_BEAN_VALIDATOR' found, using default value 'true'.
[7/23/20 21:30:21:251 CST] 0000002d org.apache.myfaces.webapp.WebConfigParamsLogger              I No context init parameter 'javax.faces.CONFIG_FILES' found.
[7/23/20 21:30:21:251 CST] 0000002d org.apache.myfaces.webapp.WebConfigParamsLogger              I No context init parameter 'javax.faces.LIFECYCLE_ID' found.
[7/23/20 21:30:21:251 CST] 0000002d org.apache.myfaces.webapp.WebConfigParamsLogger              I No context init parameter 'org.apache.myfaces.ERROR_HANDLER' found.
[7/23/20 21:30:21:252 CST] 0000002d org.apache.myfaces.webapp.WebConfigParamsLogger              I No context init parameter 'org.apache.myfaces.CHECKED_VIEWID_CACHE_SIZE' found, using default value '500'.
[7/23/20 21:30:21:252 CST] 0000002d org.apache.myfaces.webapp.WebConfigParamsLogger              I No context init parameter 'org.apache.myfaces.CHECKED_VIEWID_CACHE_ENABLED' found, using default value 'true'.
[7/23/20 21:30:21:252 CST] 0000002d org.apache.myfaces.webapp.WebConfigParamsLogger              I No context init parameter 'org.apache.myfaces.PRETTY_HTML' found, using default value 'true'.
[7/23/20 21:30:21:252 CST] 0000002d org.apache.myfaces.webapp.WebConfigParamsLogger              I No context init parameter 'org.apache.myfaces.ALLOW_JAVASCRIPT' found, using default value 'true'.
[7/23/20 21:30:21:252 CST] 0000002d org.apache.myfaces.webapp.WebConfigParamsLogger              I No context init parameter 'org.apache.myfaces.CONFIG_REFRESH_PERIOD' found, using default value '2'.
[7/23/20 21:30:21:253 CST] 0000002d org.apache.myfaces.webapp.WebConfigParamsLogger              I No context init parameter 'org.apache.myfaces.VIEWSTATE_JAVASCRIPT' found, using default value 'false'.
[7/23/20 21:30:21:253 CST] 0000002d org.apache.myfaces.webapp.WebConfigParamsLogger              I No context init parameter 'org.apache.myfaces.RENDER_VIEWSTATE_ID' found, using default value 'true'.
[7/23/20 21:30:21:253 CST] 0000002d org.apache.myfaces.webapp.WebConfigParamsLogger              I No context init parameter 'org.apache.myfaces.STRICT_XHTML_LINKS' found, using default value 'true'.
[7/23/20 21:30:21:253 CST] 0000002d org.apache.myfaces.webapp.WebConfigParamsLogger              I No context init parameter 'org.apache.myfaces.RENDER_CLEAR_JAVASCRIPT_FOR_BUTTON' found, using default value 'false'.
[7/23/20 21:30:21:253 CST] 0000002d org.apache.myfaces.webapp.WebConfigParamsLogger              I No context init parameter 'org.apache.myfaces.RENDER_HIDDEN_FIELDS_FOR_LINK_PARAMS' found, using default value 'false'.
[7/23/20 21:30:21:253 CST] 0000002d org.apache.myfaces.webapp.WebConfigParamsLogger              I No context init parameter 'org.apache.myfaces.SAVE_FORM_SUBMIT_LINK_IE' found, using default value 'false'.
[7/23/20 21:30:21:253 CST] 0000002d org.apache.myfaces.webapp.WebConfigParamsLogger              I No context init parameter 'org.apache.myfaces.DELEGATE_FACES_SERVLET' found.
[7/23/20 21:30:21:254 CST] 0000002d org.apache.myfaces.webapp.WebConfigParamsLogger              I No context init parameter 'org.apache.myfaces.REFRESH_TRANSIENT_BUILD_ON_PSS' found, using default value 'auto'.
[7/23/20 21:30:21:254 CST] 0000002d org.apache.myfaces.webapp.WebConfigParamsLogger              I No context init parameter 'org.apache.myfaces.REFRESH_TRANSIENT_BUILD_ON_PSS_PRESERVE_STATE' found, using default value 'false'.
[7/23/20 21:30:21:254 CST] 0000002d org.apache.myfaces.webapp.WebConfigParamsLogger              I No context init parameter 'org.apache.myfaces.VALIDATE_XML' found.
[7/23/20 21:30:21:254 CST] 0000002d org.apache.myfaces.webapp.WebConfigParamsLogger              I No context init parameter 'org.apache.myfaces.WRAP_SCRIPT_CONTENT_WITH_XML_COMMENT_TAG' found, using default value 'false'.
[7/23/20 21:30:21:254 CST] 0000002d org.apache.myfaces.webapp.WebConfigParamsLogger              I No context init parameter 'org.apache.myfaces.RENDER_FORM_SUBMIT_SCRIPT_INLINE' found, using default value 'false'.
[7/23/20 21:30:21:254 CST] 0000002d org.apache.myfaces.webapp.WebConfigParamsLogger              I No context init parameter 'org.apache.myfaces.DEBUG_PHASE_LISTENER' found.
[7/23/20 21:30:21:255 CST] 0000002d org.apache.myfaces.webapp.WebConfigParamsLogger              I No context init parameter 'org.apache.myfaces.STRICT_JSF_2_REFRESH_TARGET_AJAX' found, using default value 'false'.
[7/23/20 21:30:21:255 CST] 0000002d org.apache.myfaces.webapp.WebConfigParamsLogger              I No context init parameter 'org.apache.myfaces.STRICT_JSF_2_CC_EL_RESOLVER' found, using default value 'false'.
[7/23/20 21:30:21:255 CST] 0000002d org.apache.myfaces.webapp.WebConfigParamsLogger              I No context init parameter 'org.apache.myfaces.DEFAULT_RESPONSE_WRITER_CONTENT_TYPE_MODE' found, using default value 'text/html'.
[7/23/20 21:30:21:255 CST] 0000002d org.apache.myfaces.webapp.WebConfigParamsLogger              I No context init parameter 'org.apache.myfaces.VIEW_UNIQUE_IDS_CACHE_ENABLED' found, using default value 'true'.
[7/23/20 21:30:21:255 CST] 0000002d org.apache.myfaces.webapp.WebConfigParamsLogger              I No context init parameter 'org.apache.myfaces.COMPONENT_UNIQUE_IDS_CACHE_SIZE' found, using default value '100'.
[7/23/20 21:30:21:255 CST] 0000002d org.apache.myfaces.webapp.WebConfigParamsLogger              I No context init parameter 'org.apache.myfaces.SUPPORT_JSP_AND_FACES_EL' found, using default value 'true'.
[7/23/20 21:30:21:255 CST] 0000002d org.apache.myfaces.webapp.WebConfigParamsLogger              I No context init parameter 'org.apache.myfaces.GAE_JSF_JAR_FILES' found.
[7/23/20 21:30:21:256 CST] 0000002d org.apache.myfaces.webapp.WebConfigParamsLogger              I No context init parameter 'org.apache.myfaces.GAE_JSF_ANNOTATIONS_JAR_FILES' found.
[7/23/20 21:30:21:256 CST] 0000002d org.apache.myfaces.webapp.WebConfigParamsLogger              I No context init parameter 'org.apache.myfaces.STRICT_JSF_2_VIEW_NOT_FOUND' found, using default value 'false'.
[7/23/20 21:30:21:256 CST] 0000002d org.apache.myfaces.webapp.WebConfigParamsLogger              I No context init parameter 'org.apache.myfaces.EARLY_FLUSH_ENABLED' found, using default value 'false'.
[7/23/20 21:30:21:256 CST] 0000002d org.apache.myfaces.webapp.WebConfigParamsLogger              I No context init parameter 'org.apache.myfaces.CDI_MANAGED_CONVERTERS_ENABLED' found, using default value 'false'.
[7/23/20 21:30:21:256 CST] 0000002d org.apache.myfaces.webapp.WebConfigParamsLogger              I No context init parameter 'org.apache.myfaces.CDI_MANAGED_VALIDATORS_ENABLED' found, using default value 'false'.
[7/23/20 21:30:21:256 CST] 0000002d org.apache.myfaces.webapp.WebConfigParamsLogger              I No context init parameter 'org.apache.myfaces.STRICT_JSF_2_FACELETS_COMPATIBILITY' found, using default value 'false'.
[7/23/20 21:30:21:256 CST] 0000002d org.apache.myfaces.webapp.WebConfigParamsLogger              I No context init parameter 'org.apache.myfaces.RENDER_FORM_VIEW_STATE_AT_BEGIN' found, using default value 'false'.
[7/23/20 21:30:21:256 CST] 0000002d org.apache.myfaces.webapp.WebConfigParamsLogger              I No context init parameter 'org.apache.myfaces.FLASH_SCOPE_DISABLED' found, using default value 'false'.
[7/23/20 21:30:21:257 CST] 0000002d org.apache.myfaces.webapp.WebConfigParamsLogger              I No context init parameter 'org.apache.myfaces.NUMBER_OF_VIEWS_IN_SESSION' found, using default value '20'.
[7/23/20 21:30:21:257 CST] 0000002d org.apache.myfaces.webapp.WebConfigParamsLogger              I No context init parameter 'org.apache.myfaces.NUMBER_OF_SEQUENTIAL_VIEWS_IN_SESSION' found, using default value '4'.
[7/23/20 21:30:21:257 CST] 0000002d org.apache.myfaces.webapp.WebConfigParamsLogger              I No context init parameter 'org.apache.myfaces.NUMBER_OF_FLASH_TOKENS_IN_SESSION' found.
[7/23/20 21:30:21:257 CST] 0000002d org.apache.myfaces.webapp.WebConfigParamsLogger              I No context init parameter 'org.apache.myfaces.FACES_FLOW_CLIENT_WINDOW_IDS_IN_SESSION' found.
[7/23/20 21:30:21:257 CST] 0000002d org.apache.myfaces.webapp.WebConfigParamsLogger              I No context init parameter 'org.apache.myfaces.RESOURCE_MAX_TIME_EXPIRES' found, using default value '604800000'.
[7/23/20 21:30:21:257 CST] 0000002d org.apache.myfaces.webapp.WebConfigParamsLogger              I No context init parameter 'org.apache.myfaces.RESOURCE_HANDLER_CACHE_SIZE' found, using default value '500'.
[7/23/20 21:30:21:257 CST] 0000002d org.apache.myfaces.webapp.WebConfigParamsLogger              I No context init parameter 'org.apache.myfaces.RESOURCE_HANDLER_CACHE_ENABLED' found, using default value 'true'.
[7/23/20 21:30:21:257 CST] 0000002d org.apache.myfaces.webapp.WebConfigParamsLogger              I No context init parameter 'org.apache.myfaces.USE_ENCRYPTION' found, using default value 'true'.
[7/23/20 21:30:21:258 CST] 0000002d org.apache.myfaces.webapp.WebConfigParamsLogger              I No context init parameter 'org.apache.myfaces.SECRET' found.
[7/23/20 21:30:21:258 CST] 0000002d org.apache.myfaces.webapp.WebConfigParamsLogger              I No context init parameter 'org.apache.myfaces.ALGORITHM' found, using default value 'DES'.
[7/23/20 21:30:21:258 CST] 0000002d org.apache.myfaces.webapp.WebConfigParamsLogger              I No context init parameter 'org.apache.myfaces.SECRET.CACHE' found.
[7/23/20 21:30:21:258 CST] 0000002d org.apache.myfaces.webapp.WebConfigParamsLogger              I No context init parameter 'org.apache.myfaces.ALGORITHM.IV' found.
[7/23/20 21:30:21:258 CST] 0000002d org.apache.myfaces.webapp.WebConfigParamsLogger              I No context init parameter 'org.apache.myfaces.ALGORITHM.PARAMETERS' found, using default value 'ECB/PKCS5Padding'.
[7/23/20 21:30:21:258 CST] 0000002d org.apache.myfaces.webapp.WebConfigParamsLogger              I No context init parameter 'org.apache.myfaces.SERIAL_FACTORY' found.
[7/23/20 21:30:21:258 CST] 0000002d org.apache.myfaces.webapp.WebConfigParamsLogger              I No context init parameter 'org.apache.myfaces.COMPRESS_STATE_IN_CLIENT' found, using default value 'false'.
[7/23/20 21:30:21:258 CST] 0000002d org.apache.myfaces.webapp.WebConfigParamsLogger              I No context init parameter 'org.apache.myfaces.MAC_ALGORITHM' found, using default value 'HmacSHA1'.
[7/23/20 21:30:21:259 CST] 0000002d org.apache.myfaces.webapp.WebConfigParamsLogger              I No context init parameter 'org.apache.myfaces.MAC_SECRET' found.
[7/23/20 21:30:21:259 CST] 0000002d org.apache.myfaces.webapp.WebConfigParamsLogger              I No context init parameter 'org.apache.myfaces.MAC_SECRET.CACHE' found.
[7/23/20 21:30:21:259 CST] 0000002d org.apache.myfaces.webapp.WebConfigParamsLogger              I No context init parameter 'javax.faces.PROJECT_STAGE' found, using default value 'Production'.
[7/23/20 21:30:21:259 CST] 0000002d org.apache.myfaces.webapp.WebConfigParamsLogger              I No context init parameter 'org.apache.myfaces.LAZY_LOAD_CONFIG_OBJECTS' found, using default value 'true'.
[7/23/20 21:30:21:259 CST] 0000002d org.apache.myfaces.webapp.WebConfigParamsLogger              I No context init parameter 'org.apache.myfaces.STRICT_JSF_2_ALLOW_SLASH_LIBRARY_NAME' found, using default value 'false'.
[7/23/20 21:30:21:259 CST] 0000002d org.apache.myfaces.webapp.WebConfigParamsLogger              I No context init parameter 'org.apache.myfaces.RESOURCE_BUFFER_SIZE' found, using default value '2048'.
[7/23/20 21:30:21:259 CST] 0000002d org.apache.myfaces.webapp.WebConfigParamsLogger              I No context init parameter 'org.apache.myfaces.RANDOM_KEY_IN_CSRF_SESSION_TOKEN' found, using default value 'none'.
[7/23/20 21:30:21:259 CST] 0000002d org.apache.myfaces.webapp.WebConfigParamsLogger              I No context init parameter 'org.apache.myfaces.RANDOM_KEY_IN_CSRF_SESSION_TOKEN_LENGTH' found, using default value '16'.
[7/23/20 21:30:21:259 CST] 0000002d org.apache.myfaces.webapp.WebConfigParamsLogger              I No context init parameter 'org.apache.myfaces.RANDOM_KEY_IN_CSRF_SESSION_TOKEN_SECURE_RANDOM_CLASS' found.
[7/23/20 21:30:21:260 CST] 0000002d org.apache.myfaces.webapp.WebConfigParamsLogger              I No context init parameter 'org.apache.myfaces.RANDOM_KEY_IN_CSRF_SESSION_TOKEN_SECURE_RANDOM_PROVIDER' found.
[7/23/20 21:30:21:260 CST] 0000002d org.apache.myfaces.webapp.WebConfigParamsLogger              I No context init parameter 'org.apache.myfaces.RANDOM_KEY_IN_CSRF_SESSION_TOKEN_SECURE_RANDOM_ALGORITM' found, using default value 'SHA1PRNG'.
[7/23/20 21:30:21:260 CST] 0000002d org.apache.myfaces.webapp.WebConfigParamsLogger              I No context init parameter 'org.apache.myfaces.CLIENT_VIEW_STATE_TIMEOUT' found, using default value '0'.
[7/23/20 21:30:21:260 CST] 0000002d org.apache.myfaces.webapp.WebConfigParamsLogger              I No context init parameter 'org.apache.myfaces.SERIALIZE_STATE_IN_SESSION' found, using default value 'false'.
[7/23/20 21:30:21:260 CST] 0000002d org.apache.myfaces.webapp.WebConfigParamsLogger              I No context init parameter 'org.apache.myfaces.COMPRESS_STATE_IN_SESSION' found, using default value 'true'.
[7/23/20 21:30:21:260 CST] 0000002d org.apache.myfaces.webapp.WebConfigParamsLogger              I No context init parameter 'org.apache.myfaces.CACHE_OLD_VIEWS_IN_SESSION_MODE' found, using default value 'off'.
[7/23/20 21:30:21:261 CST] 0000002d org.apache.myfaces.webapp.WebConfigParamsLogger              I No context init parameter 'org.apache.myfaces.USE_FLASH_SCOPE_PURGE_VIEWS_IN_SESSION' found, using default value 'false'.
[7/23/20 21:30:21:261 CST] 0000002d org.apache.myfaces.webapp.WebConfigParamsLogger              I No context init parameter 'org.apache.myfaces.RANDOM_KEY_IN_VIEW_STATE_SESSION_TOKEN' found, using default value 'none'.
[7/23/20 21:30:21:261 CST] 0000002d org.apache.myfaces.webapp.WebConfigParamsLogger              I No context init parameter 'org.apache.myfaces.RANDOM_KEY_IN_VIEW_STATE_SESSION_TOKEN_LENGTH' found, using default value '8'.
[7/23/20 21:30:21:261 CST] 0000002d org.apache.myfaces.webapp.WebConfigParamsLogger              I No context init parameter 'org.apache.myfaces.RANDOM_KEY_IN_VIEW_STATE_SESSION_TOKEN_SECURE_RANDOM_CLASS' found.
[7/23/20 21:30:21:261 CST] 0000002d org.apache.myfaces.webapp.WebConfigParamsLogger              I No context init parameter 'org.apache.myfaces.RANDOM_KEY_IN_VIEW_STATE_SESSION_TOKEN_SECURE_RANDOM_PROVIDER' found.
[7/23/20 21:30:21:261 CST] 0000002d org.apache.myfaces.webapp.WebConfigParamsLogger              I No context init parameter 'org.apache.myfaces.RANDOM_KEY_IN_VIEW_STATE_SESSION_TOKEN_SECURE_RANDOM_ALGORITM' found, using default value 'SHA1PRNG'.
[7/23/20 21:30:21:261 CST] 0000002d org.apache.myfaces.webapp.WebConfigParamsLogger              I No context init parameter 'facelets.LIBRARIES' found.
[7/23/20 21:30:21:261 CST] 0000002d org.apache.myfaces.webapp.WebConfigParamsLogger              I No context init parameter 'org.apache.myfaces.VALIDATE' found, using default value 'false'.
[7/23/20 21:30:21:261 CST] 0000002d org.apache.myfaces.webapp.WebConfigParamsLogger              I No context init parameter 'org.apache.myfaces.annotation.SCAN_PACKAGES' found.
[7/23/20 21:30:21:261 CST] 0000002d org.apache.myfaces.webapp.WebConfigParamsLogger              I No context init parameter 'org.apache.myfaces.config.annotation.LifecycleProvider' found.
[7/23/20 21:30:21:261 CST] 0000002d org.apache.myfaces.webapp.WebConfigParamsLogger              I No context init parameter 'org.apache.myfaces.EL_RESOLVER_COMPARATOR' found.
[7/23/20 21:30:21:261 CST] 0000002d org.apache.myfaces.webapp.WebConfigParamsLogger              I No context init parameter 'org.apache.myfaces.EL_RESOLVER_PREDICATE' found.
[7/23/20 21:30:21:262 CST] 0000002d org.apache.myfaces.webapp.WebConfigParamsLogger              I No context init parameter 'org.apache.myfaces.DEFAULT_WINDOW_MODE' found, using default value 'url'.
[7/23/20 21:30:21:262 CST] 0000002d org.apache.myfaces.webapp.WebConfigParamsLogger              I No context init parameter 'org.apache.myfaces.CHECKED_VIEWID_CACHE_SIZE' found, using default value '500'.
[7/23/20 21:30:21:262 CST] 0000002d org.apache.myfaces.webapp.WebConfigParamsLogger              I No context init parameter 'org.apache.myfaces.CHECKED_VIEWID_CACHE_ENABLED' found, using default value 'true'.
[7/23/20 21:30:21:262 CST] 0000002d org.apache.myfaces.webapp.WebConfigParamsLogger              I No context init parameter 'org.apache.myfaces.ERROR_TEMPLATE_RESOURCE' found, using default value 'META-INF/rsc/myfaces-dev-error.xml'.
[7/23/20 21:30:21:262 CST] 0000002d org.apache.myfaces.webapp.WebConfigParamsLogger              I No context init parameter 'org.apache.myfaces.DEBUG_TEMPLATE_RESOURCE' found, using default value 'META-INF/rsc/myfaces-dev-debug.xml'.
[7/23/20 21:30:21:262 CST] 0000002d org.apache.myfaces.webapp.WebConfigParamsLogger              I No context init parameter 'org.apache.myfaces.ERROR_HANDLING' found, using default value 'false, on Development Project stage: true'.
[7/23/20 21:30:21:262 CST] 0000002d org.apache.myfaces.webapp.WebConfigParamsLogger              I No context init parameter 'org.apache.myfaces.HANDLE_STATE_CACHING_MECHANICS' found, using default value 'true'.
[7/23/20 21:30:21:262 CST] 0000002d org.apache.myfaces.webapp.WebConfigParamsLogger              I No context init parameter 'org.apache.myfaces.AUTOCOMPLETE_OFF_VIEW_STATE' found, using default value 'true'.
[7/23/20 21:30:21:262 CST] 0000002d org.apache.myfaces.webapp.WebConfigParamsLogger              I No context init parameter 'org.apache.myfaces.USE_MULTIPLE_JS_FILES_FOR_JSF_UNCOMPRESSED_JS' found, using default value 'false'.
[7/23/20 21:30:21:263 CST] 0000002d org.apache.myfaces.webapp.WebConfigParamsLogger              I No context init parameter 'org.apache.myfaces.JSF_JS_MODE' found, using default value 'normal'.
[7/23/20 21:30:21:263 CST] 0000002d org.apache.myfaces.webapp.WebConfigParamsLogger              I No context init parameter 'org.apache.myfaces.TEMPORAL_RESOURCEHANDLER_CACHE_ENABLED' found, using default value 'false'.
[7/23/20 21:30:21:263 CST] 0000002d org.apache.myfaces.webapp.WebConfigParamsLogger              I No context init parameter 'org.apache.myfaces.SERVICE_PROVIDER_FINDER' found.
[7/23/20 21:30:21:263 CST] 0000002d org.apache.myfaces.webapp.WebConfigParamsLogger              I No context init parameter 'org.apache.myfaces.spi.InjectionProvider' found.
[7/23/20 21:30:21:263 CST] 0000002d org.apache.myfaces.webapp.WebConfigParamsLogger              I No context init parameter 'javax.faces.DISABLE_FACELET_JSF_VIEWHANDLER' found, using default value 'false'.
[7/23/20 21:30:21:263 CST] 0000002d org.apache.myfaces.webapp.WebConfigParamsLogger              I No context init parameter 'org.apache.myfaces.SAVE_STATE_WITH_VISIT_TREE_ON_PSS' found, using default value 'true'.
[7/23/20 21:30:21:263 CST] 0000002d org.apache.myfaces.webapp.WebConfigParamsLogger              I No context init parameter 'org.apache.myfaces.CHECK_ID_PRODUCTION_MODE' found, using default value 'auto'.
[7/23/20 21:30:21:263 CST] 0000002d org.apache.myfaces.webapp.WebConfigParamsLogger              I No context init parameter 'facelets.BUFFER_SIZE' found.
[7/23/20 21:30:21:263 CST] 0000002d org.apache.myfaces.webapp.WebConfigParamsLogger              I No context init parameter 'facelets.REFRESH_PERIOD' found, using default value '-1'.
[7/23/20 21:30:21:263 CST] 0000002d org.apache.myfaces.webapp.WebConfigParamsLogger              I No context init parameter 'javax.faces.FACELETS_RESOURCE_RESOLVER' found.
[7/23/20 21:30:21:264 CST] 0000002d org.apache.myfaces.webapp.WebConfigParamsLogger              I No context init parameter 'facelets.RESOURCE_RESOLVER' found.
[7/23/20 21:30:21:264 CST] 0000002d org.apache.myfaces.webapp.WebConfigParamsLogger              I No context init parameter 'org.apache.myfaces.MARK_INITIAL_STATE_WHEN_APPLY_BUILD_VIEW' found, using default value 'false'.
[7/23/20 21:30:21:264 CST] 0000002d org.apache.myfaces.webapp.WebConfigParamsLogger              I No context init parameter 'facelets.DECORATORS' found.
[7/23/20 21:30:21:264 CST] 0000002d org.apache.myfaces.webapp.WebConfigParamsLogger              I No context init parameter 'facelets.SKIP_COMMENTS' found.
[7/23/20 21:30:21:264 CST] 0000002d org.apache.myfaces.webapp.WebConfigParamsLogger              I No context init parameter 'org.apache.myfaces.WRAP_TAG_EXCEPTIONS_AS_CONTEXT_AWARE' found, using default value 'true'.
[7/23/20 21:30:21:264 CST] 0000002d org.apache.myfaces.webapp.WebConfigParamsLogger              I No context init parameter 'org.apache.myfaces.CACHE_EL_EXPRESSIONS' found, using default value 'noCache'.
[7/23/20 21:30:21:264 CST] 0000002d org.apache.myfaces.webapp.WebConfigParamsLogger              I No context init parameter 'org.apache.myfaces.VIEW_POOL_MAX_POOL_SIZE' found, using default value '5'.
[7/23/20 21:30:21:265 CST] 0000002d org.apache.myfaces.webapp.WebConfigParamsLogger              I No context init parameter 'org.apache.myfaces.VIEW_POOL_MAX_DYNAMIC_PARTIAL_LIMIT' found, using default value '2'.
[7/23/20 21:30:21:265 CST] 0000002d org.apache.myfaces.webapp.WebConfigParamsLogger              I No context init parameter 'org.apache.myfaces.VIEW_POOL_ENTRY_MODE' found, using default value 'soft'.
[7/23/20 21:30:21:265 CST] 0000002d org.apache.myfaces.webapp.WebConfigParamsLogger              I No context init parameter 'org.apache.myfaces.VIEW_POOL_DEFERRED_NAVIGATION' found, using default value 'false'.
[7/23/20 21:30:21:265 CST] 0000002d org.apache.myfaces.webapp.WebConfigParamsLogger              I No context init parameter 'org.apache.myfaces.EXPRESSION_FACTORY' found.
[7/23/20 21:30:21:265 CST] 0000002d org.apache.myfaces.webapp.WebConfigParamsLogger              I No context init parameter 'org.apache.myfaces.INITIALIZE_ALWAYS_STANDALONE' found, using default value 'false'.
[7/23/20 21:30:21:265 CST] 0000002d org.apache.myfaces.webapp.WebConfigParamsLogger              I No context init parameter 'org.apache.myfaces.LOG_WEB_CONTEXT_PARAMS' found, using default value 'auto'.
[7/23/20 21:30:21:265 CST] 0000002d org.apache.myfaces.webapp.WebConfigParamsLogger              I No context init parameter 'org.apache.myfaces.FACES_INITIALIZER' found.
[7/23/20 21:30:21:265 CST] 0000002d org.apache.myfaces.webapp.WebConfigParamsLogger              I No context init parameter 'org.apache.myfaces.FACES_INIT_PLUGINS' found.
[7/23/20 21:30:21:266 CST] 0000002d org.apache.myfaces.util.ExternalSpecifications               I MyFaces Unified EL support enabled
[7/23/20 21:30:21:268 CST] 0000002d org.apache.myfaces.view.facelets.ViewPoolProcessor           I org.apache.myfaces.CACHE_EL_EXPRESSIONS web config parameter is set to "noCache". To enable view pooling this param must be set to "alwaysRecompile". View Pooling disabled.
[7/23/20 21:30:21:282 CST] 0000002d com.ibm.ws.app.manager.AppMessageHelper                      A CWWKZ0001I: Application CookTimeServer started in 1.999 seconds.
[7/23/20 21:30:21:368 CST] 0000002d com.ibm.ws.webcontainer.servlet                              I SRVE0242I: [CookTimeServer] [/CookTimeServer] [Faces Servlet]: Initialization successful.
[7/23/20 21:30:21:368 CST] 00000020 com.ibm.ws.tcpchannel.internal.TCPPort                       I CWWKO0219I: TCP Channel defaultHttpEndpoint has been started and is now listening for requests on host 127.0.0.1  (IPv4: 127.0.0.1) port 9080.
[7/23/20 21:30:21:374 CST] 00000020 com.ibm.ws.tcpchannel.internal.TCPPort                       I CWWKO0219I: TCP Channel wasJmsEndpoint489 has been started and is now listening for requests on host 127.0.0.1  (IPv4: 127.0.0.1) port 7276.
[7/23/20 21:30:21:375 CST] 00000020 com.ibm.ws.tcpchannel.internal.TCPPort                       I CWWKO0219I: TCP Channel defaultHttpEndpoint-ssl has been started and is now listening for requests on host 127.0.0.1  (IPv4: 127.0.0.1) port 9443.
[7/23/20 21:30:21:377 CST] 00000020 com.ibm.ws.tcpchannel.internal.TCPPort                       I CWWKO0219I: TCP Channel wasJmsEndpoint489-ssl has been started and is now listening for requests on host 127.0.0.1  (IPv4: 127.0.0.1) port 7286.
[7/23/20 21:30:21:389 CST] 00000020 com.ibm.ws.kernel.feature.internal.FeatureManager            A CWWKF0012I: The server installed the following features: [appClientSupport-1.0, appSecurity-2.0, batch-1.0, beanValidation-1.1, cdi-1.2, concurrent-1.0, distributedMap-1.0, ejb-3.2, ejbHome-3.2, ejbLite-3.2, ejbPersistentTimer-3.2, ejbRemote-3.2, el-3.0, j2eeManagement-1.1, jacc-1.5, jaspic-1.1, javaMail-1.5, javaee-7.0, jaxb-2.2, jaxrs-2.0, jaxrsClient-2.0, jaxws-2.2, jca-1.7, jcaInboundSecurity-1.0, jdbc-4.1, jms-2.0, jndi-1.0, jpa-2.1, jpaContainer-2.1, jsf-2.2, json-1.0, jsonp-1.0, jsp-2.3, localConnector-1.0, managedBeans-1.0, mdb-3.2, servlet-3.1, ssl-1.0, wasJmsClient-2.0, wasJmsSecurity-1.0, wasJmsServer-1.0, webProfile-7.0, websocket-1.1].
[7/23/20 21:30:21:397 CST] 00000020 com.ibm.ws.kernel.feature.internal.FeatureManager            I CWWKF0008I: Feature update completed in 6.425 seconds.
[7/23/20 21:30:21:397 CST] 00000020 com.ibm.ws.kernel.feature.internal.FeatureManager            A CWWKF0011I: The defaultServer server is ready to run a smarter planet. The defaultServer server started in 7.487 seconds.
[7/23/20 21:31:42:589 CST] 00000031 y.authentication.jaas.modules.UsernameAndPasswordLoginModule A CWWKS1100A: Authentication did not succeed for user ID alonso.jimenez@hotmail.com. An invalid user ID or password was specified.
[7/23/20 21:31:42:961 CST] 00000031 .ibm.ws.jaxrs.2.0.common:1.0.41.cl200620200528-0414(id=257)] I Setting the server's publish address to be /rest/
[7/23/20 21:31:43:238 CST] 00000031 com.ibm.ws.webcontainer.servlet                              I SRVE0242I: [CookTimeServer] [/CookTimeServer] [cr.ac.tec.resources.RestAPI]: Initialization successful.
[7/23/20 21:31:44:548 CST] 00000039 y.authentication.jaas.modules.UsernameAndPasswordLoginModule A CWWKS1100A: Authentication did not succeed for user ID alonso.jimenez@hotmail.com. An invalid user ID or password was specified.
[7/23/20 21:31:54:664 CST] 0000002d y.authentication.jaas.modules.UsernameAndPasswordLoginModule A CWWKS1100A: Authentication did not succeed for user ID alonso.jimenez@hotmail.com. An invalid user ID or password was specified.
[7/23/20 21:31:54:737 CST] 00000028 y.authentication.jaas.modules.UsernameAndPasswordLoginModule A CWWKS1100A: Authentication did not succeed for user ID alonso.jimenez@hotmail.com. An invalid user ID or password was specified.
[7/23/20 21:31:54:741 CST] 00000028 SystemOut                                                    O rayos
[7/23/20 21:31:54:742 CST] 00000028 SystemOut                                                    O alonso.jimenez@hotmail.com
[7/23/20 21:31:54:746 CST] 00000029 y.authentication.jaas.modules.UsernameAndPasswordLoginModule A CWWKS1100A: Authentication did not succeed for user ID alonso.jimenez@hotmail.com. An invalid user ID or password was specified.
[7/23/20 21:31:55:122 CST] 00000030 y.authentication.jaas.modules.UsernameAndPasswordLoginModule A CWWKS1100A: Authentication did not succeed for user ID alonso.jimenez@hotmail.com. An invalid user ID or password was specified.
[7/23/20 21:31:58:480 CST] 0000004b y.authentication.jaas.modules.UsernameAndPasswordLoginModule A CWWKS1100A: Authentication did not succeed for user ID alonso.jimenez@hotmail.com. An invalid user ID or password was specified.
[7/23/20 21:31:58:491 CST] 0000002a y.authentication.jaas.modules.UsernameAndPasswordLoginModule A CWWKS1100A: Authentication did not succeed for user ID alonso.jimenez@hotmail.com. An invalid user ID or password was specified.
[7/23/20 21:31:58:493 CST] 0000002a SystemOut                                                    O rayos
[7/23/20 21:31:58:493 CST] 0000002a SystemOut                                                    O alonso.jimenez@hotmail.com
[7/23/20 21:32:04:260 CST] 0000004a y.authentication.jaas.modules.UsernameAndPasswordLoginModule A CWWKS1100A: Authentication did not succeed for user ID alonso.jimenez@hotmail.com. An invalid user ID or password was specified.
[7/23/20 21:32:04:261 CST] 0000004b y.authentication.jaas.modules.UsernameAndPasswordLoginModule A CWWKS1100A: Authentication did not succeed for user ID alonso.jimenez@hotmail.com. An invalid user ID or password was specified.
[7/23/20 21:32:04:262 CST] 0000004a SystemOut                                                    O rayos
[7/23/20 21:32:04:262 CST] 0000004a SystemOut                                                    O alonso.jimenez@hotmail.com
[7/23/20 21:32:14:143 CST] 00000029 y.authentication.jaas.modules.UsernameAndPasswordLoginModule A CWWKS1100A: Authentication did not succeed for user ID alonso.jimenez@hotmail.com. An invalid user ID or password was specified.
[7/23/20 21:32:14:155 CST] 00000023 y.authentication.jaas.modules.UsernameAndPasswordLoginModule A CWWKS1100A: Authentication did not succeed for user ID alonso.jimenez@hotmail.com. An invalid user ID or password was specified.
[7/23/20 21:32:14:157 CST] 00000023 SystemOut                                                    O rayos
[7/23/20 21:32:14:157 CST] 00000023 SystemOut                                                    O alonso.jimenez@hotmail.com
[7/23/20 21:32:16:645 CST] 0000002b y.authentication.jaas.modules.UsernameAndPasswordLoginModule A CWWKS1100A: Authentication did not succeed for user ID alonso.jimenez@hotmail.com. An invalid user ID or password was specified.
[7/23/20 21:32:16:647 CST] 0000002b SystemOut                                                    O rayos
[7/23/20 21:32:16:647 CST] 0000002b SystemOut                                                    O alonso.jimenez@hotmail.com
[7/23/20 21:32:16:655 CST] 00000021 y.authentication.jaas.modules.UsernameAndPasswordLoginModule A CWWKS1100A: Authentication did not succeed for user ID alonso.jimenez@hotmail.com. An invalid user ID or password was specified.
[7/23/20 21:32:18:025 CST] 00000029 y.authentication.jaas.modules.UsernameAndPasswordLoginModule A CWWKS1100A: Authentication did not succeed for user ID alonso.jimenez@hotmail.com. An invalid user ID or password was specified.
[7/23/20 21:32:18:027 CST] 0000002d y.authentication.jaas.modules.UsernameAndPasswordLoginModule A CWWKS1100A: Authentication did not succeed for user ID alonso.jimenez@hotmail.com. An invalid user ID or password was specified.
[7/23/20 21:32:18:031 CST] 0000002d SystemOut                                                    O rayos
[7/23/20 21:32:18:031 CST] 0000002d SystemOut                                                    O alonso.jimenez@hotmail.com
[7/23/20 21:32:19:056 CST] 0000004f y.authentication.jaas.modules.UsernameAndPasswordLoginModule A CWWKS1100A: Authentication did not succeed for user ID alonso.jimenez@hotmail.com. An invalid user ID or password was specified.
[7/23/20 21:32:19:058 CST] 0000004f SystemOut                                                    O rayos
[7/23/20 21:32:19:058 CST] 0000004f SystemOut                                                    O alonso.jimenez@hotmail.com
[7/23/20 21:32:19:058 CST] 00000023 y.authentication.jaas.modules.UsernameAndPasswordLoginModule A CWWKS1100A: Authentication did not succeed for user ID alonso.jimenez@hotmail.com. An invalid user ID or password was specified.
[7/23/20 21:32:20:107 CST] 00000023 y.authentication.jaas.modules.UsernameAndPasswordLoginModule A CWWKS1100A: Authentication did not succeed for user ID alonso.jimenez@hotmail.com. An invalid user ID or password was specified.
[7/23/20 21:32:20:111 CST] 00000023 SystemOut                                                    O rayos
[7/23/20 21:32:20:111 CST] 00000023 SystemOut                                                    O alonso.jimenez@hotmail.com
[7/23/20 21:32:20:114 CST] 00000031 y.authentication.jaas.modules.UsernameAndPasswordLoginModule A CWWKS1100A: Authentication did not succeed for user ID alonso.jimenez@hotmail.com. An invalid user ID or password was specified.
[7/23/20 21:32:20:924 CST] 00000021 y.authentication.jaas.modules.UsernameAndPasswordLoginModule A CWWKS1100A: Authentication did not succeed for user ID alonso.jimenez@hotmail.com. An invalid user ID or password was specified.
[7/23/20 21:32:20:926 CST] 00000029 y.authentication.jaas.modules.UsernameAndPasswordLoginModule A CWWKS1100A: Authentication did not succeed for user ID alonso.jimenez@hotmail.com. An invalid user ID or password was specified.
[7/23/20 21:32:20:929 CST] 00000029 SystemOut                                                    O rayos
[7/23/20 21:32:20:929 CST] 00000029 SystemOut                                                    O alonso.jimenez@hotmail.com
[7/23/20 21:32:21:889 CST] 00000029 y.authentication.jaas.modules.UsernameAndPasswordLoginModule A CWWKS1100A: Authentication did not succeed for user ID alonso.jimenez@hotmail.com. An invalid user ID or password was specified.
[7/23/20 21:32:21:892 CST] 00000029 SystemOut                                                    O rayos
[7/23/20 21:32:21:892 CST] 00000029 SystemOut                                                    O alonso.jimenez@hotmail.com
[7/23/20 21:32:21:893 CST] 0000002d y.authentication.jaas.modules.UsernameAndPasswordLoginModule A CWWKS1100A: Authentication did not succeed for user ID alonso.jimenez@hotmail.com. An invalid user ID or password was specified.
[7/23/20 21:32:22:960 CST] 0000002d y.authentication.jaas.modules.UsernameAndPasswordLoginModule A CWWKS1100A: Authentication did not succeed for user ID alonso.jimenez@hotmail.com. An invalid user ID or password was specified.
[7/23/20 21:32:22:963 CST] 0000002d SystemOut                                                    O rayos
[7/23/20 21:32:22:964 CST] 0000002d SystemOut                                                    O alonso.jimenez@hotmail.com
[7/23/20 21:32:22:975 CST] 0000004f y.authentication.jaas.modules.UsernameAndPasswordLoginModule A CWWKS1100A: Authentication did not succeed for user ID alonso.jimenez@hotmail.com. An invalid user ID or password was specified.
[7/23/20 21:32:24:093 CST] 0000003a y.authentication.jaas.modules.UsernameAndPasswordLoginModule A CWWKS1100A: Authentication did not succeed for user ID alonso.jimenez@hotmail.com. An invalid user ID or password was specified.
[7/23/20 21:32:24:095 CST] 0000002a y.authentication.jaas.modules.UsernameAndPasswordLoginModule A CWWKS1100A: Authentication did not succeed for user ID alonso.jimenez@hotmail.com. An invalid user ID or password was specified.
[7/23/20 21:32:24:096 CST] 0000002a SystemOut                                                    O rayos
[7/23/20 21:32:24:096 CST] 0000002a SystemOut                                                    O alonso.jimenez@hotmail.com
[7/23/20 21:32:24:866 CST] 0000004b y.authentication.jaas.modules.UsernameAndPasswordLoginModule A CWWKS1100A: Authentication did not succeed for user ID alonso.jimenez@hotmail.com. An invalid user ID or password was specified.
[7/23/20 21:32:24:868 CST] 0000004b SystemOut                                                    O rayos
[7/23/20 21:32:24:868 CST] 0000004b SystemOut                                                    O alonso.jimenez@hotmail.com
[7/23/20 21:32:24:873 CST] 00000031 y.authentication.jaas.modules.UsernameAndPasswordLoginModule A CWWKS1100A: Authentication did not succeed for user ID alonso.jimenez@hotmail.com. An invalid user ID or password was specified.
[7/23/20 21:32:26:635 CST] 0000004f y.authentication.jaas.modules.UsernameAndPasswordLoginModule A CWWKS1100A: Authentication did not succeed for user ID alonso.jimenez@hotmail.com. An invalid user ID or password was specified.
[7/23/20 21:32:26:636 CST] 0000004b y.authentication.jaas.modules.UsernameAndPasswordLoginModule A CWWKS1100A: Authentication did not succeed for user ID alonso.jimenez@hotmail.com. An invalid user ID or password was specified.
[7/23/20 21:32:26:636 CST] 0000004f SystemOut                                                    O rayos
[7/23/20 21:32:26:636 CST] 0000004f SystemOut                                                    O alonso.jimenez@hotmail.com
[7/23/20 21:32:27:782 CST] 0000004b y.authentication.jaas.modules.UsernameAndPasswordLoginModule A CWWKS1100A: Authentication did not succeed for user ID alonso.jimenez@hotmail.com. An invalid user ID or password was specified.
[7/23/20 21:32:27:784 CST] 0000004b SystemOut                                                    O rayos
[7/23/20 21:32:27:784 CST] 0000004b SystemOut                                                    O alonso.jimenez@hotmail.com
[7/23/20 21:32:27:786 CST] 0000002b y.authentication.jaas.modules.UsernameAndPasswordLoginModule A CWWKS1100A: Authentication did not succeed for user ID alonso.jimenez@hotmail.com. An invalid user ID or password was specified.
[7/23/20 21:32:29:722 CST] 00000029 y.authentication.jaas.modules.UsernameAndPasswordLoginModule A CWWKS1100A: Authentication did not succeed for user ID alonso.jimenez@hotmail.com. An invalid user ID or password was specified.
[7/23/20 21:32:29:724 CST] 00000029 SystemOut                                                    O rayos
[7/23/20 21:32:29:724 CST] 00000029 SystemOut                                                    O alonso.jimenez@hotmail.com
[7/23/20 21:32:29:725 CST] 0000004f y.authentication.jaas.modules.UsernameAndPasswordLoginModule A CWWKS1100A: Authentication did not succeed for user ID alonso.jimenez@hotmail.com. An invalid user ID or password was specified.
[7/23/20 21:32:31:464 CST] 00000030 y.authentication.jaas.modules.UsernameAndPasswordLoginModule A CWWKS1100A: Authentication did not succeed for user ID alonso.jimenez@hotmail.com. An invalid user ID or password was specified.
[7/23/20 21:32:31:466 CST] 00000039 y.authentication.jaas.modules.UsernameAndPasswordLoginModule A CWWKS1100A: Authentication did not succeed for user ID alonso.jimenez@hotmail.com. An invalid user ID or password was specified.
[7/23/20 21:32:31:475 CST] 00000039 SystemOut                                                    O rayos
[7/23/20 21:32:31:475 CST] 00000039 SystemOut                                                    O alonso.jimenez@hotmail.com
[7/23/20 21:32:32:438 CST] 00000039 y.authentication.jaas.modules.UsernameAndPasswordLoginModule A CWWKS1100A: Authentication did not succeed for user ID alonso.jimenez@hotmail.com. An invalid user ID or password was specified.
[7/23/20 21:32:32:439 CST] 0000004f y.authentication.jaas.modules.UsernameAndPasswordLoginModule A CWWKS1100A: Authentication did not succeed for user ID alonso.jimenez@hotmail.com. An invalid user ID or password was specified.
[7/23/20 21:32:32:441 CST] 00000039 SystemOut                                                    O rayos
[7/23/20 21:32:32:441 CST] 00000039 SystemOut                                                    O alonso.jimenez@hotmail.com
[7/23/20 21:32:33:572 CST] 0000002b y.authentication.jaas.modules.UsernameAndPasswordLoginModule A CWWKS1100A: Authentication did not succeed for user ID alonso.jimenez@hotmail.com. An invalid user ID or password was specified.
[7/23/20 21:32:33:574 CST] 0000002b SystemOut                                                    O rayos
[7/23/20 21:32:33:575 CST] 0000002b SystemOut                                                    O alonso.jimenez@hotmail.com
[7/23/20 21:32:33:575 CST] 00000020 y.authentication.jaas.modules.UsernameAndPasswordLoginModule A CWWKS1100A: Authentication did not succeed for user ID alonso.jimenez@hotmail.com. An invalid user ID or password was specified.
[7/23/20 21:32:35:509 CST] 00000039 y.authentication.jaas.modules.UsernameAndPasswordLoginModule A CWWKS1100A: Authentication did not succeed for user ID alonso.jimenez@hotmail.com. An invalid user ID or password was specified.
[7/23/20 21:32:35:771 CST] 00000020 y.authentication.jaas.modules.UsernameAndPasswordLoginModule A CWWKS1100A: Authentication did not succeed for user ID alonso.jimenez@hotmail.com. An invalid user ID or password was specified.
[7/23/20 21:32:45:033 CST] 0000004b y.authentication.jaas.modules.UsernameAndPasswordLoginModule A CWWKS1100A: Authentication did not succeed for user ID alonso.jimenez@hotmail.com. An invalid user ID or password was specified.
[7/23/20 21:32:45:107 CST] 0000002b y.authentication.jaas.modules.UsernameAndPasswordLoginModule A CWWKS1100A: Authentication did not succeed for user ID alonso.jimenez@hotmail.com. An invalid user ID or password was specified.
[7/23/20 21:32:46:210 CST] 0000002a y.authentication.jaas.modules.UsernameAndPasswordLoginModule A CWWKS1100A: Authentication did not succeed for user ID alonso.jimenez@hotmail.com. An invalid user ID or password was specified.
[7/23/20 21:32:46:231 CST] 0000003b y.authentication.jaas.modules.UsernameAndPasswordLoginModule A CWWKS1100A: Authentication did not succeed for user ID alonso.jimenez@hotmail.com. An invalid user ID or password was specified.
[7/23/20 21:32:46:234 CST] 0000003b SystemOut                                                    O rayos
[7/23/20 21:32:46:234 CST] 0000003b SystemOut                                                    O alonso.jimenez@hotmail.com
[7/23/20 21:32:46:241 CST] 0000003a y.authentication.jaas.modules.UsernameAndPasswordLoginModule A CWWKS1100A: Authentication did not succeed for user ID alonso.jimenez@hotmail.com. An invalid user ID or password was specified.
[7/23/20 21:32:46:530 CST] 0000004f y.authentication.jaas.modules.UsernameAndPasswordLoginModule A CWWKS1100A: Authentication did not succeed for user ID alonso.jimenez@hotmail.com. An invalid user ID or password was specified.
[7/23/20 21:32:49:376 CST] 0000004b y.authentication.jaas.modules.UsernameAndPasswordLoginModule A CWWKS1100A: Authentication did not succeed for user ID alonso.jimenez@hotmail.com. An invalid user ID or password was specified.
[7/23/20 21:32:49:380 CST] 0000003b y.authentication.jaas.modules.UsernameAndPasswordLoginModule A CWWKS1100A: Authentication did not succeed for user ID alonso.jimenez@hotmail.com. An invalid user ID or password was specified.
[7/23/20 21:32:49:382 CST] 0000003b SystemOut                                                    O rayos
[7/23/20 21:32:49:382 CST] 0000003b SystemOut                                                    O alonso.jimenez@hotmail.com
[7/23/20 21:32:49:382 CST] 0000002b y.authentication.jaas.modules.UsernameAndPasswordLoginModule A CWWKS1100A: Authentication did not succeed for user ID alonso.jimenez@hotmail.com. An invalid user ID or password was specified.
[7/23/20 21:32:49:389 CST] 00000030 y.authentication.jaas.modules.UsernameAndPasswordLoginModule A CWWKS1100A: Authentication did not succeed for user ID alonso.jimenez@hotmail.com. An invalid user ID or password was specified.
[7/23/20 21:32:49:391 CST] 00000030 SystemOut                                                    O rayos
[7/23/20 21:32:49:392 CST] 00000030 SystemOut                                                    O alonso.jimenez@hotmail.com
[7/23/20 21:32:53:673 CST] 0000002d y.authentication.jaas.modules.UsernameAndPasswordLoginModule A CWWKS1100A: Authentication did not succeed for user ID alonso.jimenez@hotmail.com. An invalid user ID or password was specified.
[7/23/20 21:32:53:677 CST] 00000030 y.authentication.jaas.modules.UsernameAndPasswordLoginModule A CWWKS1100A: Authentication did not succeed for user ID alonso.jimenez@hotmail.com. An invalid user ID or password was specified.
[7/23/20 21:32:53:679 CST] 00000030 SystemOut                                                    O rayos
[7/23/20 21:32:53:679 CST] 00000030 SystemOut                                                    O alonso.jimenez@hotmail.com
[7/23/20 21:32:53:679 CST] 0000004a y.authentication.jaas.modules.UsernameAndPasswordLoginModule A CWWKS1100A: Authentication did not succeed for user ID alonso.jimenez@hotmail.com. An invalid user ID or password was specified.
[7/23/20 21:32:53:681 CST] 0000004a SystemOut                                                    O rayos
[7/23/20 21:32:53:681 CST] 0000004a SystemOut                                                    O alonso.jimenez@hotmail.com
[7/23/20 21:32:53:685 CST] 0000003a y.authentication.jaas.modules.UsernameAndPasswordLoginModule A CWWKS1100A: Authentication did not succeed for user ID alonso.jimenez@hotmail.com. An invalid user ID or password was specified.
[7/23/20 21:32:55:422 CST] 00000021 y.authentication.jaas.modules.UsernameAndPasswordLoginModule A CWWKS1100A: Authentication did not succeed for user ID alonso.jimenez@hotmail.com. An invalid user ID or password was specified.
[7/23/20 21:32:55:427 CST] 0000002a y.authentication.jaas.modules.UsernameAndPasswordLoginModule A CWWKS1100A: Authentication did not succeed for user ID alonso.jimenez@hotmail.com. An invalid user ID or password was specified.
[7/23/20 21:32:55:429 CST] 0000002a SystemOut                                                    O rayos
[7/23/20 21:32:55:430 CST] 0000002a SystemOut                                                    O alonso.jimenez@hotmail.com
[7/23/20 21:32:55:431 CST] 0000003b y.authentication.jaas.modules.UsernameAndPasswordLoginModule A CWWKS1100A: Authentication did not succeed for user ID alonso.jimenez@hotmail.com. An invalid user ID or password was specified.
[7/23/20 21:32:55:433 CST] 0000003b SystemOut                                                    O rayos
[7/23/20 21:32:55:433 CST] 0000003b SystemOut                                                    O alonso.jimenez@hotmail.com
[7/23/20 21:32:55:447 CST] 00000028 y.authentication.jaas.modules.UsernameAndPasswordLoginModule A CWWKS1100A: Authentication did not succeed for user ID alonso.jimenez@hotmail.com. An invalid user ID or password was specified.
[7/23/20 21:32:56:647 CST] 00000023 y.authentication.jaas.modules.UsernameAndPasswordLoginModule A CWWKS1100A: Authentication did not succeed for user ID alonso.jimenez@hotmail.com. An invalid user ID or password was specified.
[7/23/20 21:32:56:649 CST] 00000023 SystemOut                                                    O rayos
[7/23/20 21:32:56:649 CST] 00000023 SystemOut                                                    O alonso.jimenez@hotmail.com
[7/23/20 21:32:56:662 CST] 00000031 y.authentication.jaas.modules.UsernameAndPasswordLoginModule A CWWKS1100A: Authentication did not succeed for user ID alonso.jimenez@hotmail.com. An invalid user ID or password was specified.
[7/23/20 21:32:56:683 CST] 0000002b y.authentication.jaas.modules.UsernameAndPasswordLoginModule A CWWKS1100A: Authentication did not succeed for user ID alonso.jimenez@hotmail.com. An invalid user ID or password was specified.
[7/23/20 21:32:56:690 CST] 0000002a y.authentication.jaas.modules.UsernameAndPasswordLoginModule A CWWKS1100A: Authentication did not succeed for user ID alonso.jimenez@hotmail.com. An invalid user ID or password was specified.
[7/23/20 21:32:56:692 CST] 0000002a SystemOut                                                    O rayos
[7/23/20 21:32:56:692 CST] 0000002a SystemOut                                                    O alonso.jimenez@hotmail.com
[7/23/20 21:32:58:446 CST] 00000039 y.authentication.jaas.modules.UsernameAndPasswordLoginModule A CWWKS1100A: Authentication did not succeed for user ID alonso.jimenez@hotmail.com. An invalid user ID or password was specified.
[7/23/20 21:32:58:448 CST] 00000039 SystemOut                                                    O rayos
[7/23/20 21:32:58:448 CST] 00000039 SystemOut                                                    O alonso.jimenez@hotmail.com
[7/23/20 21:32:58:462 CST] 00000029 y.authentication.jaas.modules.UsernameAndPasswordLoginModule A CWWKS1100A: Authentication did not succeed for user ID alonso.jimenez@hotmail.com. An invalid user ID or password was specified.
[7/23/20 21:32:58:464 CST] 00000023 y.authentication.jaas.modules.UsernameAndPasswordLoginModule A CWWKS1100A: Authentication did not succeed for user ID alonso.jimenez@hotmail.com. An invalid user ID or password was specified.
[7/23/20 21:32:58:469 CST] 0000004f y.authentication.jaas.modules.UsernameAndPasswordLoginModule A CWWKS1100A: Authentication did not succeed for user ID alonso.jimenez@hotmail.com. An invalid user ID or password was specified.
[7/23/20 21:32:58:472 CST] 0000004f SystemOut                                                    O rayos
[7/23/20 21:32:58:473 CST] 0000004f SystemOut                                                    O alonso.jimenez@hotmail.com
[7/23/20 21:32:59:564 CST] 0000002b y.authentication.jaas.modules.UsernameAndPasswordLoginModule A CWWKS1100A: Authentication did not succeed for user ID alonso.jimenez@hotmail.com. An invalid user ID or password was specified.
[7/23/20 21:32:59:567 CST] 0000002b SystemOut                                                    O rayos
[7/23/20 21:32:59:567 CST] 0000002b SystemOut                                                    O alonso.jimenez@hotmail.com
[7/23/20 21:32:59:568 CST] 00000028 y.authentication.jaas.modules.UsernameAndPasswordLoginModule A CWWKS1100A: Authentication did not succeed for user ID alonso.jimenez@hotmail.com. An invalid user ID or password was specified.
[7/23/20 21:32:59:575 CST] 0000003b y.authentication.jaas.modules.UsernameAndPasswordLoginModule A CWWKS1100A: Authentication did not succeed for user ID alonso.jimenez@hotmail.com. An invalid user ID or password was specified.
[7/23/20 21:32:59:604 CST] 00000030 y.authentication.jaas.modules.UsernameAndPasswordLoginModule A CWWKS1100A: Authentication did not succeed for user ID alonso.jimenez@hotmail.com. An invalid user ID or password was specified.
[7/23/20 21:32:59:606 CST] 00000030 SystemOut                                                    O rayos
[7/23/20 21:32:59:607 CST] 00000030 SystemOut                                                    O alonso.jimenez@hotmail.com
[7/23/20 21:33:00:989 CST] 0000004f y.authentication.jaas.modules.UsernameAndPasswordLoginModule A CWWKS1100A: Authentication did not succeed for user ID alonso.jimenez@hotmail.com. An invalid user ID or password was specified.
[7/23/20 21:33:00:992 CST] 0000004f SystemOut                                                    O rayos
[7/23/20 21:33:00:992 CST] 0000004f SystemOut                                                    O alonso.jimenez@hotmail.com
[7/23/20 21:33:00:995 CST] 00000020 y.authentication.jaas.modules.UsernameAndPasswordLoginModule A CWWKS1100A: Authentication did not succeed for user ID alonso.jimenez@hotmail.com. An invalid user ID or password was specified.
[7/23/20 21:33:01:001 CST] 0000004b y.authentication.jaas.modules.UsernameAndPasswordLoginModule A CWWKS1100A: Authentication did not succeed for user ID alonso.jimenez@hotmail.com. An invalid user ID or password was specified.
[7/23/20 21:33:01:004 CST] 00000021 y.authentication.jaas.modules.UsernameAndPasswordLoginModule A CWWKS1100A: Authentication did not succeed for user ID alonso.jimenez@hotmail.com. An invalid user ID or password was specified.
[7/23/20 21:33:01:007 CST] 00000021 SystemOut                                                    O rayos
[7/23/20 21:33:01:007 CST] 00000021 SystemOut                                                    O alonso.jimenez@hotmail.com
[7/23/20 21:33:02:141 CST] 00000030 y.authentication.jaas.modules.UsernameAndPasswordLoginModule A CWWKS1100A: Authentication did not succeed for user ID alonso.jimenez@hotmail.com. An invalid user ID or password was specified.
[7/23/20 21:33:02:142 CST] 0000002d y.authentication.jaas.modules.UsernameAndPasswordLoginModule A CWWKS1100A: Authentication did not succeed for user ID alonso.jimenez@hotmail.com. An invalid user ID or password was specified.
[7/23/20 21:33:02:145 CST] 00000030 SystemOut                                                    O rayos
[7/23/20 21:33:02:145 CST] 00000030 SystemOut                                                    O alonso.jimenez@hotmail.com
[7/23/20 21:33:02:151 CST] 0000003a y.authentication.jaas.modules.UsernameAndPasswordLoginModule A CWWKS1100A: Authentication did not succeed for user ID alonso.jimenez@hotmail.com. An invalid user ID or password was specified.
[7/23/20 21:33:02:152 CST] 00000039 y.authentication.jaas.modules.UsernameAndPasswordLoginModule A CWWKS1100A: Authentication did not succeed for user ID alonso.jimenez@hotmail.com. An invalid user ID or password was specified.
[7/23/20 21:33:02:154 CST] 00000039 SystemOut                                                    O rayos
[7/23/20 21:33:02:154 CST] 00000039 SystemOut                                                    O alonso.jimenez@hotmail.com
[7/23/20 21:33:03:667 CST] 0000002b y.authentication.jaas.modules.UsernameAndPasswordLoginModule A CWWKS1100A: Authentication did not succeed for user ID alonso.jimenez@hotmail.com. An invalid user ID or password was specified.
[7/23/20 21:33:03:669 CST] 0000002b SystemOut                                                    O rayos
[7/23/20 21:33:03:669 CST] 0000002b SystemOut                                                    O alonso.jimenez@hotmail.com
[7/23/20 21:33:03:670 CST] 00000028 y.authentication.jaas.modules.UsernameAndPasswordLoginModule A CWWKS1100A: Authentication did not succeed for user ID alonso.jimenez@hotmail.com. An invalid user ID or password was specified.
[7/23/20 21:33:03:673 CST] 0000002a y.authentication.jaas.modules.UsernameAndPasswordLoginModule A CWWKS1100A: Authentication did not succeed for user ID alonso.jimenez@hotmail.com. An invalid user ID or password was specified.
[7/23/20 21:33:03:675 CST] 0000002a SystemOut                                                    O rayos
[7/23/20 21:33:03:675 CST] 0000002a SystemOut                                                    O alonso.jimenez@hotmail.com
[7/23/20 21:33:03:675 CST] 0000002d y.authentication.jaas.modules.UsernameAndPasswordLoginModule A CWWKS1100A: Authentication did not succeed for user ID alonso.jimenez@hotmail.com. An invalid user ID or password was specified.
[7/23/20 21:33:05:475 CST] 00000021 y.authentication.jaas.modules.UsernameAndPasswordLoginModule A CWWKS1100A: Authentication did not succeed for user ID alonso.jimenez@hotmail.com. An invalid user ID or password was specified.
[7/23/20 21:33:05:477 CST] 00000031 y.authentication.jaas.modules.UsernameAndPasswordLoginModule A CWWKS1100A: Authentication did not succeed for user ID alonso.jimenez@hotmail.com. An invalid user ID or password was specified.
[7/23/20 21:33:05:477 CST] 00000021 SystemOut                                                    O rayos
[7/23/20 21:33:05:477 CST] 00000021 SystemOut                                                    O alonso.jimenez@hotmail.com
[7/23/20 21:33:05:482 CST] 00000031 y.authentication.jaas.modules.UsernameAndPasswordLoginModule A CWWKS1100A: Authentication did not succeed for user ID alonso.jimenez@hotmail.com. An invalid user ID or password was specified.
[7/23/20 21:33:05:484 CST] 00000031 SystemOut                                                    O rayos
[7/23/20 21:33:05:484 CST] 00000031 SystemOut                                                    O alonso.jimenez@hotmail.com
[7/23/20 21:33:05:486 CST] 00000031 y.authentication.jaas.modules.UsernameAndPasswordLoginModule A CWWKS1100A: Authentication did not succeed for user ID alonso.jimenez@hotmail.com. An invalid user ID or password was specified.
[7/23/20 21:33:06:750 CST] 0000004a y.authentication.jaas.modules.UsernameAndPasswordLoginModule A CWWKS1100A: Authentication did not succeed for user ID alonso.jimenez@hotmail.com. An invalid user ID or password was specified.
[7/23/20 21:33:06:752 CST] 0000004a SystemOut                                                    O rayos
[7/23/20 21:33:06:752 CST] 00000023 y.authentication.jaas.modules.UsernameAndPasswordLoginModule A CWWKS1100A: Authentication did not succeed for user ID alonso.jimenez@hotmail.com. An invalid user ID or password was specified.
[7/23/20 21:33:06:752 CST] 0000004a SystemOut                                                    O alonso.jimenez@hotmail.com
[7/23/20 21:33:06:754 CST] 0000004f y.authentication.jaas.modules.UsernameAndPasswordLoginModule A CWWKS1100A: Authentication did not succeed for user ID alonso.jimenez@hotmail.com. An invalid user ID or password was specified.
[7/23/20 21:33:06:756 CST] 0000004f SystemOut                                                    O rayos
[7/23/20 21:33:06:756 CST] 0000004f SystemOut                                                    O alonso.jimenez@hotmail.com
[7/23/20 21:33:06:758 CST] 0000004b y.authentication.jaas.modules.UsernameAndPasswordLoginModule A CWWKS1100A: Authentication did not succeed for user ID alonso.jimenez@hotmail.com. An invalid user ID or password was specified.
[7/23/20 21:33:07:769 CST] 00000021 y.authentication.jaas.modules.UsernameAndPasswordLoginModule A CWWKS1100A: Authentication did not succeed for user ID alonso.jimenez@hotmail.com. An invalid user ID or password was specified.
[7/23/20 21:33:07:771 CST] 00000028 y.authentication.jaas.modules.UsernameAndPasswordLoginModule A CWWKS1100A: Authentication did not succeed for user ID alonso.jimenez@hotmail.com. An invalid user ID or password was specified.
[7/23/20 21:33:07:773 CST] 00000028 SystemOut                                                    O rayos
[7/23/20 21:33:07:773 CST] 00000028 SystemOut                                                    O alonso.jimenez@hotmail.com
[7/23/20 21:33:07:777 CST] 00000031 y.authentication.jaas.modules.UsernameAndPasswordLoginModule A CWWKS1100A: Authentication did not succeed for user ID alonso.jimenez@hotmail.com. An invalid user ID or password was specified.
[7/23/20 21:33:07:779 CST] 0000002a y.authentication.jaas.modules.UsernameAndPasswordLoginModule A CWWKS1100A: Authentication did not succeed for user ID alonso.jimenez@hotmail.com. An invalid user ID or password was specified.
[7/23/20 21:33:07:779 CST] 00000031 SystemOut                                                    O rayos
[7/23/20 21:33:07:779 CST] 00000031 SystemOut                                                    O alonso.jimenez@hotmail.com
[7/23/20 21:33:09:830 CST] 0000003b y.authentication.jaas.modules.UsernameAndPasswordLoginModule A CWWKS1100A: Authentication did not succeed for user ID alonso.jimenez@hotmail.com. An invalid user ID or password was specified.
[7/23/20 21:33:09:831 CST] 00000031 y.authentication.jaas.modules.UsernameAndPasswordLoginModule A CWWKS1100A: Authentication did not succeed for user ID alonso.jimenez@hotmail.com. An invalid user ID or password was specified.
[7/23/20 21:33:09:832 CST] 0000003b SystemOut                                                    O rayos
[7/23/20 21:33:09:833 CST] 0000003b SystemOut                                                    O alonso.jimenez@hotmail.com
[7/23/20 21:33:09:835 CST] 0000002a y.authentication.jaas.modules.UsernameAndPasswordLoginModule A CWWKS1100A: Authentication did not succeed for user ID alonso.jimenez@hotmail.com. An invalid user ID or password was specified.
[7/23/20 21:33:09:839 CST] 0000002a SystemOut                                                    O rayos
[7/23/20 21:33:09:839 CST] 0000002a SystemOut                                                    O alonso.jimenez@hotmail.com
[7/23/20 21:33:09:839 CST] 00000039 y.authentication.jaas.modules.UsernameAndPasswordLoginModule A CWWKS1100A: Authentication did not succeed for user ID alonso.jimenez@hotmail.com. An invalid user ID or password was specified.
[7/23/20 21:33:11:286 CST] 0000002b y.authentication.jaas.modules.UsernameAndPasswordLoginModule A CWWKS1100A: Authentication did not succeed for user ID alonso.jimenez@hotmail.com. An invalid user ID or password was specified.
[7/23/20 21:33:11:288 CST] 0000002b SystemOut                                                    O rayos
[7/23/20 21:33:11:288 CST] 0000002b SystemOut                                                    O alonso.jimenez@hotmail.com
[7/23/20 21:33:11:294 CST] 0000004b y.authentication.jaas.modules.UsernameAndPasswordLoginModule A CWWKS1100A: Authentication did not succeed for user ID alonso.jimenez@hotmail.com. An invalid user ID or password was specified.
[7/23/20 21:33:11:295 CST] 00000021 y.authentication.jaas.modules.UsernameAndPasswordLoginModule A CWWKS1100A: Authentication did not succeed for user ID alonso.jimenez@hotmail.com. An invalid user ID or password was specified.
[7/23/20 21:33:11:301 CST] 0000003b y.authentication.jaas.modules.UsernameAndPasswordLoginModule A CWWKS1100A: Authentication did not succeed for user ID alonso.jimenez@hotmail.com. An invalid user ID or password was specified.
[7/23/20 21:33:11:304 CST] 0000003b SystemOut                                                    O rayos
[7/23/20 21:33:11:304 CST] 0000003b SystemOut                                                    O alonso.jimenez@hotmail.com
[7/23/20 21:33:12:428 CST] 00000031 y.authentication.jaas.modules.UsernameAndPasswordLoginModule A CWWKS1100A: Authentication did not succeed for user ID alonso.jimenez@hotmail.com. An invalid user ID or password was specified.
[7/23/20 21:33:12:430 CST] 00000031 SystemOut                                                    O rayos
[7/23/20 21:33:12:431 CST] 00000031 SystemOut                                                    O alonso.jimenez@hotmail.com
[7/23/20 21:33:12:430 CST] 00000039 y.authentication.jaas.modules.UsernameAndPasswordLoginModule A CWWKS1100A: Authentication did not succeed for user ID alonso.jimenez@hotmail.com. An invalid user ID or password was specified.
[7/23/20 21:33:12:433 CST] 0000002d y.authentication.jaas.modules.UsernameAndPasswordLoginModule A CWWKS1100A: Authentication did not succeed for user ID alonso.jimenez@hotmail.com. An invalid user ID or password was specified.
[7/23/20 21:33:12:434 CST] 0000002d SystemOut                                                    O rayos
[7/23/20 21:33:12:434 CST] 0000002d SystemOut                                                    O alonso.jimenez@hotmail.com
[7/23/20 21:33:12:438 CST] 0000003a y.authentication.jaas.modules.UsernameAndPasswordLoginModule A CWWKS1100A: Authentication did not succeed for user ID alonso.jimenez@hotmail.com. An invalid user ID or password was specified.
[7/23/20 21:33:13:512 CST] 00000023 y.authentication.jaas.modules.UsernameAndPasswordLoginModule A CWWKS1100A: Authentication did not succeed for user ID alonso.jimenez@hotmail.com. An invalid user ID or password was specified.
[7/23/20 21:33:13:514 CST] 00000023 SystemOut                                                    O rayos
[7/23/20 21:33:13:515 CST] 00000023 SystemOut                                                    O alonso.jimenez@hotmail.com
[7/23/20 21:33:13:517 CST] 00000029 y.authentication.jaas.modules.UsernameAndPasswordLoginModule A CWWKS1100A: Authentication did not succeed for user ID alonso.jimenez@hotmail.com. An invalid user ID or password was specified.
[7/23/20 21:33:13:531 CST] 00000020 y.authentication.jaas.modules.UsernameAndPasswordLoginModule A CWWKS1100A: Authentication did not succeed for user ID alonso.jimenez@hotmail.com. An invalid user ID or password was specified.
[7/23/20 21:33:13:533 CST] 0000004a y.authentication.jaas.modules.UsernameAndPasswordLoginModule A CWWKS1100A: Authentication did not succeed for user ID alonso.jimenez@hotmail.com. An invalid user ID or password was specified.
[7/23/20 21:33:13:533 CST] 00000020 SystemOut                                                    O rayos
[7/23/20 21:33:13:533 CST] 00000020 SystemOut                                                    O alonso.jimenez@hotmail.com
[7/23/20 21:33:15:504 CST] 0000004b y.authentication.jaas.modules.UsernameAndPasswordLoginModule A CWWKS1100A: Authentication did not succeed for user ID alonso.jimenez@hotmail.com. An invalid user ID or password was specified.
[7/23/20 21:33:15:507 CST] 00000028 y.authentication.jaas.modules.UsernameAndPasswordLoginModule A CWWKS1100A: Authentication did not succeed for user ID alonso.jimenez@hotmail.com. An invalid user ID or password was specified.
[7/23/20 21:33:15:509 CST] 00000028 SystemOut                                                    O rayos
[7/23/20 21:33:15:509 CST] 00000028 SystemOut                                                    O alonso.jimenez@hotmail.com
[7/23/20 21:33:15:513 CST] 0000004f y.authentication.jaas.modules.UsernameAndPasswordLoginModule A CWWKS1100A: Authentication did not succeed for user ID alonso.jimenez@hotmail.com. An invalid user ID or password was specified.
[7/23/20 21:33:15:515 CST] 0000004f SystemOut                                                    O rayos
[7/23/20 21:33:15:515 CST] 0000004f SystemOut                                                    O alonso.jimenez@hotmail.com
[7/23/20 21:33:15:528 CST] 0000002b y.authentication.jaas.modules.UsernameAndPasswordLoginModule A CWWKS1100A: Authentication did not succeed for user ID alonso.jimenez@hotmail.com. An invalid user ID or password was specified.
[7/23/20 21:33:16:791 CST] 00000029 y.authentication.jaas.modules.UsernameAndPasswordLoginModule A CWWKS1100A: Authentication did not succeed for user ID alonso.jimenez@hotmail.com. An invalid user ID or password was specified.
[7/23/20 21:33:16:794 CST] 00000029 SystemOut                                                    O rayos
[7/23/20 21:33:16:794 CST] 00000029 SystemOut                                                    O alonso.jimenez@hotmail.com
[7/23/20 21:33:16:794 CST] 00000023 y.authentication.jaas.modules.UsernameAndPasswordLoginModule A CWWKS1100A: Authentication did not succeed for user ID alonso.jimenez@hotmail.com. An invalid user ID or password was specified.
[7/23/20 21:33:16:798 CST] 00000020 y.authentication.jaas.modules.UsernameAndPasswordLoginModule A CWWKS1100A: Authentication did not succeed for user ID alonso.jimenez@hotmail.com. An invalid user ID or password was specified.
[7/23/20 21:33:16:800 CST] 0000004b y.authentication.jaas.modules.UsernameAndPasswordLoginModule A CWWKS1100A: Authentication did not succeed for user ID alonso.jimenez@hotmail.com. An invalid user ID or password was specified.
[7/23/20 21:33:16:801 CST] 0000004b SystemOut                                                    O rayos
[7/23/20 21:33:16:801 CST] 0000004b SystemOut                                                    O alonso.jimenez@hotmail.com
[7/23/20 21:33:18:084 CST] 0000004a y.authentication.jaas.modules.UsernameAndPasswordLoginModule A CWWKS1100A: Authentication did not succeed for user ID alonso.jimenez@hotmail.com. An invalid user ID or password was specified.
[7/23/20 21:33:18:088 CST] 0000004f y.authentication.jaas.modules.UsernameAndPasswordLoginModule A CWWKS1100A: Authentication did not succeed for user ID alonso.jimenez@hotmail.com. An invalid user ID or password was specified.
[7/23/20 21:33:18:091 CST] 0000004f SystemOut                                                    O rayos
[7/23/20 21:33:18:091 CST] 0000004f SystemOut                                                    O alonso.jimenez@hotmail.com
[7/23/20 21:33:18:091 CST] 0000002b y.authentication.jaas.modules.UsernameAndPasswordLoginModule A CWWKS1100A: Authentication did not succeed for user ID alonso.jimenez@hotmail.com. An invalid user ID or password was specified.
[7/23/20 21:33:18:094 CST] 0000002b SystemOut                                                    O rayos
[7/23/20 21:33:18:094 CST] 0000002b SystemOut                                                    O alonso.jimenez@hotmail.com
[7/23/20 21:33:18:097 CST] 00000021 y.authentication.jaas.modules.UsernameAndPasswordLoginModule A CWWKS1100A: Authentication did not succeed for user ID alonso.jimenez@hotmail.com. An invalid user ID or password was specified.
[7/23/20 21:33:19:137 CST] 00000039 y.authentication.jaas.modules.UsernameAndPasswordLoginModule A CWWKS1100A: Authentication did not succeed for user ID alonso.jimenez@hotmail.com. An invalid user ID or password was specified.
[7/23/20 21:33:19:141 CST] 00000029 y.authentication.jaas.modules.UsernameAndPasswordLoginModule A CWWKS1100A: Authentication did not succeed for user ID alonso.jimenez@hotmail.com. An invalid user ID or password was specified.
[7/23/20 21:33:19:144 CST] 0000003a y.authentication.jaas.modules.UsernameAndPasswordLoginModule A CWWKS1100A: Authentication did not succeed for user ID alonso.jimenez@hotmail.com. An invalid user ID or password was specified.
[7/23/20 21:33:19:145 CST] 00000029 SystemOut                                                    O rayos
[7/23/20 21:33:19:145 CST] 00000029 SystemOut                                                    O alonso.jimenez@hotmail.com
[7/23/20 21:33:19:159 CST] 0000004b y.authentication.jaas.modules.UsernameAndPasswordLoginModule A CWWKS1100A: Authentication did not succeed for user ID alonso.jimenez@hotmail.com. An invalid user ID or password was specified.
[7/23/20 21:33:19:162 CST] 0000004b SystemOut                                                    O rayos
[7/23/20 21:33:19:162 CST] 0000004b SystemOut                                                    O alonso.jimenez@hotmail.com
[7/23/20 21:33:20:584 CST] 0000004a y.authentication.jaas.modules.UsernameAndPasswordLoginModule A CWWKS1100A: Authentication did not succeed for user ID alonso.jimenez@hotmail.com. An invalid user ID or password was specified.
[7/23/20 21:33:20:734 CST] 00000031 y.authentication.jaas.modules.UsernameAndPasswordLoginModule A CWWKS1100A: Authentication did not succeed for user ID alonso.jimenez@hotmail.com. An invalid user ID or password was specified.
[7/23/20 21:34:35:302 CST] 0000002a y.authentication.jaas.modules.UsernameAndPasswordLoginModule A CWWKS1100A: Authentication did not succeed for user ID alonso.jimenez@hotmail.com. An invalid user ID or password was specified.
[7/23/20 21:34:35:335 CST] 0000003a y.authentication.jaas.modules.UsernameAndPasswordLoginModule A CWWKS1100A: Authentication did not succeed for user ID alonso.jimenez@hotmail.com. An invalid user ID or password was specified.
[7/23/20 21:34:35:355 CST] 00000030 y.authentication.jaas.modules.UsernameAndPasswordLoginModule A CWWKS1100A: Authentication did not succeed for user ID alonso.jimenez@hotmail.com. An invalid user ID or password was specified.
[7/23/20 21:34:35:358 CST] 00000030 SystemOut                                                    O rayos
[7/23/20 21:34:35:359 CST] 00000030 SystemOut                                                    O alonso.jimenez@hotmail.com
[7/23/20 21:34:35:608 CST] 0000004b y.authentication.jaas.modules.UsernameAndPasswordLoginModule A CWWKS1100A: Authentication did not succeed for user ID alonso.jimenez@hotmail.com. An invalid user ID or password was specified.
[7/23/20 21:36:18:234 CST] 00000029 y.authentication.jaas.modules.UsernameAndPasswordLoginModule A CWWKS1100A: Authentication did not succeed for user ID alonso.jimenez@hotmail.com. An invalid user ID or password was specified.
[7/23/20 21:36:18:759 CST] 00000028 y.authentication.jaas.modules.UsernameAndPasswordLoginModule A CWWKS1100A: Authentication did not succeed for user ID alonso.jimenez@hotmail.com. An invalid user ID or password was specified.
[7/23/20 21:46:05:281 CST] 00000059 y.authentication.jaas.modules.UsernameAndPasswordLoginModule A CWWKS1100A: Authentication did not succeed for user ID alonso.jimenez@hotmail.com. An invalid user ID or password was specified.
[7/23/20 21:46:06:874 CST] 00000055 y.authentication.jaas.modules.UsernameAndPasswordLoginModule A CWWKS1100A: Authentication did not succeed for user ID alonso.jimenez@hotmail.com. An invalid user ID or password was specified.
[7/23/20 21:47:55:863 CST] 00000039 y.authentication.jaas.modules.UsernameAndPasswordLoginModule A CWWKS1100A: Authentication did not succeed for user ID alonso.jimenez@hotmail.com. An invalid user ID or password was specified.
[7/23/20 21:48:22:949 CST] 00000058 y.authentication.jaas.modules.UsernameAndPasswordLoginModule A CWWKS1100A: Authentication did not succeed for user ID alonso.jimenez@hotmail.com. An invalid user ID or password was specified.
[7/23/20 21:48:46:365 CST] 0000003a y.authentication.jaas.modules.UsernameAndPasswordLoginModule A CWWKS1100A: Authentication did not succeed for user ID alonso.jimenez@hotmail.com. An invalid user ID or password was specified.
[7/23/20 21:48:47:700 CST] 00000055 y.authentication.jaas.modules.UsernameAndPasswordLoginModule A CWWKS1100A: Authentication did not succeed for user ID alonso.jimenez@hotmail.com. An invalid user ID or password was specified.
[7/24/20 17:49:13:878 CST] 00000039 y.authentication.jaas.modules.UsernameAndPasswordLoginModule A CWWKS1100A: Authentication did not succeed for user ID alonso.jimenez@hotmail.com. An invalid user ID or password was specified.
[7/24/20 17:49:15:616 CST] 00000055 y.authentication.jaas.modules.UsernameAndPasswordLoginModule A CWWKS1100A: Authentication did not succeed for user ID alonso.jimenez@hotmail.com. An invalid user ID or password was specified.
[7/24/20 18:11:14:425 CST] 00000077 com.ibm.ws.runtime.update.internal.RuntimeUpdateManagerImpl  A CWWKE1100I: Waiting for up to 30 seconds for the server to quiesce.
[7/24/20 18:11:14:462 CST] 00000021 com.ibm.ws.tcpchannel.internal.TCPChannel                    I CWWKO0220I: TCP Channel defaultHttpEndpoint-ssl has stopped listening for requests on host 127.0.0.1  (IPv4: 127.0.0.1) port 9443.
[7/24/20 18:11:14:501 CST] 00000021 com.ibm.ws.tcpchannel.internal.TCPChannel                    I CWWKO0220I: TCP Channel wasJmsEndpoint489 has stopped listening for requests on host 127.0.0.1  (IPv4: 127.0.0.1) port 7276.
[7/24/20 18:11:14:511 CST] 00000021 com.ibm.ws.tcpchannel.internal.TCPChannel                    I CWWKO0220I: TCP Channel defaultHttpEndpoint has stopped listening for requests on host 127.0.0.1  (IPv4: 127.0.0.1) port 9080.
[7/24/20 18:11:14:511 CST] 00000021 com.ibm.ws.http.internal.VirtualHostImpl                     A CWWKT0017I: Web application removed (default_host): http://localhost:9080/CookTimeServer/
[7/24/20 18:11:14:514 CST] 00000021 com.ibm.ws.tcpchannel.internal.TCPChannel                    I CWWKO0220I: TCP Channel wasJmsEndpoint489-ssl has stopped listening for requests on host 127.0.0.1  (IPv4: 127.0.0.1) port 7286.
[7/24/20 18:11:14:546 CST] 00000077 .jbatch.container.services.impl.MemoryPersistenceManagerImpl I CWWKY0005I: The batch In-Memory persistence service is activated.
[7/24/20 18:11:14:549 CST] 00000077 com.ibm.jbatch.container.impl.BatchKernelImpl                I CWWKY0008I: The batch feature is using persistence type In-Memory.
[7/24/20 18:11:15:516 CST] 00000077 com.ibm.ws.runtime.update.internal.RuntimeUpdateManagerImpl  I CWWKE1101I: Server quiesce complete.
[7/24/20 18:11:15:646 CST] 00000071 com.ibm.ws.webcontainer.servlet                              I SRVE0253I: [CookTimeServer] [/CookTimeServer] [cr.ac.tec.resources.RestAPI]: Destroy successful.
[7/24/20 18:11:15:649 CST] 00000071 com.ibm.ws.webcontainer.servlet                              I SRVE0253I: [CookTimeServer] [/CookTimeServer] [Faces Servlet]: Destroy successful.
[7/24/20 18:11:15:742 CST] 00000071 com.ibm.ws.app.manager.AppMessageHelper                      A CWWKZ0009I: The application CookTimeServer has stopped successfully.
[7/24/20 18:11:15:886 CST] 00000077 .jbatch.container.services.impl.MemoryPersistenceManagerImpl I CWWKY0005I: The batch In-Memory persistence service is deactivated.
[7/24/20 18:11:16:080 CST] 00000079 org.apache.yoko.orb.OCI.Transport                            I shutdown: iiop transport using socket Socket[addr=/127.0.0.1,port=58861,localport=2809]
[7/24/20 18:11:16:104 CST] 00000077 com.ibm.ws.transport.iiop.internal.ORBWrapperInternal        A CWWKI0002I: The CORBA name server is no longer available at corbaloc:iiop:localhost:2809/NameService.
[7/24/20 18:11:16:425 CST] 00000077 com.ibm.ws.sib.utils.ras.SibMessage                          I  CWSIS1589I: The file store has stopped successfully.
[7/24/20 18:11:16:556 CST] 00000077 com.ibm.ws.sib.utils.ras.SibMessage                          I  CWSID0121I: JMS server stopped.  
[7/24/20 18:11:16:864 CST] 00000077 com.ibm.ws.security.ready.internal.SecurityReadyServiceImpl  I CWWKS0009I: The security service has stopped.
[7/24/20 18:11:16:891 CST] 00000077 ibm.ws.security.authentication.internal.jaas.JAASServiceImpl I CWWKS1124I: The collective authentication plugin with class name NullCollectiveAuthenticationPlugin has been deactivated. 
[7/24/20 18:11:17:028 CST] 00000077 org.apache.cxf.bus.osgi.CXFActivator                         I Removing the extensions for bundle 194
[7/24/20 18:11:17:028 CST] 00000077 org.apache.cxf.bus.osgi.CXFActivator                         I Removing the extensions for bundle 196
[7/24/20 18:11:17:028 CST] 00000077 org.apache.cxf.bus.osgi.CXFActivator                         I Removing the extensions for bundle 198
[7/24/20 18:11:17:028 CST] 00000077 org.apache.cxf.bus.osgi.CXFActivator                         I Removing the extensions for bundle 202
[7/24/20 18:11:17:029 CST] 00000077 org.apache.cxf.bus.osgi.CXFActivator                         I Removing the extensions for bundle 204
[7/24/20 18:11:17:029 CST] 00000077 org.apache.cxf.bus.osgi.CXFActivator                         I Removing the extensions for bundle 185
[7/24/20 18:11:17:029 CST] 00000077 org.apache.cxf.bus.osgi.CXFActivator                         I Removing the extensions for bundle 188
[7/24/20 18:11:17:499 CST] 00000001 com.ibm.ws.kernel.launch.internal.FrameworkManager           A CWWKE0036I: The server defaultServer stopped after 20 hours, 41 minutes, 11.735 seconds.
