********************************************************************************
product = WebSphere Application Server 20.0.0.6 (wlp-1.0.41.cl200620200528-0414)
wlp.install.dir = C:/Users/pachopaco70/Documents/GitHub/CookTimeServer/Liberty/
java.home = C:\Program Files\Java\jre1.8.0_241
java.version = 1.8.0_241
java.runtime = Java(TM) SE Runtime Environment (1.8.0_241-b07)
os = Windows 10 (10.0; amd64) (en_US)
process = 35864@LAPTOP-RVGN66JT
********************************************************************************
[7/24/20 22:53:08:209 CST] 00000001 com.ibm.ws.kernel.launch.internal.FrameworkManager           A CWWKE0001I: The server defaultServer has been launched.
[7/24/20 22:53:08:274 CST] 00000001 com.ibm.ws.kernel.launch.internal.FrameworkManager           A CWWKE0100I: This product is licensed for development, and limited production use. The full license terms can be viewed here: https://public.dhe.ibm.com/ibmdl/export/pub/software/websphere/wasdev/license/base_ilan/ilan/20.0.0.6/lafiles/en.html
[7/24/20 22:53:09:908 CST] 00000015 com.ibm.ws.config.xml.internal.XMLConfigParser               A CWWKG0028A: Processing included configuration resource: C:\Users\pachopaco70\Documents\GitHub\CookTimeServer\Liberty\usr\servers\defaultServer\GeneratedSSLInclude.xml
[7/24/20 22:53:10:221 CST] 00000001 com.ibm.ws.kernel.launch.internal.FrameworkManager           I CWWKE0002I: The kernel started after 2.434 seconds
[7/24/20 22:53:10:321 CST] 00000020 com.ibm.ws.kernel.feature.internal.FeatureManager            I CWWKF0007I: Feature update started.
[7/24/20 22:53:10:610 CST] 00000020 com.ibm.ws.config.xml.internal.ConfigValidator               A CWWKG0102I: Found conflicting settings for defaultKeyStore instance of keyStore configuration.
  Property password has conflicting values:
    Secure value is set in file:/C:/Users/pachopaco70/Documents/GitHub/CookTimeServer/Liberty/usr/servers/defaultServer/server.xml.
    Secure value is set in file:/C:/Users/pachopaco70/Documents/GitHub/CookTimeServer/Liberty/usr/servers/defaultServer/GeneratedSSLInclude.xml.
  Property password will be set to the value defined in file:/C:/Users/pachopaco70/Documents/GitHub/CookTimeServer/Liberty/usr/servers/defaultServer/server.xml.

[7/24/20 22:53:10:794 CST] 00000014 com.ibm.ws.security.registry.basic.internal.BasicRegistry    W CWWKS3103W: There are no users defined for the BasicRegistry configuration of ID com.ibm.ws.security.registry.basic.config[basic].
[7/24/20 22:53:10:824 CST] 00000014 com.ibm.ws.security.ready.internal.SecurityReadyServiceImpl  I CWWKS0007I: The security service is starting...
[7/24/20 22:53:11:074 CST] 00000018 com.ibm.ws.app.manager.internal.monitor.DropinMonitor        A CWWKZ0058I: Monitoring dropins for applications.
[7/24/20 22:53:11:802 CST] 00000015 com.ibm.ws.cache.ServerCache                                 I DYNA1001I: WebSphere Dynamic Cache instance named baseCache initialized successfully.
[7/24/20 22:53:11:805 CST] 00000015 com.ibm.ws.cache.ServerCache                                 I DYNA1071I: The cache provider default is being used.
[7/24/20 22:53:11:807 CST] 00000015 com.ibm.ws.cache.CacheServiceImpl                            I DYNA1056I: Dynamic Cache (object cache) initialized successfully.
[7/24/20 22:53:12:673 CST] 00000014 ibm.ws.security.authentication.internal.jaas.JAASServiceImpl I CWWKS1123I: The collective authentication plugin with class name NullCollectiveAuthenticationPlugin has been activated. 
[7/24/20 22:53:12:698 CST] 0000002e com.ibm.ws.security.ready.internal.SecurityReadyServiceImpl  I CWWKS0008I: The security service is ready.
[7/24/20 22:53:12:700 CST] 0000002e com.ibm.ws.security.token.ltpa.internal.LTPAKeyCreateTask    I CWWKS4105I: LTPA configuration is ready after 0.077 seconds.
[7/24/20 22:53:13:038 CST] 0000001c com.ibm.ws.ssl.config.WSKeyStore                             I Successfully loaded default keystore: C:/Users/pachopaco70/Documents/GitHub/CookTimeServer/Liberty/usr/servers/defaultServer/resources/security/key.p12 of type: PKCS12
[7/24/20 22:53:14:212 CST] 00000014 com.ibm.ws.sib.utils.ras.SibMessage                          I  CWSID0108I: JMS server has started.  
[7/24/20 22:53:14:269 CST] 00000014 com.ibm.ws.security.jaspi.AuthConfigFactoryWrapper           I CWWKS1655I: The default Java Authentication SPI for Containers (JASPIC) AuthConfigFactory class com.ibm.ws.security.jaspi.ProviderRegistry is being used because the Java security property authconfigprovider.factory is not set. 
[7/24/20 22:53:14:898 CST] 00000014 org.apache.cxf.bus.osgi.CXFActivator                         I Adding the extensions from bundle com.ibm.ws.org.apache.cxf.cxf.rt.ws.addr.2.6.2 (185) [org.apache.cxf.ws.addressing.policy.AddressingAssertionBuilder, org.apache.cxf.ws.addressing.policy.UsingAddressingAssertionBuilder, org.apache.cxf.ws.addressing.policy.AddressingPolicyInterceptorProvider, org.apache.cxf.ws.addressing.impl.AddressingWSDLExtensionLoader, org.apache.cxf.ws.addressing.WSAddressingFeature$WSAddressingFeatureApplier, org.apache.cxf.ws.addressing.MAPAggregator$MAPAggregatorLoader]
[7/24/20 22:53:14:908 CST] 00000014 org.apache.cxf.bus.osgi.CXFActivator                         I Adding the extensions from bundle com.ibm.ws.org.apache.cxf.cxf.rt.bindings.soap.2.6.2 (188) [org.apache.cxf.binding.soap.SoapBindingFactory, org.apache.cxf.binding.soap.SoapTransportFactory]
[7/24/20 22:53:14:913 CST] 00000014 org.apache.cxf.bus.osgi.CXFActivator                         I Adding the extensions from bundle com.ibm.ws.org.apache.cxf.cxf.rt.bindings.xml.2.6.2 (194) [org.apache.cxf.binding.xml.XMLBindingFactory, org.apache.cxf.binding.xml.wsdl11.XMLWSDLExtensionLoader]
[7/24/20 22:53:14:916 CST] 00000014 org.apache.cxf.bus.osgi.CXFActivator                         I Adding the extensions from bundle com.ibm.ws.org.apache.cxf.cxf.rt.frontend.jaxws.2.6.2 (196) [org.apache.cxf.jaxws.context.WebServiceContextResourceResolver]
[7/24/20 22:53:14:920 CST] 00000014 org.apache.cxf.bus.osgi.CXFActivator                         I Adding the extensions from bundle com.ibm.ws.org.apache.cxf.cxf.rt.management.2.6.2 (198) [org.apache.cxf.management.InstrumentationManager]
[7/24/20 22:53:14:923 CST] 00000014 org.apache.cxf.bus.osgi.CXFActivator                         I Adding the extensions from bundle com.ibm.ws.org.apache.cxf.cxf.rt.transports.http.2.6.2 (202) [org.apache.cxf.transport.http.HTTPTransportFactory, org.apache.cxf.transport.http.HTTPWSDLExtensionLoader, org.apache.cxf.transport.http.policy.HTTPClientAssertionBuilder, org.apache.cxf.transport.http.policy.HTTPServerAssertionBuilder, org.apache.cxf.transport.http.policy.NoOpPolicyInterceptorProvider]
[7/24/20 22:53:14:926 CST] 00000014 org.apache.cxf.bus.osgi.CXFActivator                         I Adding the extensions from bundle com.ibm.ws.org.apache.cxf.cxf.rt.ws.policy.2.6.2 (204) [org.apache.cxf.ws.policy.PolicyEngine, org.apache.cxf.policy.PolicyDataEngine, org.apache.cxf.ws.policy.AssertionBuilderRegistry, org.apache.cxf.ws.policy.PolicyInterceptorProviderRegistry, org.apache.cxf.ws.policy.PolicyBuilder, org.apache.cxf.ws.policy.PolicyAnnotationListener, org.apache.cxf.ws.policy.attachment.ServiceModelPolicyProvider, org.apache.cxf.ws.policy.attachment.external.DomainExpressionBuilderRegistry, org.apache.cxf.ws.policy.attachment.external.EndpointReferenceDomainExpressionBuilder, org.apache.cxf.ws.policy.attachment.wsdl11.Wsdl11AttachmentPolicyProvider, org.apache.cxf.ws.policy.mtom.MTOMAssertionBuilder, org.apache.cxf.ws.policy.mtom.MTOMPolicyInterceptorProvider]
[7/24/20 22:53:15:921 CST] 00000016 com.ibm.ws.transport.iiop.internal.ORBWrapperInternal        A CWWKI0001I: The CORBA name server is now available at corbaloc:iiop:localhost:2809/NameService.
[7/24/20 22:53:17:072 CST] 0000002a com.ibm.ws.app.manager.AppMessageHelper                      I CWWKZ0018I: Starting application CookTimeServer.
[7/24/20 22:53:17:073 CST] 0000002a bm.ws.app.manager.war.internal.WARDeployedAppInfoFactoryImpl I CWWKZ0134I: The CookTimeServer application is using the loose application definition at the C:\Users\pachopaco70\Documents\GitHub\CookTimeServer\Liberty\usr\servers\defaultServer\apps\CookTimeServer.war.xml location.
[7/24/20 22:53:18:286 CST] 0000002a org.jboss.weld.Version                                       I WELD-000900: 2.4.8 (Final)
[7/24/20 22:53:18:703 CST] 0000002a com.ibm.ws.session.WASSessionCore                            I SESN8501I: The session manager did not find a persistent storage location; HttpSession objects will be stored in the local application server's memory.
[7/24/20 22:53:18:721 CST] 0000002a com.ibm.ws.webcontainer.osgi.webapp.WebGroup                 I SRVE0169I: Loading Web Module: CookTimeServer.
[7/24/20 22:53:18:725 CST] 0000002a com.ibm.ws.webcontainer                                      I SRVE0250I: Web Module CookTimeServer has been bound to default_host.
[7/24/20 22:53:18:727 CST] 0000002a com.ibm.ws.http.internal.VirtualHostImpl                     A CWWKT0016I: Web application available (default_host): http://localhost:9080/CookTimeServer/
[7/24/20 22:53:18:771 CST] 0000002d com.ibm.ws.webcontainer.osgi.mbeans.PluginGenerator          I SRVE9103I: A configuration file for a web server plugin was automatically generated for this server at C:\Users\pachopaco70\Documents\GitHub\CookTimeServer\Liberty\usr\servers\defaultServer\logs\state\plugin-cfg.xml.
[7/24/20 22:53:18:849 CST] 0000002c com.ibm.ws.session.WASSessionCore                            I SESN0176I: A new session context will be created for application key default_host/CookTimeServer
[7/24/20 22:53:18:863 CST] 0000002c com.ibm.ws.util                                              I SESN0172I: The session manager is using the Java default SecureRandom implementation for session ID generation.
[7/24/20 22:53:19:115 CST] 0000002c com.ibm.ws.cache.CacheServiceImpl                            I DYNA1056I: Dynamic Cache (object cache) initialized successfully.
[7/24/20 22:53:19:389 CST] 0000002c org.apache.myfaces.config.DefaultFacesConfigurationProvider  I Reading standard config META-INF/standard-faces-config.xml
[7/24/20 22:53:19:653 CST] 0000002c org.apache.myfaces.config.DefaultFacesConfigurationProvider  I Reading config /WEB-INF/faces-config.xml
[7/24/20 22:53:19:812 CST] 0000002c org.apache.myfaces.spi.impl.DefaultInjectionProviderFactory  I Using InjectionProvider com.ibm.ws.jsf.spi.impl.WASCDIAnnotationDelegateInjectionProvider
[7/24/20 22:53:19:856 CST] 0000002c org.apache.myfaces.util.ExternalSpecifications               I MyFaces CDI support enabled
[7/24/20 22:53:19:886 CST] 0000002c org.apache.myfaces.util.ExternalSpecifications               I MyFaces Bean Validation support enabled
[7/24/20 22:53:19:960 CST] 0000002c org.apache.myfaces.application.ApplicationImpl               I Couldn't discover the current project stage, using Production
[7/24/20 22:53:19:961 CST] 0000002c org.apache.myfaces.config.FacesConfigurator                  I Serialization provider : class org.apache.myfaces.shared_impl.util.serial.DefaultSerialFactory
[7/24/20 22:53:19:980 CST] 0000002c org.apache.myfaces.webapp.AbstractFacesInitializer           I ServletContext initialized.
[7/24/20 22:53:19:986 CST] 0000002c org.apache.myfaces.webapp.WebConfigParamsLogger              I Tomahawk jar not available. Autoscrolling, DetectJavascript, AddResourceClass and CheckExtensionsFilter are disabled now.
[7/24/20 22:53:19:986 CST] 0000002c org.apache.myfaces.webapp.WebConfigParamsLogger              I Scanning for context init parameters not defined. It is not necessary to define them all into your web.xml, they are just provided here for informative purposes. To disable this messages set org.apache.myfaces.LOG_WEB_CONTEXT_PARAMS config param to 'false'
[7/24/20 22:53:19:987 CST] 0000002c org.apache.myfaces.webapp.WebConfigParamsLogger              I No context init parameter 'javax.faces.RESOURCE_EXCLUDES' found, using default value '.class .jsp .jspx .properties .xhtml .groovy'.
[7/24/20 22:53:19:987 CST] 0000002c org.apache.myfaces.webapp.WebConfigParamsLogger              I No context init parameter 'javax.faces.STATE_SAVING_METHOD' found, using default value 'server'.
[7/24/20 22:53:19:987 CST] 0000002c org.apache.myfaces.webapp.WebConfigParamsLogger              I No context init parameter 'javax.faces.FULL_STATE_SAVING_VIEW_IDS' found.
[7/24/20 22:53:19:987 CST] 0000002c org.apache.myfaces.webapp.WebConfigParamsLogger              I No context init parameter 'javax.faces.PARTIAL_STATE_SAVING' found, using default value 'true (false with 1.2 webapps)'.
[7/24/20 22:53:19:988 CST] 0000002c org.apache.myfaces.webapp.WebConfigParamsLogger              I No context init parameter 'javax.faces.SERIALIZE_SERVER_STATE' found, using default value 'false'.
[7/24/20 22:53:19:988 CST] 0000002c org.apache.myfaces.webapp.WebConfigParamsLogger              I No context init parameter 'javax.faces.DEFAULT_SUFFIX' found, using default value '.xhtml .view.xml .jsp'.
[7/24/20 22:53:19:988 CST] 0000002c org.apache.myfaces.webapp.WebConfigParamsLogger              I No context init parameter 'javax.faces.FACELETS_SUFFIX' found, using default value '.xhtml'.
[7/24/20 22:53:19:988 CST] 0000002c org.apache.myfaces.webapp.WebConfigParamsLogger              I No context init parameter 'javax.faces.FACELETS_VIEW_MAPPINGS' found.
[7/24/20 22:53:19:988 CST] 0000002c org.apache.myfaces.webapp.WebConfigParamsLogger              I No context init parameter 'DISABLE_FACELET_JSF_VIEWHANDLER' found.
[7/24/20 22:53:19:989 CST] 0000002c org.apache.myfaces.webapp.WebConfigParamsLogger              I No context init parameter 'javax.faces.FACELETS_BUFFER_SIZE' found, using default value '1024'.
[7/24/20 22:53:19:989 CST] 0000002c org.apache.myfaces.webapp.WebConfigParamsLogger              I No context init parameter 'javax.faces.FACELETS_DECORATORS' found.
[7/24/20 22:53:19:989 CST] 0000002c org.apache.myfaces.webapp.WebConfigParamsLogger              I No context init parameter 'javax.faces.FACELETS_LIBRARIES' found.
[7/24/20 22:53:19:989 CST] 0000002c org.apache.myfaces.webapp.WebConfigParamsLogger              I No context init parameter 'javax.faces.FACELETS_REFRESH_PERIOD' found, using default value '-1'.
[7/24/20 22:53:19:989 CST] 0000002c org.apache.myfaces.webapp.WebConfigParamsLogger              I No context init parameter 'javax.faces.FACELETS_SKIP_COMMENTS' found.
[7/24/20 22:53:19:989 CST] 0000002c org.apache.myfaces.webapp.WebConfigParamsLogger              I No context init parameter 'javax.faces.HONOR_CURRENT_COMPONENT_ATTRIBUTES' found, using default value 'false'.
[7/24/20 22:53:19:990 CST] 0000002c org.apache.myfaces.webapp.WebConfigParamsLogger              I No context init parameter 'javax.faces.VALIDATE_EMPTY_FIELDS' found, using default value 'auto'.
[7/24/20 22:53:19:990 CST] 0000002c org.apache.myfaces.webapp.WebConfigParamsLogger              I No context init parameter 'javax.faces.INTERPRET_EMPTY_STRING_SUBMITTED_VALUES_AS_NULL' found, using default value 'false'.
[7/24/20 22:53:19:990 CST] 0000002c org.apache.myfaces.webapp.WebConfigParamsLogger              I No context init parameter 'javax.faces.DATETIMECONVERTER_DEFAULT_TIMEZONE_IS_SYSTEM_TIMEZONE' found, using default value 'false'.
[7/24/20 22:53:19:990 CST] 0000002c org.apache.myfaces.webapp.WebConfigParamsLogger              I No context init parameter 'org.apache.myfaces.ENUM_CONVERTER_ALLOW_STRING_PASSTROUGH' found, using default value 'false'.
[7/24/20 22:53:19:990 CST] 0000002c org.apache.myfaces.webapp.WebConfigParamsLogger              I No context init parameter 'javax.faces.validator.DISABLE_DEFAULT_BEAN_VALIDATOR' found, using default value 'true'.
[7/24/20 22:53:19:991 CST] 0000002c org.apache.myfaces.webapp.WebConfigParamsLogger              I No context init parameter 'javax.faces.CONFIG_FILES' found.
[7/24/20 22:53:19:991 CST] 0000002c org.apache.myfaces.webapp.WebConfigParamsLogger              I No context init parameter 'javax.faces.LIFECYCLE_ID' found.
[7/24/20 22:53:19:991 CST] 0000002c org.apache.myfaces.webapp.WebConfigParamsLogger              I No context init parameter 'org.apache.myfaces.ERROR_HANDLER' found.
[7/24/20 22:53:19:991 CST] 0000002c org.apache.myfaces.webapp.WebConfigParamsLogger              I No context init parameter 'org.apache.myfaces.CHECKED_VIEWID_CACHE_SIZE' found, using default value '500'.
[7/24/20 22:53:19:991 CST] 0000002c org.apache.myfaces.webapp.WebConfigParamsLogger              I No context init parameter 'org.apache.myfaces.CHECKED_VIEWID_CACHE_ENABLED' found, using default value 'true'.
[7/24/20 22:53:19:991 CST] 0000002c org.apache.myfaces.webapp.WebConfigParamsLogger              I No context init parameter 'org.apache.myfaces.PRETTY_HTML' found, using default value 'true'.
[7/24/20 22:53:19:992 CST] 0000002c org.apache.myfaces.webapp.WebConfigParamsLogger              I No context init parameter 'org.apache.myfaces.ALLOW_JAVASCRIPT' found, using default value 'true'.
[7/24/20 22:53:19:992 CST] 0000002c org.apache.myfaces.webapp.WebConfigParamsLogger              I No context init parameter 'org.apache.myfaces.CONFIG_REFRESH_PERIOD' found, using default value '2'.
[7/24/20 22:53:19:992 CST] 0000002c org.apache.myfaces.webapp.WebConfigParamsLogger              I No context init parameter 'org.apache.myfaces.VIEWSTATE_JAVASCRIPT' found, using default value 'false'.
[7/24/20 22:53:19:992 CST] 0000002c org.apache.myfaces.webapp.WebConfigParamsLogger              I No context init parameter 'org.apache.myfaces.RENDER_VIEWSTATE_ID' found, using default value 'true'.
[7/24/20 22:53:19:992 CST] 0000002c org.apache.myfaces.webapp.WebConfigParamsLogger              I No context init parameter 'org.apache.myfaces.STRICT_XHTML_LINKS' found, using default value 'true'.
[7/24/20 22:53:19:992 CST] 0000002c org.apache.myfaces.webapp.WebConfigParamsLogger              I No context init parameter 'org.apache.myfaces.RENDER_CLEAR_JAVASCRIPT_FOR_BUTTON' found, using default value 'false'.
[7/24/20 22:53:19:993 CST] 0000002c org.apache.myfaces.webapp.WebConfigParamsLogger              I No context init parameter 'org.apache.myfaces.RENDER_HIDDEN_FIELDS_FOR_LINK_PARAMS' found, using default value 'false'.
[7/24/20 22:53:19:993 CST] 0000002c org.apache.myfaces.webapp.WebConfigParamsLogger              I No context init parameter 'org.apache.myfaces.SAVE_FORM_SUBMIT_LINK_IE' found, using default value 'false'.
[7/24/20 22:53:19:993 CST] 0000002c org.apache.myfaces.webapp.WebConfigParamsLogger              I No context init parameter 'org.apache.myfaces.DELEGATE_FACES_SERVLET' found.
[7/24/20 22:53:19:993 CST] 0000002c org.apache.myfaces.webapp.WebConfigParamsLogger              I No context init parameter 'org.apache.myfaces.REFRESH_TRANSIENT_BUILD_ON_PSS' found, using default value 'auto'.
[7/24/20 22:53:19:993 CST] 0000002c org.apache.myfaces.webapp.WebConfigParamsLogger              I No context init parameter 'org.apache.myfaces.REFRESH_TRANSIENT_BUILD_ON_PSS_PRESERVE_STATE' found, using default value 'false'.
[7/24/20 22:53:19:993 CST] 0000002c org.apache.myfaces.webapp.WebConfigParamsLogger              I No context init parameter 'org.apache.myfaces.VALIDATE_XML' found.
[7/24/20 22:53:19:993 CST] 0000002c org.apache.myfaces.webapp.WebConfigParamsLogger              I No context init parameter 'org.apache.myfaces.WRAP_SCRIPT_CONTENT_WITH_XML_COMMENT_TAG' found, using default value 'false'.
[7/24/20 22:53:19:994 CST] 0000002c org.apache.myfaces.webapp.WebConfigParamsLogger              I No context init parameter 'org.apache.myfaces.RENDER_FORM_SUBMIT_SCRIPT_INLINE' found, using default value 'false'.
[7/24/20 22:53:19:994 CST] 0000002c org.apache.myfaces.webapp.WebConfigParamsLogger              I No context init parameter 'org.apache.myfaces.DEBUG_PHASE_LISTENER' found.
[7/24/20 22:53:19:994 CST] 0000002c org.apache.myfaces.webapp.WebConfigParamsLogger              I No context init parameter 'org.apache.myfaces.STRICT_JSF_2_REFRESH_TARGET_AJAX' found, using default value 'false'.
[7/24/20 22:53:19:994 CST] 0000002c org.apache.myfaces.webapp.WebConfigParamsLogger              I No context init parameter 'org.apache.myfaces.STRICT_JSF_2_CC_EL_RESOLVER' found, using default value 'false'.
[7/24/20 22:53:19:994 CST] 0000002c org.apache.myfaces.webapp.WebConfigParamsLogger              I No context init parameter 'org.apache.myfaces.DEFAULT_RESPONSE_WRITER_CONTENT_TYPE_MODE' found, using default value 'text/html'.
[7/24/20 22:53:19:994 CST] 0000002c org.apache.myfaces.webapp.WebConfigParamsLogger              I No context init parameter 'org.apache.myfaces.VIEW_UNIQUE_IDS_CACHE_ENABLED' found, using default value 'true'.
[7/24/20 22:53:19:995 CST] 0000002c org.apache.myfaces.webapp.WebConfigParamsLogger              I No context init parameter 'org.apache.myfaces.COMPONENT_UNIQUE_IDS_CACHE_SIZE' found, using default value '100'.
[7/24/20 22:53:19:995 CST] 0000002c org.apache.myfaces.webapp.WebConfigParamsLogger              I No context init parameter 'org.apache.myfaces.SUPPORT_JSP_AND_FACES_EL' found, using default value 'true'.
[7/24/20 22:53:19:995 CST] 0000002c org.apache.myfaces.webapp.WebConfigParamsLogger              I No context init parameter 'org.apache.myfaces.GAE_JSF_JAR_FILES' found.
[7/24/20 22:53:19:995 CST] 0000002c org.apache.myfaces.webapp.WebConfigParamsLogger              I No context init parameter 'org.apache.myfaces.GAE_JSF_ANNOTATIONS_JAR_FILES' found.
[7/24/20 22:53:19:995 CST] 0000002c org.apache.myfaces.webapp.WebConfigParamsLogger              I No context init parameter 'org.apache.myfaces.STRICT_JSF_2_VIEW_NOT_FOUND' found, using default value 'false'.
[7/24/20 22:53:19:995 CST] 0000002c org.apache.myfaces.webapp.WebConfigParamsLogger              I No context init parameter 'org.apache.myfaces.EARLY_FLUSH_ENABLED' found, using default value 'false'.
[7/24/20 22:53:19:995 CST] 0000002c org.apache.myfaces.webapp.WebConfigParamsLogger              I No context init parameter 'org.apache.myfaces.CDI_MANAGED_CONVERTERS_ENABLED' found, using default value 'false'.
[7/24/20 22:53:19:995 CST] 0000002c org.apache.myfaces.webapp.WebConfigParamsLogger              I No context init parameter 'org.apache.myfaces.CDI_MANAGED_VALIDATORS_ENABLED' found, using default value 'false'.
[7/24/20 22:53:19:996 CST] 0000002c org.apache.myfaces.webapp.WebConfigParamsLogger              I No context init parameter 'org.apache.myfaces.STRICT_JSF_2_FACELETS_COMPATIBILITY' found, using default value 'false'.
[7/24/20 22:53:19:996 CST] 0000002c org.apache.myfaces.webapp.WebConfigParamsLogger              I No context init parameter 'org.apache.myfaces.RENDER_FORM_VIEW_STATE_AT_BEGIN' found, using default value 'false'.
[7/24/20 22:53:19:996 CST] 0000002c org.apache.myfaces.webapp.WebConfigParamsLogger              I No context init parameter 'org.apache.myfaces.FLASH_SCOPE_DISABLED' found, using default value 'false'.
[7/24/20 22:53:19:996 CST] 0000002c org.apache.myfaces.webapp.WebConfigParamsLogger              I No context init parameter 'org.apache.myfaces.NUMBER_OF_VIEWS_IN_SESSION' found, using default value '20'.
[7/24/20 22:53:19:996 CST] 0000002c org.apache.myfaces.webapp.WebConfigParamsLogger              I No context init parameter 'org.apache.myfaces.NUMBER_OF_SEQUENTIAL_VIEWS_IN_SESSION' found, using default value '4'.
[7/24/20 22:53:19:996 CST] 0000002c org.apache.myfaces.webapp.WebConfigParamsLogger              I No context init parameter 'org.apache.myfaces.NUMBER_OF_FLASH_TOKENS_IN_SESSION' found.
[7/24/20 22:53:19:996 CST] 0000002c org.apache.myfaces.webapp.WebConfigParamsLogger              I No context init parameter 'org.apache.myfaces.FACES_FLOW_CLIENT_WINDOW_IDS_IN_SESSION' found.
[7/24/20 22:53:19:996 CST] 0000002c org.apache.myfaces.webapp.WebConfigParamsLogger              I No context init parameter 'org.apache.myfaces.RESOURCE_MAX_TIME_EXPIRES' found, using default value '604800000'.
[7/24/20 22:53:19:997 CST] 0000002c org.apache.myfaces.webapp.WebConfigParamsLogger              I No context init parameter 'org.apache.myfaces.RESOURCE_HANDLER_CACHE_SIZE' found, using default value '500'.
[7/24/20 22:53:19:997 CST] 0000002c org.apache.myfaces.webapp.WebConfigParamsLogger              I No context init parameter 'org.apache.myfaces.RESOURCE_HANDLER_CACHE_ENABLED' found, using default value 'true'.
[7/24/20 22:53:19:997 CST] 0000002c org.apache.myfaces.webapp.WebConfigParamsLogger              I No context init parameter 'org.apache.myfaces.USE_ENCRYPTION' found, using default value 'true'.
[7/24/20 22:53:19:997 CST] 0000002c org.apache.myfaces.webapp.WebConfigParamsLogger              I No context init parameter 'org.apache.myfaces.SECRET' found.
[7/24/20 22:53:19:997 CST] 0000002c org.apache.myfaces.webapp.WebConfigParamsLogger              I No context init parameter 'org.apache.myfaces.ALGORITHM' found, using default value 'DES'.
[7/24/20 22:53:19:997 CST] 0000002c org.apache.myfaces.webapp.WebConfigParamsLogger              I No context init parameter 'org.apache.myfaces.SECRET.CACHE' found.
[7/24/20 22:53:19:997 CST] 0000002c org.apache.myfaces.webapp.WebConfigParamsLogger              I No context init parameter 'org.apache.myfaces.ALGORITHM.IV' found.
[7/24/20 22:53:19:998 CST] 0000002c org.apache.myfaces.webapp.WebConfigParamsLogger              I No context init parameter 'org.apache.myfaces.ALGORITHM.PARAMETERS' found, using default value 'ECB/PKCS5Padding'.
[7/24/20 22:53:19:998 CST] 0000002c org.apache.myfaces.webapp.WebConfigParamsLogger              I No context init parameter 'org.apache.myfaces.SERIAL_FACTORY' found.
[7/24/20 22:53:19:998 CST] 0000002c org.apache.myfaces.webapp.WebConfigParamsLogger              I No context init parameter 'org.apache.myfaces.COMPRESS_STATE_IN_CLIENT' found, using default value 'false'.
[7/24/20 22:53:19:998 CST] 0000002c org.apache.myfaces.webapp.WebConfigParamsLogger              I No context init parameter 'org.apache.myfaces.MAC_ALGORITHM' found, using default value 'HmacSHA1'.
[7/24/20 22:53:19:998 CST] 0000002c org.apache.myfaces.webapp.WebConfigParamsLogger              I No context init parameter 'org.apache.myfaces.MAC_SECRET' found.
[7/24/20 22:53:19:998 CST] 0000002c org.apache.myfaces.webapp.WebConfigParamsLogger              I No context init parameter 'org.apache.myfaces.MAC_SECRET.CACHE' found.
[7/24/20 22:53:19:998 CST] 0000002c org.apache.myfaces.webapp.WebConfigParamsLogger              I No context init parameter 'javax.faces.PROJECT_STAGE' found, using default value 'Production'.
[7/24/20 22:53:19:998 CST] 0000002c org.apache.myfaces.webapp.WebConfigParamsLogger              I No context init parameter 'org.apache.myfaces.LAZY_LOAD_CONFIG_OBJECTS' found, using default value 'true'.
[7/24/20 22:53:19:999 CST] 0000002c org.apache.myfaces.webapp.WebConfigParamsLogger              I No context init parameter 'org.apache.myfaces.STRICT_JSF_2_ALLOW_SLASH_LIBRARY_NAME' found, using default value 'false'.
[7/24/20 22:53:19:999 CST] 0000002c org.apache.myfaces.webapp.WebConfigParamsLogger              I No context init parameter 'org.apache.myfaces.RESOURCE_BUFFER_SIZE' found, using default value '2048'.
[7/24/20 22:53:19:999 CST] 0000002c org.apache.myfaces.webapp.WebConfigParamsLogger              I No context init parameter 'org.apache.myfaces.RANDOM_KEY_IN_CSRF_SESSION_TOKEN' found, using default value 'none'.
[7/24/20 22:53:19:999 CST] 0000002c org.apache.myfaces.webapp.WebConfigParamsLogger              I No context init parameter 'org.apache.myfaces.RANDOM_KEY_IN_CSRF_SESSION_TOKEN_LENGTH' found, using default value '16'.
[7/24/20 22:53:19:999 CST] 0000002c org.apache.myfaces.webapp.WebConfigParamsLogger              I No context init parameter 'org.apache.myfaces.RANDOM_KEY_IN_CSRF_SESSION_TOKEN_SECURE_RANDOM_CLASS' found.
[7/24/20 22:53:19:999 CST] 0000002c org.apache.myfaces.webapp.WebConfigParamsLogger              I No context init parameter 'org.apache.myfaces.RANDOM_KEY_IN_CSRF_SESSION_TOKEN_SECURE_RANDOM_PROVIDER' found.
[7/24/20 22:53:20:000 CST] 0000002c org.apache.myfaces.webapp.WebConfigParamsLogger              I No context init parameter 'org.apache.myfaces.RANDOM_KEY_IN_CSRF_SESSION_TOKEN_SECURE_RANDOM_ALGORITM' found, using default value 'SHA1PRNG'.
[7/24/20 22:53:20:000 CST] 0000002c org.apache.myfaces.webapp.WebConfigParamsLogger              I No context init parameter 'org.apache.myfaces.CLIENT_VIEW_STATE_TIMEOUT' found, using default value '0'.
[7/24/20 22:53:20:000 CST] 0000002c org.apache.myfaces.webapp.WebConfigParamsLogger              I No context init parameter 'org.apache.myfaces.SERIALIZE_STATE_IN_SESSION' found, using default value 'false'.
[7/24/20 22:53:20:000 CST] 0000002c org.apache.myfaces.webapp.WebConfigParamsLogger              I No context init parameter 'org.apache.myfaces.COMPRESS_STATE_IN_SESSION' found, using default value 'true'.
[7/24/20 22:53:20:000 CST] 0000002c org.apache.myfaces.webapp.WebConfigParamsLogger              I No context init parameter 'org.apache.myfaces.CACHE_OLD_VIEWS_IN_SESSION_MODE' found, using default value 'off'.
[7/24/20 22:53:20:000 CST] 0000002c org.apache.myfaces.webapp.WebConfigParamsLogger              I No context init parameter 'org.apache.myfaces.USE_FLASH_SCOPE_PURGE_VIEWS_IN_SESSION' found, using default value 'false'.
[7/24/20 22:53:20:001 CST] 0000002c org.apache.myfaces.webapp.WebConfigParamsLogger              I No context init parameter 'org.apache.myfaces.RANDOM_KEY_IN_VIEW_STATE_SESSION_TOKEN' found, using default value 'none'.
[7/24/20 22:53:20:001 CST] 0000002c org.apache.myfaces.webapp.WebConfigParamsLogger              I No context init parameter 'org.apache.myfaces.RANDOM_KEY_IN_VIEW_STATE_SESSION_TOKEN_LENGTH' found, using default value '8'.
[7/24/20 22:53:20:001 CST] 0000002c org.apache.myfaces.webapp.WebConfigParamsLogger              I No context init parameter 'org.apache.myfaces.RANDOM_KEY_IN_VIEW_STATE_SESSION_TOKEN_SECURE_RANDOM_CLASS' found.
[7/24/20 22:53:20:001 CST] 0000002c org.apache.myfaces.webapp.WebConfigParamsLogger              I No context init parameter 'org.apache.myfaces.RANDOM_KEY_IN_VIEW_STATE_SESSION_TOKEN_SECURE_RANDOM_PROVIDER' found.
[7/24/20 22:53:20:001 CST] 0000002c org.apache.myfaces.webapp.WebConfigParamsLogger              I No context init parameter 'org.apache.myfaces.RANDOM_KEY_IN_VIEW_STATE_SESSION_TOKEN_SECURE_RANDOM_ALGORITM' found, using default value 'SHA1PRNG'.
[7/24/20 22:53:20:002 CST] 0000002c org.apache.myfaces.webapp.WebConfigParamsLogger              I No context init parameter 'facelets.LIBRARIES' found.
[7/24/20 22:53:20:002 CST] 0000002c org.apache.myfaces.webapp.WebConfigParamsLogger              I No context init parameter 'org.apache.myfaces.VALIDATE' found, using default value 'false'.
[7/24/20 22:53:20:002 CST] 0000002c org.apache.myfaces.webapp.WebConfigParamsLogger              I No context init parameter 'org.apache.myfaces.annotation.SCAN_PACKAGES' found.
[7/24/20 22:53:20:002 CST] 0000002c org.apache.myfaces.webapp.WebConfigParamsLogger              I No context init parameter 'org.apache.myfaces.config.annotation.LifecycleProvider' found.
[7/24/20 22:53:20:002 CST] 0000002c org.apache.myfaces.webapp.WebConfigParamsLogger              I No context init parameter 'org.apache.myfaces.EL_RESOLVER_COMPARATOR' found.
[7/24/20 22:53:20:002 CST] 0000002c org.apache.myfaces.webapp.WebConfigParamsLogger              I No context init parameter 'org.apache.myfaces.EL_RESOLVER_PREDICATE' found.
[7/24/20 22:53:20:002 CST] 0000002c org.apache.myfaces.webapp.WebConfigParamsLogger              I No context init parameter 'org.apache.myfaces.DEFAULT_WINDOW_MODE' found, using default value 'url'.
[7/24/20 22:53:20:002 CST] 0000002c org.apache.myfaces.webapp.WebConfigParamsLogger              I No context init parameter 'org.apache.myfaces.CHECKED_VIEWID_CACHE_SIZE' found, using default value '500'.
[7/24/20 22:53:20:003 CST] 0000002c org.apache.myfaces.webapp.WebConfigParamsLogger              I No context init parameter 'org.apache.myfaces.CHECKED_VIEWID_CACHE_ENABLED' found, using default value 'true'.
[7/24/20 22:53:20:003 CST] 0000002c org.apache.myfaces.webapp.WebConfigParamsLogger              I No context init parameter 'org.apache.myfaces.ERROR_TEMPLATE_RESOURCE' found, using default value 'META-INF/rsc/myfaces-dev-error.xml'.
[7/24/20 22:53:20:003 CST] 0000002c org.apache.myfaces.webapp.WebConfigParamsLogger              I No context init parameter 'org.apache.myfaces.DEBUG_TEMPLATE_RESOURCE' found, using default value 'META-INF/rsc/myfaces-dev-debug.xml'.
[7/24/20 22:53:20:003 CST] 0000002c org.apache.myfaces.webapp.WebConfigParamsLogger              I No context init parameter 'org.apache.myfaces.ERROR_HANDLING' found, using default value 'false, on Development Project stage: true'.
[7/24/20 22:53:20:004 CST] 0000002c org.apache.myfaces.webapp.WebConfigParamsLogger              I No context init parameter 'org.apache.myfaces.HANDLE_STATE_CACHING_MECHANICS' found, using default value 'true'.
[7/24/20 22:53:20:004 CST] 0000002c org.apache.myfaces.webapp.WebConfigParamsLogger              I No context init parameter 'org.apache.myfaces.AUTOCOMPLETE_OFF_VIEW_STATE' found, using default value 'true'.
[7/24/20 22:53:20:004 CST] 0000002c org.apache.myfaces.webapp.WebConfigParamsLogger              I No context init parameter 'org.apache.myfaces.USE_MULTIPLE_JS_FILES_FOR_JSF_UNCOMPRESSED_JS' found, using default value 'false'.
[7/24/20 22:53:20:004 CST] 0000002c org.apache.myfaces.webapp.WebConfigParamsLogger              I No context init parameter 'org.apache.myfaces.JSF_JS_MODE' found, using default value 'normal'.
[7/24/20 22:53:20:004 CST] 0000002c org.apache.myfaces.webapp.WebConfigParamsLogger              I No context init parameter 'org.apache.myfaces.TEMPORAL_RESOURCEHANDLER_CACHE_ENABLED' found, using default value 'false'.
[7/24/20 22:53:20:004 CST] 0000002c org.apache.myfaces.webapp.WebConfigParamsLogger              I No context init parameter 'org.apache.myfaces.SERVICE_PROVIDER_FINDER' found.
[7/24/20 22:53:20:005 CST] 0000002c org.apache.myfaces.webapp.WebConfigParamsLogger              I No context init parameter 'org.apache.myfaces.spi.InjectionProvider' found.
[7/24/20 22:53:20:005 CST] 0000002c org.apache.myfaces.webapp.WebConfigParamsLogger              I No context init parameter 'javax.faces.DISABLE_FACELET_JSF_VIEWHANDLER' found, using default value 'false'.
[7/24/20 22:53:20:005 CST] 0000002c org.apache.myfaces.webapp.WebConfigParamsLogger              I No context init parameter 'org.apache.myfaces.SAVE_STATE_WITH_VISIT_TREE_ON_PSS' found, using default value 'true'.
[7/24/20 22:53:20:005 CST] 0000002c org.apache.myfaces.webapp.WebConfigParamsLogger              I No context init parameter 'org.apache.myfaces.CHECK_ID_PRODUCTION_MODE' found, using default value 'auto'.
[7/24/20 22:53:20:005 CST] 0000002c org.apache.myfaces.webapp.WebConfigParamsLogger              I No context init parameter 'facelets.BUFFER_SIZE' found.
[7/24/20 22:53:20:006 CST] 0000002c org.apache.myfaces.webapp.WebConfigParamsLogger              I No context init parameter 'facelets.REFRESH_PERIOD' found, using default value '-1'.
[7/24/20 22:53:20:006 CST] 0000002c org.apache.myfaces.webapp.WebConfigParamsLogger              I No context init parameter 'javax.faces.FACELETS_RESOURCE_RESOLVER' found.
[7/24/20 22:53:20:007 CST] 0000002c org.apache.myfaces.webapp.WebConfigParamsLogger              I No context init parameter 'facelets.RESOURCE_RESOLVER' found.
[7/24/20 22:53:20:007 CST] 0000002c org.apache.myfaces.webapp.WebConfigParamsLogger              I No context init parameter 'org.apache.myfaces.MARK_INITIAL_STATE_WHEN_APPLY_BUILD_VIEW' found, using default value 'false'.
[7/24/20 22:53:20:007 CST] 0000002c org.apache.myfaces.webapp.WebConfigParamsLogger              I No context init parameter 'facelets.DECORATORS' found.
[7/24/20 22:53:20:008 CST] 0000002c org.apache.myfaces.webapp.WebConfigParamsLogger              I No context init parameter 'facelets.SKIP_COMMENTS' found.
[7/24/20 22:53:20:008 CST] 0000002c org.apache.myfaces.webapp.WebConfigParamsLogger              I No context init parameter 'org.apache.myfaces.WRAP_TAG_EXCEPTIONS_AS_CONTEXT_AWARE' found, using default value 'true'.
[7/24/20 22:53:20:009 CST] 0000002c org.apache.myfaces.webapp.WebConfigParamsLogger              I No context init parameter 'org.apache.myfaces.CACHE_EL_EXPRESSIONS' found, using default value 'noCache'.
[7/24/20 22:53:20:009 CST] 0000002c org.apache.myfaces.webapp.WebConfigParamsLogger              I No context init parameter 'org.apache.myfaces.VIEW_POOL_MAX_POOL_SIZE' found, using default value '5'.
[7/24/20 22:53:20:009 CST] 0000002c org.apache.myfaces.webapp.WebConfigParamsLogger              I No context init parameter 'org.apache.myfaces.VIEW_POOL_MAX_DYNAMIC_PARTIAL_LIMIT' found, using default value '2'.
[7/24/20 22:53:20:009 CST] 0000002c org.apache.myfaces.webapp.WebConfigParamsLogger              I No context init parameter 'org.apache.myfaces.VIEW_POOL_ENTRY_MODE' found, using default value 'soft'.
[7/24/20 22:53:20:010 CST] 0000002c org.apache.myfaces.webapp.WebConfigParamsLogger              I No context init parameter 'org.apache.myfaces.VIEW_POOL_DEFERRED_NAVIGATION' found, using default value 'false'.
[7/24/20 22:53:20:010 CST] 0000002c org.apache.myfaces.webapp.WebConfigParamsLogger              I No context init parameter 'org.apache.myfaces.EXPRESSION_FACTORY' found.
[7/24/20 22:53:20:010 CST] 0000002c org.apache.myfaces.webapp.WebConfigParamsLogger              I No context init parameter 'org.apache.myfaces.INITIALIZE_ALWAYS_STANDALONE' found, using default value 'false'.
[7/24/20 22:53:20:010 CST] 0000002c org.apache.myfaces.webapp.WebConfigParamsLogger              I No context init parameter 'org.apache.myfaces.LOG_WEB_CONTEXT_PARAMS' found, using default value 'auto'.
[7/24/20 22:53:20:010 CST] 0000002c org.apache.myfaces.webapp.WebConfigParamsLogger              I No context init parameter 'org.apache.myfaces.FACES_INITIALIZER' found.
[7/24/20 22:53:20:010 CST] 0000002c org.apache.myfaces.webapp.WebConfigParamsLogger              I No context init parameter 'org.apache.myfaces.FACES_INIT_PLUGINS' found.
[7/24/20 22:53:20:011 CST] 0000002c org.apache.myfaces.util.ExternalSpecifications               I MyFaces Unified EL support enabled
[7/24/20 22:53:20:015 CST] 0000002c org.apache.myfaces.view.facelets.ViewPoolProcessor           I org.apache.myfaces.CACHE_EL_EXPRESSIONS web config parameter is set to "noCache". To enable view pooling this param must be set to "alwaysRecompile". View Pooling disabled.
[7/24/20 22:53:20:041 CST] 0000002c com.ibm.ws.app.manager.AppMessageHelper                      A CWWKZ0001I: Application CookTimeServer started in 2.969 seconds.
[7/24/20 22:53:20:273 CST] 0000002c com.ibm.ws.webcontainer.servlet                              I SRVE0242I: [CookTimeServer] [/CookTimeServer] [Faces Servlet]: Initialization successful.
[7/24/20 22:53:20:311 CST] 00000020 com.ibm.ws.tcpchannel.internal.TCPPort                       I CWWKO0219I: TCP Channel defaultHttpEndpoint has been started and is now listening for requests on host 127.0.0.1  (IPv4: 127.0.0.1) port 9080.
[7/24/20 22:53:20:315 CST] 00000020 com.ibm.ws.tcpchannel.internal.TCPPort                       I CWWKO0219I: TCP Channel wasJmsEndpoint489 has been started and is now listening for requests on host 127.0.0.1  (IPv4: 127.0.0.1) port 7276.
[7/24/20 22:53:20:316 CST] 00000020 com.ibm.ws.tcpchannel.internal.TCPPort                       I CWWKO0219I: TCP Channel defaultHttpEndpoint-ssl has been started and is now listening for requests on host 127.0.0.1  (IPv4: 127.0.0.1) port 9443.
[7/24/20 22:53:20:317 CST] 00000020 com.ibm.ws.tcpchannel.internal.TCPPort                       I CWWKO0219I: TCP Channel wasJmsEndpoint489-ssl has been started and is now listening for requests on host 127.0.0.1  (IPv4: 127.0.0.1) port 7286.
[7/24/20 22:53:20:338 CST] 00000020 com.ibm.ws.kernel.feature.internal.FeatureManager            A CWWKF0012I: The server installed the following features: [appClientSupport-1.0, appSecurity-2.0, batch-1.0, beanValidation-1.1, cdi-1.2, concurrent-1.0, distributedMap-1.0, ejb-3.2, ejbHome-3.2, ejbLite-3.2, ejbPersistentTimer-3.2, ejbRemote-3.2, el-3.0, j2eeManagement-1.1, jacc-1.5, jaspic-1.1, javaMail-1.5, javaee-7.0, jaxb-2.2, jaxrs-2.0, jaxrsClient-2.0, jaxws-2.2, jca-1.7, jcaInboundSecurity-1.0, jdbc-4.1, jms-2.0, jndi-1.0, jpa-2.1, jpaContainer-2.1, jsf-2.2, json-1.0, jsonp-1.0, jsp-2.3, localConnector-1.0, managedBeans-1.0, mdb-3.2, servlet-3.1, ssl-1.0, wasJmsClient-2.0, wasJmsSecurity-1.0, wasJmsServer-1.0, webProfile-7.0, websocket-1.1].
[7/24/20 22:53:20:339 CST] 00000020 com.ibm.ws.kernel.feature.internal.FeatureManager            I CWWKF0008I: Feature update completed in 10.118 seconds.
[7/24/20 22:53:20:339 CST] 00000020 com.ibm.ws.kernel.feature.internal.FeatureManager            A CWWKF0011I: The defaultServer server is ready to run a smarter planet. The defaultServer server started in 12.555 seconds.
[7/24/20 22:57:12:746 CST] 00000024 y.authentication.jaas.modules.UsernameAndPasswordLoginModule A CWWKS1100A: Authentication did not succeed for user ID alonso.jimenez@hotmail.com. An invalid user ID or password was specified.
[7/24/20 22:57:12:948 CST] 00000024 .ibm.ws.jaxrs.2.0.common:1.0.41.cl200620200528-0414(id=257)] I Setting the server's publish address to be /rest/
[7/24/20 22:57:13:130 CST] 00000024 com.ibm.ws.webcontainer.servlet                              I SRVE0242I: [CookTimeServer] [/CookTimeServer] [cr.ac.tec.resources.RestAPI]: Initialization successful.
[7/24/20 22:57:14:143 CST] 00000022 y.authentication.jaas.modules.UsernameAndPasswordLoginModule A CWWKS1100A: Authentication did not succeed for user ID alonso.jimenez@hotmail.com. An invalid user ID or password was specified.
[7/24/20 22:57:18:984 CST] 00000059 y.authentication.jaas.modules.UsernameAndPasswordLoginModule A CWWKS1100A: Authentication did not succeed for user ID alonso.jimenez@hotmail.com. An invalid user ID or password was specified.
[7/24/20 22:57:18:986 CST] 00000036 y.authentication.jaas.modules.UsernameAndPasswordLoginModule A CWWKS1100A: Authentication did not succeed for user ID alonso.jimenez@hotmail.com. An invalid user ID or password was specified.
[7/24/20 22:57:18:990 CST] 00000059 SystemOut                                                    O rayos
[7/24/20 22:57:18:993 CST] 00000059 SystemOut                                                    O alonso.jimenez@hotmail.com
[7/24/20 22:57:18:993 CST] 0000005b y.authentication.jaas.modules.UsernameAndPasswordLoginModule A CWWKS1100A: Authentication did not succeed for user ID alonso.jimenez@hotmail.com. An invalid user ID or password was specified.
[7/24/20 22:57:19:217 CST] 00000058 y.authentication.jaas.modules.UsernameAndPasswordLoginModule A CWWKS1100A: Authentication did not succeed for user ID alonso.jimenez@hotmail.com. An invalid user ID or password was specified.
[7/24/20 22:57:19:221 CST] 00000058 SystemOut                                                    O rayos
[7/24/20 22:57:19:221 CST] 00000058 SystemOut                                                    O alonso.jimenez@hotmail.com
[7/24/20 22:57:19:221 CST] 00000054 y.authentication.jaas.modules.UsernameAndPasswordLoginModule A CWWKS1100A: Authentication did not succeed for user ID alonso.jimenez@hotmail.com. An invalid user ID or password was specified.
[7/24/20 22:57:20:079 CST] 00000058 y.authentication.jaas.modules.UsernameAndPasswordLoginModule A CWWKS1100A: Authentication did not succeed for user ID alonso.jimenez@hotmail.com. An invalid user ID or password was specified.
[7/24/20 22:57:20:081 CST] 00000058 SystemOut                                                    O rayos
[7/24/20 22:57:20:081 CST] 00000058 SystemOut                                                    O alonso.jimenez@hotmail.com
[7/24/20 22:57:20:091 CST] 00000054 y.authentication.jaas.modules.UsernameAndPasswordLoginModule A CWWKS1100A: Authentication did not succeed for user ID alonso.jimenez@hotmail.com. An invalid user ID or password was specified.
[7/24/20 22:57:22:057 CST] 00000029 y.authentication.jaas.modules.UsernameAndPasswordLoginModule A CWWKS1100A: Authentication did not succeed for user ID alonso.jimenez@hotmail.com. An invalid user ID or password was specified.
[7/24/20 22:57:24:098 CST] 00000029 y.authentication.jaas.modules.UsernameAndPasswordLoginModule A CWWKS1100A: Authentication did not succeed for user ID alonso.jimenez@hotmail.com. An invalid user ID or password was specified.
[7/24/20 22:57:24:113 CST] 00000031 y.authentication.jaas.modules.UsernameAndPasswordLoginModule A CWWKS1100A: Authentication did not succeed for user ID alonso.jimenez@hotmail.com. An invalid user ID or password was specified.
[7/24/20 22:57:24:123 CST] 00000021 y.authentication.jaas.modules.UsernameAndPasswordLoginModule A CWWKS1100A: Authentication did not succeed for user ID alonso.jimenez@hotmail.com. An invalid user ID or password was specified.
[7/24/20 22:57:24:126 CST] 00000021 SystemOut                                                    O rayos
[7/24/20 22:57:24:126 CST] 00000021 SystemOut                                                    O alonso.jimenez@hotmail.com
[7/24/20 22:57:24:412 CST] 00000037 y.authentication.jaas.modules.UsernameAndPasswordLoginModule A CWWKS1100A: Authentication did not succeed for user ID alonso.jimenez@hotmail.com. An invalid user ID or password was specified.
[7/24/20 22:57:37:587 CST] 0000002f y.authentication.jaas.modules.UsernameAndPasswordLoginModule A CWWKS1100A: Authentication did not succeed for user ID alonso.jimenez@hotmail.com. An invalid user ID or password was specified.
[7/24/20 22:57:37:590 CST] 0000002f SystemOut                                                    O rayos
[7/24/20 22:57:37:590 CST] 0000002f SystemOut                                                    O alonso.jimenez@hotmail.com
[7/24/20 22:57:37:590 CST] 00000034 y.authentication.jaas.modules.UsernameAndPasswordLoginModule A CWWKS1100A: Authentication did not succeed for user ID alonso.jimenez@hotmail.com. An invalid user ID or password was specified.
[7/24/20 22:57:41:884 CST] 00000054 y.authentication.jaas.modules.UsernameAndPasswordLoginModule A CWWKS1100A: Authentication did not succeed for user ID alonso.jimenez@hotmail.com. An invalid user ID or password was specified.
[7/24/20 22:57:41:885 CST] 0000005b y.authentication.jaas.modules.UsernameAndPasswordLoginModule A CWWKS1100A: Authentication did not succeed for user ID alonso.jimenez@hotmail.com. An invalid user ID or password was specified.
[7/24/20 22:57:41:886 CST] 00000054 SystemOut                                                    O rayos
[7/24/20 22:57:41:887 CST] 00000054 SystemOut                                                    O alonso.jimenez@hotmail.com
[7/24/20 22:57:42:649 CST] 00000057 y.authentication.jaas.modules.UsernameAndPasswordLoginModule A CWWKS1100A: Authentication did not succeed for user ID alonso.jimenez@hotmail.com. An invalid user ID or password was specified.
[7/24/20 22:57:42:651 CST] 00000054 y.authentication.jaas.modules.UsernameAndPasswordLoginModule A CWWKS1100A: Authentication did not succeed for user ID alonso.jimenez@hotmail.com. An invalid user ID or password was specified.
[7/24/20 22:57:42:652 CST] 00000054 SystemOut                                                    O rayos
[7/24/20 22:57:42:652 CST] 00000054 SystemOut                                                    O alonso.jimenez@hotmail.com
[7/24/20 22:57:44:573 CST] 00000021 y.authentication.jaas.modules.UsernameAndPasswordLoginModule A CWWKS1100A: Authentication did not succeed for user ID alonso.jimenez@hotmail.com. An invalid user ID or password was specified.
[7/24/20 22:57:44:574 CST] 00000029 y.authentication.jaas.modules.UsernameAndPasswordLoginModule A CWWKS1100A: Authentication did not succeed for user ID alonso.jimenez@hotmail.com. An invalid user ID or password was specified.
[7/24/20 22:57:44:576 CST] 00000029 SystemOut                                                    O rayos
[7/24/20 22:57:44:577 CST] 00000029 SystemOut                                                    O alonso.jimenez@hotmail.com
[7/24/20 22:57:46:763 CST] 00000059 y.authentication.jaas.modules.UsernameAndPasswordLoginModule A CWWKS1100A: Authentication did not succeed for user ID alonso.jimenez@hotmail.com. An invalid user ID or password was specified.
[7/24/20 22:57:46:990 CST] 0000002f y.authentication.jaas.modules.UsernameAndPasswordLoginModule A CWWKS1100A: Authentication did not succeed for user ID alonso.jimenez@hotmail.com. An invalid user ID or password was specified.
[7/24/20 22:57:48:775 CST] 00000057 y.authentication.jaas.modules.UsernameAndPasswordLoginModule A CWWKS1100A: Authentication did not succeed for user ID alonso.jimenez@hotmail.com. An invalid user ID or password was specified.
[7/24/20 22:57:48:779 CST] 00000057 SystemOut                                                    O rayos
[7/24/20 22:57:48:779 CST] 00000057 SystemOut                                                    O alonso.jimenez@hotmail.com
[7/24/20 22:57:48:779 CST] 00000022 y.authentication.jaas.modules.UsernameAndPasswordLoginModule A CWWKS1100A: Authentication did not succeed for user ID alonso.jimenez@hotmail.com. An invalid user ID or password was specified.
[7/24/20 22:57:48:806 CST] 00000024 y.authentication.jaas.modules.UsernameAndPasswordLoginModule A CWWKS1100A: Authentication did not succeed for user ID alonso.jimenez@hotmail.com. An invalid user ID or password was specified.
[7/24/20 22:57:49:088 CST] 0000005b y.authentication.jaas.modules.UsernameAndPasswordLoginModule A CWWKS1100A: Authentication did not succeed for user ID alonso.jimenez@hotmail.com. An invalid user ID or password was specified.
[7/24/20 22:57:49:091 CST] 00000031 y.authentication.jaas.modules.UsernameAndPasswordLoginModule A CWWKS1100A: Authentication did not succeed for user ID alonso.jimenez@hotmail.com. An invalid user ID or password was specified.
[7/24/20 22:57:49:093 CST] 00000031 SystemOut                                                    O rayos
[7/24/20 22:57:49:093 CST] 00000031 SystemOut                                                    O alonso.jimenez@hotmail.com
[7/24/20 22:58:26:746 CST] 00000058 y.authentication.jaas.modules.UsernameAndPasswordLoginModule A CWWKS1100A: Authentication did not succeed for user ID alonso.jimenez@hotmail.com. An invalid user ID or password was specified.
[7/24/20 22:58:26:749 CST] 00000022 y.authentication.jaas.modules.UsernameAndPasswordLoginModule A CWWKS1100A: Authentication did not succeed for user ID alonso.jimenez@hotmail.com. An invalid user ID or password was specified.
[7/24/20 22:58:26:965 CST] 00000024 y.authentication.jaas.modules.UsernameAndPasswordLoginModule A CWWKS1100A: Authentication did not succeed for user ID alonso.jimenez@hotmail.com. An invalid user ID or password was specified.
[7/24/20 22:58:45:241 CST] 00000059 y.authentication.jaas.modules.UsernameAndPasswordLoginModule A CWWKS1100A: Authentication did not succeed for user ID alonso.jimenez@hotmail.com. An invalid user ID or password was specified.
[7/24/20 22:58:45:245 CST] 00000057 y.authentication.jaas.modules.UsernameAndPasswordLoginModule A CWWKS1100A: Authentication did not succeed for user ID alonso.jimenez@hotmail.com. An invalid user ID or password was specified.
[7/24/20 22:58:45:247 CST] 00000057 SystemOut                                                    O rayos
[7/24/20 22:58:45:247 CST] 00000057 SystemOut                                                    O alonso.jimenez@hotmail.com
[7/24/20 22:58:46:241 CST] 00000024 y.authentication.jaas.modules.UsernameAndPasswordLoginModule A CWWKS1100A: Authentication did not succeed for user ID alonso.jimenez@hotmail.com. An invalid user ID or password was specified.
[7/24/20 22:58:46:484 CST] 00000021 y.authentication.jaas.modules.UsernameAndPasswordLoginModule A CWWKS1100A: Authentication did not succeed for user ID alonso.jimenez@hotmail.com. An invalid user ID or password was specified.
[7/24/20 22:58:47:881 CST] 00000037 y.authentication.jaas.modules.UsernameAndPasswordLoginModule A CWWKS1100A: Authentication did not succeed for user ID alonso.jimenez@hotmail.com. An invalid user ID or password was specified.
[7/24/20 22:58:47:881 CST] 00000020 y.authentication.jaas.modules.UsernameAndPasswordLoginModule A CWWKS1100A: Authentication did not succeed for user ID alonso.jimenez@hotmail.com. An invalid user ID or password was specified.
[7/24/20 22:58:47:882 CST] 00000037 SystemOut                                                    O rayos
[7/24/20 22:58:47:882 CST] 00000037 SystemOut                                                    O alonso.jimenez@hotmail.com
[7/24/20 22:58:49:657 CST] 00000034 y.authentication.jaas.modules.UsernameAndPasswordLoginModule A CWWKS1100A: Authentication did not succeed for user ID alonso.jimenez@hotmail.com. An invalid user ID or password was specified.
[7/24/20 22:58:50:818 CST] 00000022 y.authentication.jaas.modules.UsernameAndPasswordLoginModule A CWWKS1100A: Authentication did not succeed for user ID alonso.jimenez@hotmail.com. An invalid user ID or password was specified.
[7/24/20 22:58:52:191 CST] 00000020 y.authentication.jaas.modules.UsernameAndPasswordLoginModule A CWWKS1100A: Authentication did not succeed for user ID alonso.jimenez@hotmail.com. An invalid user ID or password was specified.
[7/24/20 22:58:52:193 CST] 00000020 SystemOut                                                    O rayos
[7/24/20 22:58:52:194 CST] 00000020 SystemOut                                                    O alonso.jimenez@hotmail.com
[7/24/20 22:58:52:198 CST] 00000054 y.authentication.jaas.modules.UsernameAndPasswordLoginModule A CWWKS1100A: Authentication did not succeed for user ID alonso.jimenez@hotmail.com. An invalid user ID or password was specified.
[7/24/20 22:58:52:710 CST] 00000021 y.authentication.jaas.modules.UsernameAndPasswordLoginModule A CWWKS1100A: Authentication did not succeed for user ID alonso.jimenez@hotmail.com. An invalid user ID or password was specified.
[7/24/20 22:58:52:713 CST] 00000029 y.authentication.jaas.modules.UsernameAndPasswordLoginModule A CWWKS1100A: Authentication did not succeed for user ID alonso.jimenez@hotmail.com. An invalid user ID or password was specified.
[7/24/20 22:58:52:714 CST] 00000021 SystemOut                                                    O rayos
[7/24/20 22:58:52:714 CST] 00000021 SystemOut                                                    O alonso.jimenez@hotmail.com
[7/24/20 22:58:52:757 CST] 00000058 y.authentication.jaas.modules.UsernameAndPasswordLoginModule A CWWKS1100A: Authentication did not succeed for user ID alonso.jimenez@hotmail.com. An invalid user ID or password was specified.
[7/24/20 22:58:53:019 CST] 0000005b y.authentication.jaas.modules.UsernameAndPasswordLoginModule A CWWKS1100A: Authentication did not succeed for user ID alonso.jimenez@hotmail.com. An invalid user ID or password was specified.
[7/24/20 22:58:53:022 CST] 0000005b SystemOut                                                    O rayos
[7/24/20 22:58:53:022 CST] 0000005b SystemOut                                                    O alonso.jimenez@hotmail.com
[7/24/20 22:58:53:022 CST] 00000024 y.authentication.jaas.modules.UsernameAndPasswordLoginModule A CWWKS1100A: Authentication did not succeed for user ID alonso.jimenez@hotmail.com. An invalid user ID or password was specified.
[7/24/20 22:58:53:744 CST] 00000059 y.authentication.jaas.modules.UsernameAndPasswordLoginModule A CWWKS1100A: Authentication did not succeed for user ID alonso.jimenez@hotmail.com. An invalid user ID or password was specified.
[7/24/20 22:58:53:746 CST] 00000058 y.authentication.jaas.modules.UsernameAndPasswordLoginModule A CWWKS1100A: Authentication did not succeed for user ID alonso.jimenez@hotmail.com. An invalid user ID or password was specified.
[7/24/20 22:58:53:896 CST] 0000005a y.authentication.jaas.modules.UsernameAndPasswordLoginModule A CWWKS1100A: Authentication did not succeed for user ID alonso.jimenez@hotmail.com. An invalid user ID or password was specified.
[7/24/20 22:59:03:970 CST] 00000058 y.authentication.jaas.modules.UsernameAndPasswordLoginModule A CWWKS1100A: Authentication did not succeed for user ID alonso.jimenez@hotmail.com. An invalid user ID or password was specified.
[7/24/20 22:59:03:973 CST] 00000034 y.authentication.jaas.modules.UsernameAndPasswordLoginModule A CWWKS1100A: Authentication did not succeed for user ID alonso.jimenez@hotmail.com. An invalid user ID or password was specified.
[7/24/20 22:59:03:975 CST] 00000034 SystemOut                                                    O rayos
[7/24/20 22:59:03:976 CST] 00000034 SystemOut                                                    O alonso.jimenez@hotmail.com
[7/24/20 22:59:04:731 CST] 0000002f y.authentication.jaas.modules.UsernameAndPasswordLoginModule A CWWKS1100A: Authentication did not succeed for user ID alonso.jimenez@hotmail.com. An invalid user ID or password was specified.
[7/24/20 22:59:06:262 CST] 00000054 y.authentication.jaas.modules.UsernameAndPasswordLoginModule A CWWKS1100A: Authentication did not succeed for user ID alonso.jimenez@hotmail.com. An invalid user ID or password was specified.
[7/24/20 22:59:06:297 CST] 00000031 y.authentication.jaas.modules.UsernameAndPasswordLoginModule A CWWKS1100A: Authentication did not succeed for user ID alonso.jimenez@hotmail.com. An invalid user ID or password was specified.
[7/24/20 22:59:06:299 CST] 00000031 SystemOut                                                    O rayos
[7/24/20 22:59:06:299 CST] 00000031 SystemOut                                                    O alonso.jimenez@hotmail.com
[7/24/20 22:59:06:304 CST] 00000057 y.authentication.jaas.modules.UsernameAndPasswordLoginModule A CWWKS1100A: Authentication did not succeed for user ID alonso.jimenez@hotmail.com. An invalid user ID or password was specified.
[7/24/20 22:59:06:572 CST] 00000036 y.authentication.jaas.modules.UsernameAndPasswordLoginModule A CWWKS1100A: Authentication did not succeed for user ID alonso.jimenez@hotmail.com. An invalid user ID or password was specified.
[7/24/20 22:59:07:264 CST] 00000031 y.authentication.jaas.modules.UsernameAndPasswordLoginModule A CWWKS1100A: Authentication did not succeed for user ID alonso.jimenez@hotmail.com. An invalid user ID or password was specified.
[7/24/20 22:59:07:587 CST] 00000034 y.authentication.jaas.modules.UsernameAndPasswordLoginModule A CWWKS1100A: Authentication did not succeed for user ID alonso.jimenez@hotmail.com. An invalid user ID or password was specified.
[7/24/20 22:59:08:958 CST] 0000005b y.authentication.jaas.modules.UsernameAndPasswordLoginModule A CWWKS1100A: Authentication did not succeed for user ID alonso.jimenez@hotmail.com. An invalid user ID or password was specified.
[7/24/20 22:59:09:613 CST] 00000036 y.authentication.jaas.modules.UsernameAndPasswordLoginModule A CWWKS1100A: Authentication did not succeed for user ID alonso.jimenez@hotmail.com. An invalid user ID or password was specified.
[7/24/20 22:59:09:615 CST] 00000059 y.authentication.jaas.modules.UsernameAndPasswordLoginModule A CWWKS1100A: Authentication did not succeed for user ID alonso.jimenez@hotmail.com. An invalid user ID or password was specified.
[7/24/20 22:59:09:617 CST] 00000059 SystemOut                                                    O rayos
[7/24/20 22:59:09:618 CST] 00000059 SystemOut                                                    O alonso.jimenez@hotmail.com
[7/24/20 23:01:16:777 CST] 00000022 y.authentication.jaas.modules.UsernameAndPasswordLoginModule A CWWKS1100A: Authentication did not succeed for user ID alonso.jimenez@hotmail.com. An invalid user ID or password was specified.
[7/24/20 23:01:18:449 CST] 00000058 y.authentication.jaas.modules.UsernameAndPasswordLoginModule A CWWKS1100A: Authentication did not succeed for user ID alonso.jimenez@hotmail.com. An invalid user ID or password was specified.
[7/24/20 23:02:12:038 CST] 00000022 y.authentication.jaas.modules.UsernameAndPasswordLoginModule A CWWKS1100A: Authentication did not succeed for user ID alonso.jimenez@hotmail.com. An invalid user ID or password was specified.
[7/24/20 23:02:12:041 CST] 00000022 SystemOut                                                    O rayos
[7/24/20 23:02:12:041 CST] 00000022 SystemOut                                                    O alonso.jimenez@hotmail.com
[7/24/20 23:02:12:041 CST] 00000021 y.authentication.jaas.modules.UsernameAndPasswordLoginModule A CWWKS1100A: Authentication did not succeed for user ID alonso.jimenez@hotmail.com. An invalid user ID or password was specified.
[7/24/20 23:02:55:304 CST] 0000005f com.ibm.ws.runtime.update.internal.RuntimeUpdateManagerImpl  A CWWKE1100I: Waiting for up to 30 seconds for the server to quiesce.
[7/24/20 23:02:55:313 CST] 00000022 com.ibm.ws.tcpchannel.internal.TCPChannel                    I CWWKO0220I: TCP Channel defaultHttpEndpoint-ssl has stopped listening for requests on host 127.0.0.1  (IPv4: 127.0.0.1) port 9443.
[7/24/20 23:02:55:321 CST] 00000022 com.ibm.ws.tcpchannel.internal.TCPChannel                    I CWWKO0220I: TCP Channel wasJmsEndpoint489 has stopped listening for requests on host 127.0.0.1  (IPv4: 127.0.0.1) port 7276.
[7/24/20 23:02:55:323 CST] 00000022 com.ibm.ws.tcpchannel.internal.TCPChannel                    I CWWKO0220I: TCP Channel defaultHttpEndpoint has stopped listening for requests on host 127.0.0.1  (IPv4: 127.0.0.1) port 9080.
[7/24/20 23:02:55:323 CST] 00000022 com.ibm.ws.http.internal.VirtualHostImpl                     A CWWKT0017I: Web application removed (default_host): http://localhost:9080/CookTimeServer/
[7/24/20 23:02:55:327 CST] 00000022 com.ibm.ws.tcpchannel.internal.TCPChannel                    I CWWKO0220I: TCP Channel wasJmsEndpoint489-ssl has stopped listening for requests on host 127.0.0.1  (IPv4: 127.0.0.1) port 7286.
[7/24/20 23:02:55:382 CST] 0000005f .jbatch.container.services.impl.MemoryPersistenceManagerImpl I CWWKY0005I: The batch In-Memory persistence service is activated.
[7/24/20 23:02:55:383 CST] 0000005f com.ibm.jbatch.container.impl.BatchKernelImpl                I CWWKY0008I: The batch feature is using persistence type In-Memory.
[7/24/20 23:02:56:328 CST] 0000005f com.ibm.ws.runtime.update.internal.RuntimeUpdateManagerImpl  I CWWKE1101I: Server quiesce complete.
[7/24/20 23:02:56:359 CST] 0000005a com.ibm.ws.webcontainer.servlet                              I SRVE0253I: [CookTimeServer] [/CookTimeServer] [cr.ac.tec.resources.RestAPI]: Destroy successful.
[7/24/20 23:02:56:359 CST] 0000005a com.ibm.ws.webcontainer.servlet                              I SRVE0253I: [CookTimeServer] [/CookTimeServer] [Faces Servlet]: Destroy successful.
[7/24/20 23:02:56:403 CST] 0000005a com.ibm.ws.app.manager.AppMessageHelper                      A CWWKZ0009I: The application CookTimeServer has stopped successfully.
[7/24/20 23:02:56:452 CST] 0000005f .jbatch.container.services.impl.MemoryPersistenceManagerImpl I CWWKY0005I: The batch In-Memory persistence service is deactivated.
[7/24/20 23:02:56:534 CST] 00000061 org.apache.yoko.orb.OCI.Transport                            I shutdown: iiop transport using socket Socket[addr=/127.0.0.1,port=51725,localport=2809]
[7/24/20 23:02:56:548 CST] 00000062 org.apache.yoko.orb.OCI.Transport                            I shutdown: iiop transport using socket 33a28fef[SSL_NULL_WITH_NULL_NULL: Socket[addr=/127.0.0.1,port=51726,localport=9402]]
[7/24/20 23:02:56:558 CST] 0000005f com.ibm.ws.transport.iiop.internal.ORBWrapperInternal        A CWWKI0002I: The CORBA name server is no longer available at corbaloc:iiop:localhost:2809/NameService.
[7/24/20 23:02:56:778 CST] 0000005f com.ibm.ws.sib.utils.ras.SibMessage                          I  CWSIS1589I: The file store has stopped successfully.
[7/24/20 23:02:56:895 CST] 0000005f com.ibm.ws.sib.utils.ras.SibMessage                          I  CWSID0121I: JMS server stopped.  
[7/24/20 23:02:57:025 CST] 0000005f com.ibm.ws.security.ready.internal.SecurityReadyServiceImpl  I CWWKS0009I: The security service has stopped.
[7/24/20 23:02:57:038 CST] 0000005f ibm.ws.security.authentication.internal.jaas.JAASServiceImpl I CWWKS1124I: The collective authentication plugin with class name NullCollectiveAuthenticationPlugin has been deactivated. 
[7/24/20 23:02:57:087 CST] 0000005f org.apache.cxf.bus.osgi.CXFActivator                         I Removing the extensions for bundle 194
[7/24/20 23:02:57:087 CST] 0000005f org.apache.cxf.bus.osgi.CXFActivator                         I Removing the extensions for bundle 196
[7/24/20 23:02:57:087 CST] 0000005f org.apache.cxf.bus.osgi.CXFActivator                         I Removing the extensions for bundle 198
[7/24/20 23:02:57:087 CST] 0000005f org.apache.cxf.bus.osgi.CXFActivator                         I Removing the extensions for bundle 202
[7/24/20 23:02:57:087 CST] 0000005f org.apache.cxf.bus.osgi.CXFActivator                         I Removing the extensions for bundle 204
[7/24/20 23:02:57:087 CST] 0000005f org.apache.cxf.bus.osgi.CXFActivator                         I Removing the extensions for bundle 185
[7/24/20 23:02:57:089 CST] 0000005f org.apache.cxf.bus.osgi.CXFActivator                         I Removing the extensions for bundle 188
[7/24/20 23:02:57:267 CST] 00000001 com.ibm.ws.kernel.launch.internal.FrameworkManager           A CWWKE0036I: The server defaultServer stopped after 9 minutes, 49.482 seconds.
